CRITICAL - 2024-09-28 00:24:50 --> Error: Call to undefined method CodeIgniter\Pager\Pager::hasPrevious()
[Method: GET, Route: admin/pengeluaran]
in APPPATH\Views\pages\admin\pengeluaran\list.php on line 37.
 1 SYSTEMPATH\View\View.php(234): include()
 2 SYSTEMPATH\View\View.php(237): CodeIgniter\View\View->CodeIgniter\View\{closure}()
 3 SYSTEMPATH\Common.php(1171): CodeIgniter\View\View->render('pages/admin/pengeluaran/list', [], true)
 4 APPPATH\Controllers\Admin\PengeluaranController.php(18): view('pages/admin/pengeluaran/list', [...])
 5 SYSTEMPATH\CodeIgniter.php(933): App\Controllers\Admin\PengeluaranController->list()
 6 SYSTEMPATH\CodeIgniter.php(509): CodeIgniter\CodeIgniter->runController(Object(App\Controllers\Admin\PengeluaranController))
 7 SYSTEMPATH\CodeIgniter.php(355): CodeIgniter\CodeIgniter->handleRequest(null, Object(Config\Cache), false)
 8 SYSTEMPATH\Boot.php(325): CodeIgniter\CodeIgniter->run()
 9 SYSTEMPATH\Boot.php(67): CodeIgniter\Boot::runCodeIgniter(Object(CodeIgniter\CodeIgniter))
10 FCPATH\index.php(56): CodeIgniter\Boot::bootWeb(Object(Config\Paths))
11 SYSTEMPATH\rewrite.php(44): require_once('E:\\XAMPP\\htdocs\\codeigniter4-framework-2849e7f\\public\\index.php')
ERROR - 2024-09-28 00:33:55 --> mysqli_sql_exception: Table 'db_tokoko.tbl_biaya_harian' doesn't exist in E:\XAMPP\htdocs\codeigniter4-framework-2849e7f\system\Database\MySQLi\Connection.php:312
Stack trace:
#0 E:\XAMPP\htdocs\codeigniter4-framework-2849e7f\system\Database\MySQLi\Connection.php(312): mysqli->query('INSERT INTO `tb...', 0)
#1 E:\XAMPP\htdocs\codeigniter4-framework-2849e7f\system\Database\BaseConnection.php(734): CodeIgniter\Database\MySQLi\Connection->execute('INSERT INTO `tb...')
#2 E:\XAMPP\htdocs\codeigniter4-framework-2849e7f\system\Database\BaseConnection.php(648): CodeIgniter\Database\BaseConnection->simpleQuery('INSERT INTO `tb...')
#3 E:\XAMPP\htdocs\codeigniter4-framework-2849e7f\system\Database\BaseBuilder.php(2340): CodeIgniter\Database\BaseConnection->query('INSERT INTO `tb...', Array, false)
#4 E:\XAMPP\htdocs\codeigniter4-framework-2849e7f\system\Model.php(394): CodeIgniter\Database\BaseBuilder->insert()
#5 E:\XAMPP\htdocs\codeigniter4-framework-2849e7f\system\BaseModel.php(840): CodeIgniter\Model->doInsert(Array)
#6 E:\XAMPP\htdocs\codeigniter4-framework-2849e7f\system\Model.php(802): CodeIgniter\BaseModel->insert(Array, true)
#7 E:\XAMPP\htdocs\codeigniter4-framework-2849e7f\app\Controllers\Admin\PengeluaranController.php(53): CodeIgniter\Model->insert(Array)
#8 E:\XAMPP\htdocs\codeigniter4-framework-2849e7f\system\CodeIgniter.php(933): App\Controllers\Admin\PengeluaranController->save()
#9 E:\XAMPP\htdocs\codeigniter4-framework-2849e7f\system\CodeIgniter.php(509): CodeIgniter\CodeIgniter->runController(Object(App\Controllers\Admin\PengeluaranController))
#10 E:\XAMPP\htdocs\codeigniter4-framework-2849e7f\system\CodeIgniter.php(355): CodeIgniter\CodeIgniter->handleRequest(NULL, Object(Config\Cache), false)
#11 E:\XAMPP\htdocs\codeigniter4-framework-2849e7f\system\Boot.php(325): CodeIgniter\CodeIgniter->run()
#12 E:\XAMPP\htdocs\codeigniter4-framework-2849e7f\system\Boot.php(67): CodeIgniter\Boot::runCodeIgniter(Object(CodeIgniter\CodeIgniter))
#13 E:\XAMPP\htdocs\codeigniter4-framework-2849e7f\public\index.php(56): CodeIgniter\Boot::bootWeb(Object(Config\Paths))
#14 E:\XAMPP\htdocs\codeigniter4-framework-2849e7f\system\rewrite.php(44): require_once('E:\\XAMPP\\htdocs...')
#15 {main}
CRITICAL - 2024-09-28 00:33:55 --> CodeIgniter\Database\Exceptions\DatabaseException: Table 'db_tokoko.tbl_biaya_harian' doesn't exist
[Method: POST, Route: admin/pengeluaran/save]
in SYSTEMPATH\Database\BaseConnection.php on line 688.
 1 SYSTEMPATH\Database\BaseBuilder.php(2340): CodeIgniter\Database\BaseConnection->query('INSERT INTO `tbl_detail_pengeluaran` (`id_pengeluaran`, `jumlah_biaya`, `keterangan`) VALUES (:id_pengeluaran:, :jumlah_biaya:, :keterangan:)', [...], false)
 2 SYSTEMPATH\Model.php(394): CodeIgniter\Database\BaseBuilder->insert()
 3 SYSTEMPATH\BaseModel.php(840): CodeIgniter\Model->doInsert([...])
 4 SYSTEMPATH\Model.php(802): CodeIgniter\BaseModel->insert([...], true)
 5 APPPATH\Controllers\Admin\PengeluaranController.php(53): CodeIgniter\Model->insert([...])
 6 SYSTEMPATH\CodeIgniter.php(933): App\Controllers\Admin\PengeluaranController->save()
 7 SYSTEMPATH\CodeIgniter.php(509): CodeIgniter\CodeIgniter->runController(Object(App\Controllers\Admin\PengeluaranController))
 8 SYSTEMPATH\CodeIgniter.php(355): CodeIgniter\CodeIgniter->handleRequest(null, Object(Config\Cache), false)
 9 SYSTEMPATH\Boot.php(325): CodeIgniter\CodeIgniter->run()
10 SYSTEMPATH\Boot.php(67): CodeIgniter\Boot::runCodeIgniter(Object(CodeIgniter\CodeIgniter))
11 FCPATH\index.php(56): CodeIgniter\Boot::bootWeb(Object(Config\Paths))
12 SYSTEMPATH\rewrite.php(44): require_once('E:\\XAMPP\\htdocs\\codeigniter4-framework-2849e7f\\public\\index.php')
CRITICAL - 2024-09-28 00:33:55 --> [Caused by] CodeIgniter\Database\Exceptions\DatabaseException: Table 'db_tokoko.tbl_biaya_harian' doesn't exist
in SYSTEMPATH\Database\MySQLi\Connection.php on line 317.
 1 SYSTEMPATH\Database\BaseConnection.php(734): CodeIgniter\Database\MySQLi\Connection->execute('INSERT INTO `tbl_detail_pengeluaran` (`id_pengeluaran`, `jumlah_biaya`, `keterangan`) VALUES (3, \'25000\', \'test\')')
 2 SYSTEMPATH\Database\BaseConnection.php(648): CodeIgniter\Database\BaseConnection->simpleQuery('INSERT INTO `tbl_detail_pengeluaran` (`id_pengeluaran`, `jumlah_biaya`, `keterangan`) VALUES (3, \'25000\', \'test\')')
 3 SYSTEMPATH\Database\BaseBuilder.php(2340): CodeIgniter\Database\BaseConnection->query('INSERT INTO `tbl_detail_pengeluaran` (`id_pengeluaran`, `jumlah_biaya`, `keterangan`) VALUES (:id_pengeluaran:, :jumlah_biaya:, :keterangan:)', [...], false)
 4 SYSTEMPATH\Model.php(394): CodeIgniter\Database\BaseBuilder->insert()
 5 SYSTEMPATH\BaseModel.php(840): CodeIgniter\Model->doInsert([...])
 6 SYSTEMPATH\Model.php(802): CodeIgniter\BaseModel->insert([...], true)
 7 APPPATH\Controllers\Admin\PengeluaranController.php(53): CodeIgniter\Model->insert([...])
 8 SYSTEMPATH\CodeIgniter.php(933): App\Controllers\Admin\PengeluaranController->save()
 9 SYSTEMPATH\CodeIgniter.php(509): CodeIgniter\CodeIgniter->runController(Object(App\Controllers\Admin\PengeluaranController))
10 SYSTEMPATH\CodeIgniter.php(355): CodeIgniter\CodeIgniter->handleRequest(null, Object(Config\Cache), false)
11 SYSTEMPATH\Boot.php(325): CodeIgniter\CodeIgniter->run()
12 SYSTEMPATH\Boot.php(67): CodeIgniter\Boot::runCodeIgniter(Object(CodeIgniter\CodeIgniter))
13 FCPATH\index.php(56): CodeIgniter\Boot::bootWeb(Object(Config\Paths))
14 SYSTEMPATH\rewrite.php(44): require_once('E:\\XAMPP\\htdocs\\codeigniter4-framework-2849e7f\\public\\index.php')
CRITICAL - 2024-09-28 00:33:55 --> [Caused by] mysqli_sql_exception: Table 'db_tokoko.tbl_biaya_harian' doesn't exist
in SYSTEMPATH\Database\MySQLi\Connection.php on line 312.
 1 SYSTEMPATH\Database\MySQLi\Connection.php(312): mysqli->query('INSERT INTO `tbl_detail_pengeluaran` (`id_pengeluaran`, `jumlah_biaya`, `keterangan`) VALUES (3, \'25000\', \'test\')', 0)
 2 SYSTEMPATH\Database\BaseConnection.php(734): CodeIgniter\Database\MySQLi\Connection->execute('INSERT INTO `tbl_detail_pengeluaran` (`id_pengeluaran`, `jumlah_biaya`, `keterangan`) VALUES (3, \'25000\', \'test\')')
 3 SYSTEMPATH\Database\BaseConnection.php(648): CodeIgniter\Database\BaseConnection->simpleQuery('INSERT INTO `tbl_detail_pengeluaran` (`id_pengeluaran`, `jumlah_biaya`, `keterangan`) VALUES (3, \'25000\', \'test\')')
 4 SYSTEMPATH\Database\BaseBuilder.php(2340): CodeIgniter\Database\BaseConnection->query('INSERT INTO `tbl_detail_pengeluaran` (`id_pengeluaran`, `jumlah_biaya`, `keterangan`) VALUES (:id_pengeluaran:, :jumlah_biaya:, :keterangan:)', [...], false)
 5 SYSTEMPATH\Model.php(394): CodeIgniter\Database\BaseBuilder->insert()
 6 SYSTEMPATH\BaseModel.php(840): CodeIgniter\Model->doInsert([...])
 7 SYSTEMPATH\Model.php(802): CodeIgniter\BaseModel->insert([...], true)
 8 APPPATH\Controllers\Admin\PengeluaranController.php(53): CodeIgniter\Model->insert([...])
 9 SYSTEMPATH\CodeIgniter.php(933): App\Controllers\Admin\PengeluaranController->save()
10 SYSTEMPATH\CodeIgniter.php(509): CodeIgniter\CodeIgniter->runController(Object(App\Controllers\Admin\PengeluaranController))
11 SYSTEMPATH\CodeIgniter.php(355): CodeIgniter\CodeIgniter->handleRequest(null, Object(Config\Cache), false)
12 SYSTEMPATH\Boot.php(325): CodeIgniter\CodeIgniter->run()
13 SYSTEMPATH\Boot.php(67): CodeIgniter\Boot::runCodeIgniter(Object(CodeIgniter\CodeIgniter))
14 FCPATH\index.php(56): CodeIgniter\Boot::bootWeb(Object(Config\Paths))
15 SYSTEMPATH\rewrite.php(44): require_once('E:\\XAMPP\\htdocs\\codeigniter4-framework-2849e7f\\public\\index.php')
ERROR - 2024-09-28 00:34:06 --> mysqli_sql_exception: Table 'db_tokoko.tbl_biaya_harian' doesn't exist in E:\XAMPP\htdocs\codeigniter4-framework-2849e7f\system\Database\MySQLi\Connection.php:312
Stack trace:
#0 E:\XAMPP\htdocs\codeigniter4-framework-2849e7f\system\Database\MySQLi\Connection.php(312): mysqli->query('INSERT INTO `tb...', 0)
#1 E:\XAMPP\htdocs\codeigniter4-framework-2849e7f\system\Database\BaseConnection.php(734): CodeIgniter\Database\MySQLi\Connection->execute('INSERT INTO `tb...')
#2 E:\XAMPP\htdocs\codeigniter4-framework-2849e7f\system\Database\BaseConnection.php(648): CodeIgniter\Database\BaseConnection->simpleQuery('INSERT INTO `tb...')
#3 E:\XAMPP\htdocs\codeigniter4-framework-2849e7f\system\Database\BaseBuilder.php(2340): CodeIgniter\Database\BaseConnection->query('INSERT INTO `tb...', Array, false)
#4 E:\XAMPP\htdocs\codeigniter4-framework-2849e7f\system\Model.php(394): CodeIgniter\Database\BaseBuilder->insert()
#5 E:\XAMPP\htdocs\codeigniter4-framework-2849e7f\system\BaseModel.php(840): CodeIgniter\Model->doInsert(Array)
#6 E:\XAMPP\htdocs\codeigniter4-framework-2849e7f\system\Model.php(802): CodeIgniter\BaseModel->insert(Array, true)
#7 E:\XAMPP\htdocs\codeigniter4-framework-2849e7f\app\Controllers\Admin\PengeluaranController.php(53): CodeIgniter\Model->insert(Array)
#8 E:\XAMPP\htdocs\codeigniter4-framework-2849e7f\system\CodeIgniter.php(933): App\Controllers\Admin\PengeluaranController->save()
#9 E:\XAMPP\htdocs\codeigniter4-framework-2849e7f\system\CodeIgniter.php(509): CodeIgniter\CodeIgniter->runController(Object(App\Controllers\Admin\PengeluaranController))
#10 E:\XAMPP\htdocs\codeigniter4-framework-2849e7f\system\CodeIgniter.php(355): CodeIgniter\CodeIgniter->handleRequest(NULL, Object(Config\Cache), false)
#11 E:\XAMPP\htdocs\codeigniter4-framework-2849e7f\system\Boot.php(325): CodeIgniter\CodeIgniter->run()
#12 E:\XAMPP\htdocs\codeigniter4-framework-2849e7f\system\Boot.php(67): CodeIgniter\Boot::runCodeIgniter(Object(CodeIgniter\CodeIgniter))
#13 E:\XAMPP\htdocs\codeigniter4-framework-2849e7f\public\index.php(56): CodeIgniter\Boot::bootWeb(Object(Config\Paths))
#14 E:\XAMPP\htdocs\codeigniter4-framework-2849e7f\system\rewrite.php(44): require_once('E:\\XAMPP\\htdocs...')
#15 {main}
CRITICAL - 2024-09-28 00:34:06 --> CodeIgniter\Database\Exceptions\DatabaseException: Table 'db_tokoko.tbl_biaya_harian' doesn't exist
[Method: POST, Route: admin/pengeluaran/save]
in SYSTEMPATH\Database\BaseConnection.php on line 688.
 1 SYSTEMPATH\Database\BaseBuilder.php(2340): CodeIgniter\Database\BaseConnection->query('INSERT INTO `tbl_detail_pengeluaran` (`id_pengeluaran`, `jumlah_biaya`, `keterangan`) VALUES (:id_pengeluaran:, :jumlah_biaya:, :keterangan:)', [...], false)
 2 SYSTEMPATH\Model.php(394): CodeIgniter\Database\BaseBuilder->insert()
 3 SYSTEMPATH\BaseModel.php(840): CodeIgniter\Model->doInsert([...])
 4 SYSTEMPATH\Model.php(802): CodeIgniter\BaseModel->insert([...], true)
 5 APPPATH\Controllers\Admin\PengeluaranController.php(53): CodeIgniter\Model->insert([...])
 6 SYSTEMPATH\CodeIgniter.php(933): App\Controllers\Admin\PengeluaranController->save()
 7 SYSTEMPATH\CodeIgniter.php(509): CodeIgniter\CodeIgniter->runController(Object(App\Controllers\Admin\PengeluaranController))
 8 SYSTEMPATH\CodeIgniter.php(355): CodeIgniter\CodeIgniter->handleRequest(null, Object(Config\Cache), false)
 9 SYSTEMPATH\Boot.php(325): CodeIgniter\CodeIgniter->run()
10 SYSTEMPATH\Boot.php(67): CodeIgniter\Boot::runCodeIgniter(Object(CodeIgniter\CodeIgniter))
11 FCPATH\index.php(56): CodeIgniter\Boot::bootWeb(Object(Config\Paths))
12 SYSTEMPATH\rewrite.php(44): require_once('E:\\XAMPP\\htdocs\\codeigniter4-framework-2849e7f\\public\\index.php')
CRITICAL - 2024-09-28 00:34:06 --> [Caused by] CodeIgniter\Database\Exceptions\DatabaseException: Table 'db_tokoko.tbl_biaya_harian' doesn't exist
in SYSTEMPATH\Database\MySQLi\Connection.php on line 317.
 1 SYSTEMPATH\Database\BaseConnection.php(734): CodeIgniter\Database\MySQLi\Connection->execute('INSERT INTO `tbl_detail_pengeluaran` (`id_pengeluaran`, `jumlah_biaya`, `keterangan`) VALUES (\'3\', \'25000\', \'test\')')
 2 SYSTEMPATH\Database\BaseConnection.php(648): CodeIgniter\Database\BaseConnection->simpleQuery('INSERT INTO `tbl_detail_pengeluaran` (`id_pengeluaran`, `jumlah_biaya`, `keterangan`) VALUES (\'3\', \'25000\', \'test\')')
 3 SYSTEMPATH\Database\BaseBuilder.php(2340): CodeIgniter\Database\BaseConnection->query('INSERT INTO `tbl_detail_pengeluaran` (`id_pengeluaran`, `jumlah_biaya`, `keterangan`) VALUES (:id_pengeluaran:, :jumlah_biaya:, :keterangan:)', [...], false)
 4 SYSTEMPATH\Model.php(394): CodeIgniter\Database\BaseBuilder->insert()
 5 SYSTEMPATH\BaseModel.php(840): CodeIgniter\Model->doInsert([...])
 6 SYSTEMPATH\Model.php(802): CodeIgniter\BaseModel->insert([...], true)
 7 APPPATH\Controllers\Admin\PengeluaranController.php(53): CodeIgniter\Model->insert([...])
 8 SYSTEMPATH\CodeIgniter.php(933): App\Controllers\Admin\PengeluaranController->save()
 9 SYSTEMPATH\CodeIgniter.php(509): CodeIgniter\CodeIgniter->runController(Object(App\Controllers\Admin\PengeluaranController))
10 SYSTEMPATH\CodeIgniter.php(355): CodeIgniter\CodeIgniter->handleRequest(null, Object(Config\Cache), false)
11 SYSTEMPATH\Boot.php(325): CodeIgniter\CodeIgniter->run()
12 SYSTEMPATH\Boot.php(67): CodeIgniter\Boot::runCodeIgniter(Object(CodeIgniter\CodeIgniter))
13 FCPATH\index.php(56): CodeIgniter\Boot::bootWeb(Object(Config\Paths))
14 SYSTEMPATH\rewrite.php(44): require_once('E:\\XAMPP\\htdocs\\codeigniter4-framework-2849e7f\\public\\index.php')
CRITICAL - 2024-09-28 00:34:06 --> [Caused by] mysqli_sql_exception: Table 'db_tokoko.tbl_biaya_harian' doesn't exist
in SYSTEMPATH\Database\MySQLi\Connection.php on line 312.
 1 SYSTEMPATH\Database\MySQLi\Connection.php(312): mysqli->query('INSERT INTO `tbl_detail_pengeluaran` (`id_pengeluaran`, `jumlah_biaya`, `keterangan`) VALUES (\'3\', \'25000\', \'test\')', 0)
 2 SYSTEMPATH\Database\BaseConnection.php(734): CodeIgniter\Database\MySQLi\Connection->execute('INSERT INTO `tbl_detail_pengeluaran` (`id_pengeluaran`, `jumlah_biaya`, `keterangan`) VALUES (\'3\', \'25000\', \'test\')')
 3 SYSTEMPATH\Database\BaseConnection.php(648): CodeIgniter\Database\BaseConnection->simpleQuery('INSERT INTO `tbl_detail_pengeluaran` (`id_pengeluaran`, `jumlah_biaya`, `keterangan`) VALUES (\'3\', \'25000\', \'test\')')
 4 SYSTEMPATH\Database\BaseBuilder.php(2340): CodeIgniter\Database\BaseConnection->query('INSERT INTO `tbl_detail_pengeluaran` (`id_pengeluaran`, `jumlah_biaya`, `keterangan`) VALUES (:id_pengeluaran:, :jumlah_biaya:, :keterangan:)', [...], false)
 5 SYSTEMPATH\Model.php(394): CodeIgniter\Database\BaseBuilder->insert()
 6 SYSTEMPATH\BaseModel.php(840): CodeIgniter\Model->doInsert([...])
 7 SYSTEMPATH\Model.php(802): CodeIgniter\BaseModel->insert([...], true)
 8 APPPATH\Controllers\Admin\PengeluaranController.php(53): CodeIgniter\Model->insert([...])
 9 SYSTEMPATH\CodeIgniter.php(933): App\Controllers\Admin\PengeluaranController->save()
10 SYSTEMPATH\CodeIgniter.php(509): CodeIgniter\CodeIgniter->runController(Object(App\Controllers\Admin\PengeluaranController))
11 SYSTEMPATH\CodeIgniter.php(355): CodeIgniter\CodeIgniter->handleRequest(null, Object(Config\Cache), false)
12 SYSTEMPATH\Boot.php(325): CodeIgniter\CodeIgniter->run()
13 SYSTEMPATH\Boot.php(67): CodeIgniter\Boot::runCodeIgniter(Object(CodeIgniter\CodeIgniter))
14 FCPATH\index.php(56): CodeIgniter\Boot::bootWeb(Object(Config\Paths))
15 SYSTEMPATH\rewrite.php(44): require_once('E:\\XAMPP\\htdocs\\codeigniter4-framework-2849e7f\\public\\index.php')
ERROR - 2024-09-28 00:40:47 --> mysqli_sql_exception: Table 'db_tokoko.tbl_biaya_harian' doesn't exist in E:\XAMPP\htdocs\codeigniter4-framework-2849e7f\system\Database\MySQLi\Connection.php:312
Stack trace:
#0 E:\XAMPP\htdocs\codeigniter4-framework-2849e7f\system\Database\MySQLi\Connection.php(312): mysqli->query('INSERT INTO `tb...', 0)
#1 E:\XAMPP\htdocs\codeigniter4-framework-2849e7f\system\Database\BaseConnection.php(734): CodeIgniter\Database\MySQLi\Connection->execute('INSERT INTO `tb...')
#2 E:\XAMPP\htdocs\codeigniter4-framework-2849e7f\system\Database\BaseConnection.php(648): CodeIgniter\Database\BaseConnection->simpleQuery('INSERT INTO `tb...')
#3 E:\XAMPP\htdocs\codeigniter4-framework-2849e7f\system\Database\BaseBuilder.php(2340): CodeIgniter\Database\BaseConnection->query('INSERT INTO `tb...', Array, false)
#4 E:\XAMPP\htdocs\codeigniter4-framework-2849e7f\system\Model.php(394): CodeIgniter\Database\BaseBuilder->insert()
#5 E:\XAMPP\htdocs\codeigniter4-framework-2849e7f\system\BaseModel.php(840): CodeIgniter\Model->doInsert(Array)
#6 E:\XAMPP\htdocs\codeigniter4-framework-2849e7f\system\Model.php(802): CodeIgniter\BaseModel->insert(Array, true)
#7 E:\XAMPP\htdocs\codeigniter4-framework-2849e7f\app\Controllers\Admin\PengeluaranController.php(53): CodeIgniter\Model->insert(Array)
#8 E:\XAMPP\htdocs\codeigniter4-framework-2849e7f\system\CodeIgniter.php(933): App\Controllers\Admin\PengeluaranController->save()
#9 E:\XAMPP\htdocs\codeigniter4-framework-2849e7f\system\CodeIgniter.php(509): CodeIgniter\CodeIgniter->runController(Object(App\Controllers\Admin\PengeluaranController))
#10 E:\XAMPP\htdocs\codeigniter4-framework-2849e7f\system\CodeIgniter.php(355): CodeIgniter\CodeIgniter->handleRequest(NULL, Object(Config\Cache), false)
#11 E:\XAMPP\htdocs\codeigniter4-framework-2849e7f\system\Boot.php(325): CodeIgniter\CodeIgniter->run()
#12 E:\XAMPP\htdocs\codeigniter4-framework-2849e7f\system\Boot.php(67): CodeIgniter\Boot::runCodeIgniter(Object(CodeIgniter\CodeIgniter))
#13 E:\XAMPP\htdocs\codeigniter4-framework-2849e7f\public\index.php(56): CodeIgniter\Boot::bootWeb(Object(Config\Paths))
#14 E:\XAMPP\htdocs\codeigniter4-framework-2849e7f\system\rewrite.php(44): require_once('E:\\XAMPP\\htdocs...')
#15 {main}
CRITICAL - 2024-09-28 00:40:47 --> CodeIgniter\Database\Exceptions\DatabaseException: Table 'db_tokoko.tbl_biaya_harian' doesn't exist
[Method: POST, Route: admin/pengeluaran/save]
in SYSTEMPATH\Database\BaseConnection.php on line 688.
 1 SYSTEMPATH\Database\BaseBuilder.php(2340): CodeIgniter\Database\BaseConnection->query('INSERT INTO `tbl_detail_pengeluaran` (`id_pengeluaran`, `jumlah_biaya`, `keterangan`) VALUES (:id_pengeluaran:, :jumlah_biaya:, :keterangan:)', [...], false)
 2 SYSTEMPATH\Model.php(394): CodeIgniter\Database\BaseBuilder->insert()
 3 SYSTEMPATH\BaseModel.php(840): CodeIgniter\Model->doInsert([...])
 4 SYSTEMPATH\Model.php(802): CodeIgniter\BaseModel->insert([...], true)
 5 APPPATH\Controllers\Admin\PengeluaranController.php(53): CodeIgniter\Model->insert([...])
 6 SYSTEMPATH\CodeIgniter.php(933): App\Controllers\Admin\PengeluaranController->save()
 7 SYSTEMPATH\CodeIgniter.php(509): CodeIgniter\CodeIgniter->runController(Object(App\Controllers\Admin\PengeluaranController))
 8 SYSTEMPATH\CodeIgniter.php(355): CodeIgniter\CodeIgniter->handleRequest(null, Object(Config\Cache), false)
 9 SYSTEMPATH\Boot.php(325): CodeIgniter\CodeIgniter->run()
10 SYSTEMPATH\Boot.php(67): CodeIgniter\Boot::runCodeIgniter(Object(CodeIgniter\CodeIgniter))
11 FCPATH\index.php(56): CodeIgniter\Boot::bootWeb(Object(Config\Paths))
12 SYSTEMPATH\rewrite.php(44): require_once('E:\\XAMPP\\htdocs\\codeigniter4-framework-2849e7f\\public\\index.php')
CRITICAL - 2024-09-28 00:40:47 --> [Caused by] CodeIgniter\Database\Exceptions\DatabaseException: Table 'db_tokoko.tbl_biaya_harian' doesn't exist
in SYSTEMPATH\Database\MySQLi\Connection.php on line 317.
 1 SYSTEMPATH\Database\BaseConnection.php(734): CodeIgniter\Database\MySQLi\Connection->execute('INSERT INTO `tbl_detail_pengeluaran` (`id_pengeluaran`, `jumlah_biaya`, `keterangan`) VALUES (\'3\', \'25000\', \'test\')')
 2 SYSTEMPATH\Database\BaseConnection.php(648): CodeIgniter\Database\BaseConnection->simpleQuery('INSERT INTO `tbl_detail_pengeluaran` (`id_pengeluaran`, `jumlah_biaya`, `keterangan`) VALUES (\'3\', \'25000\', \'test\')')
 3 SYSTEMPATH\Database\BaseBuilder.php(2340): CodeIgniter\Database\BaseConnection->query('INSERT INTO `tbl_detail_pengeluaran` (`id_pengeluaran`, `jumlah_biaya`, `keterangan`) VALUES (:id_pengeluaran:, :jumlah_biaya:, :keterangan:)', [...], false)
 4 SYSTEMPATH\Model.php(394): CodeIgniter\Database\BaseBuilder->insert()
 5 SYSTEMPATH\BaseModel.php(840): CodeIgniter\Model->doInsert([...])
 6 SYSTEMPATH\Model.php(802): CodeIgniter\BaseModel->insert([...], true)
 7 APPPATH\Controllers\Admin\PengeluaranController.php(53): CodeIgniter\Model->insert([...])
 8 SYSTEMPATH\CodeIgniter.php(933): App\Controllers\Admin\PengeluaranController->save()
 9 SYSTEMPATH\CodeIgniter.php(509): CodeIgniter\CodeIgniter->runController(Object(App\Controllers\Admin\PengeluaranController))
10 SYSTEMPATH\CodeIgniter.php(355): CodeIgniter\CodeIgniter->handleRequest(null, Object(Config\Cache), false)
11 SYSTEMPATH\Boot.php(325): CodeIgniter\CodeIgniter->run()
12 SYSTEMPATH\Boot.php(67): CodeIgniter\Boot::runCodeIgniter(Object(CodeIgniter\CodeIgniter))
13 FCPATH\index.php(56): CodeIgniter\Boot::bootWeb(Object(Config\Paths))
14 SYSTEMPATH\rewrite.php(44): require_once('E:\\XAMPP\\htdocs\\codeigniter4-framework-2849e7f\\public\\index.php')
CRITICAL - 2024-09-28 00:40:47 --> [Caused by] mysqli_sql_exception: Table 'db_tokoko.tbl_biaya_harian' doesn't exist
in SYSTEMPATH\Database\MySQLi\Connection.php on line 312.
 1 SYSTEMPATH\Database\MySQLi\Connection.php(312): mysqli->query('INSERT INTO `tbl_detail_pengeluaran` (`id_pengeluaran`, `jumlah_biaya`, `keterangan`) VALUES (\'3\', \'25000\', \'test\')', 0)
 2 SYSTEMPATH\Database\BaseConnection.php(734): CodeIgniter\Database\MySQLi\Connection->execute('INSERT INTO `tbl_detail_pengeluaran` (`id_pengeluaran`, `jumlah_biaya`, `keterangan`) VALUES (\'3\', \'25000\', \'test\')')
 3 SYSTEMPATH\Database\BaseConnection.php(648): CodeIgniter\Database\BaseConnection->simpleQuery('INSERT INTO `tbl_detail_pengeluaran` (`id_pengeluaran`, `jumlah_biaya`, `keterangan`) VALUES (\'3\', \'25000\', \'test\')')
 4 SYSTEMPATH\Database\BaseBuilder.php(2340): CodeIgniter\Database\BaseConnection->query('INSERT INTO `tbl_detail_pengeluaran` (`id_pengeluaran`, `jumlah_biaya`, `keterangan`) VALUES (:id_pengeluaran:, :jumlah_biaya:, :keterangan:)', [...], false)
 5 SYSTEMPATH\Model.php(394): CodeIgniter\Database\BaseBuilder->insert()
 6 SYSTEMPATH\BaseModel.php(840): CodeIgniter\Model->doInsert([...])
 7 SYSTEMPATH\Model.php(802): CodeIgniter\BaseModel->insert([...], true)
 8 APPPATH\Controllers\Admin\PengeluaranController.php(53): CodeIgniter\Model->insert([...])
 9 SYSTEMPATH\CodeIgniter.php(933): App\Controllers\Admin\PengeluaranController->save()
10 SYSTEMPATH\CodeIgniter.php(509): CodeIgniter\CodeIgniter->runController(Object(App\Controllers\Admin\PengeluaranController))
11 SYSTEMPATH\CodeIgniter.php(355): CodeIgniter\CodeIgniter->handleRequest(null, Object(Config\Cache), false)
12 SYSTEMPATH\Boot.php(325): CodeIgniter\CodeIgniter->run()
13 SYSTEMPATH\Boot.php(67): CodeIgniter\Boot::runCodeIgniter(Object(CodeIgniter\CodeIgniter))
14 FCPATH\index.php(56): CodeIgniter\Boot::bootWeb(Object(Config\Paths))
15 SYSTEMPATH\rewrite.php(44): require_once('E:\\XAMPP\\htdocs\\codeigniter4-framework-2849e7f\\public\\index.php')
ERROR - 2024-09-28 00:44:45 --> mysqli_sql_exception: Table 'db_tokoko.tbl_biaya_harian' doesn't exist in E:\XAMPP\htdocs\codeigniter4-framework-2849e7f\system\Database\MySQLi\Connection.php:312
Stack trace:
#0 E:\XAMPP\htdocs\codeigniter4-framework-2849e7f\system\Database\MySQLi\Connection.php(312): mysqli->query('INSERT INTO `tb...', 0)
#1 E:\XAMPP\htdocs\codeigniter4-framework-2849e7f\system\Database\BaseConnection.php(734): CodeIgniter\Database\MySQLi\Connection->execute('INSERT INTO `tb...')
#2 E:\XAMPP\htdocs\codeigniter4-framework-2849e7f\system\Database\BaseConnection.php(648): CodeIgniter\Database\BaseConnection->simpleQuery('INSERT INTO `tb...')
#3 E:\XAMPP\htdocs\codeigniter4-framework-2849e7f\system\Database\BaseBuilder.php(2340): CodeIgniter\Database\BaseConnection->query('INSERT INTO `tb...', Array, false)
#4 E:\XAMPP\htdocs\codeigniter4-framework-2849e7f\system\Model.php(394): CodeIgniter\Database\BaseBuilder->insert()
#5 E:\XAMPP\htdocs\codeigniter4-framework-2849e7f\system\BaseModel.php(840): CodeIgniter\Model->doInsert(Array)
#6 E:\XAMPP\htdocs\codeigniter4-framework-2849e7f\system\Model.php(802): CodeIgniter\BaseModel->insert(Array, true)
#7 E:\XAMPP\htdocs\codeigniter4-framework-2849e7f\app\Controllers\Admin\PengeluaranController.php(53): CodeIgniter\Model->insert(Array)
#8 E:\XAMPP\htdocs\codeigniter4-framework-2849e7f\system\CodeIgniter.php(933): App\Controllers\Admin\PengeluaranController->save()
#9 E:\XAMPP\htdocs\codeigniter4-framework-2849e7f\system\CodeIgniter.php(509): CodeIgniter\CodeIgniter->runController(Object(App\Controllers\Admin\PengeluaranController))
#10 E:\XAMPP\htdocs\codeigniter4-framework-2849e7f\system\CodeIgniter.php(355): CodeIgniter\CodeIgniter->handleRequest(NULL, Object(Config\Cache), false)
#11 E:\XAMPP\htdocs\codeigniter4-framework-2849e7f\system\Boot.php(325): CodeIgniter\CodeIgniter->run()
#12 E:\XAMPP\htdocs\codeigniter4-framework-2849e7f\system\Boot.php(67): CodeIgniter\Boot::runCodeIgniter(Object(CodeIgniter\CodeIgniter))
#13 E:\XAMPP\htdocs\codeigniter4-framework-2849e7f\public\index.php(56): CodeIgniter\Boot::bootWeb(Object(Config\Paths))
#14 E:\XAMPP\htdocs\codeigniter4-framework-2849e7f\system\rewrite.php(44): require_once('E:\\XAMPP\\htdocs...')
#15 {main}
CRITICAL - 2024-09-28 00:44:45 --> CodeIgniter\Database\Exceptions\DatabaseException: Table 'db_tokoko.tbl_biaya_harian' doesn't exist
[Method: POST, Route: admin/pengeluaran/save]
in SYSTEMPATH\Database\BaseConnection.php on line 688.
 1 SYSTEMPATH\Database\BaseBuilder.php(2340): CodeIgniter\Database\BaseConnection->query('INSERT INTO `tbl_detail_pengeluaran` (`id_pengeluaran`, `jumlah_biaya`, `keterangan`) VALUES (:id_pengeluaran:, :jumlah_biaya:, :keterangan:)', [...], false)
 2 SYSTEMPATH\Model.php(394): CodeIgniter\Database\BaseBuilder->insert()
 3 SYSTEMPATH\BaseModel.php(840): CodeIgniter\Model->doInsert([...])
 4 SYSTEMPATH\Model.php(802): CodeIgniter\BaseModel->insert([...], true)
 5 APPPATH\Controllers\Admin\PengeluaranController.php(53): CodeIgniter\Model->insert([...])
 6 SYSTEMPATH\CodeIgniter.php(933): App\Controllers\Admin\PengeluaranController->save()
 7 SYSTEMPATH\CodeIgniter.php(509): CodeIgniter\CodeIgniter->runController(Object(App\Controllers\Admin\PengeluaranController))
 8 SYSTEMPATH\CodeIgniter.php(355): CodeIgniter\CodeIgniter->handleRequest(null, Object(Config\Cache), false)
 9 SYSTEMPATH\Boot.php(325): CodeIgniter\CodeIgniter->run()
10 SYSTEMPATH\Boot.php(67): CodeIgniter\Boot::runCodeIgniter(Object(CodeIgniter\CodeIgniter))
11 FCPATH\index.php(56): CodeIgniter\Boot::bootWeb(Object(Config\Paths))
12 SYSTEMPATH\rewrite.php(44): require_once('E:\\XAMPP\\htdocs\\codeigniter4-framework-2849e7f\\public\\index.php')
CRITICAL - 2024-09-28 00:44:45 --> [Caused by] CodeIgniter\Database\Exceptions\DatabaseException: Table 'db_tokoko.tbl_biaya_harian' doesn't exist
in SYSTEMPATH\Database\MySQLi\Connection.php on line 317.
 1 SYSTEMPATH\Database\BaseConnection.php(734): CodeIgniter\Database\MySQLi\Connection->execute('INSERT INTO `tbl_detail_pengeluaran` (`id_pengeluaran`, `jumlah_biaya`, `keterangan`) VALUES (\'3\', \'2500\', \'waae\')')
 2 SYSTEMPATH\Database\BaseConnection.php(648): CodeIgniter\Database\BaseConnection->simpleQuery('INSERT INTO `tbl_detail_pengeluaran` (`id_pengeluaran`, `jumlah_biaya`, `keterangan`) VALUES (\'3\', \'2500\', \'waae\')')
 3 SYSTEMPATH\Database\BaseBuilder.php(2340): CodeIgniter\Database\BaseConnection->query('INSERT INTO `tbl_detail_pengeluaran` (`id_pengeluaran`, `jumlah_biaya`, `keterangan`) VALUES (:id_pengeluaran:, :jumlah_biaya:, :keterangan:)', [...], false)
 4 SYSTEMPATH\Model.php(394): CodeIgniter\Database\BaseBuilder->insert()
 5 SYSTEMPATH\BaseModel.php(840): CodeIgniter\Model->doInsert([...])
 6 SYSTEMPATH\Model.php(802): CodeIgniter\BaseModel->insert([...], true)
 7 APPPATH\Controllers\Admin\PengeluaranController.php(53): CodeIgniter\Model->insert([...])
 8 SYSTEMPATH\CodeIgniter.php(933): App\Controllers\Admin\PengeluaranController->save()
 9 SYSTEMPATH\CodeIgniter.php(509): CodeIgniter\CodeIgniter->runController(Object(App\Controllers\Admin\PengeluaranController))
10 SYSTEMPATH\CodeIgniter.php(355): CodeIgniter\CodeIgniter->handleRequest(null, Object(Config\Cache), false)
11 SYSTEMPATH\Boot.php(325): CodeIgniter\CodeIgniter->run()
12 SYSTEMPATH\Boot.php(67): CodeIgniter\Boot::runCodeIgniter(Object(CodeIgniter\CodeIgniter))
13 FCPATH\index.php(56): CodeIgniter\Boot::bootWeb(Object(Config\Paths))
14 SYSTEMPATH\rewrite.php(44): require_once('E:\\XAMPP\\htdocs\\codeigniter4-framework-2849e7f\\public\\index.php')
CRITICAL - 2024-09-28 00:44:45 --> [Caused by] mysqli_sql_exception: Table 'db_tokoko.tbl_biaya_harian' doesn't exist
in SYSTEMPATH\Database\MySQLi\Connection.php on line 312.
 1 SYSTEMPATH\Database\MySQLi\Connection.php(312): mysqli->query('INSERT INTO `tbl_detail_pengeluaran` (`id_pengeluaran`, `jumlah_biaya`, `keterangan`) VALUES (\'3\', \'2500\', \'waae\')', 0)
 2 SYSTEMPATH\Database\BaseConnection.php(734): CodeIgniter\Database\MySQLi\Connection->execute('INSERT INTO `tbl_detail_pengeluaran` (`id_pengeluaran`, `jumlah_biaya`, `keterangan`) VALUES (\'3\', \'2500\', \'waae\')')
 3 SYSTEMPATH\Database\BaseConnection.php(648): CodeIgniter\Database\BaseConnection->simpleQuery('INSERT INTO `tbl_detail_pengeluaran` (`id_pengeluaran`, `jumlah_biaya`, `keterangan`) VALUES (\'3\', \'2500\', \'waae\')')
 4 SYSTEMPATH\Database\BaseBuilder.php(2340): CodeIgniter\Database\BaseConnection->query('INSERT INTO `tbl_detail_pengeluaran` (`id_pengeluaran`, `jumlah_biaya`, `keterangan`) VALUES (:id_pengeluaran:, :jumlah_biaya:, :keterangan:)', [...], false)
 5 SYSTEMPATH\Model.php(394): CodeIgniter\Database\BaseBuilder->insert()
 6 SYSTEMPATH\BaseModel.php(840): CodeIgniter\Model->doInsert([...])
 7 SYSTEMPATH\Model.php(802): CodeIgniter\BaseModel->insert([...], true)
 8 APPPATH\Controllers\Admin\PengeluaranController.php(53): CodeIgniter\Model->insert([...])
 9 SYSTEMPATH\CodeIgniter.php(933): App\Controllers\Admin\PengeluaranController->save()
10 SYSTEMPATH\CodeIgniter.php(509): CodeIgniter\CodeIgniter->runController(Object(App\Controllers\Admin\PengeluaranController))
11 SYSTEMPATH\CodeIgniter.php(355): CodeIgniter\CodeIgniter->handleRequest(null, Object(Config\Cache), false)
12 SYSTEMPATH\Boot.php(325): CodeIgniter\CodeIgniter->run()
13 SYSTEMPATH\Boot.php(67): CodeIgniter\Boot::runCodeIgniter(Object(CodeIgniter\CodeIgniter))
14 FCPATH\index.php(56): CodeIgniter\Boot::bootWeb(Object(Config\Paths))
15 SYSTEMPATH\rewrite.php(44): require_once('E:\\XAMPP\\htdocs\\codeigniter4-framework-2849e7f\\public\\index.php')
ERROR - 2024-09-28 00:52:07 --> mysqli_sql_exception: Table 'db_tokoko.tbl_biaya_harian' doesn't exist in E:\XAMPP\htdocs\codeigniter4-framework-2849e7f\system\Database\MySQLi\Connection.php:312
Stack trace:
#0 E:\XAMPP\htdocs\codeigniter4-framework-2849e7f\system\Database\MySQLi\Connection.php(312): mysqli->query('INSERT INTO `tb...', 0)
#1 E:\XAMPP\htdocs\codeigniter4-framework-2849e7f\system\Database\BaseConnection.php(734): CodeIgniter\Database\MySQLi\Connection->execute('INSERT INTO `tb...')
#2 E:\XAMPP\htdocs\codeigniter4-framework-2849e7f\system\Database\BaseConnection.php(648): CodeIgniter\Database\BaseConnection->simpleQuery('INSERT INTO `tb...')
#3 E:\XAMPP\htdocs\codeigniter4-framework-2849e7f\system\Database\BaseBuilder.php(2340): CodeIgniter\Database\BaseConnection->query('INSERT INTO `tb...', Array, false)
#4 E:\XAMPP\htdocs\codeigniter4-framework-2849e7f\system\Model.php(394): CodeIgniter\Database\BaseBuilder->insert()
#5 E:\XAMPP\htdocs\codeigniter4-framework-2849e7f\system\BaseModel.php(840): CodeIgniter\Model->doInsert(Array)
#6 E:\XAMPP\htdocs\codeigniter4-framework-2849e7f\system\Model.php(802): CodeIgniter\BaseModel->insert(Array, true)
#7 E:\XAMPP\htdocs\codeigniter4-framework-2849e7f\app\Controllers\Admin\PengeluaranController.php(53): CodeIgniter\Model->insert(Array)
#8 E:\XAMPP\htdocs\codeigniter4-framework-2849e7f\system\CodeIgniter.php(933): App\Controllers\Admin\PengeluaranController->save()
#9 E:\XAMPP\htdocs\codeigniter4-framework-2849e7f\system\CodeIgniter.php(509): CodeIgniter\CodeIgniter->runController(Object(App\Controllers\Admin\PengeluaranController))
#10 E:\XAMPP\htdocs\codeigniter4-framework-2849e7f\system\CodeIgniter.php(355): CodeIgniter\CodeIgniter->handleRequest(NULL, Object(Config\Cache), false)
#11 E:\XAMPP\htdocs\codeigniter4-framework-2849e7f\system\Boot.php(325): CodeIgniter\CodeIgniter->run()
#12 E:\XAMPP\htdocs\codeigniter4-framework-2849e7f\system\Boot.php(67): CodeIgniter\Boot::runCodeIgniter(Object(CodeIgniter\CodeIgniter))
#13 E:\XAMPP\htdocs\codeigniter4-framework-2849e7f\public\index.php(56): CodeIgniter\Boot::bootWeb(Object(Config\Paths))
#14 E:\XAMPP\htdocs\codeigniter4-framework-2849e7f\system\rewrite.php(44): require_once('E:\\XAMPP\\htdocs...')
#15 {main}
CRITICAL - 2024-09-28 00:52:07 --> CodeIgniter\Database\Exceptions\DatabaseException: Table 'db_tokoko.tbl_biaya_harian' doesn't exist
[Method: POST, Route: admin/pengeluaran/save]
in SYSTEMPATH\Database\BaseConnection.php on line 688.
 1 SYSTEMPATH\Database\BaseBuilder.php(2340): CodeIgniter\Database\BaseConnection->query('INSERT INTO `tbl_detail_pengeluaran` (`id_pengeluaran`, `jumlah_biaya`, `keterangan`) VALUES (:id_pengeluaran:, :jumlah_biaya:, :keterangan:)', [...], false)
 2 SYSTEMPATH\Model.php(394): CodeIgniter\Database\BaseBuilder->insert()
 3 SYSTEMPATH\BaseModel.php(840): CodeIgniter\Model->doInsert([...])
 4 SYSTEMPATH\Model.php(802): CodeIgniter\BaseModel->insert([...], true)
 5 APPPATH\Controllers\Admin\PengeluaranController.php(53): CodeIgniter\Model->insert([...])
 6 SYSTEMPATH\CodeIgniter.php(933): App\Controllers\Admin\PengeluaranController->save()
 7 SYSTEMPATH\CodeIgniter.php(509): CodeIgniter\CodeIgniter->runController(Object(App\Controllers\Admin\PengeluaranController))
 8 SYSTEMPATH\CodeIgniter.php(355): CodeIgniter\CodeIgniter->handleRequest(null, Object(Config\Cache), false)
 9 SYSTEMPATH\Boot.php(325): CodeIgniter\CodeIgniter->run()
10 SYSTEMPATH\Boot.php(67): CodeIgniter\Boot::runCodeIgniter(Object(CodeIgniter\CodeIgniter))
11 FCPATH\index.php(56): CodeIgniter\Boot::bootWeb(Object(Config\Paths))
12 SYSTEMPATH\rewrite.php(44): require_once('E:\\XAMPP\\htdocs\\codeigniter4-framework-2849e7f\\public\\index.php')
CRITICAL - 2024-09-28 00:52:07 --> [Caused by] CodeIgniter\Database\Exceptions\DatabaseException: Table 'db_tokoko.tbl_biaya_harian' doesn't exist
in SYSTEMPATH\Database\MySQLi\Connection.php on line 317.
 1 SYSTEMPATH\Database\BaseConnection.php(734): CodeIgniter\Database\MySQLi\Connection->execute('INSERT INTO `tbl_detail_pengeluaran` (`id_pengeluaran`, `jumlah_biaya`, `keterangan`) VALUES (\'3\', \'25000\', \'testt\')')
 2 SYSTEMPATH\Database\BaseConnection.php(648): CodeIgniter\Database\BaseConnection->simpleQuery('INSERT INTO `tbl_detail_pengeluaran` (`id_pengeluaran`, `jumlah_biaya`, `keterangan`) VALUES (\'3\', \'25000\', \'testt\')')
 3 SYSTEMPATH\Database\BaseBuilder.php(2340): CodeIgniter\Database\BaseConnection->query('INSERT INTO `tbl_detail_pengeluaran` (`id_pengeluaran`, `jumlah_biaya`, `keterangan`) VALUES (:id_pengeluaran:, :jumlah_biaya:, :keterangan:)', [...], false)
 4 SYSTEMPATH\Model.php(394): CodeIgniter\Database\BaseBuilder->insert()
 5 SYSTEMPATH\BaseModel.php(840): CodeIgniter\Model->doInsert([...])
 6 SYSTEMPATH\Model.php(802): CodeIgniter\BaseModel->insert([...], true)
 7 APPPATH\Controllers\Admin\PengeluaranController.php(53): CodeIgniter\Model->insert([...])
 8 SYSTEMPATH\CodeIgniter.php(933): App\Controllers\Admin\PengeluaranController->save()
 9 SYSTEMPATH\CodeIgniter.php(509): CodeIgniter\CodeIgniter->runController(Object(App\Controllers\Admin\PengeluaranController))
10 SYSTEMPATH\CodeIgniter.php(355): CodeIgniter\CodeIgniter->handleRequest(null, Object(Config\Cache), false)
11 SYSTEMPATH\Boot.php(325): CodeIgniter\CodeIgniter->run()
12 SYSTEMPATH\Boot.php(67): CodeIgniter\Boot::runCodeIgniter(Object(CodeIgniter\CodeIgniter))
13 FCPATH\index.php(56): CodeIgniter\Boot::bootWeb(Object(Config\Paths))
14 SYSTEMPATH\rewrite.php(44): require_once('E:\\XAMPP\\htdocs\\codeigniter4-framework-2849e7f\\public\\index.php')
CRITICAL - 2024-09-28 00:52:07 --> [Caused by] mysqli_sql_exception: Table 'db_tokoko.tbl_biaya_harian' doesn't exist
in SYSTEMPATH\Database\MySQLi\Connection.php on line 312.
 1 SYSTEMPATH\Database\MySQLi\Connection.php(312): mysqli->query('INSERT INTO `tbl_detail_pengeluaran` (`id_pengeluaran`, `jumlah_biaya`, `keterangan`) VALUES (\'3\', \'25000\', \'testt\')', 0)
 2 SYSTEMPATH\Database\BaseConnection.php(734): CodeIgniter\Database\MySQLi\Connection->execute('INSERT INTO `tbl_detail_pengeluaran` (`id_pengeluaran`, `jumlah_biaya`, `keterangan`) VALUES (\'3\', \'25000\', \'testt\')')
 3 SYSTEMPATH\Database\BaseConnection.php(648): CodeIgniter\Database\BaseConnection->simpleQuery('INSERT INTO `tbl_detail_pengeluaran` (`id_pengeluaran`, `jumlah_biaya`, `keterangan`) VALUES (\'3\', \'25000\', \'testt\')')
 4 SYSTEMPATH\Database\BaseBuilder.php(2340): CodeIgniter\Database\BaseConnection->query('INSERT INTO `tbl_detail_pengeluaran` (`id_pengeluaran`, `jumlah_biaya`, `keterangan`) VALUES (:id_pengeluaran:, :jumlah_biaya:, :keterangan:)', [...], false)
 5 SYSTEMPATH\Model.php(394): CodeIgniter\Database\BaseBuilder->insert()
 6 SYSTEMPATH\BaseModel.php(840): CodeIgniter\Model->doInsert([...])
 7 SYSTEMPATH\Model.php(802): CodeIgniter\BaseModel->insert([...], true)
 8 APPPATH\Controllers\Admin\PengeluaranController.php(53): CodeIgniter\Model->insert([...])
 9 SYSTEMPATH\CodeIgniter.php(933): App\Controllers\Admin\PengeluaranController->save()
10 SYSTEMPATH\CodeIgniter.php(509): CodeIgniter\CodeIgniter->runController(Object(App\Controllers\Admin\PengeluaranController))
11 SYSTEMPATH\CodeIgniter.php(355): CodeIgniter\CodeIgniter->handleRequest(null, Object(Config\Cache), false)
12 SYSTEMPATH\Boot.php(325): CodeIgniter\CodeIgniter->run()
13 SYSTEMPATH\Boot.php(67): CodeIgniter\Boot::runCodeIgniter(Object(CodeIgniter\CodeIgniter))
14 FCPATH\index.php(56): CodeIgniter\Boot::bootWeb(Object(Config\Paths))
15 SYSTEMPATH\rewrite.php(44): require_once('E:\\XAMPP\\htdocs\\codeigniter4-framework-2849e7f\\public\\index.php')
ERROR - 2024-09-28 00:52:18 --> mysqli_sql_exception: Table 'db_tokoko.tbl_biaya_harian' doesn't exist in E:\XAMPP\htdocs\codeigniter4-framework-2849e7f\system\Database\MySQLi\Connection.php:312
Stack trace:
#0 E:\XAMPP\htdocs\codeigniter4-framework-2849e7f\system\Database\MySQLi\Connection.php(312): mysqli->query('INSERT INTO `tb...', 0)
#1 E:\XAMPP\htdocs\codeigniter4-framework-2849e7f\system\Database\BaseConnection.php(734): CodeIgniter\Database\MySQLi\Connection->execute('INSERT INTO `tb...')
#2 E:\XAMPP\htdocs\codeigniter4-framework-2849e7f\system\Database\BaseConnection.php(648): CodeIgniter\Database\BaseConnection->simpleQuery('INSERT INTO `tb...')
#3 E:\XAMPP\htdocs\codeigniter4-framework-2849e7f\system\Database\BaseBuilder.php(2340): CodeIgniter\Database\BaseConnection->query('INSERT INTO `tb...', Array, false)
#4 E:\XAMPP\htdocs\codeigniter4-framework-2849e7f\system\Model.php(394): CodeIgniter\Database\BaseBuilder->insert()
#5 E:\XAMPP\htdocs\codeigniter4-framework-2849e7f\system\BaseModel.php(840): CodeIgniter\Model->doInsert(Array)
#6 E:\XAMPP\htdocs\codeigniter4-framework-2849e7f\system\Model.php(802): CodeIgniter\BaseModel->insert(Array, true)
#7 E:\XAMPP\htdocs\codeigniter4-framework-2849e7f\app\Controllers\Admin\PengeluaranController.php(53): CodeIgniter\Model->insert(Array)
#8 E:\XAMPP\htdocs\codeigniter4-framework-2849e7f\system\CodeIgniter.php(933): App\Controllers\Admin\PengeluaranController->save()
#9 E:\XAMPP\htdocs\codeigniter4-framework-2849e7f\system\CodeIgniter.php(509): CodeIgniter\CodeIgniter->runController(Object(App\Controllers\Admin\PengeluaranController))
#10 E:\XAMPP\htdocs\codeigniter4-framework-2849e7f\system\CodeIgniter.php(355): CodeIgniter\CodeIgniter->handleRequest(NULL, Object(Config\Cache), false)
#11 E:\XAMPP\htdocs\codeigniter4-framework-2849e7f\system\Boot.php(325): CodeIgniter\CodeIgniter->run()
#12 E:\XAMPP\htdocs\codeigniter4-framework-2849e7f\system\Boot.php(67): CodeIgniter\Boot::runCodeIgniter(Object(CodeIgniter\CodeIgniter))
#13 E:\XAMPP\htdocs\codeigniter4-framework-2849e7f\public\index.php(56): CodeIgniter\Boot::bootWeb(Object(Config\Paths))
#14 E:\XAMPP\htdocs\codeigniter4-framework-2849e7f\system\rewrite.php(44): require_once('E:\\XAMPP\\htdocs...')
#15 {main}
CRITICAL - 2024-09-28 00:52:18 --> CodeIgniter\Database\Exceptions\DatabaseException: Table 'db_tokoko.tbl_biaya_harian' doesn't exist
[Method: POST, Route: admin/pengeluaran/save]
in SYSTEMPATH\Database\BaseConnection.php on line 688.
 1 SYSTEMPATH\Database\BaseBuilder.php(2340): CodeIgniter\Database\BaseConnection->query('INSERT INTO `tbl_detail_pengeluaran` (`id_pengeluaran`, `jumlah_biaya`, `keterangan`) VALUES (:id_pengeluaran:, :jumlah_biaya:, :keterangan:)', [...], false)
 2 SYSTEMPATH\Model.php(394): CodeIgniter\Database\BaseBuilder->insert()
 3 SYSTEMPATH\BaseModel.php(840): CodeIgniter\Model->doInsert([...])
 4 SYSTEMPATH\Model.php(802): CodeIgniter\BaseModel->insert([...], true)
 5 APPPATH\Controllers\Admin\PengeluaranController.php(53): CodeIgniter\Model->insert([...])
 6 SYSTEMPATH\CodeIgniter.php(933): App\Controllers\Admin\PengeluaranController->save()
 7 SYSTEMPATH\CodeIgniter.php(509): CodeIgniter\CodeIgniter->runController(Object(App\Controllers\Admin\PengeluaranController))
 8 SYSTEMPATH\CodeIgniter.php(355): CodeIgniter\CodeIgniter->handleRequest(null, Object(Config\Cache), false)
 9 SYSTEMPATH\Boot.php(325): CodeIgniter\CodeIgniter->run()
10 SYSTEMPATH\Boot.php(67): CodeIgniter\Boot::runCodeIgniter(Object(CodeIgniter\CodeIgniter))
11 FCPATH\index.php(56): CodeIgniter\Boot::bootWeb(Object(Config\Paths))
12 SYSTEMPATH\rewrite.php(44): require_once('E:\\XAMPP\\htdocs\\codeigniter4-framework-2849e7f\\public\\index.php')
CRITICAL - 2024-09-28 00:52:18 --> [Caused by] CodeIgniter\Database\Exceptions\DatabaseException: Table 'db_tokoko.tbl_biaya_harian' doesn't exist
in SYSTEMPATH\Database\MySQLi\Connection.php on line 317.
 1 SYSTEMPATH\Database\BaseConnection.php(734): CodeIgniter\Database\MySQLi\Connection->execute('INSERT INTO `tbl_detail_pengeluaran` (`id_pengeluaran`, `jumlah_biaya`, `keterangan`) VALUES (\'3\', \'25000\', \'testt\')')
 2 SYSTEMPATH\Database\BaseConnection.php(648): CodeIgniter\Database\BaseConnection->simpleQuery('INSERT INTO `tbl_detail_pengeluaran` (`id_pengeluaran`, `jumlah_biaya`, `keterangan`) VALUES (\'3\', \'25000\', \'testt\')')
 3 SYSTEMPATH\Database\BaseBuilder.php(2340): CodeIgniter\Database\BaseConnection->query('INSERT INTO `tbl_detail_pengeluaran` (`id_pengeluaran`, `jumlah_biaya`, `keterangan`) VALUES (:id_pengeluaran:, :jumlah_biaya:, :keterangan:)', [...], false)
 4 SYSTEMPATH\Model.php(394): CodeIgniter\Database\BaseBuilder->insert()
 5 SYSTEMPATH\BaseModel.php(840): CodeIgniter\Model->doInsert([...])
 6 SYSTEMPATH\Model.php(802): CodeIgniter\BaseModel->insert([...], true)
 7 APPPATH\Controllers\Admin\PengeluaranController.php(53): CodeIgniter\Model->insert([...])
 8 SYSTEMPATH\CodeIgniter.php(933): App\Controllers\Admin\PengeluaranController->save()
 9 SYSTEMPATH\CodeIgniter.php(509): CodeIgniter\CodeIgniter->runController(Object(App\Controllers\Admin\PengeluaranController))
10 SYSTEMPATH\CodeIgniter.php(355): CodeIgniter\CodeIgniter->handleRequest(null, Object(Config\Cache), false)
11 SYSTEMPATH\Boot.php(325): CodeIgniter\CodeIgniter->run()
12 SYSTEMPATH\Boot.php(67): CodeIgniter\Boot::runCodeIgniter(Object(CodeIgniter\CodeIgniter))
13 FCPATH\index.php(56): CodeIgniter\Boot::bootWeb(Object(Config\Paths))
14 SYSTEMPATH\rewrite.php(44): require_once('E:\\XAMPP\\htdocs\\codeigniter4-framework-2849e7f\\public\\index.php')
CRITICAL - 2024-09-28 00:52:18 --> [Caused by] mysqli_sql_exception: Table 'db_tokoko.tbl_biaya_harian' doesn't exist
in SYSTEMPATH\Database\MySQLi\Connection.php on line 312.
 1 SYSTEMPATH\Database\MySQLi\Connection.php(312): mysqli->query('INSERT INTO `tbl_detail_pengeluaran` (`id_pengeluaran`, `jumlah_biaya`, `keterangan`) VALUES (\'3\', \'25000\', \'testt\')', 0)
 2 SYSTEMPATH\Database\BaseConnection.php(734): CodeIgniter\Database\MySQLi\Connection->execute('INSERT INTO `tbl_detail_pengeluaran` (`id_pengeluaran`, `jumlah_biaya`, `keterangan`) VALUES (\'3\', \'25000\', \'testt\')')
 3 SYSTEMPATH\Database\BaseConnection.php(648): CodeIgniter\Database\BaseConnection->simpleQuery('INSERT INTO `tbl_detail_pengeluaran` (`id_pengeluaran`, `jumlah_biaya`, `keterangan`) VALUES (\'3\', \'25000\', \'testt\')')
 4 SYSTEMPATH\Database\BaseBuilder.php(2340): CodeIgniter\Database\BaseConnection->query('INSERT INTO `tbl_detail_pengeluaran` (`id_pengeluaran`, `jumlah_biaya`, `keterangan`) VALUES (:id_pengeluaran:, :jumlah_biaya:, :keterangan:)', [...], false)
 5 SYSTEMPATH\Model.php(394): CodeIgniter\Database\BaseBuilder->insert()
 6 SYSTEMPATH\BaseModel.php(840): CodeIgniter\Model->doInsert([...])
 7 SYSTEMPATH\Model.php(802): CodeIgniter\BaseModel->insert([...], true)
 8 APPPATH\Controllers\Admin\PengeluaranController.php(53): CodeIgniter\Model->insert([...])
 9 SYSTEMPATH\CodeIgniter.php(933): App\Controllers\Admin\PengeluaranController->save()
10 SYSTEMPATH\CodeIgniter.php(509): CodeIgniter\CodeIgniter->runController(Object(App\Controllers\Admin\PengeluaranController))
11 SYSTEMPATH\CodeIgniter.php(355): CodeIgniter\CodeIgniter->handleRequest(null, Object(Config\Cache), false)
12 SYSTEMPATH\Boot.php(325): CodeIgniter\CodeIgniter->run()
13 SYSTEMPATH\Boot.php(67): CodeIgniter\Boot::runCodeIgniter(Object(CodeIgniter\CodeIgniter))
14 FCPATH\index.php(56): CodeIgniter\Boot::bootWeb(Object(Config\Paths))
15 SYSTEMPATH\rewrite.php(44): require_once('E:\\XAMPP\\htdocs\\codeigniter4-framework-2849e7f\\public\\index.php')
CRITICAL - 2024-09-28 10:26:57 --> CodeIgniter\View\Exceptions\ViewException: Invalid file: "modal_pengeluaran.php"
[Method: GET, Route: admin/pengeluaran/]
in SYSTEMPATH\Exceptions\FrameworkException.php on line 41.
 1 SYSTEMPATH\View\View.php(222): CodeIgniter\Exceptions\FrameworkException::forInvalidFile('modal_pengeluaran.php')
 2 SYSTEMPATH\Common.php(1171): CodeIgniter\View\View->render('modal_pengeluaran', [], true)
 3 APPPATH\Views\pages\admin\pengeluaran\list.php(42): view('modal_pengeluaran')
 4 SYSTEMPATH\View\View.php(234): include('E:\\XAMPP\\htdocs\\codeigniter4-framework-2849e7f\\app\\Views\\pages\\admin\\pengeluaran\\list.php')
 5 SYSTEMPATH\View\View.php(237): CodeIgniter\View\View->CodeIgniter\View\{closure}()
 6 SYSTEMPATH\Common.php(1171): CodeIgniter\View\View->render('pages/admin/pengeluaran/list', [], true)
 7 APPPATH\Controllers\Admin\PengeluaranController.php(18): view('pages/admin/pengeluaran/list', [...])
 8 SYSTEMPATH\CodeIgniter.php(933): App\Controllers\Admin\PengeluaranController->list()
 9 SYSTEMPATH\CodeIgniter.php(509): CodeIgniter\CodeIgniter->runController(Object(App\Controllers\Admin\PengeluaranController))
10 SYSTEMPATH\CodeIgniter.php(355): CodeIgniter\CodeIgniter->handleRequest(null, Object(Config\Cache), false)
11 SYSTEMPATH\Boot.php(325): CodeIgniter\CodeIgniter->run()
12 SYSTEMPATH\Boot.php(67): CodeIgniter\Boot::runCodeIgniter(Object(CodeIgniter\CodeIgniter))
13 FCPATH\index.php(56): CodeIgniter\Boot::bootWeb(Object(Config\Paths))
14 SYSTEMPATH\rewrite.php(44): require_once('E:\\XAMPP\\htdocs\\codeigniter4-framework-2849e7f\\public\\index.php')
CRITICAL - 2024-09-28 10:53:21 --> CodeIgniter\View\Exceptions\ViewException: Invalid file: "modal.php"
[Method: GET, Route: admin/pengeluaran/]
in SYSTEMPATH\Exceptions\FrameworkException.php on line 41.
 1 SYSTEMPATH\View\View.php(222): CodeIgniter\Exceptions\FrameworkException::forInvalidFile('modal.php')
 2 SYSTEMPATH\Common.php(1171): CodeIgniter\View\View->render('modal', [], true)
 3 APPPATH\Views\pages\admin\pengeluaran\list.php(42): view('modal')
 4 SYSTEMPATH\View\View.php(234): include('E:\\XAMPP\\htdocs\\codeigniter4-framework-2849e7f\\app\\Views\\pages\\admin\\pengeluaran\\list.php')
 5 SYSTEMPATH\View\View.php(237): CodeIgniter\View\View->CodeIgniter\View\{closure}()
 6 SYSTEMPATH\Common.php(1171): CodeIgniter\View\View->render('pages/admin/pengeluaran/list', [], true)
 7 APPPATH\Controllers\Admin\PengeluaranController.php(18): view('pages/admin/pengeluaran/list', [...])
 8 SYSTEMPATH\CodeIgniter.php(933): App\Controllers\Admin\PengeluaranController->list()
 9 SYSTEMPATH\CodeIgniter.php(509): CodeIgniter\CodeIgniter->runController(Object(App\Controllers\Admin\PengeluaranController))
10 SYSTEMPATH\CodeIgniter.php(355): CodeIgniter\CodeIgniter->handleRequest(null, Object(Config\Cache), false)
11 SYSTEMPATH\Boot.php(325): CodeIgniter\CodeIgniter->run()
12 SYSTEMPATH\Boot.php(67): CodeIgniter\Boot::runCodeIgniter(Object(CodeIgniter\CodeIgniter))
13 FCPATH\index.php(56): CodeIgniter\Boot::bootWeb(Object(Config\Paths))
14 SYSTEMPATH\rewrite.php(44): require_once('E:\\XAMPP\\htdocs\\codeigniter4-framework-2849e7f\\public\\index.php')
CRITICAL - 2024-09-28 10:58:10 --> CodeIgniter\View\Exceptions\ViewException: Invalid file: "modal.php"
[Method: GET, Route: admin/pengeluaran/]
in SYSTEMPATH\Exceptions\FrameworkException.php on line 41.
 1 SYSTEMPATH\View\View.php(222): CodeIgniter\Exceptions\FrameworkException::forInvalidFile('modal.php')
 2 SYSTEMPATH\Common.php(1171): CodeIgniter\View\View->render('modal', [], true)
 3 APPPATH\Views\pages\admin\pengeluaran\list.php(43): view('modal')
 4 SYSTEMPATH\View\View.php(234): include('E:\\XAMPP\\htdocs\\codeigniter4-framework-2849e7f\\app\\Views\\pages\\admin\\pengeluaran\\list.php')
 5 SYSTEMPATH\View\View.php(237): CodeIgniter\View\View->CodeIgniter\View\{closure}()
 6 SYSTEMPATH\Common.php(1171): CodeIgniter\View\View->render('pages/admin/pengeluaran/list', [], true)
 7 APPPATH\Controllers\Admin\PengeluaranController.php(18): view('pages/admin/pengeluaran/list', [...])
 8 SYSTEMPATH\CodeIgniter.php(933): App\Controllers\Admin\PengeluaranController->list()
 9 SYSTEMPATH\CodeIgniter.php(509): CodeIgniter\CodeIgniter->runController(Object(App\Controllers\Admin\PengeluaranController))
10 SYSTEMPATH\CodeIgniter.php(355): CodeIgniter\CodeIgniter->handleRequest(null, Object(Config\Cache), false)
11 SYSTEMPATH\Boot.php(325): CodeIgniter\CodeIgniter->run()
12 SYSTEMPATH\Boot.php(67): CodeIgniter\Boot::runCodeIgniter(Object(CodeIgniter\CodeIgniter))
13 FCPATH\index.php(56): CodeIgniter\Boot::bootWeb(Object(Config\Paths))
14 SYSTEMPATH\rewrite.php(44): require_once('E:\\XAMPP\\htdocs\\codeigniter4-framework-2849e7f\\public\\index.php')
CRITICAL - 2024-09-28 11:00:54 --> CodeIgniter\View\Exceptions\ViewException: Invalid file: "admin/pengeluaran/modal.php"
[Method: GET, Route: admin/pengeluaran/]
in SYSTEMPATH\Exceptions\FrameworkException.php on line 41.
 1 SYSTEMPATH\View\View.php(222): CodeIgniter\Exceptions\FrameworkException::forInvalidFile('admin/pengeluaran/modal.php')
 2 SYSTEMPATH\Common.php(1171): CodeIgniter\View\View->render('admin/pengeluaran/modal', [], true)
 3 APPPATH\Views\pages\admin\pengeluaran\list.php(43): view('admin/pengeluaran/modal')
 4 SYSTEMPATH\View\View.php(234): include('E:\\XAMPP\\htdocs\\codeigniter4-framework-2849e7f\\app\\Views\\pages\\admin\\pengeluaran\\list.php')
 5 SYSTEMPATH\View\View.php(237): CodeIgniter\View\View->CodeIgniter\View\{closure}()
 6 SYSTEMPATH\Common.php(1171): CodeIgniter\View\View->render('pages/admin/pengeluaran/list', [], true)
 7 APPPATH\Controllers\Admin\PengeluaranController.php(18): view('pages/admin/pengeluaran/list', [...])
 8 SYSTEMPATH\CodeIgniter.php(933): App\Controllers\Admin\PengeluaranController->list()
 9 SYSTEMPATH\CodeIgniter.php(509): CodeIgniter\CodeIgniter->runController(Object(App\Controllers\Admin\PengeluaranController))
10 SYSTEMPATH\CodeIgniter.php(355): CodeIgniter\CodeIgniter->handleRequest(null, Object(Config\Cache), false)
11 SYSTEMPATH\Boot.php(325): CodeIgniter\CodeIgniter->run()
12 SYSTEMPATH\Boot.php(67): CodeIgniter\Boot::runCodeIgniter(Object(CodeIgniter\CodeIgniter))
13 FCPATH\index.php(56): CodeIgniter\Boot::bootWeb(Object(Config\Paths))
14 SYSTEMPATH\rewrite.php(44): require_once('E:\\XAMPP\\htdocs\\codeigniter4-framework-2849e7f\\public\\index.php')
CRITICAL - 2024-09-28 12:19:34 --> ParseError: syntax error, unexpected token "}", expecting ";" or "{"
[Method: GET, Route: admin/pengeluaran/detail/1]
in APPPATH\Controllers\Admin\PengeluaranController.php on line 64.
 1 SYSTEMPATH\Autoloader\Autoloader.php(296): CodeIgniter\Autoloader\Autoloader->includeFile('E:\\XAMPP\\htdocs\\codeigniter4-framework-2849e7f\\app\\Controllers\\Admin\\PengeluaranController.php')
 2 SYSTEMPATH\Autoloader\Autoloader.php(272): CodeIgniter\Autoloader\Autoloader->loadInNamespace('App\\Controllers\\Admin\\PengeluaranController')
 3 [internal function]: CodeIgniter\Autoloader\Autoloader->loadClass('App\\Controllers\\Admin\\PengeluaranController')
 4 SYSTEMPATH\CodeIgniter.php(887): class_exists('\\App\\Controllers\\Admin\\PengeluaranController', true)
 5 SYSTEMPATH\CodeIgniter.php(496): CodeIgniter\CodeIgniter->startController()
 6 SYSTEMPATH\CodeIgniter.php(355): CodeIgniter\CodeIgniter->handleRequest(null, Object(Config\Cache), false)
 7 SYSTEMPATH\Boot.php(325): CodeIgniter\CodeIgniter->run()
 8 SYSTEMPATH\Boot.php(67): CodeIgniter\Boot::runCodeIgniter(Object(CodeIgniter\CodeIgniter))
 9 FCPATH\index.php(56): CodeIgniter\Boot::bootWeb(Object(Config\Paths))
10 SYSTEMPATH\rewrite.php(44): require_once('E:\\XAMPP\\htdocs\\codeigniter4-framework-2849e7f\\public\\index.php')
CRITICAL - 2024-09-28 12:19:36 --> ParseError: syntax error, unexpected token "}", expecting ";" or "{"
[Method: GET, Route: admin/pengeluaran/]
in APPPATH\Controllers\Admin\PengeluaranController.php on line 64.
 1 SYSTEMPATH\Autoloader\Autoloader.php(296): CodeIgniter\Autoloader\Autoloader->includeFile('E:\\XAMPP\\htdocs\\codeigniter4-framework-2849e7f\\app\\Controllers\\Admin\\PengeluaranController.php')
 2 SYSTEMPATH\Autoloader\Autoloader.php(272): CodeIgniter\Autoloader\Autoloader->loadInNamespace('App\\Controllers\\Admin\\PengeluaranController')
 3 [internal function]: CodeIgniter\Autoloader\Autoloader->loadClass('App\\Controllers\\Admin\\PengeluaranController')
 4 SYSTEMPATH\CodeIgniter.php(887): class_exists('\\App\\Controllers\\Admin\\PengeluaranController', true)
 5 SYSTEMPATH\CodeIgniter.php(496): CodeIgniter\CodeIgniter->startController()
 6 SYSTEMPATH\CodeIgniter.php(355): CodeIgniter\CodeIgniter->handleRequest(null, Object(Config\Cache), false)
 7 SYSTEMPATH\Boot.php(325): CodeIgniter\CodeIgniter->run()
 8 SYSTEMPATH\Boot.php(67): CodeIgniter\Boot::runCodeIgniter(Object(CodeIgniter\CodeIgniter))
 9 FCPATH\index.php(56): CodeIgniter\Boot::bootWeb(Object(Config\Paths))
10 SYSTEMPATH\rewrite.php(44): require_once('E:\\XAMPP\\htdocs\\codeigniter4-framework-2849e7f\\public\\index.php')
CRITICAL - 2024-09-28 12:19:39 --> ParseError: syntax error, unexpected token "}", expecting ";" or "{"
[Method: GET, Route: admin/pengeluaran/]
in APPPATH\Controllers\Admin\PengeluaranController.php on line 64.
 1 SYSTEMPATH\Autoloader\Autoloader.php(296): CodeIgniter\Autoloader\Autoloader->includeFile('E:\\XAMPP\\htdocs\\codeigniter4-framework-2849e7f\\app\\Controllers\\Admin\\PengeluaranController.php')
 2 SYSTEMPATH\Autoloader\Autoloader.php(272): CodeIgniter\Autoloader\Autoloader->loadInNamespace('App\\Controllers\\Admin\\PengeluaranController')
 3 [internal function]: CodeIgniter\Autoloader\Autoloader->loadClass('App\\Controllers\\Admin\\PengeluaranController')
 4 SYSTEMPATH\CodeIgniter.php(887): class_exists('\\App\\Controllers\\Admin\\PengeluaranController', true)
 5 SYSTEMPATH\CodeIgniter.php(496): CodeIgniter\CodeIgniter->startController()
 6 SYSTEMPATH\CodeIgniter.php(355): CodeIgniter\CodeIgniter->handleRequest(null, Object(Config\Cache), false)
 7 SYSTEMPATH\Boot.php(325): CodeIgniter\CodeIgniter->run()
 8 SYSTEMPATH\Boot.php(67): CodeIgniter\Boot::runCodeIgniter(Object(CodeIgniter\CodeIgniter))
 9 FCPATH\index.php(56): CodeIgniter\Boot::bootWeb(Object(Config\Paths))
10 SYSTEMPATH\rewrite.php(44): require_once('E:\\XAMPP\\htdocs\\codeigniter4-framework-2849e7f\\public\\index.php')
CRITICAL - 2024-09-28 13:06:30 --> ErrorException: include(koneksi.php): Failed to open stream: No such file or directory
[Method: GET, Route: /]
in APPPATH\Views\auth\login.php on line 3.
 1 APPPATH\Views\auth\login.php(3): CodeIgniter\Debug\Exceptions->errorHandler(2, 'include(koneksi.php): Failed to open stream: No such file or directory', 'E:\\XAMPP\\htdocs\\codeigniter4-framework-2849e7f\\app\\Views\\auth\\login.php', 3)
 2 APPPATH\Views\auth\login.php(3): include()
 3 SYSTEMPATH\View\View.php(234): include('E:\\XAMPP\\htdocs\\codeigniter4-framework-2849e7f\\app\\Views\\auth\\login.php')
 4 SYSTEMPATH\View\View.php(237): CodeIgniter\View\View->CodeIgniter\View\{closure}()
 5 SYSTEMPATH\Common.php(1171): CodeIgniter\View\View->render('auth/login', [], true)
 6 APPPATH\Controllers\AuthController.php(12): view('auth/login')
 7 SYSTEMPATH\CodeIgniter.php(933): App\Controllers\AuthController->index()
 8 SYSTEMPATH\CodeIgniter.php(509): CodeIgniter\CodeIgniter->runController(Object(App\Controllers\AuthController))
 9 SYSTEMPATH\CodeIgniter.php(355): CodeIgniter\CodeIgniter->handleRequest(null, Object(Config\Cache), false)
10 SYSTEMPATH\Boot.php(325): CodeIgniter\CodeIgniter->run()
11 SYSTEMPATH\Boot.php(67): CodeIgniter\Boot::runCodeIgniter(Object(CodeIgniter\CodeIgniter))
12 FCPATH\index.php(56): CodeIgniter\Boot::bootWeb(Object(Config\Paths))
13 SYSTEMPATH\rewrite.php(44): require_once('E:\\XAMPP\\htdocs\\codeigniter4-framework-2849e7f\\public\\index.php')
CRITICAL - 2024-09-28 17:38:33 --> BadMethodCallException: Call to undefined method App\Models\DetailPengeluaranModel::getDetailById
[Method: GET, Route: admin/pengeluaran/getDetail]
in SYSTEMPATH\Model.php on line 932.
 1 APPPATH\Controllers\Admin\PengeluaranController.php(70): CodeIgniter\Model->__call('getDetailById', [...])
 2 SYSTEMPATH\CodeIgniter.php(933): App\Controllers\Admin\PengeluaranController->getDetail()
 3 SYSTEMPATH\CodeIgniter.php(509): CodeIgniter\CodeIgniter->runController(Object(App\Controllers\Admin\PengeluaranController))
 4 SYSTEMPATH\CodeIgniter.php(355): CodeIgniter\CodeIgniter->handleRequest(null, Object(Config\Cache), false)
 5 SYSTEMPATH\Boot.php(325): CodeIgniter\CodeIgniter->run()
 6 SYSTEMPATH\Boot.php(67): CodeIgniter\Boot::runCodeIgniter(Object(CodeIgniter\CodeIgniter))
 7 FCPATH\index.php(56): CodeIgniter\Boot::bootWeb(Object(Config\Paths))
 8 SYSTEMPATH\rewrite.php(44): require_once('E:\\XAMPP\\htdocs\\codeigniter4-framework-2849e7f\\public\\index.php')
