INFO - 2025-01-10 19:50:56 --> Session: Class initialized using 'CodeIgniter\Session\Handlers\FileHandler' driver.
INFO - 2025-01-10 19:51:00 --> Session: Class initialized using 'CodeIgniter\Session\Handlers\FileHandler' driver.
INFO - 2025-01-10 19:51:09 --> Session: Class initialized using 'CodeIgniter\Session\Handlers\FileHandler' driver.
INFO - 2025-01-10 19:51:09 --> Session: Class initialized using 'CodeIgniter\Session\Handlers\FileHandler' driver.
CRITICAL - 2025-01-10 19:51:10 --> TypeError: CodeIgniter\Database\BaseBuilder::limit(): Argument #1 ($value) must be of type ?int, string given, called in E:\XAMPP\htdocs\toko_sukses_bersama\system\Model.php on line 930
[Method: POST, Route: admin/customer/datatables]
in SYSTEMPATH\Database\BaseBuilder.php on line 1509.
 1 SYSTEMPATH\Model.php(930): CodeIgniter\Database\BaseBuilder->limit('10', '0')
 2 APPPATH\Controllers\Admin\CustomerController.php(47): CodeIgniter\Model->__call('limit', [...])
 3 SYSTEMPATH\CodeIgniter.php(933): App\Controllers\Admin\CustomerController->datatables()
 4 SYSTEMPATH\CodeIgniter.php(509): CodeIgniter\CodeIgniter->runController(Object(App\Controllers\Admin\CustomerController))
 5 SYSTEMPATH\CodeIgniter.php(355): CodeIgniter\CodeIgniter->handleRequest(null, Object(Config\Cache), false)
 6 SYSTEMPATH\Boot.php(325): CodeIgniter\CodeIgniter->run()
 7 SYSTEMPATH\Boot.php(67): CodeIgniter\Boot::runCodeIgniter(Object(CodeIgniter\CodeIgniter))
 8 FCPATH\index.php(56): CodeIgniter\Boot::bootWeb(Object(Config\Paths))
 9 SYSTEMPATH\rewrite.php(44): require_once('E:\\XAMPP\\htdocs\\toko_sukses_bersama\\public\\index.php')
INFO - 2025-01-10 19:52:19 --> Session: Class initialized using 'CodeIgniter\Session\Handlers\FileHandler' driver.
INFO - 2025-01-10 19:52:20 --> Session: Class initialized using 'CodeIgniter\Session\Handlers\FileHandler' driver.
CRITICAL - 2025-01-10 19:52:20 --> TypeError: CodeIgniter\Database\BaseBuilder::limit(): Argument #1 ($value) must be of type ?int, string given, called in E:\XAMPP\htdocs\toko_sukses_bersama\system\Model.php on line 930
[Method: POST, Route: admin/customer/datatables]
in SYSTEMPATH\Database\BaseBuilder.php on line 1509.
 1 SYSTEMPATH\Model.php(930): CodeIgniter\Database\BaseBuilder->limit('10', '0')
 2 APPPATH\Controllers\Admin\CustomerController.php(47): CodeIgniter\Model->__call('limit', [...])
 3 SYSTEMPATH\CodeIgniter.php(933): App\Controllers\Admin\CustomerController->datatables()
 4 SYSTEMPATH\CodeIgniter.php(509): CodeIgniter\CodeIgniter->runController(Object(App\Controllers\Admin\CustomerController))
 5 SYSTEMPATH\CodeIgniter.php(355): CodeIgniter\CodeIgniter->handleRequest(null, Object(Config\Cache), false)
 6 SYSTEMPATH\Boot.php(325): CodeIgniter\CodeIgniter->run()
 7 SYSTEMPATH\Boot.php(67): CodeIgniter\Boot::runCodeIgniter(Object(CodeIgniter\CodeIgniter))
 8 FCPATH\index.php(56): CodeIgniter\Boot::bootWeb(Object(Config\Paths))
 9 SYSTEMPATH\rewrite.php(44): require_once('E:\\XAMPP\\htdocs\\toko_sukses_bersama\\public\\index.php')
INFO - 2025-01-10 19:52:29 --> Session: Class initialized using 'CodeIgniter\Session\Handlers\FileHandler' driver.
INFO - 2025-01-10 19:52:31 --> Session: Class initialized using 'CodeIgniter\Session\Handlers\FileHandler' driver.
CRITICAL - 2025-01-10 19:52:31 --> TypeError: CodeIgniter\Database\BaseBuilder::limit(): Argument #1 ($value) must be of type ?int, string given, called in E:\XAMPP\htdocs\toko_sukses_bersama\system\Model.php on line 930
[Method: POST, Route: admin/customer/datatables]
in SYSTEMPATH\Database\BaseBuilder.php on line 1509.
 1 SYSTEMPATH\Model.php(930): CodeIgniter\Database\BaseBuilder->limit('10', '0')
 2 APPPATH\Controllers\Admin\CustomerController.php(47): CodeIgniter\Model->__call('limit', [...])
 3 SYSTEMPATH\CodeIgniter.php(933): App\Controllers\Admin\CustomerController->datatables()
 4 SYSTEMPATH\CodeIgniter.php(509): CodeIgniter\CodeIgniter->runController(Object(App\Controllers\Admin\CustomerController))
 5 SYSTEMPATH\CodeIgniter.php(355): CodeIgniter\CodeIgniter->handleRequest(null, Object(Config\Cache), false)
 6 SYSTEMPATH\Boot.php(325): CodeIgniter\CodeIgniter->run()
 7 SYSTEMPATH\Boot.php(67): CodeIgniter\Boot::runCodeIgniter(Object(CodeIgniter\CodeIgniter))
 8 FCPATH\index.php(56): CodeIgniter\Boot::bootWeb(Object(Config\Paths))
 9 SYSTEMPATH\rewrite.php(44): require_once('E:\\XAMPP\\htdocs\\toko_sukses_bersama\\public\\index.php')
INFO - 2025-01-10 19:56:33 --> Session: Class initialized using 'CodeIgniter\Session\Handlers\FileHandler' driver.
INFO - 2025-01-10 19:56:34 --> Session: Class initialized using 'CodeIgniter\Session\Handlers\FileHandler' driver.
CRITICAL - 2025-01-10 19:56:34 --> TypeError: CodeIgniter\Database\BaseBuilder::limit(): Argument #1 ($value) must be of type ?int, string given, called in E:\XAMPP\htdocs\toko_sukses_bersama\system\Model.php on line 930
[Method: POST, Route: admin/customer/datatables]
in SYSTEMPATH\Database\BaseBuilder.php on line 1509.
 1 SYSTEMPATH\Model.php(930): CodeIgniter\Database\BaseBuilder->limit('10', '0')
 2 APPPATH\Controllers\Admin\CustomerController.php(46): CodeIgniter\Model->__call('limit', [...])
 3 SYSTEMPATH\CodeIgniter.php(933): App\Controllers\Admin\CustomerController->datatables()
 4 SYSTEMPATH\CodeIgniter.php(509): CodeIgniter\CodeIgniter->runController(Object(App\Controllers\Admin\CustomerController))
 5 SYSTEMPATH\CodeIgniter.php(355): CodeIgniter\CodeIgniter->handleRequest(null, Object(Config\Cache), false)
 6 SYSTEMPATH\Boot.php(325): CodeIgniter\CodeIgniter->run()
 7 SYSTEMPATH\Boot.php(67): CodeIgniter\Boot::runCodeIgniter(Object(CodeIgniter\CodeIgniter))
 8 FCPATH\index.php(56): CodeIgniter\Boot::bootWeb(Object(Config\Paths))
 9 SYSTEMPATH\rewrite.php(44): require_once('E:\\XAMPP\\htdocs\\toko_sukses_bersama\\public\\index.php')
INFO - 2025-01-10 19:57:07 --> Session: Class initialized using 'CodeIgniter\Session\Handlers\FileHandler' driver.
INFO - 2025-01-10 19:59:23 --> Session: Class initialized using 'CodeIgniter\Session\Handlers\FileHandler' driver.
INFO - 2025-01-10 19:59:24 --> Session: Class initialized using 'CodeIgniter\Session\Handlers\FileHandler' driver.
CRITICAL - 2025-01-10 19:59:24 --> TypeError: CodeIgniter\Database\BaseBuilder::limit(): Argument #1 ($value) must be of type ?int, string given, called in E:\XAMPP\htdocs\toko_sukses_bersama\system\Model.php on line 930
[Method: POST, Route: admin/customer/datatables]
in SYSTEMPATH\Database\BaseBuilder.php on line 1509.
 1 SYSTEMPATH\Model.php(930): CodeIgniter\Database\BaseBuilder->limit('10', '0')
 2 APPPATH\Controllers\Admin\CustomerController.php(46): CodeIgniter\Model->__call('limit', [...])
 3 SYSTEMPATH\CodeIgniter.php(933): App\Controllers\Admin\CustomerController->datatables()
 4 SYSTEMPATH\CodeIgniter.php(509): CodeIgniter\CodeIgniter->runController(Object(App\Controllers\Admin\CustomerController))
 5 SYSTEMPATH\CodeIgniter.php(355): CodeIgniter\CodeIgniter->handleRequest(null, Object(Config\Cache), false)
 6 SYSTEMPATH\Boot.php(325): CodeIgniter\CodeIgniter->run()
 7 SYSTEMPATH\Boot.php(67): CodeIgniter\Boot::runCodeIgniter(Object(CodeIgniter\CodeIgniter))
 8 FCPATH\index.php(56): CodeIgniter\Boot::bootWeb(Object(Config\Paths))
 9 SYSTEMPATH\rewrite.php(44): require_once('E:\\XAMPP\\htdocs\\toko_sukses_bersama\\public\\index.php')
INFO - 2025-01-10 19:59:27 --> Session: Class initialized using 'CodeIgniter\Session\Handlers\FileHandler' driver.
INFO - 2025-01-10 19:59:28 --> Session: Class initialized using 'CodeIgniter\Session\Handlers\FileHandler' driver.
CRITICAL - 2025-01-10 19:59:28 --> TypeError: CodeIgniter\Database\BaseBuilder::limit(): Argument #1 ($value) must be of type ?int, string given, called in E:\XAMPP\htdocs\toko_sukses_bersama\system\Model.php on line 930
[Method: POST, Route: admin/customer/datatables]
in SYSTEMPATH\Database\BaseBuilder.php on line 1509.
 1 SYSTEMPATH\Model.php(930): CodeIgniter\Database\BaseBuilder->limit('10', '0')
 2 APPPATH\Controllers\Admin\CustomerController.php(46): CodeIgniter\Model->__call('limit', [...])
 3 SYSTEMPATH\CodeIgniter.php(933): App\Controllers\Admin\CustomerController->datatables()
 4 SYSTEMPATH\CodeIgniter.php(509): CodeIgniter\CodeIgniter->runController(Object(App\Controllers\Admin\CustomerController))
 5 SYSTEMPATH\CodeIgniter.php(355): CodeIgniter\CodeIgniter->handleRequest(null, Object(Config\Cache), false)
 6 SYSTEMPATH\Boot.php(325): CodeIgniter\CodeIgniter->run()
 7 SYSTEMPATH\Boot.php(67): CodeIgniter\Boot::runCodeIgniter(Object(CodeIgniter\CodeIgniter))
 8 FCPATH\index.php(56): CodeIgniter\Boot::bootWeb(Object(Config\Paths))
 9 SYSTEMPATH\rewrite.php(44): require_once('E:\\XAMPP\\htdocs\\toko_sukses_bersama\\public\\index.php')
INFO - 2025-01-10 20:01:23 --> Session: Class initialized using 'CodeIgniter\Session\Handlers\FileHandler' driver.
INFO - 2025-01-10 20:02:49 --> Session: Class initialized using 'CodeIgniter\Session\Handlers\FileHandler' driver.
INFO - 2025-01-10 20:03:30 --> Session: Class initialized using 'CodeIgniter\Session\Handlers\FileHandler' driver.
INFO - 2025-01-10 20:03:36 --> Session: Class initialized using 'CodeIgniter\Session\Handlers\FileHandler' driver.
INFO - 2025-01-10 20:04:26 --> Session: Class initialized using 'CodeIgniter\Session\Handlers\FileHandler' driver.
INFO - 2025-01-10 20:04:27 --> Session: Class initialized using 'CodeIgniter\Session\Handlers\FileHandler' driver.
CRITICAL - 2025-01-10 20:04:27 --> TypeError: CodeIgniter\Database\BaseBuilder::limit(): Argument #1 ($value) must be of type ?int, string given, called in E:\XAMPP\htdocs\toko_sukses_bersama\system\Model.php on line 930
[Method: POST, Route: admin/customer/datatables]
in SYSTEMPATH\Database\BaseBuilder.php on line 1509.
 1 SYSTEMPATH\Model.php(930): CodeIgniter\Database\BaseBuilder->limit('10', '0')
 2 APPPATH\Controllers\Admin\CustomerController.php(46): CodeIgniter\Model->__call('limit', [...])
 3 SYSTEMPATH\CodeIgniter.php(933): App\Controllers\Admin\CustomerController->datatables()
 4 SYSTEMPATH\CodeIgniter.php(509): CodeIgniter\CodeIgniter->runController(Object(App\Controllers\Admin\CustomerController))
 5 SYSTEMPATH\CodeIgniter.php(355): CodeIgniter\CodeIgniter->handleRequest(null, Object(Config\Cache), false)
 6 SYSTEMPATH\Boot.php(325): CodeIgniter\CodeIgniter->run()
 7 SYSTEMPATH\Boot.php(67): CodeIgniter\Boot::runCodeIgniter(Object(CodeIgniter\CodeIgniter))
 8 FCPATH\index.php(56): CodeIgniter\Boot::bootWeb(Object(Config\Paths))
 9 SYSTEMPATH\rewrite.php(44): require_once('E:\\XAMPP\\htdocs\\toko_sukses_bersama\\public\\index.php')
INFO - 2025-01-10 20:06:01 --> Session: Class initialized using 'CodeIgniter\Session\Handlers\FileHandler' driver.
INFO - 2025-01-10 20:06:03 --> Session: Class initialized using 'CodeIgniter\Session\Handlers\FileHandler' driver.
INFO - 2025-01-10 20:06:10 --> Session: Class initialized using 'CodeIgniter\Session\Handlers\FileHandler' driver.
INFO - 2025-01-10 20:06:36 --> Session: Class initialized using 'CodeIgniter\Session\Handlers\FileHandler' driver.
INFO - 2025-01-10 20:06:37 --> Session: Class initialized using 'CodeIgniter\Session\Handlers\FileHandler' driver.
INFO - 2025-01-10 20:06:40 --> Session: Class initialized using 'CodeIgniter\Session\Handlers\FileHandler' driver.
INFO - 2025-01-10 20:06:41 --> Session: Class initialized using 'CodeIgniter\Session\Handlers\FileHandler' driver.
INFO - 2025-01-10 20:06:42 --> Session: Class initialized using 'CodeIgniter\Session\Handlers\FileHandler' driver.
INFO - 2025-01-10 20:06:43 --> Session: Class initialized using 'CodeIgniter\Session\Handlers\FileHandler' driver.
INFO - 2025-01-10 20:06:43 --> Session: Class initialized using 'CodeIgniter\Session\Handlers\FileHandler' driver.
INFO - 2025-01-10 20:06:44 --> Session: Class initialized using 'CodeIgniter\Session\Handlers\FileHandler' driver.
INFO - 2025-01-10 20:06:46 --> Session: Class initialized using 'CodeIgniter\Session\Handlers\FileHandler' driver.
INFO - 2025-01-10 20:06:49 --> Session: Class initialized using 'CodeIgniter\Session\Handlers\FileHandler' driver.
INFO - 2025-01-10 20:06:50 --> Session: Class initialized using 'CodeIgniter\Session\Handlers\FileHandler' driver.
INFO - 2025-01-10 20:06:50 --> Session: Class initialized using 'CodeIgniter\Session\Handlers\FileHandler' driver.
INFO - 2025-01-10 20:06:50 --> Session: Class initialized using 'CodeIgniter\Session\Handlers\FileHandler' driver.
INFO - 2025-01-10 20:06:51 --> Session: Class initialized using 'CodeIgniter\Session\Handlers\FileHandler' driver.
INFO - 2025-01-10 20:06:51 --> Session: Class initialized using 'CodeIgniter\Session\Handlers\FileHandler' driver.
INFO - 2025-01-10 20:06:52 --> Session: Class initialized using 'CodeIgniter\Session\Handlers\FileHandler' driver.
INFO - 2025-01-10 20:10:14 --> Session: Class initialized using 'CodeIgniter\Session\Handlers\FileHandler' driver.
INFO - 2025-01-10 20:10:23 --> Session: Class initialized using 'CodeIgniter\Session\Handlers\FileHandler' driver.
INFO - 2025-01-10 20:10:23 --> Session: Class initialized using 'CodeIgniter\Session\Handlers\FileHandler' driver.
INFO - 2025-01-10 20:10:45 --> Session: Class initialized using 'CodeIgniter\Session\Handlers\FileHandler' driver.
INFO - 2025-01-10 20:10:45 --> Session: Class initialized using 'CodeIgniter\Session\Handlers\FileHandler' driver.
