INFO - 2025-02-25 04:27:46 --> Session: Class initialized using 'CodeIgniter\Session\Handlers\FileHandler' driver.
INFO - 2025-02-25 04:27:50 --> Session: Class initialized using 'CodeIgniter\Session\Handlers\FileHandler' driver.
INFO - 2025-02-25 04:27:51 --> Session: Class initialized using 'CodeIgniter\Session\Handlers\FileHandler' driver.
DEBUG - 2025-02-25 04:27:51 --> Raw Filter Params: {"startDate":"","endDate":"","jenisBarang":""}
DEBUG - 2025-02-25 04:27:51 --> Generated SQL: SELECT `id_penjualan`, `tgl_penjualan`, `id_tipe`, `total_harga_modal`, `total_harga_jual`, `total_untung`, `id_bulek`, `tgl_setor`, `jumlah_setor`, `total_setor`, `keterangan`, `sisa_profit`
FROM `vw_bulek_detail`
ORDER BY `tgl_penjualan` DESC
WARNING - 2025-02-25 04:27:51 --> [DEPRECATED] number_format(): Passing null to parameter #1 ($num) of type float is deprecated in APPPATH\Controllers\Admin\BulekController.php on line 187.
 1 APPPATH\Controllers\Admin\BulekController.php(187): number_format(null, 2)
 2 SYSTEMPATH\CodeIgniter.php(933): App\Controllers\Admin\BulekController->datatableDetail()
 3 SYSTEMPATH\CodeIgniter.php(509): CodeIgniter\CodeIgniter->runController(Object(App\Controllers\Admin\BulekController))
 4 SYSTEMPATH\CodeIgniter.php(355): CodeIgniter\CodeIgniter->handleRequest(null, Object(Config\Cache), false)
 5 SYSTEMPATH\Boot.php(325): CodeIgniter\CodeIgniter->run()
 6 SYSTEMPATH\Boot.php(67): CodeIgniter\Boot::runCodeIgniter(Object(CodeIgniter\CodeIgniter))
 7 FCPATH\index.php(56): CodeIgniter\Boot::bootWeb(Object(Config\Paths))
 8 SYSTEMPATH\rewrite.php(44): require_once('E:\\XAMPP\\htdocs\\toko_sukses_bersama\\public\\index.php')
WARNING - 2025-02-25 04:27:51 --> [DEPRECATED] number_format(): Passing null to parameter #1 ($num) of type float is deprecated in APPPATH\Controllers\Admin\BulekController.php on line 187.
 1 APPPATH\Controllers\Admin\BulekController.php(187): number_format(null, 2)
 2 SYSTEMPATH\CodeIgniter.php(933): App\Controllers\Admin\BulekController->datatableDetail()
 3 SYSTEMPATH\CodeIgniter.php(509): CodeIgniter\CodeIgniter->runController(Object(App\Controllers\Admin\BulekController))
 4 SYSTEMPATH\CodeIgniter.php(355): CodeIgniter\CodeIgniter->handleRequest(null, Object(Config\Cache), false)
 5 SYSTEMPATH\Boot.php(325): CodeIgniter\CodeIgniter->run()
 6 SYSTEMPATH\Boot.php(67): CodeIgniter\Boot::runCodeIgniter(Object(CodeIgniter\CodeIgniter))
 7 FCPATH\index.php(56): CodeIgniter\Boot::bootWeb(Object(Config\Paths))
 8 SYSTEMPATH\rewrite.php(44): require_once('E:\\XAMPP\\htdocs\\toko_sukses_bersama\\public\\index.php')
WARNING - 2025-02-25 04:27:51 --> [DEPRECATED] number_format(): Passing null to parameter #1 ($num) of type float is deprecated in APPPATH\Controllers\Admin\BulekController.php on line 187.
 1 APPPATH\Controllers\Admin\BulekController.php(187): number_format(null, 2)
 2 SYSTEMPATH\CodeIgniter.php(933): App\Controllers\Admin\BulekController->datatableDetail()
 3 SYSTEMPATH\CodeIgniter.php(509): CodeIgniter\CodeIgniter->runController(Object(App\Controllers\Admin\BulekController))
 4 SYSTEMPATH\CodeIgniter.php(355): CodeIgniter\CodeIgniter->handleRequest(null, Object(Config\Cache), false)
 5 SYSTEMPATH\Boot.php(325): CodeIgniter\CodeIgniter->run()
 6 SYSTEMPATH\Boot.php(67): CodeIgniter\Boot::runCodeIgniter(Object(CodeIgniter\CodeIgniter))
 7 FCPATH\index.php(56): CodeIgniter\Boot::bootWeb(Object(Config\Paths))
 8 SYSTEMPATH\rewrite.php(44): require_once('E:\\XAMPP\\htdocs\\toko_sukses_bersama\\public\\index.php')
WARNING - 2025-02-25 04:27:51 --> [DEPRECATED] number_format(): Passing null to parameter #1 ($num) of type float is deprecated in APPPATH\Controllers\Admin\BulekController.php on line 187.
 1 APPPATH\Controllers\Admin\BulekController.php(187): number_format(null, 2)
 2 SYSTEMPATH\CodeIgniter.php(933): App\Controllers\Admin\BulekController->datatableDetail()
 3 SYSTEMPATH\CodeIgniter.php(509): CodeIgniter\CodeIgniter->runController(Object(App\Controllers\Admin\BulekController))
 4 SYSTEMPATH\CodeIgniter.php(355): CodeIgniter\CodeIgniter->handleRequest(null, Object(Config\Cache), false)
 5 SYSTEMPATH\Boot.php(325): CodeIgniter\CodeIgniter->run()
 6 SYSTEMPATH\Boot.php(67): CodeIgniter\Boot::runCodeIgniter(Object(CodeIgniter\CodeIgniter))
 7 FCPATH\index.php(56): CodeIgniter\Boot::bootWeb(Object(Config\Paths))
 8 SYSTEMPATH\rewrite.php(44): require_once('E:\\XAMPP\\htdocs\\toko_sukses_bersama\\public\\index.php')
WARNING - 2025-02-25 04:27:51 --> [DEPRECATED] number_format(): Passing null to parameter #1 ($num) of type float is deprecated in APPPATH\Controllers\Admin\BulekController.php on line 187.
 1 APPPATH\Controllers\Admin\BulekController.php(187): number_format(null, 2)
 2 SYSTEMPATH\CodeIgniter.php(933): App\Controllers\Admin\BulekController->datatableDetail()
 3 SYSTEMPATH\CodeIgniter.php(509): CodeIgniter\CodeIgniter->runController(Object(App\Controllers\Admin\BulekController))
 4 SYSTEMPATH\CodeIgniter.php(355): CodeIgniter\CodeIgniter->handleRequest(null, Object(Config\Cache), false)
 5 SYSTEMPATH\Boot.php(325): CodeIgniter\CodeIgniter->run()
 6 SYSTEMPATH\Boot.php(67): CodeIgniter\Boot::runCodeIgniter(Object(CodeIgniter\CodeIgniter))
 7 FCPATH\index.php(56): CodeIgniter\Boot::bootWeb(Object(Config\Paths))
 8 SYSTEMPATH\rewrite.php(44): require_once('E:\\XAMPP\\htdocs\\toko_sukses_bersama\\public\\index.php')
WARNING - 2025-02-25 04:27:51 --> [DEPRECATED] number_format(): Passing null to parameter #1 ($num) of type float is deprecated in APPPATH\Controllers\Admin\BulekController.php on line 187.
 1 APPPATH\Controllers\Admin\BulekController.php(187): number_format(null, 2)
 2 SYSTEMPATH\CodeIgniter.php(933): App\Controllers\Admin\BulekController->datatableDetail()
 3 SYSTEMPATH\CodeIgniter.php(509): CodeIgniter\CodeIgniter->runController(Object(App\Controllers\Admin\BulekController))
 4 SYSTEMPATH\CodeIgniter.php(355): CodeIgniter\CodeIgniter->handleRequest(null, Object(Config\Cache), false)
 5 SYSTEMPATH\Boot.php(325): CodeIgniter\CodeIgniter->run()
 6 SYSTEMPATH\Boot.php(67): CodeIgniter\Boot::runCodeIgniter(Object(CodeIgniter\CodeIgniter))
 7 FCPATH\index.php(56): CodeIgniter\Boot::bootWeb(Object(Config\Paths))
 8 SYSTEMPATH\rewrite.php(44): require_once('E:\\XAMPP\\htdocs\\toko_sukses_bersama\\public\\index.php')
WARNING - 2025-02-25 04:27:51 --> [DEPRECATED] number_format(): Passing null to parameter #1 ($num) of type float is deprecated in APPPATH\Controllers\Admin\BulekController.php on line 187.
 1 APPPATH\Controllers\Admin\BulekController.php(187): number_format(null, 2)
 2 SYSTEMPATH\CodeIgniter.php(933): App\Controllers\Admin\BulekController->datatableDetail()
 3 SYSTEMPATH\CodeIgniter.php(509): CodeIgniter\CodeIgniter->runController(Object(App\Controllers\Admin\BulekController))
 4 SYSTEMPATH\CodeIgniter.php(355): CodeIgniter\CodeIgniter->handleRequest(null, Object(Config\Cache), false)
 5 SYSTEMPATH\Boot.php(325): CodeIgniter\CodeIgniter->run()
 6 SYSTEMPATH\Boot.php(67): CodeIgniter\Boot::runCodeIgniter(Object(CodeIgniter\CodeIgniter))
 7 FCPATH\index.php(56): CodeIgniter\Boot::bootWeb(Object(Config\Paths))
 8 SYSTEMPATH\rewrite.php(44): require_once('E:\\XAMPP\\htdocs\\toko_sukses_bersama\\public\\index.php')
INFO - 2025-02-25 04:27:51 --> Session: Class initialized using 'CodeIgniter\Session\Handlers\FileHandler' driver.
WARNING - 2025-02-25 04:27:51 --> [DEPRECATED] number_format(): Passing null to parameter #1 ($num) of type float is deprecated in APPPATH\Controllers\Admin\BulekController.php on line 300.
 1 APPPATH\Controllers\Admin\BulekController.php(300): number_format(null, 2)
 2 SYSTEMPATH\CodeIgniter.php(933): App\Controllers\Admin\BulekController->datatableWithBiaya()
 3 SYSTEMPATH\CodeIgniter.php(509): CodeIgniter\CodeIgniter->runController(Object(App\Controllers\Admin\BulekController))
 4 SYSTEMPATH\CodeIgniter.php(355): CodeIgniter\CodeIgniter->handleRequest(null, Object(Config\Cache), false)
 5 SYSTEMPATH\Boot.php(325): CodeIgniter\CodeIgniter->run()
 6 SYSTEMPATH\Boot.php(67): CodeIgniter\Boot::runCodeIgniter(Object(CodeIgniter\CodeIgniter))
 7 FCPATH\index.php(56): CodeIgniter\Boot::bootWeb(Object(Config\Paths))
 8 SYSTEMPATH\rewrite.php(44): require_once('E:\\XAMPP\\htdocs\\toko_sukses_bersama\\public\\index.php')
WARNING - 2025-02-25 04:27:51 --> [DEPRECATED] number_format(): Passing null to parameter #1 ($num) of type float is deprecated in APPPATH\Controllers\Admin\BulekController.php on line 298.
 1 APPPATH\Controllers\Admin\BulekController.php(298): number_format(null, 2, ',', '.')
 2 SYSTEMPATH\CodeIgniter.php(933): App\Controllers\Admin\BulekController->datatableWithBiaya()
 3 SYSTEMPATH\CodeIgniter.php(509): CodeIgniter\CodeIgniter->runController(Object(App\Controllers\Admin\BulekController))
 4 SYSTEMPATH\CodeIgniter.php(355): CodeIgniter\CodeIgniter->handleRequest(null, Object(Config\Cache), false)
 5 SYSTEMPATH\Boot.php(325): CodeIgniter\CodeIgniter->run()
 6 SYSTEMPATH\Boot.php(67): CodeIgniter\Boot::runCodeIgniter(Object(CodeIgniter\CodeIgniter))
 7 FCPATH\index.php(56): CodeIgniter\Boot::bootWeb(Object(Config\Paths))
 8 SYSTEMPATH\rewrite.php(44): require_once('E:\\XAMPP\\htdocs\\toko_sukses_bersama\\public\\index.php')
WARNING - 2025-02-25 04:27:51 --> [DEPRECATED] number_format(): Passing null to parameter #1 ($num) of type float is deprecated in APPPATH\Controllers\Admin\BulekController.php on line 300.
 1 APPPATH\Controllers\Admin\BulekController.php(300): number_format(null, 2)
 2 SYSTEMPATH\CodeIgniter.php(933): App\Controllers\Admin\BulekController->datatableWithBiaya()
 3 SYSTEMPATH\CodeIgniter.php(509): CodeIgniter\CodeIgniter->runController(Object(App\Controllers\Admin\BulekController))
 4 SYSTEMPATH\CodeIgniter.php(355): CodeIgniter\CodeIgniter->handleRequest(null, Object(Config\Cache), false)
 5 SYSTEMPATH\Boot.php(325): CodeIgniter\CodeIgniter->run()
 6 SYSTEMPATH\Boot.php(67): CodeIgniter\Boot::runCodeIgniter(Object(CodeIgniter\CodeIgniter))
 7 FCPATH\index.php(56): CodeIgniter\Boot::bootWeb(Object(Config\Paths))
 8 SYSTEMPATH\rewrite.php(44): require_once('E:\\XAMPP\\htdocs\\toko_sukses_bersama\\public\\index.php')
WARNING - 2025-02-25 04:27:51 --> [DEPRECATED] number_format(): Passing null to parameter #1 ($num) of type float is deprecated in APPPATH\Controllers\Admin\BulekController.php on line 298.
 1 APPPATH\Controllers\Admin\BulekController.php(298): number_format(null, 2, ',', '.')
 2 SYSTEMPATH\CodeIgniter.php(933): App\Controllers\Admin\BulekController->datatableWithBiaya()
 3 SYSTEMPATH\CodeIgniter.php(509): CodeIgniter\CodeIgniter->runController(Object(App\Controllers\Admin\BulekController))
 4 SYSTEMPATH\CodeIgniter.php(355): CodeIgniter\CodeIgniter->handleRequest(null, Object(Config\Cache), false)
 5 SYSTEMPATH\Boot.php(325): CodeIgniter\CodeIgniter->run()
 6 SYSTEMPATH\Boot.php(67): CodeIgniter\Boot::runCodeIgniter(Object(CodeIgniter\CodeIgniter))
 7 FCPATH\index.php(56): CodeIgniter\Boot::bootWeb(Object(Config\Paths))
 8 SYSTEMPATH\rewrite.php(44): require_once('E:\\XAMPP\\htdocs\\toko_sukses_bersama\\public\\index.php')
WARNING - 2025-02-25 04:27:51 --> [DEPRECATED] number_format(): Passing null to parameter #1 ($num) of type float is deprecated in APPPATH\Controllers\Admin\BulekController.php on line 300.
 1 APPPATH\Controllers\Admin\BulekController.php(300): number_format(null, 2)
 2 SYSTEMPATH\CodeIgniter.php(933): App\Controllers\Admin\BulekController->datatableWithBiaya()
 3 SYSTEMPATH\CodeIgniter.php(509): CodeIgniter\CodeIgniter->runController(Object(App\Controllers\Admin\BulekController))
 4 SYSTEMPATH\CodeIgniter.php(355): CodeIgniter\CodeIgniter->handleRequest(null, Object(Config\Cache), false)
 5 SYSTEMPATH\Boot.php(325): CodeIgniter\CodeIgniter->run()
 6 SYSTEMPATH\Boot.php(67): CodeIgniter\Boot::runCodeIgniter(Object(CodeIgniter\CodeIgniter))
 7 FCPATH\index.php(56): CodeIgniter\Boot::bootWeb(Object(Config\Paths))
 8 SYSTEMPATH\rewrite.php(44): require_once('E:\\XAMPP\\htdocs\\toko_sukses_bersama\\public\\index.php')
WARNING - 2025-02-25 04:27:51 --> [DEPRECATED] number_format(): Passing null to parameter #1 ($num) of type float is deprecated in APPPATH\Controllers\Admin\BulekController.php on line 300.
 1 APPPATH\Controllers\Admin\BulekController.php(300): number_format(null, 2)
 2 SYSTEMPATH\CodeIgniter.php(933): App\Controllers\Admin\BulekController->datatableWithBiaya()
 3 SYSTEMPATH\CodeIgniter.php(509): CodeIgniter\CodeIgniter->runController(Object(App\Controllers\Admin\BulekController))
 4 SYSTEMPATH\CodeIgniter.php(355): CodeIgniter\CodeIgniter->handleRequest(null, Object(Config\Cache), false)
 5 SYSTEMPATH\Boot.php(325): CodeIgniter\CodeIgniter->run()
 6 SYSTEMPATH\Boot.php(67): CodeIgniter\Boot::runCodeIgniter(Object(CodeIgniter\CodeIgniter))
 7 FCPATH\index.php(56): CodeIgniter\Boot::bootWeb(Object(Config\Paths))
 8 SYSTEMPATH\rewrite.php(44): require_once('E:\\XAMPP\\htdocs\\toko_sukses_bersama\\public\\index.php')
WARNING - 2025-02-25 04:27:51 --> [DEPRECATED] number_format(): Passing null to parameter #1 ($num) of type float is deprecated in APPPATH\Controllers\Admin\BulekController.php on line 300.
 1 APPPATH\Controllers\Admin\BulekController.php(300): number_format(null, 2)
 2 SYSTEMPATH\CodeIgniter.php(933): App\Controllers\Admin\BulekController->datatableWithBiaya()
 3 SYSTEMPATH\CodeIgniter.php(509): CodeIgniter\CodeIgniter->runController(Object(App\Controllers\Admin\BulekController))
 4 SYSTEMPATH\CodeIgniter.php(355): CodeIgniter\CodeIgniter->handleRequest(null, Object(Config\Cache), false)
 5 SYSTEMPATH\Boot.php(325): CodeIgniter\CodeIgniter->run()
 6 SYSTEMPATH\Boot.php(67): CodeIgniter\Boot::runCodeIgniter(Object(CodeIgniter\CodeIgniter))
 7 FCPATH\index.php(56): CodeIgniter\Boot::bootWeb(Object(Config\Paths))
 8 SYSTEMPATH\rewrite.php(44): require_once('E:\\XAMPP\\htdocs\\toko_sukses_bersama\\public\\index.php')
WARNING - 2025-02-25 04:27:51 --> [DEPRECATED] number_format(): Passing null to parameter #1 ($num) of type float is deprecated in APPPATH\Controllers\Admin\BulekController.php on line 298.
 1 APPPATH\Controllers\Admin\BulekController.php(298): number_format(null, 2, ',', '.')
 2 SYSTEMPATH\CodeIgniter.php(933): App\Controllers\Admin\BulekController->datatableWithBiaya()
 3 SYSTEMPATH\CodeIgniter.php(509): CodeIgniter\CodeIgniter->runController(Object(App\Controllers\Admin\BulekController))
 4 SYSTEMPATH\CodeIgniter.php(355): CodeIgniter\CodeIgniter->handleRequest(null, Object(Config\Cache), false)
 5 SYSTEMPATH\Boot.php(325): CodeIgniter\CodeIgniter->run()
 6 SYSTEMPATH\Boot.php(67): CodeIgniter\Boot::runCodeIgniter(Object(CodeIgniter\CodeIgniter))
 7 FCPATH\index.php(56): CodeIgniter\Boot::bootWeb(Object(Config\Paths))
 8 SYSTEMPATH\rewrite.php(44): require_once('E:\\XAMPP\\htdocs\\toko_sukses_bersama\\public\\index.php')
WARNING - 2025-02-25 04:27:51 --> [DEPRECATED] number_format(): Passing null to parameter #1 ($num) of type float is deprecated in APPPATH\Controllers\Admin\BulekController.php on line 300.
 1 APPPATH\Controllers\Admin\BulekController.php(300): number_format(null, 2)
 2 SYSTEMPATH\CodeIgniter.php(933): App\Controllers\Admin\BulekController->datatableWithBiaya()
 3 SYSTEMPATH\CodeIgniter.php(509): CodeIgniter\CodeIgniter->runController(Object(App\Controllers\Admin\BulekController))
 4 SYSTEMPATH\CodeIgniter.php(355): CodeIgniter\CodeIgniter->handleRequest(null, Object(Config\Cache), false)
 5 SYSTEMPATH\Boot.php(325): CodeIgniter\CodeIgniter->run()
 6 SYSTEMPATH\Boot.php(67): CodeIgniter\Boot::runCodeIgniter(Object(CodeIgniter\CodeIgniter))
 7 FCPATH\index.php(56): CodeIgniter\Boot::bootWeb(Object(Config\Paths))
 8 SYSTEMPATH\rewrite.php(44): require_once('E:\\XAMPP\\htdocs\\toko_sukses_bersama\\public\\index.php')
WARNING - 2025-02-25 04:27:51 --> [DEPRECATED] number_format(): Passing null to parameter #1 ($num) of type float is deprecated in APPPATH\Controllers\Admin\BulekController.php on line 300.
 1 APPPATH\Controllers\Admin\BulekController.php(300): number_format(null, 2)
 2 SYSTEMPATH\CodeIgniter.php(933): App\Controllers\Admin\BulekController->datatableWithBiaya()
 3 SYSTEMPATH\CodeIgniter.php(509): CodeIgniter\CodeIgniter->runController(Object(App\Controllers\Admin\BulekController))
 4 SYSTEMPATH\CodeIgniter.php(355): CodeIgniter\CodeIgniter->handleRequest(null, Object(Config\Cache), false)
 5 SYSTEMPATH\Boot.php(325): CodeIgniter\CodeIgniter->run()
 6 SYSTEMPATH\Boot.php(67): CodeIgniter\Boot::runCodeIgniter(Object(CodeIgniter\CodeIgniter))
 7 FCPATH\index.php(56): CodeIgniter\Boot::bootWeb(Object(Config\Paths))
 8 SYSTEMPATH\rewrite.php(44): require_once('E:\\XAMPP\\htdocs\\toko_sukses_bersama\\public\\index.php')
WARNING - 2025-02-25 04:27:51 --> [DEPRECATED] number_format(): Passing null to parameter #1 ($num) of type float is deprecated in APPPATH\Controllers\Admin\BulekController.php on line 300.
 1 APPPATH\Controllers\Admin\BulekController.php(300): number_format(null, 2)
 2 SYSTEMPATH\CodeIgniter.php(933): App\Controllers\Admin\BulekController->datatableWithBiaya()
 3 SYSTEMPATH\CodeIgniter.php(509): CodeIgniter\CodeIgniter->runController(Object(App\Controllers\Admin\BulekController))
 4 SYSTEMPATH\CodeIgniter.php(355): CodeIgniter\CodeIgniter->handleRequest(null, Object(Config\Cache), false)
 5 SYSTEMPATH\Boot.php(325): CodeIgniter\CodeIgniter->run()
 6 SYSTEMPATH\Boot.php(67): CodeIgniter\Boot::runCodeIgniter(Object(CodeIgniter\CodeIgniter))
 7 FCPATH\index.php(56): CodeIgniter\Boot::bootWeb(Object(Config\Paths))
 8 SYSTEMPATH\rewrite.php(44): require_once('E:\\XAMPP\\htdocs\\toko_sukses_bersama\\public\\index.php')
WARNING - 2025-02-25 04:27:51 --> [DEPRECATED] number_format(): Passing null to parameter #1 ($num) of type float is deprecated in APPPATH\Controllers\Admin\BulekController.php on line 300.
 1 APPPATH\Controllers\Admin\BulekController.php(300): number_format(null, 2)
 2 SYSTEMPATH\CodeIgniter.php(933): App\Controllers\Admin\BulekController->datatableWithBiaya()
 3 SYSTEMPATH\CodeIgniter.php(509): CodeIgniter\CodeIgniter->runController(Object(App\Controllers\Admin\BulekController))
 4 SYSTEMPATH\CodeIgniter.php(355): CodeIgniter\CodeIgniter->handleRequest(null, Object(Config\Cache), false)
 5 SYSTEMPATH\Boot.php(325): CodeIgniter\CodeIgniter->run()
 6 SYSTEMPATH\Boot.php(67): CodeIgniter\Boot::runCodeIgniter(Object(CodeIgniter\CodeIgniter))
 7 FCPATH\index.php(56): CodeIgniter\Boot::bootWeb(Object(Config\Paths))
 8 SYSTEMPATH\rewrite.php(44): require_once('E:\\XAMPP\\htdocs\\toko_sukses_bersama\\public\\index.php')
WARNING - 2025-02-25 04:27:51 --> [DEPRECATED] number_format(): Passing null to parameter #1 ($num) of type float is deprecated in APPPATH\Controllers\Admin\BulekController.php on line 300.
 1 APPPATH\Controllers\Admin\BulekController.php(300): number_format(null, 2)
 2 SYSTEMPATH\CodeIgniter.php(933): App\Controllers\Admin\BulekController->datatableWithBiaya()
 3 SYSTEMPATH\CodeIgniter.php(509): CodeIgniter\CodeIgniter->runController(Object(App\Controllers\Admin\BulekController))
 4 SYSTEMPATH\CodeIgniter.php(355): CodeIgniter\CodeIgniter->handleRequest(null, Object(Config\Cache), false)
 5 SYSTEMPATH\Boot.php(325): CodeIgniter\CodeIgniter->run()
 6 SYSTEMPATH\Boot.php(67): CodeIgniter\Boot::runCodeIgniter(Object(CodeIgniter\CodeIgniter))
 7 FCPATH\index.php(56): CodeIgniter\Boot::bootWeb(Object(Config\Paths))
 8 SYSTEMPATH\rewrite.php(44): require_once('E:\\XAMPP\\htdocs\\toko_sukses_bersama\\public\\index.php')
INFO - 2025-02-25 04:27:51 --> Session: Class initialized using 'CodeIgniter\Session\Handlers\FileHandler' driver.
INFO - 2025-02-25 04:27:51 --> Session: Class initialized using 'CodeIgniter\Session\Handlers\FileHandler' driver.
INFO - 2025-02-25 04:30:11 --> Session: Class initialized using 'CodeIgniter\Session\Handlers\FileHandler' driver.
INFO - 2025-02-25 04:30:12 --> Session: Class initialized using 'CodeIgniter\Session\Handlers\FileHandler' driver.
INFO - 2025-02-25 04:30:12 --> Session: Class initialized using 'CodeIgniter\Session\Handlers\FileHandler' driver.
DEBUG - 2025-02-25 04:30:12 --> Raw Filter Params: {"startDate":"","endDate":"","jenisBarang":""}
DEBUG - 2025-02-25 04:30:12 --> Generated SQL: SELECT `id_penjualan`, `tgl_penjualan`, `id_tipe`, `total_harga_modal`, `total_harga_jual`, `total_untung`, `id_bulek`, `tgl_setor`, `jumlah_setor`, `total_setor`, `keterangan`, `sisa_profit`
FROM `vw_bulek_detail`
ORDER BY `tgl_penjualan` DESC
WARNING - 2025-02-25 04:30:12 --> [DEPRECATED] number_format(): Passing null to parameter #1 ($num) of type float is deprecated in APPPATH\Controllers\Admin\BulekController.php on line 187.
 1 APPPATH\Controllers\Admin\BulekController.php(187): number_format(null, 2)
 2 SYSTEMPATH\CodeIgniter.php(933): App\Controllers\Admin\BulekController->datatableDetail()
 3 SYSTEMPATH\CodeIgniter.php(509): CodeIgniter\CodeIgniter->runController(Object(App\Controllers\Admin\BulekController))
 4 SYSTEMPATH\CodeIgniter.php(355): CodeIgniter\CodeIgniter->handleRequest(null, Object(Config\Cache), false)
 5 SYSTEMPATH\Boot.php(325): CodeIgniter\CodeIgniter->run()
 6 SYSTEMPATH\Boot.php(67): CodeIgniter\Boot::runCodeIgniter(Object(CodeIgniter\CodeIgniter))
 7 FCPATH\index.php(56): CodeIgniter\Boot::bootWeb(Object(Config\Paths))
 8 SYSTEMPATH\rewrite.php(44): require_once('E:\\XAMPP\\htdocs\\toko_sukses_bersama\\public\\index.php')
WARNING - 2025-02-25 04:30:12 --> [DEPRECATED] number_format(): Passing null to parameter #1 ($num) of type float is deprecated in APPPATH\Controllers\Admin\BulekController.php on line 187.
 1 APPPATH\Controllers\Admin\BulekController.php(187): number_format(null, 2)
 2 SYSTEMPATH\CodeIgniter.php(933): App\Controllers\Admin\BulekController->datatableDetail()
 3 SYSTEMPATH\CodeIgniter.php(509): CodeIgniter\CodeIgniter->runController(Object(App\Controllers\Admin\BulekController))
 4 SYSTEMPATH\CodeIgniter.php(355): CodeIgniter\CodeIgniter->handleRequest(null, Object(Config\Cache), false)
 5 SYSTEMPATH\Boot.php(325): CodeIgniter\CodeIgniter->run()
 6 SYSTEMPATH\Boot.php(67): CodeIgniter\Boot::runCodeIgniter(Object(CodeIgniter\CodeIgniter))
 7 FCPATH\index.php(56): CodeIgniter\Boot::bootWeb(Object(Config\Paths))
 8 SYSTEMPATH\rewrite.php(44): require_once('E:\\XAMPP\\htdocs\\toko_sukses_bersama\\public\\index.php')
WARNING - 2025-02-25 04:30:12 --> [DEPRECATED] number_format(): Passing null to parameter #1 ($num) of type float is deprecated in APPPATH\Controllers\Admin\BulekController.php on line 187.
 1 APPPATH\Controllers\Admin\BulekController.php(187): number_format(null, 2)
 2 SYSTEMPATH\CodeIgniter.php(933): App\Controllers\Admin\BulekController->datatableDetail()
 3 SYSTEMPATH\CodeIgniter.php(509): CodeIgniter\CodeIgniter->runController(Object(App\Controllers\Admin\BulekController))
 4 SYSTEMPATH\CodeIgniter.php(355): CodeIgniter\CodeIgniter->handleRequest(null, Object(Config\Cache), false)
 5 SYSTEMPATH\Boot.php(325): CodeIgniter\CodeIgniter->run()
 6 SYSTEMPATH\Boot.php(67): CodeIgniter\Boot::runCodeIgniter(Object(CodeIgniter\CodeIgniter))
 7 FCPATH\index.php(56): CodeIgniter\Boot::bootWeb(Object(Config\Paths))
 8 SYSTEMPATH\rewrite.php(44): require_once('E:\\XAMPP\\htdocs\\toko_sukses_bersama\\public\\index.php')
WARNING - 2025-02-25 04:30:12 --> [DEPRECATED] number_format(): Passing null to parameter #1 ($num) of type float is deprecated in APPPATH\Controllers\Admin\BulekController.php on line 187.
 1 APPPATH\Controllers\Admin\BulekController.php(187): number_format(null, 2)
 2 SYSTEMPATH\CodeIgniter.php(933): App\Controllers\Admin\BulekController->datatableDetail()
 3 SYSTEMPATH\CodeIgniter.php(509): CodeIgniter\CodeIgniter->runController(Object(App\Controllers\Admin\BulekController))
 4 SYSTEMPATH\CodeIgniter.php(355): CodeIgniter\CodeIgniter->handleRequest(null, Object(Config\Cache), false)
 5 SYSTEMPATH\Boot.php(325): CodeIgniter\CodeIgniter->run()
 6 SYSTEMPATH\Boot.php(67): CodeIgniter\Boot::runCodeIgniter(Object(CodeIgniter\CodeIgniter))
 7 FCPATH\index.php(56): CodeIgniter\Boot::bootWeb(Object(Config\Paths))
 8 SYSTEMPATH\rewrite.php(44): require_once('E:\\XAMPP\\htdocs\\toko_sukses_bersama\\public\\index.php')
WARNING - 2025-02-25 04:30:12 --> [DEPRECATED] number_format(): Passing null to parameter #1 ($num) of type float is deprecated in APPPATH\Controllers\Admin\BulekController.php on line 187.
 1 APPPATH\Controllers\Admin\BulekController.php(187): number_format(null, 2)
 2 SYSTEMPATH\CodeIgniter.php(933): App\Controllers\Admin\BulekController->datatableDetail()
 3 SYSTEMPATH\CodeIgniter.php(509): CodeIgniter\CodeIgniter->runController(Object(App\Controllers\Admin\BulekController))
 4 SYSTEMPATH\CodeIgniter.php(355): CodeIgniter\CodeIgniter->handleRequest(null, Object(Config\Cache), false)
 5 SYSTEMPATH\Boot.php(325): CodeIgniter\CodeIgniter->run()
 6 SYSTEMPATH\Boot.php(67): CodeIgniter\Boot::runCodeIgniter(Object(CodeIgniter\CodeIgniter))
 7 FCPATH\index.php(56): CodeIgniter\Boot::bootWeb(Object(Config\Paths))
 8 SYSTEMPATH\rewrite.php(44): require_once('E:\\XAMPP\\htdocs\\toko_sukses_bersama\\public\\index.php')
WARNING - 2025-02-25 04:30:12 --> [DEPRECATED] number_format(): Passing null to parameter #1 ($num) of type float is deprecated in APPPATH\Controllers\Admin\BulekController.php on line 187.
 1 APPPATH\Controllers\Admin\BulekController.php(187): number_format(null, 2)
 2 SYSTEMPATH\CodeIgniter.php(933): App\Controllers\Admin\BulekController->datatableDetail()
 3 SYSTEMPATH\CodeIgniter.php(509): CodeIgniter\CodeIgniter->runController(Object(App\Controllers\Admin\BulekController))
 4 SYSTEMPATH\CodeIgniter.php(355): CodeIgniter\CodeIgniter->handleRequest(null, Object(Config\Cache), false)
 5 SYSTEMPATH\Boot.php(325): CodeIgniter\CodeIgniter->run()
 6 SYSTEMPATH\Boot.php(67): CodeIgniter\Boot::runCodeIgniter(Object(CodeIgniter\CodeIgniter))
 7 FCPATH\index.php(56): CodeIgniter\Boot::bootWeb(Object(Config\Paths))
 8 SYSTEMPATH\rewrite.php(44): require_once('E:\\XAMPP\\htdocs\\toko_sukses_bersama\\public\\index.php')
WARNING - 2025-02-25 04:30:12 --> [DEPRECATED] number_format(): Passing null to parameter #1 ($num) of type float is deprecated in APPPATH\Controllers\Admin\BulekController.php on line 187.
 1 APPPATH\Controllers\Admin\BulekController.php(187): number_format(null, 2)
 2 SYSTEMPATH\CodeIgniter.php(933): App\Controllers\Admin\BulekController->datatableDetail()
 3 SYSTEMPATH\CodeIgniter.php(509): CodeIgniter\CodeIgniter->runController(Object(App\Controllers\Admin\BulekController))
 4 SYSTEMPATH\CodeIgniter.php(355): CodeIgniter\CodeIgniter->handleRequest(null, Object(Config\Cache), false)
 5 SYSTEMPATH\Boot.php(325): CodeIgniter\CodeIgniter->run()
 6 SYSTEMPATH\Boot.php(67): CodeIgniter\Boot::runCodeIgniter(Object(CodeIgniter\CodeIgniter))
 7 FCPATH\index.php(56): CodeIgniter\Boot::bootWeb(Object(Config\Paths))
 8 SYSTEMPATH\rewrite.php(44): require_once('E:\\XAMPP\\htdocs\\toko_sukses_bersama\\public\\index.php')
INFO - 2025-02-25 04:30:13 --> Session: Class initialized using 'CodeIgniter\Session\Handlers\FileHandler' driver.
WARNING - 2025-02-25 04:30:13 --> [DEPRECATED] number_format(): Passing null to parameter #1 ($num) of type float is deprecated in APPPATH\Controllers\Admin\BulekController.php on line 300.
 1 APPPATH\Controllers\Admin\BulekController.php(300): number_format(null, 2)
 2 SYSTEMPATH\CodeIgniter.php(933): App\Controllers\Admin\BulekController->datatableWithBiaya()
 3 SYSTEMPATH\CodeIgniter.php(509): CodeIgniter\CodeIgniter->runController(Object(App\Controllers\Admin\BulekController))
 4 SYSTEMPATH\CodeIgniter.php(355): CodeIgniter\CodeIgniter->handleRequest(null, Object(Config\Cache), false)
 5 SYSTEMPATH\Boot.php(325): CodeIgniter\CodeIgniter->run()
 6 SYSTEMPATH\Boot.php(67): CodeIgniter\Boot::runCodeIgniter(Object(CodeIgniter\CodeIgniter))
 7 FCPATH\index.php(56): CodeIgniter\Boot::bootWeb(Object(Config\Paths))
 8 SYSTEMPATH\rewrite.php(44): require_once('E:\\XAMPP\\htdocs\\toko_sukses_bersama\\public\\index.php')
WARNING - 2025-02-25 04:30:13 --> [DEPRECATED] number_format(): Passing null to parameter #1 ($num) of type float is deprecated in APPPATH\Controllers\Admin\BulekController.php on line 298.
 1 APPPATH\Controllers\Admin\BulekController.php(298): number_format(null, 2, ',', '.')
 2 SYSTEMPATH\CodeIgniter.php(933): App\Controllers\Admin\BulekController->datatableWithBiaya()
 3 SYSTEMPATH\CodeIgniter.php(509): CodeIgniter\CodeIgniter->runController(Object(App\Controllers\Admin\BulekController))
 4 SYSTEMPATH\CodeIgniter.php(355): CodeIgniter\CodeIgniter->handleRequest(null, Object(Config\Cache), false)
 5 SYSTEMPATH\Boot.php(325): CodeIgniter\CodeIgniter->run()
 6 SYSTEMPATH\Boot.php(67): CodeIgniter\Boot::runCodeIgniter(Object(CodeIgniter\CodeIgniter))
 7 FCPATH\index.php(56): CodeIgniter\Boot::bootWeb(Object(Config\Paths))
 8 SYSTEMPATH\rewrite.php(44): require_once('E:\\XAMPP\\htdocs\\toko_sukses_bersama\\public\\index.php')
WARNING - 2025-02-25 04:30:13 --> [DEPRECATED] number_format(): Passing null to parameter #1 ($num) of type float is deprecated in APPPATH\Controllers\Admin\BulekController.php on line 300.
 1 APPPATH\Controllers\Admin\BulekController.php(300): number_format(null, 2)
 2 SYSTEMPATH\CodeIgniter.php(933): App\Controllers\Admin\BulekController->datatableWithBiaya()
 3 SYSTEMPATH\CodeIgniter.php(509): CodeIgniter\CodeIgniter->runController(Object(App\Controllers\Admin\BulekController))
 4 SYSTEMPATH\CodeIgniter.php(355): CodeIgniter\CodeIgniter->handleRequest(null, Object(Config\Cache), false)
 5 SYSTEMPATH\Boot.php(325): CodeIgniter\CodeIgniter->run()
 6 SYSTEMPATH\Boot.php(67): CodeIgniter\Boot::runCodeIgniter(Object(CodeIgniter\CodeIgniter))
 7 FCPATH\index.php(56): CodeIgniter\Boot::bootWeb(Object(Config\Paths))
 8 SYSTEMPATH\rewrite.php(44): require_once('E:\\XAMPP\\htdocs\\toko_sukses_bersama\\public\\index.php')
WARNING - 2025-02-25 04:30:13 --> [DEPRECATED] number_format(): Passing null to parameter #1 ($num) of type float is deprecated in APPPATH\Controllers\Admin\BulekController.php on line 298.
 1 APPPATH\Controllers\Admin\BulekController.php(298): number_format(null, 2, ',', '.')
 2 SYSTEMPATH\CodeIgniter.php(933): App\Controllers\Admin\BulekController->datatableWithBiaya()
 3 SYSTEMPATH\CodeIgniter.php(509): CodeIgniter\CodeIgniter->runController(Object(App\Controllers\Admin\BulekController))
 4 SYSTEMPATH\CodeIgniter.php(355): CodeIgniter\CodeIgniter->handleRequest(null, Object(Config\Cache), false)
 5 SYSTEMPATH\Boot.php(325): CodeIgniter\CodeIgniter->run()
 6 SYSTEMPATH\Boot.php(67): CodeIgniter\Boot::runCodeIgniter(Object(CodeIgniter\CodeIgniter))
 7 FCPATH\index.php(56): CodeIgniter\Boot::bootWeb(Object(Config\Paths))
 8 SYSTEMPATH\rewrite.php(44): require_once('E:\\XAMPP\\htdocs\\toko_sukses_bersama\\public\\index.php')
WARNING - 2025-02-25 04:30:13 --> [DEPRECATED] number_format(): Passing null to parameter #1 ($num) of type float is deprecated in APPPATH\Controllers\Admin\BulekController.php on line 300.
 1 APPPATH\Controllers\Admin\BulekController.php(300): number_format(null, 2)
 2 SYSTEMPATH\CodeIgniter.php(933): App\Controllers\Admin\BulekController->datatableWithBiaya()
 3 SYSTEMPATH\CodeIgniter.php(509): CodeIgniter\CodeIgniter->runController(Object(App\Controllers\Admin\BulekController))
 4 SYSTEMPATH\CodeIgniter.php(355): CodeIgniter\CodeIgniter->handleRequest(null, Object(Config\Cache), false)
 5 SYSTEMPATH\Boot.php(325): CodeIgniter\CodeIgniter->run()
 6 SYSTEMPATH\Boot.php(67): CodeIgniter\Boot::runCodeIgniter(Object(CodeIgniter\CodeIgniter))
 7 FCPATH\index.php(56): CodeIgniter\Boot::bootWeb(Object(Config\Paths))
 8 SYSTEMPATH\rewrite.php(44): require_once('E:\\XAMPP\\htdocs\\toko_sukses_bersama\\public\\index.php')
WARNING - 2025-02-25 04:30:13 --> [DEPRECATED] number_format(): Passing null to parameter #1 ($num) of type float is deprecated in APPPATH\Controllers\Admin\BulekController.php on line 300.
 1 APPPATH\Controllers\Admin\BulekController.php(300): number_format(null, 2)
 2 SYSTEMPATH\CodeIgniter.php(933): App\Controllers\Admin\BulekController->datatableWithBiaya()
 3 SYSTEMPATH\CodeIgniter.php(509): CodeIgniter\CodeIgniter->runController(Object(App\Controllers\Admin\BulekController))
 4 SYSTEMPATH\CodeIgniter.php(355): CodeIgniter\CodeIgniter->handleRequest(null, Object(Config\Cache), false)
 5 SYSTEMPATH\Boot.php(325): CodeIgniter\CodeIgniter->run()
 6 SYSTEMPATH\Boot.php(67): CodeIgniter\Boot::runCodeIgniter(Object(CodeIgniter\CodeIgniter))
 7 FCPATH\index.php(56): CodeIgniter\Boot::bootWeb(Object(Config\Paths))
 8 SYSTEMPATH\rewrite.php(44): require_once('E:\\XAMPP\\htdocs\\toko_sukses_bersama\\public\\index.php')
WARNING - 2025-02-25 04:30:13 --> [DEPRECATED] number_format(): Passing null to parameter #1 ($num) of type float is deprecated in APPPATH\Controllers\Admin\BulekController.php on line 300.
 1 APPPATH\Controllers\Admin\BulekController.php(300): number_format(null, 2)
 2 SYSTEMPATH\CodeIgniter.php(933): App\Controllers\Admin\BulekController->datatableWithBiaya()
 3 SYSTEMPATH\CodeIgniter.php(509): CodeIgniter\CodeIgniter->runController(Object(App\Controllers\Admin\BulekController))
 4 SYSTEMPATH\CodeIgniter.php(355): CodeIgniter\CodeIgniter->handleRequest(null, Object(Config\Cache), false)
 5 SYSTEMPATH\Boot.php(325): CodeIgniter\CodeIgniter->run()
 6 SYSTEMPATH\Boot.php(67): CodeIgniter\Boot::runCodeIgniter(Object(CodeIgniter\CodeIgniter))
 7 FCPATH\index.php(56): CodeIgniter\Boot::bootWeb(Object(Config\Paths))
 8 SYSTEMPATH\rewrite.php(44): require_once('E:\\XAMPP\\htdocs\\toko_sukses_bersama\\public\\index.php')
WARNING - 2025-02-25 04:30:13 --> [DEPRECATED] number_format(): Passing null to parameter #1 ($num) of type float is deprecated in APPPATH\Controllers\Admin\BulekController.php on line 298.
 1 APPPATH\Controllers\Admin\BulekController.php(298): number_format(null, 2, ',', '.')
 2 SYSTEMPATH\CodeIgniter.php(933): App\Controllers\Admin\BulekController->datatableWithBiaya()
 3 SYSTEMPATH\CodeIgniter.php(509): CodeIgniter\CodeIgniter->runController(Object(App\Controllers\Admin\BulekController))
 4 SYSTEMPATH\CodeIgniter.php(355): CodeIgniter\CodeIgniter->handleRequest(null, Object(Config\Cache), false)
 5 SYSTEMPATH\Boot.php(325): CodeIgniter\CodeIgniter->run()
 6 SYSTEMPATH\Boot.php(67): CodeIgniter\Boot::runCodeIgniter(Object(CodeIgniter\CodeIgniter))
 7 FCPATH\index.php(56): CodeIgniter\Boot::bootWeb(Object(Config\Paths))
 8 SYSTEMPATH\rewrite.php(44): require_once('E:\\XAMPP\\htdocs\\toko_sukses_bersama\\public\\index.php')
WARNING - 2025-02-25 04:30:13 --> [DEPRECATED] number_format(): Passing null to parameter #1 ($num) of type float is deprecated in APPPATH\Controllers\Admin\BulekController.php on line 300.
 1 APPPATH\Controllers\Admin\BulekController.php(300): number_format(null, 2)
 2 SYSTEMPATH\CodeIgniter.php(933): App\Controllers\Admin\BulekController->datatableWithBiaya()
 3 SYSTEMPATH\CodeIgniter.php(509): CodeIgniter\CodeIgniter->runController(Object(App\Controllers\Admin\BulekController))
 4 SYSTEMPATH\CodeIgniter.php(355): CodeIgniter\CodeIgniter->handleRequest(null, Object(Config\Cache), false)
 5 SYSTEMPATH\Boot.php(325): CodeIgniter\CodeIgniter->run()
 6 SYSTEMPATH\Boot.php(67): CodeIgniter\Boot::runCodeIgniter(Object(CodeIgniter\CodeIgniter))
 7 FCPATH\index.php(56): CodeIgniter\Boot::bootWeb(Object(Config\Paths))
 8 SYSTEMPATH\rewrite.php(44): require_once('E:\\XAMPP\\htdocs\\toko_sukses_bersama\\public\\index.php')
WARNING - 2025-02-25 04:30:13 --> [DEPRECATED] number_format(): Passing null to parameter #1 ($num) of type float is deprecated in APPPATH\Controllers\Admin\BulekController.php on line 300.
 1 APPPATH\Controllers\Admin\BulekController.php(300): number_format(null, 2)
 2 SYSTEMPATH\CodeIgniter.php(933): App\Controllers\Admin\BulekController->datatableWithBiaya()
 3 SYSTEMPATH\CodeIgniter.php(509): CodeIgniter\CodeIgniter->runController(Object(App\Controllers\Admin\BulekController))
 4 SYSTEMPATH\CodeIgniter.php(355): CodeIgniter\CodeIgniter->handleRequest(null, Object(Config\Cache), false)
 5 SYSTEMPATH\Boot.php(325): CodeIgniter\CodeIgniter->run()
 6 SYSTEMPATH\Boot.php(67): CodeIgniter\Boot::runCodeIgniter(Object(CodeIgniter\CodeIgniter))
 7 FCPATH\index.php(56): CodeIgniter\Boot::bootWeb(Object(Config\Paths))
 8 SYSTEMPATH\rewrite.php(44): require_once('E:\\XAMPP\\htdocs\\toko_sukses_bersama\\public\\index.php')
WARNING - 2025-02-25 04:30:13 --> [DEPRECATED] number_format(): Passing null to parameter #1 ($num) of type float is deprecated in APPPATH\Controllers\Admin\BulekController.php on line 300.
 1 APPPATH\Controllers\Admin\BulekController.php(300): number_format(null, 2)
 2 SYSTEMPATH\CodeIgniter.php(933): App\Controllers\Admin\BulekController->datatableWithBiaya()
 3 SYSTEMPATH\CodeIgniter.php(509): CodeIgniter\CodeIgniter->runController(Object(App\Controllers\Admin\BulekController))
 4 SYSTEMPATH\CodeIgniter.php(355): CodeIgniter\CodeIgniter->handleRequest(null, Object(Config\Cache), false)
 5 SYSTEMPATH\Boot.php(325): CodeIgniter\CodeIgniter->run()
 6 SYSTEMPATH\Boot.php(67): CodeIgniter\Boot::runCodeIgniter(Object(CodeIgniter\CodeIgniter))
 7 FCPATH\index.php(56): CodeIgniter\Boot::bootWeb(Object(Config\Paths))
 8 SYSTEMPATH\rewrite.php(44): require_once('E:\\XAMPP\\htdocs\\toko_sukses_bersama\\public\\index.php')
WARNING - 2025-02-25 04:30:13 --> [DEPRECATED] number_format(): Passing null to parameter #1 ($num) of type float is deprecated in APPPATH\Controllers\Admin\BulekController.php on line 300.
 1 APPPATH\Controllers\Admin\BulekController.php(300): number_format(null, 2)
 2 SYSTEMPATH\CodeIgniter.php(933): App\Controllers\Admin\BulekController->datatableWithBiaya()
 3 SYSTEMPATH\CodeIgniter.php(509): CodeIgniter\CodeIgniter->runController(Object(App\Controllers\Admin\BulekController))
 4 SYSTEMPATH\CodeIgniter.php(355): CodeIgniter\CodeIgniter->handleRequest(null, Object(Config\Cache), false)
 5 SYSTEMPATH\Boot.php(325): CodeIgniter\CodeIgniter->run()
 6 SYSTEMPATH\Boot.php(67): CodeIgniter\Boot::runCodeIgniter(Object(CodeIgniter\CodeIgniter))
 7 FCPATH\index.php(56): CodeIgniter\Boot::bootWeb(Object(Config\Paths))
 8 SYSTEMPATH\rewrite.php(44): require_once('E:\\XAMPP\\htdocs\\toko_sukses_bersama\\public\\index.php')
WARNING - 2025-02-25 04:30:13 --> [DEPRECATED] number_format(): Passing null to parameter #1 ($num) of type float is deprecated in APPPATH\Controllers\Admin\BulekController.php on line 300.
 1 APPPATH\Controllers\Admin\BulekController.php(300): number_format(null, 2)
 2 SYSTEMPATH\CodeIgniter.php(933): App\Controllers\Admin\BulekController->datatableWithBiaya()
 3 SYSTEMPATH\CodeIgniter.php(509): CodeIgniter\CodeIgniter->runController(Object(App\Controllers\Admin\BulekController))
 4 SYSTEMPATH\CodeIgniter.php(355): CodeIgniter\CodeIgniter->handleRequest(null, Object(Config\Cache), false)
 5 SYSTEMPATH\Boot.php(325): CodeIgniter\CodeIgniter->run()
 6 SYSTEMPATH\Boot.php(67): CodeIgniter\Boot::runCodeIgniter(Object(CodeIgniter\CodeIgniter))
 7 FCPATH\index.php(56): CodeIgniter\Boot::bootWeb(Object(Config\Paths))
 8 SYSTEMPATH\rewrite.php(44): require_once('E:\\XAMPP\\htdocs\\toko_sukses_bersama\\public\\index.php')
INFO - 2025-02-25 04:30:13 --> Session: Class initialized using 'CodeIgniter\Session\Handlers\FileHandler' driver.
INFO - 2025-02-25 04:30:13 --> Session: Class initialized using 'CodeIgniter\Session\Handlers\FileHandler' driver.
INFO - 2025-02-25 04:30:41 --> Session: Class initialized using 'CodeIgniter\Session\Handlers\FileHandler' driver.
INFO - 2025-02-25 04:30:42 --> Session: Class initialized using 'CodeIgniter\Session\Handlers\FileHandler' driver.
INFO - 2025-02-25 04:30:42 --> Session: Class initialized using 'CodeIgniter\Session\Handlers\FileHandler' driver.
DEBUG - 2025-02-25 04:30:42 --> Raw Filter Params: {"startDate":"","endDate":"","jenisBarang":""}
DEBUG - 2025-02-25 04:30:42 --> Generated SQL: SELECT `id_penjualan`, `tgl_penjualan`, `id_tipe`, `total_harga_modal`, `total_harga_jual`, `total_untung`, `id_bulek`, `tgl_setor`, `jumlah_setor`, `total_setor`, `keterangan`, `sisa_profit`
FROM `vw_bulek_detail`
ORDER BY `tgl_penjualan` DESC
WARNING - 2025-02-25 04:30:42 --> [DEPRECATED] number_format(): Passing null to parameter #1 ($num) of type float is deprecated in APPPATH\Controllers\Admin\BulekController.php on line 187.
 1 APPPATH\Controllers\Admin\BulekController.php(187): number_format(null, 2)
 2 SYSTEMPATH\CodeIgniter.php(933): App\Controllers\Admin\BulekController->datatableDetail()
 3 SYSTEMPATH\CodeIgniter.php(509): CodeIgniter\CodeIgniter->runController(Object(App\Controllers\Admin\BulekController))
 4 SYSTEMPATH\CodeIgniter.php(355): CodeIgniter\CodeIgniter->handleRequest(null, Object(Config\Cache), false)
 5 SYSTEMPATH\Boot.php(325): CodeIgniter\CodeIgniter->run()
 6 SYSTEMPATH\Boot.php(67): CodeIgniter\Boot::runCodeIgniter(Object(CodeIgniter\CodeIgniter))
 7 FCPATH\index.php(56): CodeIgniter\Boot::bootWeb(Object(Config\Paths))
 8 SYSTEMPATH\rewrite.php(44): require_once('E:\\XAMPP\\htdocs\\toko_sukses_bersama\\public\\index.php')
WARNING - 2025-02-25 04:30:42 --> [DEPRECATED] number_format(): Passing null to parameter #1 ($num) of type float is deprecated in APPPATH\Controllers\Admin\BulekController.php on line 187.
 1 APPPATH\Controllers\Admin\BulekController.php(187): number_format(null, 2)
 2 SYSTEMPATH\CodeIgniter.php(933): App\Controllers\Admin\BulekController->datatableDetail()
 3 SYSTEMPATH\CodeIgniter.php(509): CodeIgniter\CodeIgniter->runController(Object(App\Controllers\Admin\BulekController))
 4 SYSTEMPATH\CodeIgniter.php(355): CodeIgniter\CodeIgniter->handleRequest(null, Object(Config\Cache), false)
 5 SYSTEMPATH\Boot.php(325): CodeIgniter\CodeIgniter->run()
 6 SYSTEMPATH\Boot.php(67): CodeIgniter\Boot::runCodeIgniter(Object(CodeIgniter\CodeIgniter))
 7 FCPATH\index.php(56): CodeIgniter\Boot::bootWeb(Object(Config\Paths))
 8 SYSTEMPATH\rewrite.php(44): require_once('E:\\XAMPP\\htdocs\\toko_sukses_bersama\\public\\index.php')
WARNING - 2025-02-25 04:30:42 --> [DEPRECATED] number_format(): Passing null to parameter #1 ($num) of type float is deprecated in APPPATH\Controllers\Admin\BulekController.php on line 187.
 1 APPPATH\Controllers\Admin\BulekController.php(187): number_format(null, 2)
 2 SYSTEMPATH\CodeIgniter.php(933): App\Controllers\Admin\BulekController->datatableDetail()
 3 SYSTEMPATH\CodeIgniter.php(509): CodeIgniter\CodeIgniter->runController(Object(App\Controllers\Admin\BulekController))
 4 SYSTEMPATH\CodeIgniter.php(355): CodeIgniter\CodeIgniter->handleRequest(null, Object(Config\Cache), false)
 5 SYSTEMPATH\Boot.php(325): CodeIgniter\CodeIgniter->run()
 6 SYSTEMPATH\Boot.php(67): CodeIgniter\Boot::runCodeIgniter(Object(CodeIgniter\CodeIgniter))
 7 FCPATH\index.php(56): CodeIgniter\Boot::bootWeb(Object(Config\Paths))
 8 SYSTEMPATH\rewrite.php(44): require_once('E:\\XAMPP\\htdocs\\toko_sukses_bersama\\public\\index.php')
WARNING - 2025-02-25 04:30:42 --> [DEPRECATED] number_format(): Passing null to parameter #1 ($num) of type float is deprecated in APPPATH\Controllers\Admin\BulekController.php on line 187.
 1 APPPATH\Controllers\Admin\BulekController.php(187): number_format(null, 2)
 2 SYSTEMPATH\CodeIgniter.php(933): App\Controllers\Admin\BulekController->datatableDetail()
 3 SYSTEMPATH\CodeIgniter.php(509): CodeIgniter\CodeIgniter->runController(Object(App\Controllers\Admin\BulekController))
 4 SYSTEMPATH\CodeIgniter.php(355): CodeIgniter\CodeIgniter->handleRequest(null, Object(Config\Cache), false)
 5 SYSTEMPATH\Boot.php(325): CodeIgniter\CodeIgniter->run()
 6 SYSTEMPATH\Boot.php(67): CodeIgniter\Boot::runCodeIgniter(Object(CodeIgniter\CodeIgniter))
 7 FCPATH\index.php(56): CodeIgniter\Boot::bootWeb(Object(Config\Paths))
 8 SYSTEMPATH\rewrite.php(44): require_once('E:\\XAMPP\\htdocs\\toko_sukses_bersama\\public\\index.php')
WARNING - 2025-02-25 04:30:42 --> [DEPRECATED] number_format(): Passing null to parameter #1 ($num) of type float is deprecated in APPPATH\Controllers\Admin\BulekController.php on line 187.
 1 APPPATH\Controllers\Admin\BulekController.php(187): number_format(null, 2)
 2 SYSTEMPATH\CodeIgniter.php(933): App\Controllers\Admin\BulekController->datatableDetail()
 3 SYSTEMPATH\CodeIgniter.php(509): CodeIgniter\CodeIgniter->runController(Object(App\Controllers\Admin\BulekController))
 4 SYSTEMPATH\CodeIgniter.php(355): CodeIgniter\CodeIgniter->handleRequest(null, Object(Config\Cache), false)
 5 SYSTEMPATH\Boot.php(325): CodeIgniter\CodeIgniter->run()
 6 SYSTEMPATH\Boot.php(67): CodeIgniter\Boot::runCodeIgniter(Object(CodeIgniter\CodeIgniter))
 7 FCPATH\index.php(56): CodeIgniter\Boot::bootWeb(Object(Config\Paths))
 8 SYSTEMPATH\rewrite.php(44): require_once('E:\\XAMPP\\htdocs\\toko_sukses_bersama\\public\\index.php')
WARNING - 2025-02-25 04:30:42 --> [DEPRECATED] number_format(): Passing null to parameter #1 ($num) of type float is deprecated in APPPATH\Controllers\Admin\BulekController.php on line 187.
 1 APPPATH\Controllers\Admin\BulekController.php(187): number_format(null, 2)
 2 SYSTEMPATH\CodeIgniter.php(933): App\Controllers\Admin\BulekController->datatableDetail()
 3 SYSTEMPATH\CodeIgniter.php(509): CodeIgniter\CodeIgniter->runController(Object(App\Controllers\Admin\BulekController))
 4 SYSTEMPATH\CodeIgniter.php(355): CodeIgniter\CodeIgniter->handleRequest(null, Object(Config\Cache), false)
 5 SYSTEMPATH\Boot.php(325): CodeIgniter\CodeIgniter->run()
 6 SYSTEMPATH\Boot.php(67): CodeIgniter\Boot::runCodeIgniter(Object(CodeIgniter\CodeIgniter))
 7 FCPATH\index.php(56): CodeIgniter\Boot::bootWeb(Object(Config\Paths))
 8 SYSTEMPATH\rewrite.php(44): require_once('E:\\XAMPP\\htdocs\\toko_sukses_bersama\\public\\index.php')
WARNING - 2025-02-25 04:30:42 --> [DEPRECATED] number_format(): Passing null to parameter #1 ($num) of type float is deprecated in APPPATH\Controllers\Admin\BulekController.php on line 187.
 1 APPPATH\Controllers\Admin\BulekController.php(187): number_format(null, 2)
 2 SYSTEMPATH\CodeIgniter.php(933): App\Controllers\Admin\BulekController->datatableDetail()
 3 SYSTEMPATH\CodeIgniter.php(509): CodeIgniter\CodeIgniter->runController(Object(App\Controllers\Admin\BulekController))
 4 SYSTEMPATH\CodeIgniter.php(355): CodeIgniter\CodeIgniter->handleRequest(null, Object(Config\Cache), false)
 5 SYSTEMPATH\Boot.php(325): CodeIgniter\CodeIgniter->run()
 6 SYSTEMPATH\Boot.php(67): CodeIgniter\Boot::runCodeIgniter(Object(CodeIgniter\CodeIgniter))
 7 FCPATH\index.php(56): CodeIgniter\Boot::bootWeb(Object(Config\Paths))
 8 SYSTEMPATH\rewrite.php(44): require_once('E:\\XAMPP\\htdocs\\toko_sukses_bersama\\public\\index.php')
INFO - 2025-02-25 04:30:42 --> Session: Class initialized using 'CodeIgniter\Session\Handlers\FileHandler' driver.
WARNING - 2025-02-25 04:30:42 --> [DEPRECATED] number_format(): Passing null to parameter #1 ($num) of type float is deprecated in APPPATH\Controllers\Admin\BulekController.php on line 300.
 1 APPPATH\Controllers\Admin\BulekController.php(300): number_format(null, 2)
 2 SYSTEMPATH\CodeIgniter.php(933): App\Controllers\Admin\BulekController->datatableWithBiaya()
 3 SYSTEMPATH\CodeIgniter.php(509): CodeIgniter\CodeIgniter->runController(Object(App\Controllers\Admin\BulekController))
 4 SYSTEMPATH\CodeIgniter.php(355): CodeIgniter\CodeIgniter->handleRequest(null, Object(Config\Cache), false)
 5 SYSTEMPATH\Boot.php(325): CodeIgniter\CodeIgniter->run()
 6 SYSTEMPATH\Boot.php(67): CodeIgniter\Boot::runCodeIgniter(Object(CodeIgniter\CodeIgniter))
 7 FCPATH\index.php(56): CodeIgniter\Boot::bootWeb(Object(Config\Paths))
 8 SYSTEMPATH\rewrite.php(44): require_once('E:\\XAMPP\\htdocs\\toko_sukses_bersama\\public\\index.php')
WARNING - 2025-02-25 04:30:42 --> [DEPRECATED] number_format(): Passing null to parameter #1 ($num) of type float is deprecated in APPPATH\Controllers\Admin\BulekController.php on line 298.
 1 APPPATH\Controllers\Admin\BulekController.php(298): number_format(null, 2, ',', '.')
 2 SYSTEMPATH\CodeIgniter.php(933): App\Controllers\Admin\BulekController->datatableWithBiaya()
 3 SYSTEMPATH\CodeIgniter.php(509): CodeIgniter\CodeIgniter->runController(Object(App\Controllers\Admin\BulekController))
 4 SYSTEMPATH\CodeIgniter.php(355): CodeIgniter\CodeIgniter->handleRequest(null, Object(Config\Cache), false)
 5 SYSTEMPATH\Boot.php(325): CodeIgniter\CodeIgniter->run()
 6 SYSTEMPATH\Boot.php(67): CodeIgniter\Boot::runCodeIgniter(Object(CodeIgniter\CodeIgniter))
 7 FCPATH\index.php(56): CodeIgniter\Boot::bootWeb(Object(Config\Paths))
 8 SYSTEMPATH\rewrite.php(44): require_once('E:\\XAMPP\\htdocs\\toko_sukses_bersama\\public\\index.php')
WARNING - 2025-02-25 04:30:42 --> [DEPRECATED] number_format(): Passing null to parameter #1 ($num) of type float is deprecated in APPPATH\Controllers\Admin\BulekController.php on line 300.
 1 APPPATH\Controllers\Admin\BulekController.php(300): number_format(null, 2)
 2 SYSTEMPATH\CodeIgniter.php(933): App\Controllers\Admin\BulekController->datatableWithBiaya()
 3 SYSTEMPATH\CodeIgniter.php(509): CodeIgniter\CodeIgniter->runController(Object(App\Controllers\Admin\BulekController))
 4 SYSTEMPATH\CodeIgniter.php(355): CodeIgniter\CodeIgniter->handleRequest(null, Object(Config\Cache), false)
 5 SYSTEMPATH\Boot.php(325): CodeIgniter\CodeIgniter->run()
 6 SYSTEMPATH\Boot.php(67): CodeIgniter\Boot::runCodeIgniter(Object(CodeIgniter\CodeIgniter))
 7 FCPATH\index.php(56): CodeIgniter\Boot::bootWeb(Object(Config\Paths))
 8 SYSTEMPATH\rewrite.php(44): require_once('E:\\XAMPP\\htdocs\\toko_sukses_bersama\\public\\index.php')
WARNING - 2025-02-25 04:30:42 --> [DEPRECATED] number_format(): Passing null to parameter #1 ($num) of type float is deprecated in APPPATH\Controllers\Admin\BulekController.php on line 298.
 1 APPPATH\Controllers\Admin\BulekController.php(298): number_format(null, 2, ',', '.')
 2 SYSTEMPATH\CodeIgniter.php(933): App\Controllers\Admin\BulekController->datatableWithBiaya()
 3 SYSTEMPATH\CodeIgniter.php(509): CodeIgniter\CodeIgniter->runController(Object(App\Controllers\Admin\BulekController))
 4 SYSTEMPATH\CodeIgniter.php(355): CodeIgniter\CodeIgniter->handleRequest(null, Object(Config\Cache), false)
 5 SYSTEMPATH\Boot.php(325): CodeIgniter\CodeIgniter->run()
 6 SYSTEMPATH\Boot.php(67): CodeIgniter\Boot::runCodeIgniter(Object(CodeIgniter\CodeIgniter))
 7 FCPATH\index.php(56): CodeIgniter\Boot::bootWeb(Object(Config\Paths))
 8 SYSTEMPATH\rewrite.php(44): require_once('E:\\XAMPP\\htdocs\\toko_sukses_bersama\\public\\index.php')
WARNING - 2025-02-25 04:30:42 --> [DEPRECATED] number_format(): Passing null to parameter #1 ($num) of type float is deprecated in APPPATH\Controllers\Admin\BulekController.php on line 300.
 1 APPPATH\Controllers\Admin\BulekController.php(300): number_format(null, 2)
 2 SYSTEMPATH\CodeIgniter.php(933): App\Controllers\Admin\BulekController->datatableWithBiaya()
 3 SYSTEMPATH\CodeIgniter.php(509): CodeIgniter\CodeIgniter->runController(Object(App\Controllers\Admin\BulekController))
 4 SYSTEMPATH\CodeIgniter.php(355): CodeIgniter\CodeIgniter->handleRequest(null, Object(Config\Cache), false)
 5 SYSTEMPATH\Boot.php(325): CodeIgniter\CodeIgniter->run()
 6 SYSTEMPATH\Boot.php(67): CodeIgniter\Boot::runCodeIgniter(Object(CodeIgniter\CodeIgniter))
 7 FCPATH\index.php(56): CodeIgniter\Boot::bootWeb(Object(Config\Paths))
 8 SYSTEMPATH\rewrite.php(44): require_once('E:\\XAMPP\\htdocs\\toko_sukses_bersama\\public\\index.php')
WARNING - 2025-02-25 04:30:42 --> [DEPRECATED] number_format(): Passing null to parameter #1 ($num) of type float is deprecated in APPPATH\Controllers\Admin\BulekController.php on line 300.
 1 APPPATH\Controllers\Admin\BulekController.php(300): number_format(null, 2)
 2 SYSTEMPATH\CodeIgniter.php(933): App\Controllers\Admin\BulekController->datatableWithBiaya()
 3 SYSTEMPATH\CodeIgniter.php(509): CodeIgniter\CodeIgniter->runController(Object(App\Controllers\Admin\BulekController))
 4 SYSTEMPATH\CodeIgniter.php(355): CodeIgniter\CodeIgniter->handleRequest(null, Object(Config\Cache), false)
 5 SYSTEMPATH\Boot.php(325): CodeIgniter\CodeIgniter->run()
 6 SYSTEMPATH\Boot.php(67): CodeIgniter\Boot::runCodeIgniter(Object(CodeIgniter\CodeIgniter))
 7 FCPATH\index.php(56): CodeIgniter\Boot::bootWeb(Object(Config\Paths))
 8 SYSTEMPATH\rewrite.php(44): require_once('E:\\XAMPP\\htdocs\\toko_sukses_bersama\\public\\index.php')
WARNING - 2025-02-25 04:30:42 --> [DEPRECATED] number_format(): Passing null to parameter #1 ($num) of type float is deprecated in APPPATH\Controllers\Admin\BulekController.php on line 300.
 1 APPPATH\Controllers\Admin\BulekController.php(300): number_format(null, 2)
 2 SYSTEMPATH\CodeIgniter.php(933): App\Controllers\Admin\BulekController->datatableWithBiaya()
 3 SYSTEMPATH\CodeIgniter.php(509): CodeIgniter\CodeIgniter->runController(Object(App\Controllers\Admin\BulekController))
 4 SYSTEMPATH\CodeIgniter.php(355): CodeIgniter\CodeIgniter->handleRequest(null, Object(Config\Cache), false)
 5 SYSTEMPATH\Boot.php(325): CodeIgniter\CodeIgniter->run()
 6 SYSTEMPATH\Boot.php(67): CodeIgniter\Boot::runCodeIgniter(Object(CodeIgniter\CodeIgniter))
 7 FCPATH\index.php(56): CodeIgniter\Boot::bootWeb(Object(Config\Paths))
 8 SYSTEMPATH\rewrite.php(44): require_once('E:\\XAMPP\\htdocs\\toko_sukses_bersama\\public\\index.php')
WARNING - 2025-02-25 04:30:42 --> [DEPRECATED] number_format(): Passing null to parameter #1 ($num) of type float is deprecated in APPPATH\Controllers\Admin\BulekController.php on line 298.
 1 APPPATH\Controllers\Admin\BulekController.php(298): number_format(null, 2, ',', '.')
 2 SYSTEMPATH\CodeIgniter.php(933): App\Controllers\Admin\BulekController->datatableWithBiaya()
 3 SYSTEMPATH\CodeIgniter.php(509): CodeIgniter\CodeIgniter->runController(Object(App\Controllers\Admin\BulekController))
 4 SYSTEMPATH\CodeIgniter.php(355): CodeIgniter\CodeIgniter->handleRequest(null, Object(Config\Cache), false)
 5 SYSTEMPATH\Boot.php(325): CodeIgniter\CodeIgniter->run()
 6 SYSTEMPATH\Boot.php(67): CodeIgniter\Boot::runCodeIgniter(Object(CodeIgniter\CodeIgniter))
 7 FCPATH\index.php(56): CodeIgniter\Boot::bootWeb(Object(Config\Paths))
 8 SYSTEMPATH\rewrite.php(44): require_once('E:\\XAMPP\\htdocs\\toko_sukses_bersama\\public\\index.php')
WARNING - 2025-02-25 04:30:42 --> [DEPRECATED] number_format(): Passing null to parameter #1 ($num) of type float is deprecated in APPPATH\Controllers\Admin\BulekController.php on line 300.
 1 APPPATH\Controllers\Admin\BulekController.php(300): number_format(null, 2)
 2 SYSTEMPATH\CodeIgniter.php(933): App\Controllers\Admin\BulekController->datatableWithBiaya()
 3 SYSTEMPATH\CodeIgniter.php(509): CodeIgniter\CodeIgniter->runController(Object(App\Controllers\Admin\BulekController))
 4 SYSTEMPATH\CodeIgniter.php(355): CodeIgniter\CodeIgniter->handleRequest(null, Object(Config\Cache), false)
 5 SYSTEMPATH\Boot.php(325): CodeIgniter\CodeIgniter->run()
 6 SYSTEMPATH\Boot.php(67): CodeIgniter\Boot::runCodeIgniter(Object(CodeIgniter\CodeIgniter))
 7 FCPATH\index.php(56): CodeIgniter\Boot::bootWeb(Object(Config\Paths))
 8 SYSTEMPATH\rewrite.php(44): require_once('E:\\XAMPP\\htdocs\\toko_sukses_bersama\\public\\index.php')
WARNING - 2025-02-25 04:30:42 --> [DEPRECATED] number_format(): Passing null to parameter #1 ($num) of type float is deprecated in APPPATH\Controllers\Admin\BulekController.php on line 300.
 1 APPPATH\Controllers\Admin\BulekController.php(300): number_format(null, 2)
 2 SYSTEMPATH\CodeIgniter.php(933): App\Controllers\Admin\BulekController->datatableWithBiaya()
 3 SYSTEMPATH\CodeIgniter.php(509): CodeIgniter\CodeIgniter->runController(Object(App\Controllers\Admin\BulekController))
 4 SYSTEMPATH\CodeIgniter.php(355): CodeIgniter\CodeIgniter->handleRequest(null, Object(Config\Cache), false)
 5 SYSTEMPATH\Boot.php(325): CodeIgniter\CodeIgniter->run()
 6 SYSTEMPATH\Boot.php(67): CodeIgniter\Boot::runCodeIgniter(Object(CodeIgniter\CodeIgniter))
 7 FCPATH\index.php(56): CodeIgniter\Boot::bootWeb(Object(Config\Paths))
 8 SYSTEMPATH\rewrite.php(44): require_once('E:\\XAMPP\\htdocs\\toko_sukses_bersama\\public\\index.php')
WARNING - 2025-02-25 04:30:42 --> [DEPRECATED] number_format(): Passing null to parameter #1 ($num) of type float is deprecated in APPPATH\Controllers\Admin\BulekController.php on line 300.
 1 APPPATH\Controllers\Admin\BulekController.php(300): number_format(null, 2)
 2 SYSTEMPATH\CodeIgniter.php(933): App\Controllers\Admin\BulekController->datatableWithBiaya()
 3 SYSTEMPATH\CodeIgniter.php(509): CodeIgniter\CodeIgniter->runController(Object(App\Controllers\Admin\BulekController))
 4 SYSTEMPATH\CodeIgniter.php(355): CodeIgniter\CodeIgniter->handleRequest(null, Object(Config\Cache), false)
 5 SYSTEMPATH\Boot.php(325): CodeIgniter\CodeIgniter->run()
 6 SYSTEMPATH\Boot.php(67): CodeIgniter\Boot::runCodeIgniter(Object(CodeIgniter\CodeIgniter))
 7 FCPATH\index.php(56): CodeIgniter\Boot::bootWeb(Object(Config\Paths))
 8 SYSTEMPATH\rewrite.php(44): require_once('E:\\XAMPP\\htdocs\\toko_sukses_bersama\\public\\index.php')
WARNING - 2025-02-25 04:30:42 --> [DEPRECATED] number_format(): Passing null to parameter #1 ($num) of type float is deprecated in APPPATH\Controllers\Admin\BulekController.php on line 300.
 1 APPPATH\Controllers\Admin\BulekController.php(300): number_format(null, 2)
 2 SYSTEMPATH\CodeIgniter.php(933): App\Controllers\Admin\BulekController->datatableWithBiaya()
 3 SYSTEMPATH\CodeIgniter.php(509): CodeIgniter\CodeIgniter->runController(Object(App\Controllers\Admin\BulekController))
 4 SYSTEMPATH\CodeIgniter.php(355): CodeIgniter\CodeIgniter->handleRequest(null, Object(Config\Cache), false)
 5 SYSTEMPATH\Boot.php(325): CodeIgniter\CodeIgniter->run()
 6 SYSTEMPATH\Boot.php(67): CodeIgniter\Boot::runCodeIgniter(Object(CodeIgniter\CodeIgniter))
 7 FCPATH\index.php(56): CodeIgniter\Boot::bootWeb(Object(Config\Paths))
 8 SYSTEMPATH\rewrite.php(44): require_once('E:\\XAMPP\\htdocs\\toko_sukses_bersama\\public\\index.php')
WARNING - 2025-02-25 04:30:42 --> [DEPRECATED] number_format(): Passing null to parameter #1 ($num) of type float is deprecated in APPPATH\Controllers\Admin\BulekController.php on line 300.
 1 APPPATH\Controllers\Admin\BulekController.php(300): number_format(null, 2)
 2 SYSTEMPATH\CodeIgniter.php(933): App\Controllers\Admin\BulekController->datatableWithBiaya()
 3 SYSTEMPATH\CodeIgniter.php(509): CodeIgniter\CodeIgniter->runController(Object(App\Controllers\Admin\BulekController))
 4 SYSTEMPATH\CodeIgniter.php(355): CodeIgniter\CodeIgniter->handleRequest(null, Object(Config\Cache), false)
 5 SYSTEMPATH\Boot.php(325): CodeIgniter\CodeIgniter->run()
 6 SYSTEMPATH\Boot.php(67): CodeIgniter\Boot::runCodeIgniter(Object(CodeIgniter\CodeIgniter))
 7 FCPATH\index.php(56): CodeIgniter\Boot::bootWeb(Object(Config\Paths))
 8 SYSTEMPATH\rewrite.php(44): require_once('E:\\XAMPP\\htdocs\\toko_sukses_bersama\\public\\index.php')
INFO - 2025-02-25 04:30:43 --> Session: Class initialized using 'CodeIgniter\Session\Handlers\FileHandler' driver.
INFO - 2025-02-25 04:30:43 --> Session: Class initialized using 'CodeIgniter\Session\Handlers\FileHandler' driver.
INFO - 2025-02-25 13:32:26 --> Session: Class initialized using 'CodeIgniter\Session\Handlers\FileHandler' driver.
INFO - 2025-02-25 13:32:32 --> Session: Class initialized using 'CodeIgniter\Session\Handlers\FileHandler' driver.
INFO - 2025-02-25 13:32:33 --> Session: Class initialized using 'CodeIgniter\Session\Handlers\FileHandler' driver.
INFO - 2025-02-25 13:32:40 --> Session: Class initialized using 'CodeIgniter\Session\Handlers\FileHandler' driver.
INFO - 2025-02-25 14:05:21 --> Session: Class initialized using 'CodeIgniter\Session\Handlers\FileHandler' driver.
INFO - 2025-02-25 14:05:24 --> Session: Class initialized using 'CodeIgniter\Session\Handlers\FileHandler' driver.
INFO - 2025-02-25 14:06:35 --> Session: Class initialized using 'CodeIgniter\Session\Handlers\FileHandler' driver.
INFO - 2025-02-25 14:06:39 --> Session: Class initialized using 'CodeIgniter\Session\Handlers\FileHandler' driver.
INFO - 2025-02-25 14:06:40 --> Session: Class initialized using 'CodeIgniter\Session\Handlers\FileHandler' driver.
CRITICAL - 2025-02-25 22:00:40 --> ErrorException: Cannot use try without catch or finally
[Method: GET, Route: admin/penjualan]
in APPPATH\Controllers\Admin\PenjualanController.php on line 783.
 1 [internal function]: CodeIgniter\Debug\Exceptions->shutdownHandler()
INFO - 2025-02-25 22:01:27 --> Session: Class initialized using 'CodeIgniter\Session\Handlers\FileHandler' driver.
INFO - 2025-02-25 22:01:30 --> Session: Class initialized using 'CodeIgniter\Session\Handlers\FileHandler' driver.
INFO - 2025-02-25 22:01:30 --> Session: Class initialized using 'CodeIgniter\Session\Handlers\FileHandler' driver.
INFO - 2025-02-25 22:01:34 --> Session: Class initialized using 'CodeIgniter\Session\Handlers\FileHandler' driver.
CRITICAL - 2025-02-25 22:01:35 --> ErrorException: Undefined variable $tipeBarangList
[Method: GET, Route: admin/penjualan/detail/117]
in APPPATH\Views\pages\admin\penjualan\modal.php on line 25.
 1 APPPATH\Views\pages\admin\penjualan\modal.php(25): CodeIgniter\Debug\Exceptions->errorHandler(2, 'Undefined variable $tipeBarangList', 'E:\\XAMPP\\htdocs\\toko_sukses_bersama\\app\\Views\\pages\\admin\\penjualan\\modal.php', 25)
 2 SYSTEMPATH\View\View.php(234): include('E:\\XAMPP\\htdocs\\toko_sukses_bersama\\app\\Views\\pages\\admin\\penjualan\\modal.php')
 3 SYSTEMPATH\View\View.php(237): CodeIgniter\View\View->CodeIgniter\View\{closure}()
 4 SYSTEMPATH\Common.php(1171): CodeIgniter\View\View->render('pages/admin/penjualan/modal', [], true)
 5 APPPATH\Views\pages\admin\penjualan\detail.php(209): view('pages/admin/penjualan/modal')
 6 SYSTEMPATH\View\View.php(234): include('E:\\XAMPP\\htdocs\\toko_sukses_bersama\\app\\Views\\pages\\admin\\penjualan\\detail.php')
 7 SYSTEMPATH\View\View.php(237): CodeIgniter\View\View->CodeIgniter\View\{closure}()
 8 SYSTEMPATH\Common.php(1171): CodeIgniter\View\View->render('pages/admin/penjualan/detail', [], true)
 9 APPPATH\Controllers\Admin\PenjualanController.php(144): view('pages/admin/penjualan/detail', [...])
10 SYSTEMPATH\CodeIgniter.php(933): App\Controllers\Admin\PenjualanController->detail('117')
11 SYSTEMPATH\CodeIgniter.php(509): CodeIgniter\CodeIgniter->runController(Object(App\Controllers\Admin\PenjualanController))
12 SYSTEMPATH\CodeIgniter.php(355): CodeIgniter\CodeIgniter->handleRequest(null, Object(Config\Cache), false)
13 SYSTEMPATH\Boot.php(325): CodeIgniter\CodeIgniter->run()
14 SYSTEMPATH\Boot.php(67): CodeIgniter\Boot::runCodeIgniter(Object(CodeIgniter\CodeIgniter))
15 FCPATH\index.php(56): CodeIgniter\Boot::bootWeb(Object(Config\Paths))
16 SYSTEMPATH\rewrite.php(44): require_once('E:\\XAMPP\\htdocs\\toko_sukses_bersama\\public\\index.php')
INFO - 2025-02-25 22:02:22 --> Session: Class initialized using 'CodeIgniter\Session\Handlers\FileHandler' driver.
CRITICAL - 2025-02-25 22:02:22 --> ErrorException: Undefined variable $tipeBarangList
[Method: GET, Route: admin/penjualan/detail/117]
in APPPATH\Views\pages\admin\penjualan\modal.php on line 25.
 1 APPPATH\Views\pages\admin\penjualan\modal.php(25): CodeIgniter\Debug\Exceptions->errorHandler(2, 'Undefined variable $tipeBarangList', 'E:\\XAMPP\\htdocs\\toko_sukses_bersama\\app\\Views\\pages\\admin\\penjualan\\modal.php', 25)
 2 SYSTEMPATH\View\View.php(234): include('E:\\XAMPP\\htdocs\\toko_sukses_bersama\\app\\Views\\pages\\admin\\penjualan\\modal.php')
 3 SYSTEMPATH\View\View.php(237): CodeIgniter\View\View->CodeIgniter\View\{closure}()
 4 SYSTEMPATH\Common.php(1171): CodeIgniter\View\View->render('pages/admin/penjualan/modal', [], true)
 5 APPPATH\Views\pages\admin\penjualan\detail.php(211): view('pages/admin/penjualan/modal')
 6 SYSTEMPATH\View\View.php(234): include('E:\\XAMPP\\htdocs\\toko_sukses_bersama\\app\\Views\\pages\\admin\\penjualan\\detail.php')
 7 SYSTEMPATH\View\View.php(237): CodeIgniter\View\View->CodeIgniter\View\{closure}()
 8 SYSTEMPATH\Common.php(1171): CodeIgniter\View\View->render('pages/admin/penjualan/detail', [], true)
 9 APPPATH\Controllers\Admin\PenjualanController.php(144): view('pages/admin/penjualan/detail', [...])
10 SYSTEMPATH\CodeIgniter.php(933): App\Controllers\Admin\PenjualanController->detail('117')
11 SYSTEMPATH\CodeIgniter.php(509): CodeIgniter\CodeIgniter->runController(Object(App\Controllers\Admin\PenjualanController))
12 SYSTEMPATH\CodeIgniter.php(355): CodeIgniter\CodeIgniter->handleRequest(null, Object(Config\Cache), false)
13 SYSTEMPATH\Boot.php(325): CodeIgniter\CodeIgniter->run()
14 SYSTEMPATH\Boot.php(67): CodeIgniter\Boot::runCodeIgniter(Object(CodeIgniter\CodeIgniter))
15 FCPATH\index.php(56): CodeIgniter\Boot::bootWeb(Object(Config\Paths))
16 SYSTEMPATH\rewrite.php(44): require_once('E:\\XAMPP\\htdocs\\toko_sukses_bersama\\public\\index.php')
INFO - 2025-02-25 22:02:36 --> Session: Class initialized using 'CodeIgniter\Session\Handlers\FileHandler' driver.
CRITICAL - 2025-02-25 22:02:36 --> ErrorException: Undefined variable $tipeBarangList
[Method: GET, Route: admin/penjualan/detail/117]
in APPPATH\Views\pages\admin\penjualan\modal.php on line 25.
 1 APPPATH\Views\pages\admin\penjualan\modal.php(25): CodeIgniter\Debug\Exceptions->errorHandler(2, 'Undefined variable $tipeBarangList', 'E:\\XAMPP\\htdocs\\toko_sukses_bersama\\app\\Views\\pages\\admin\\penjualan\\modal.php', 25)
 2 SYSTEMPATH\View\View.php(234): include('E:\\XAMPP\\htdocs\\toko_sukses_bersama\\app\\Views\\pages\\admin\\penjualan\\modal.php')
 3 SYSTEMPATH\View\View.php(237): CodeIgniter\View\View->CodeIgniter\View\{closure}()
 4 SYSTEMPATH\Common.php(1171): CodeIgniter\View\View->render('pages/admin/penjualan/modal', [], true)
 5 APPPATH\Views\pages\admin\penjualan\detail.php(211): view('pages/admin/penjualan/modal')
 6 SYSTEMPATH\View\View.php(234): include('E:\\XAMPP\\htdocs\\toko_sukses_bersama\\app\\Views\\pages\\admin\\penjualan\\detail.php')
 7 SYSTEMPATH\View\View.php(237): CodeIgniter\View\View->CodeIgniter\View\{closure}()
 8 SYSTEMPATH\Common.php(1171): CodeIgniter\View\View->render('pages/admin/penjualan/detail', [], true)
 9 APPPATH\Controllers\Admin\PenjualanController.php(144): view('pages/admin/penjualan/detail', [...])
10 SYSTEMPATH\CodeIgniter.php(933): App\Controllers\Admin\PenjualanController->detail('117')
11 SYSTEMPATH\CodeIgniter.php(509): CodeIgniter\CodeIgniter->runController(Object(App\Controllers\Admin\PenjualanController))
12 SYSTEMPATH\CodeIgniter.php(355): CodeIgniter\CodeIgniter->handleRequest(null, Object(Config\Cache), false)
13 SYSTEMPATH\Boot.php(325): CodeIgniter\CodeIgniter->run()
14 SYSTEMPATH\Boot.php(67): CodeIgniter\Boot::runCodeIgniter(Object(CodeIgniter\CodeIgniter))
15 FCPATH\index.php(56): CodeIgniter\Boot::bootWeb(Object(Config\Paths))
16 SYSTEMPATH\rewrite.php(44): require_once('E:\\XAMPP\\htdocs\\toko_sukses_bersama\\public\\index.php')
INFO - 2025-02-25 22:03:45 --> Session: Class initialized using 'CodeIgniter\Session\Handlers\FileHandler' driver.
INFO - 2025-02-25 22:04:05 --> Session: Class initialized using 'CodeIgniter\Session\Handlers\FileHandler' driver.
CRITICAL - 2025-02-25 22:04:05 --> ErrorException: Undefined variable $tipeBarangList
[Method: GET, Route: admin/penjualan/detail/117]
in APPPATH\Views\pages\admin\penjualan\modal.php on line 25.
 1 APPPATH\Views\pages\admin\penjualan\modal.php(25): CodeIgniter\Debug\Exceptions->errorHandler(2, 'Undefined variable $tipeBarangList', 'E:\\XAMPP\\htdocs\\toko_sukses_bersama\\app\\Views\\pages\\admin\\penjualan\\modal.php', 25)
 2 SYSTEMPATH\View\View.php(234): include('E:\\XAMPP\\htdocs\\toko_sukses_bersama\\app\\Views\\pages\\admin\\penjualan\\modal.php')
 3 SYSTEMPATH\View\View.php(237): CodeIgniter\View\View->CodeIgniter\View\{closure}()
 4 SYSTEMPATH\Common.php(1171): CodeIgniter\View\View->render('pages/admin/penjualan/modal', [], true)
 5 APPPATH\Views\pages\admin\penjualan\detail.php(211): view('pages/admin/penjualan/modal')
 6 SYSTEMPATH\View\View.php(234): include('E:\\XAMPP\\htdocs\\toko_sukses_bersama\\app\\Views\\pages\\admin\\penjualan\\detail.php')
 7 SYSTEMPATH\View\View.php(237): CodeIgniter\View\View->CodeIgniter\View\{closure}()
 8 SYSTEMPATH\Common.php(1171): CodeIgniter\View\View->render('pages/admin/penjualan/detail', [], true)
 9 APPPATH\Controllers\Admin\PenjualanController.php(144): view('pages/admin/penjualan/detail', [...])
10 SYSTEMPATH\CodeIgniter.php(933): App\Controllers\Admin\PenjualanController->detail('117')
11 SYSTEMPATH\CodeIgniter.php(509): CodeIgniter\CodeIgniter->runController(Object(App\Controllers\Admin\PenjualanController))
12 SYSTEMPATH\CodeIgniter.php(355): CodeIgniter\CodeIgniter->handleRequest(null, Object(Config\Cache), false)
13 SYSTEMPATH\Boot.php(325): CodeIgniter\CodeIgniter->run()
14 SYSTEMPATH\Boot.php(67): CodeIgniter\Boot::runCodeIgniter(Object(CodeIgniter\CodeIgniter))
15 FCPATH\index.php(56): CodeIgniter\Boot::bootWeb(Object(Config\Paths))
16 SYSTEMPATH\rewrite.php(44): require_once('E:\\XAMPP\\htdocs\\toko_sukses_bersama\\public\\index.php')
INFO - 2025-02-25 22:05:11 --> Session: Class initialized using 'CodeIgniter\Session\Handlers\FileHandler' driver.
INFO - 2025-02-25 22:05:12 --> Session: Class initialized using 'CodeIgniter\Session\Handlers\FileHandler' driver.
INFO - 2025-02-25 22:05:12 --> Session: Class initialized using 'CodeIgniter\Session\Handlers\FileHandler' driver.
INFO - 2025-02-25 22:05:14 --> Session: Class initialized using 'CodeIgniter\Session\Handlers\FileHandler' driver.
INFO - 2025-02-25 22:05:15 --> Session: Class initialized using 'CodeIgniter\Session\Handlers\FileHandler' driver.
CRITICAL - 2025-02-25 22:28:17 --> ParseError: syntax error, unexpected token "=", expecting "]"
[Method: GET, Route: admin/penjualan]
in APPPATH\Controllers\Admin\PenjualanController.php on line 143.
 1 SYSTEMPATH\Autoloader\Autoloader.php(296): CodeIgniter\Autoloader\Autoloader->includeFile('E:\\XAMPP\\htdocs\\toko_sukses_bersama\\app\\Controllers\\Admin\\PenjualanController.php')
 2 SYSTEMPATH\Autoloader\Autoloader.php(272): CodeIgniter\Autoloader\Autoloader->loadInNamespace('App\\Controllers\\Admin\\PenjualanController')
 3 [internal function]: CodeIgniter\Autoloader\Autoloader->loadClass('App\\Controllers\\Admin\\PenjualanController')
 4 SYSTEMPATH\CodeIgniter.php(887): class_exists('\\App\\Controllers\\Admin\\PenjualanController', true)
 5 SYSTEMPATH\CodeIgniter.php(496): CodeIgniter\CodeIgniter->startController()
 6 SYSTEMPATH\CodeIgniter.php(355): CodeIgniter\CodeIgniter->handleRequest(null, Object(Config\Cache), false)
 7 SYSTEMPATH\Boot.php(325): CodeIgniter\CodeIgniter->run()
 8 SYSTEMPATH\Boot.php(67): CodeIgniter\Boot::runCodeIgniter(Object(CodeIgniter\CodeIgniter))
 9 FCPATH\index.php(56): CodeIgniter\Boot::bootWeb(Object(Config\Paths))
10 SYSTEMPATH\rewrite.php(44): require_once('E:\\XAMPP\\htdocs\\toko_sukses_bersama\\public\\index.php')
INFO - 2025-02-25 22:29:35 --> Session: Class initialized using 'CodeIgniter\Session\Handlers\FileHandler' driver.
INFO - 2025-02-25 22:29:38 --> Session: Class initialized using 'CodeIgniter\Session\Handlers\FileHandler' driver.
INFO - 2025-02-25 22:29:38 --> Session: Class initialized using 'CodeIgniter\Session\Handlers\FileHandler' driver.
INFO - 2025-02-25 22:29:39 --> Session: Class initialized using 'CodeIgniter\Session\Handlers\FileHandler' driver.
INFO - 2025-02-25 22:29:40 --> Session: Class initialized using 'CodeIgniter\Session\Handlers\FileHandler' driver.
INFO - 2025-02-25 22:47:05 --> Session: Class initialized using 'CodeIgniter\Session\Handlers\FileHandler' driver.
INFO - 2025-02-25 22:47:06 --> Session: Class initialized using 'CodeIgniter\Session\Handlers\FileHandler' driver.
INFO - 2025-02-25 22:48:01 --> Session: Class initialized using 'CodeIgniter\Session\Handlers\FileHandler' driver.
INFO - 2025-02-25 22:48:02 --> Session: Class initialized using 'CodeIgniter\Session\Handlers\FileHandler' driver.
INFO - 2025-02-25 22:49:28 --> Session: Class initialized using 'CodeIgniter\Session\Handlers\FileHandler' driver.
INFO - 2025-02-25 22:49:29 --> Session: Class initialized using 'CodeIgniter\Session\Handlers\FileHandler' driver.
