CRITICAL - 2024-11-12 03:13:01 --> ErrorException: Undefined property: App\Controllers\Admin\PenjualanController::$getBarangWithUnit
[Method: GET, Route: admin/penjualan]
in APPPATH\Controllers\Admin\PenjualanController.php on line 42.
 1 APPPATH\Controllers\Admin\PenjualanController.php(42): CodeIgniter\Debug\Exceptions->errorHandler(2, 'Undefined property: App\\Controllers\\Admin\\PenjualanController::$getBarangWithUnit', 'E:\\XAMPP\\htdocs\\toko_sukses_bersama\\app\\Controllers\\Admin\\PenjualanController.php', 42)
 2 SYSTEMPATH\CodeIgniter.php(933): App\Controllers\Admin\PenjualanController->list()
 3 SYSTEMPATH\CodeIgniter.php(509): CodeIgniter\CodeIgniter->runController(Object(App\Controllers\Admin\PenjualanController))
 4 SYSTEMPATH\CodeIgniter.php(355): CodeIgniter\CodeIgniter->handleRequest(null, Object(Config\Cache), false)
 5 SYSTEMPATH\Boot.php(325): CodeIgniter\CodeIgniter->run()
 6 SYSTEMPATH\Boot.php(67): CodeIgniter\Boot::runCodeIgniter(Object(CodeIgniter\CodeIgniter))
 7 FCPATH\index.php(56): CodeIgniter\Boot::bootWeb(Object(Config\Paths))
 8 SYSTEMPATH\rewrite.php(44): require_once('E:\\XAMPP\\htdocs\\toko_sukses_bersama\\public\\index.php')
CRITICAL - 2024-11-12 03:46:19 --> ErrorException: Undefined array key "tipe_unit"
[Method: GET, Route: admin/penjualan]
in APPPATH\Views\pages\admin\penjualan\modal.php on line 28.
 1 APPPATH\Views\pages\admin\penjualan\modal.php(28): CodeIgniter\Debug\Exceptions->errorHandler(2, 'Undefined array key "tipe_unit"', 'E:\\XAMPP\\htdocs\\toko_sukses_bersama\\app\\Views\\pages\\admin\\penjualan\\modal.php', 28)
 2 SYSTEMPATH\View\View.php(234): include('E:\\XAMPP\\htdocs\\toko_sukses_bersama\\app\\Views\\pages\\admin\\penjualan\\modal.php')
 3 SYSTEMPATH\View\View.php(237): CodeIgniter\View\View->CodeIgniter\View\{closure}()
 4 SYSTEMPATH\Common.php(1171): CodeIgniter\View\View->render('pages/admin/penjualan/modal', [], true)
 5 APPPATH\Views\pages\admin\penjualan\list.php(49): view('pages/admin/penjualan/modal')
 6 SYSTEMPATH\View\View.php(234): include('E:\\XAMPP\\htdocs\\toko_sukses_bersama\\app\\Views\\pages\\admin\\penjualan\\list.php')
 7 SYSTEMPATH\View\View.php(237): CodeIgniter\View\View->CodeIgniter\View\{closure}()
 8 SYSTEMPATH\Common.php(1171): CodeIgniter\View\View->render('pages/admin/penjualan/list', [], true)
 9 APPPATH\Controllers\Admin\PenjualanController.php(45): view('pages/admin/penjualan/list', [...])
10 SYSTEMPATH\CodeIgniter.php(933): App\Controllers\Admin\PenjualanController->list()
11 SYSTEMPATH\CodeIgniter.php(509): CodeIgniter\CodeIgniter->runController(Object(App\Controllers\Admin\PenjualanController))
12 SYSTEMPATH\CodeIgniter.php(355): CodeIgniter\CodeIgniter->handleRequest(null, Object(Config\Cache), false)
13 SYSTEMPATH\Boot.php(325): CodeIgniter\CodeIgniter->run()
14 SYSTEMPATH\Boot.php(67): CodeIgniter\Boot::runCodeIgniter(Object(CodeIgniter\CodeIgniter))
15 FCPATH\index.php(56): CodeIgniter\Boot::bootWeb(Object(Config\Paths))
16 SYSTEMPATH\rewrite.php(44): require_once('E:\\XAMPP\\htdocs\\toko_sukses_bersama\\public\\index.php')
CRITICAL - 2024-11-12 03:52:26 --> ErrorException: Undefined array key "tipe_unit"
[Method: GET, Route: admin/penjualan]
in APPPATH\Views\pages\admin\penjualan\modal.php on line 28.
 1 APPPATH\Views\pages\admin\penjualan\modal.php(28): CodeIgniter\Debug\Exceptions->errorHandler(2, 'Undefined array key "tipe_unit"', 'E:\\XAMPP\\htdocs\\toko_sukses_bersama\\app\\Views\\pages\\admin\\penjualan\\modal.php', 28)
 2 SYSTEMPATH\View\View.php(234): include('E:\\XAMPP\\htdocs\\toko_sukses_bersama\\app\\Views\\pages\\admin\\penjualan\\modal.php')
 3 SYSTEMPATH\View\View.php(237): CodeIgniter\View\View->CodeIgniter\View\{closure}()
 4 SYSTEMPATH\Common.php(1171): CodeIgniter\View\View->render('pages/admin/penjualan/modal', [], true)
 5 APPPATH\Views\pages\admin\penjualan\list.php(49): view('pages/admin/penjualan/modal')
 6 SYSTEMPATH\View\View.php(234): include('E:\\XAMPP\\htdocs\\toko_sukses_bersama\\app\\Views\\pages\\admin\\penjualan\\list.php')
 7 SYSTEMPATH\View\View.php(237): CodeIgniter\View\View->CodeIgniter\View\{closure}()
 8 SYSTEMPATH\Common.php(1171): CodeIgniter\View\View->render('pages/admin/penjualan/list', [], true)
 9 APPPATH\Controllers\Admin\PenjualanController.php(45): view('pages/admin/penjualan/list', [...])
10 SYSTEMPATH\CodeIgniter.php(933): App\Controllers\Admin\PenjualanController->list()
11 SYSTEMPATH\CodeIgniter.php(509): CodeIgniter\CodeIgniter->runController(Object(App\Controllers\Admin\PenjualanController))
12 SYSTEMPATH\CodeIgniter.php(355): CodeIgniter\CodeIgniter->handleRequest(null, Object(Config\Cache), false)
13 SYSTEMPATH\Boot.php(325): CodeIgniter\CodeIgniter->run()
14 SYSTEMPATH\Boot.php(67): CodeIgniter\Boot::runCodeIgniter(Object(CodeIgniter\CodeIgniter))
15 FCPATH\index.php(56): CodeIgniter\Boot::bootWeb(Object(Config\Paths))
16 SYSTEMPATH\rewrite.php(44): require_once('E:\\XAMPP\\htdocs\\toko_sukses_bersama\\public\\index.php')
CRITICAL - 2024-11-12 19:11:03 --> ErrorException: Undefined array key "standar_harga_jual"
[Method: GET, Route: admin/penjualan/getTipeBarang]
in APPPATH\Controllers\Admin\PenjualanController.php on line 122.
 1 APPPATH\Controllers\Admin\PenjualanController.php(122): CodeIgniter\Debug\Exceptions->errorHandler(2, 'Undefined array key "standar_harga_jual"', 'E:\\XAMPP\\htdocs\\toko_sukses_bersama\\app\\Controllers\\Admin\\PenjualanController.php', 122)
 2 SYSTEMPATH\CodeIgniter.php(933): App\Controllers\Admin\PenjualanController->getTipeBarang()
 3 SYSTEMPATH\CodeIgniter.php(509): CodeIgniter\CodeIgniter->runController(Object(App\Controllers\Admin\PenjualanController))
 4 SYSTEMPATH\CodeIgniter.php(355): CodeIgniter\CodeIgniter->handleRequest(null, Object(Config\Cache), false)
 5 SYSTEMPATH\Boot.php(325): CodeIgniter\CodeIgniter->run()
 6 SYSTEMPATH\Boot.php(67): CodeIgniter\Boot::runCodeIgniter(Object(CodeIgniter\CodeIgniter))
 7 FCPATH\index.php(56): CodeIgniter\Boot::bootWeb(Object(Config\Paths))
 8 SYSTEMPATH\rewrite.php(44): require_once('E:\\XAMPP\\htdocs\\toko_sukses_bersama\\public\\index.php')
CRITICAL - 2024-11-12 19:12:39 --> ErrorException: Undefined array key "standar_harga_jual"
[Method: GET, Route: admin/penjualan/getTipeBarang]
in APPPATH\Controllers\Admin\PenjualanController.php on line 122.
 1 APPPATH\Controllers\Admin\PenjualanController.php(122): CodeIgniter\Debug\Exceptions->errorHandler(2, 'Undefined array key "standar_harga_jual"', 'E:\\XAMPP\\htdocs\\toko_sukses_bersama\\app\\Controllers\\Admin\\PenjualanController.php', 122)
 2 SYSTEMPATH\CodeIgniter.php(933): App\Controllers\Admin\PenjualanController->getTipeBarang()
 3 SYSTEMPATH\CodeIgniter.php(509): CodeIgniter\CodeIgniter->runController(Object(App\Controllers\Admin\PenjualanController))
 4 SYSTEMPATH\CodeIgniter.php(355): CodeIgniter\CodeIgniter->handleRequest(null, Object(Config\Cache), false)
 5 SYSTEMPATH\Boot.php(325): CodeIgniter\CodeIgniter->run()
 6 SYSTEMPATH\Boot.php(67): CodeIgniter\Boot::runCodeIgniter(Object(CodeIgniter\CodeIgniter))
 7 FCPATH\index.php(56): CodeIgniter\Boot::bootWeb(Object(Config\Paths))
 8 SYSTEMPATH\rewrite.php(44): require_once('E:\\XAMPP\\htdocs\\toko_sukses_bersama\\public\\index.php')
CRITICAL - 2024-11-12 19:13:31 --> ErrorException: Undefined array key "standar_harga_jual"
[Method: GET, Route: admin/penjualan/getTipeBarang]
in APPPATH\Controllers\Admin\PenjualanController.php on line 122.
 1 APPPATH\Controllers\Admin\PenjualanController.php(122): CodeIgniter\Debug\Exceptions->errorHandler(2, 'Undefined array key "standar_harga_jual"', 'E:\\XAMPP\\htdocs\\toko_sukses_bersama\\app\\Controllers\\Admin\\PenjualanController.php', 122)
 2 SYSTEMPATH\CodeIgniter.php(933): App\Controllers\Admin\PenjualanController->getTipeBarang()
 3 SYSTEMPATH\CodeIgniter.php(509): CodeIgniter\CodeIgniter->runController(Object(App\Controllers\Admin\PenjualanController))
 4 SYSTEMPATH\CodeIgniter.php(355): CodeIgniter\CodeIgniter->handleRequest(null, Object(Config\Cache), false)
 5 SYSTEMPATH\Boot.php(325): CodeIgniter\CodeIgniter->run()
 6 SYSTEMPATH\Boot.php(67): CodeIgniter\Boot::runCodeIgniter(Object(CodeIgniter\CodeIgniter))
 7 FCPATH\index.php(56): CodeIgniter\Boot::bootWeb(Object(Config\Paths))
 8 SYSTEMPATH\rewrite.php(44): require_once('E:\\XAMPP\\htdocs\\toko_sukses_bersama\\public\\index.php')
CRITICAL - 2024-11-12 20:39:22 --> ErrorException: Undefined variable $tipeBarangList
[Method: GET, Route: admin/barang]
in APPPATH\Views\pages\admin\barang\modal.php on line 61.
 1 APPPATH\Views\pages\admin\barang\modal.php(61): CodeIgniter\Debug\Exceptions->errorHandler(2, 'Undefined variable $tipeBarangList', 'E:\\XAMPP\\htdocs\\toko_sukses_bersama\\app\\Views\\pages\\admin\\barang\\modal.php', 61)
 2 SYSTEMPATH\View\View.php(234): include('E:\\XAMPP\\htdocs\\toko_sukses_bersama\\app\\Views\\pages\\admin\\barang\\modal.php')
 3 SYSTEMPATH\View\View.php(237): CodeIgniter\View\View->CodeIgniter\View\{closure}()
 4 SYSTEMPATH\Common.php(1171): CodeIgniter\View\View->render('pages/admin/barang/modal', [], true)
 5 APPPATH\Views\pages\admin\barang\list.php(108): view('pages/admin/barang/modal')
 6 SYSTEMPATH\View\View.php(234): include('E:\\XAMPP\\htdocs\\toko_sukses_bersama\\app\\Views\\pages\\admin\\barang\\list.php')
 7 SYSTEMPATH\View\View.php(237): CodeIgniter\View\View->CodeIgniter\View\{closure}()
 8 SYSTEMPATH\Common.php(1171): CodeIgniter\View\View->render('pages/admin/barang/list', [], true)
 9 APPPATH\Controllers\Admin\BarangController.php(27): view('pages/admin/barang/list', [...])
10 SYSTEMPATH\CodeIgniter.php(933): App\Controllers\Admin\BarangController->list()
11 SYSTEMPATH\CodeIgniter.php(509): CodeIgniter\CodeIgniter->runController(Object(App\Controllers\Admin\BarangController))
12 SYSTEMPATH\CodeIgniter.php(355): CodeIgniter\CodeIgniter->handleRequest(null, Object(Config\Cache), false)
13 SYSTEMPATH\Boot.php(325): CodeIgniter\CodeIgniter->run()
14 SYSTEMPATH\Boot.php(67): CodeIgniter\Boot::runCodeIgniter(Object(CodeIgniter\CodeIgniter))
15 FCPATH\index.php(56): CodeIgniter\Boot::bootWeb(Object(Config\Paths))
16 SYSTEMPATH\rewrite.php(44): require_once('E:\\XAMPP\\htdocs\\toko_sukses_bersama\\public\\index.php')
CRITICAL - 2024-11-12 21:08:25 --> ParseError: syntax error, unexpected identifier "view"
[Method: GET, Route: admin/barang]
in APPPATH\Controllers\Admin\BarangController.php on line 27.
 1 SYSTEMPATH\Autoloader\Autoloader.php(296): CodeIgniter\Autoloader\Autoloader->includeFile('E:\\XAMPP\\htdocs\\toko_sukses_bersama\\app\\Controllers\\Admin\\BarangController.php')
 2 SYSTEMPATH\Autoloader\Autoloader.php(272): CodeIgniter\Autoloader\Autoloader->loadInNamespace('App\\Controllers\\Admin\\BarangController')
 3 [internal function]: CodeIgniter\Autoloader\Autoloader->loadClass('App\\Controllers\\Admin\\BarangController')
 4 SYSTEMPATH\CodeIgniter.php(887): class_exists('\\App\\Controllers\\Admin\\BarangController', true)
 5 SYSTEMPATH\CodeIgniter.php(496): CodeIgniter\CodeIgniter->startController()
 6 SYSTEMPATH\CodeIgniter.php(355): CodeIgniter\CodeIgniter->handleRequest(null, Object(Config\Cache), false)
 7 SYSTEMPATH\Boot.php(325): CodeIgniter\CodeIgniter->run()
 8 SYSTEMPATH\Boot.php(67): CodeIgniter\Boot::runCodeIgniter(Object(CodeIgniter\CodeIgniter))
 9 FCPATH\index.php(56): CodeIgniter\Boot::bootWeb(Object(Config\Paths))
10 SYSTEMPATH\rewrite.php(44): require_once('E:\\XAMPP\\htdocs\\toko_sukses_bersama\\public\\index.php')
