CRITICAL - 2024-10-20 07:36:35 --> ParseError: syntax error, unexpected token "private", expecting "," or ";"
[Method: GET, Route: admin/penjualan]
in APPPATH\Controllers\Admin\PenjualanController.php on line 20.
 1 SYSTEMPATH\Autoloader\Autoloader.php(296): CodeIgniter\Autoloader\Autoloader->includeFile('E:\\XAMPP\\htdocs\\toko_sukses_bersama\\app\\Controllers\\Admin\\PenjualanController.php')
 2 SYSTEMPATH\Autoloader\Autoloader.php(272): CodeIgniter\Autoloader\Autoloader->loadInNamespace('App\\Controllers\\Admin\\PenjualanController')
 3 [internal function]: CodeIgniter\Autoloader\Autoloader->loadClass('App\\Controllers\\Admin\\PenjualanController')
 4 SYSTEMPATH\CodeIgniter.php(887): class_exists('\\App\\Controllers\\Admin\\PenjualanController', true)
 5 SYSTEMPATH\CodeIgniter.php(496): CodeIgniter\CodeIgniter->startController()
 6 SYSTEMPATH\CodeIgniter.php(355): CodeIgniter\CodeIgniter->handleRequest(null, Object(Config\Cache), false)
 7 SYSTEMPATH\Boot.php(325): CodeIgniter\CodeIgniter->run()
 8 SYSTEMPATH\Boot.php(67): CodeIgniter\Boot::runCodeIgniter(Object(CodeIgniter\CodeIgniter))
 9 FCPATH\index.php(56): CodeIgniter\Boot::bootWeb(Object(Config\Paths))
10 SYSTEMPATH\rewrite.php(44): require_once('E:\\XAMPP\\htdocs\\toko_sukses_bersama\\public\\index.php')
CRITICAL - 2024-10-20 07:37:47 --> ErrorException: Undefined variable $paymentMethods
[Method: GET, Route: admin/penjualan]
in APPPATH\Views\pages\admin\penjualan\modal.php on line 44.
 1 APPPATH\Views\pages\admin\penjualan\modal.php(44): CodeIgniter\Debug\Exceptions->errorHandler(2, 'Undefined variable $paymentMethods', 'E:\\XAMPP\\htdocs\\toko_sukses_bersama\\app\\Views\\pages\\admin\\penjualan\\modal.php', 44)
 2 SYSTEMPATH\View\View.php(234): include('E:\\XAMPP\\htdocs\\toko_sukses_bersama\\app\\Views\\pages\\admin\\penjualan\\modal.php')
 3 SYSTEMPATH\View\View.php(237): CodeIgniter\View\View->CodeIgniter\View\{closure}()
 4 SYSTEMPATH\Common.php(1171): CodeIgniter\View\View->render('pages/admin/penjualan/modal', [], true)
 5 APPPATH\Views\pages\admin\penjualan\list.php(49): view('pages/admin/penjualan/modal')
 6 SYSTEMPATH\View\View.php(234): include('E:\\XAMPP\\htdocs\\toko_sukses_bersama\\app\\Views\\pages\\admin\\penjualan\\list.php')
 7 SYSTEMPATH\View\View.php(237): CodeIgniter\View\View->CodeIgniter\View\{closure}()
 8 SYSTEMPATH\Common.php(1171): CodeIgniter\View\View->render('pages/admin/penjualan/list', [], true)
 9 APPPATH\Controllers\Admin\PenjualanController.php(43): view('pages/admin/penjualan/list', [...])
10 SYSTEMPATH\CodeIgniter.php(933): App\Controllers\Admin\PenjualanController->list()
11 SYSTEMPATH\CodeIgniter.php(509): CodeIgniter\CodeIgniter->runController(Object(App\Controllers\Admin\PenjualanController))
12 SYSTEMPATH\CodeIgniter.php(355): CodeIgniter\CodeIgniter->handleRequest(null, Object(Config\Cache), false)
13 SYSTEMPATH\Boot.php(325): CodeIgniter\CodeIgniter->run()
14 SYSTEMPATH\Boot.php(67): CodeIgniter\Boot::runCodeIgniter(Object(CodeIgniter\CodeIgniter))
15 FCPATH\index.php(56): CodeIgniter\Boot::bootWeb(Object(Config\Paths))
16 SYSTEMPATH\rewrite.php(44): require_once('E:\\XAMPP\\htdocs\\toko_sukses_bersama\\public\\index.php')
CRITICAL - 2024-10-20 07:51:49 --> ParseError: syntax error, unexpected token "private", expecting "," or ";"
[Method: GET, Route: admin/penjualan]
in APPPATH\Controllers\Admin\PenjualanController.php on line 20.
 1 SYSTEMPATH\Autoloader\Autoloader.php(296): CodeIgniter\Autoloader\Autoloader->includeFile('E:\\XAMPP\\htdocs\\toko_sukses_bersama\\app\\Controllers\\Admin\\PenjualanController.php')
 2 SYSTEMPATH\Autoloader\Autoloader.php(272): CodeIgniter\Autoloader\Autoloader->loadInNamespace('App\\Controllers\\Admin\\PenjualanController')
 3 [internal function]: CodeIgniter\Autoloader\Autoloader->loadClass('App\\Controllers\\Admin\\PenjualanController')
 4 SYSTEMPATH\CodeIgniter.php(887): class_exists('\\App\\Controllers\\Admin\\PenjualanController', true)
 5 SYSTEMPATH\CodeIgniter.php(496): CodeIgniter\CodeIgniter->startController()
 6 SYSTEMPATH\CodeIgniter.php(355): CodeIgniter\CodeIgniter->handleRequest(null, Object(Config\Cache), false)
 7 SYSTEMPATH\Boot.php(325): CodeIgniter\CodeIgniter->run()
 8 SYSTEMPATH\Boot.php(67): CodeIgniter\Boot::runCodeIgniter(Object(CodeIgniter\CodeIgniter))
 9 FCPATH\index.php(56): CodeIgniter\Boot::bootWeb(Object(Config\Paths))
10 SYSTEMPATH\rewrite.php(44): require_once('E:\\XAMPP\\htdocs\\toko_sukses_bersama\\public\\index.php')
ERROR - 2024-10-20 11:18:51 --> mysqli_sql_exception: Unknown column 'nama_customer' in 'where clause' in E:\XAMPP\htdocs\toko_sukses_bersama\system\Database\MySQLi\Connection.php:312
Stack trace:
#0 E:\XAMPP\htdocs\toko_sukses_bersama\system\Database\MySQLi\Connection.php(312): mysqli->query('SELECT *\nFROM `...', 0)
#1 E:\XAMPP\htdocs\toko_sukses_bersama\system\Database\BaseConnection.php(734): CodeIgniter\Database\MySQLi\Connection->execute('SELECT *\nFROM `...')
#2 E:\XAMPP\htdocs\toko_sukses_bersama\system\Database\BaseConnection.php(648): CodeIgniter\Database\BaseConnection->simpleQuery('SELECT *\nFROM `...')
#3 E:\XAMPP\htdocs\toko_sukses_bersama\system\Database\BaseBuilder.php(1644): CodeIgniter\Database\BaseConnection->query('SELECT *\nFROM `...', Array, false)
#4 E:\XAMPP\htdocs\toko_sukses_bersama\system\Model.php(330): CodeIgniter\Database\BaseBuilder->get()
#5 E:\XAMPP\htdocs\toko_sukses_bersama\system\BaseModel.php(714): CodeIgniter\Model->doFirst()
#6 E:\XAMPP\htdocs\toko_sukses_bersama\app\Controllers\Admin\PenjualanController.php(89): CodeIgniter\BaseModel->first()
#7 E:\XAMPP\htdocs\toko_sukses_bersama\app\Controllers\Admin\PenjualanController.php(58): App\Controllers\Admin\PenjualanController->getOrCreateCustomer('reza')
#8 E:\XAMPP\htdocs\toko_sukses_bersama\system\CodeIgniter.php(933): App\Controllers\Admin\PenjualanController->save()
#9 E:\XAMPP\htdocs\toko_sukses_bersama\system\CodeIgniter.php(509): CodeIgniter\CodeIgniter->runController(Object(App\Controllers\Admin\PenjualanController))
#10 E:\XAMPP\htdocs\toko_sukses_bersama\system\CodeIgniter.php(355): CodeIgniter\CodeIgniter->handleRequest(NULL, Object(Config\Cache), false)
#11 E:\XAMPP\htdocs\toko_sukses_bersama\system\Boot.php(325): CodeIgniter\CodeIgniter->run()
#12 E:\XAMPP\htdocs\toko_sukses_bersama\system\Boot.php(67): CodeIgniter\Boot::runCodeIgniter(Object(CodeIgniter\CodeIgniter))
#13 E:\XAMPP\htdocs\toko_sukses_bersama\public\index.php(56): CodeIgniter\Boot::bootWeb(Object(Config\Paths))
#14 E:\XAMPP\htdocs\toko_sukses_bersama\system\rewrite.php(44): require_once('E:\\XAMPP\\htdocs...')
#15 {main}
CRITICAL - 2024-10-20 11:18:51 --> Error: Call to a member function getFirstRow() on bool
[Method: POST, Route: admin/penjualan/save]
in SYSTEMPATH\Model.php on line 330.
 1 SYSTEMPATH\BaseModel.php(714): CodeIgniter\Model->doFirst()
 2 APPPATH\Controllers\Admin\PenjualanController.php(89): CodeIgniter\BaseModel->first()
 3 APPPATH\Controllers\Admin\PenjualanController.php(58): App\Controllers\Admin\PenjualanController->getOrCreateCustomer('reza')
 4 SYSTEMPATH\CodeIgniter.php(933): App\Controllers\Admin\PenjualanController->save()
 5 SYSTEMPATH\CodeIgniter.php(509): CodeIgniter\CodeIgniter->runController(Object(App\Controllers\Admin\PenjualanController))
 6 SYSTEMPATH\CodeIgniter.php(355): CodeIgniter\CodeIgniter->handleRequest(null, Object(Config\Cache), false)
 7 SYSTEMPATH\Boot.php(325): CodeIgniter\CodeIgniter->run()
 8 SYSTEMPATH\Boot.php(67): CodeIgniter\Boot::runCodeIgniter(Object(CodeIgniter\CodeIgniter))
 9 FCPATH\index.php(56): CodeIgniter\Boot::bootWeb(Object(Config\Paths))
10 SYSTEMPATH\rewrite.php(44): require_once('E:\\XAMPP\\htdocs\\toko_sukses_bersama\\public\\index.php')
ERROR - 2024-10-20 11:18:51 --> mysqli_sql_exception: Unknown column 'nama_customer' in 'where clause' in E:\XAMPP\htdocs\toko_sukses_bersama\system\Database\MySQLi\Connection.php:312
Stack trace:
#0 E:\XAMPP\htdocs\toko_sukses_bersama\system\Database\MySQLi\Connection.php(312): mysqli->query('SELECT *\nFROM `...', 0)
#1 E:\XAMPP\htdocs\toko_sukses_bersama\system\Database\BaseConnection.php(734): CodeIgniter\Database\MySQLi\Connection->execute('SELECT *\nFROM `...')
#2 E:\XAMPP\htdocs\toko_sukses_bersama\system\Database\BaseConnection.php(648): CodeIgniter\Database\BaseConnection->simpleQuery('SELECT *\nFROM `...')
#3 E:\XAMPP\htdocs\toko_sukses_bersama\system\Database\BaseBuilder.php(1644): CodeIgniter\Database\BaseConnection->query('SELECT *\nFROM `...', Array, false)
#4 E:\XAMPP\htdocs\toko_sukses_bersama\system\Model.php(330): CodeIgniter\Database\BaseBuilder->get()
#5 E:\XAMPP\htdocs\toko_sukses_bersama\system\BaseModel.php(714): CodeIgniter\Model->doFirst()
#6 E:\XAMPP\htdocs\toko_sukses_bersama\app\Controllers\Admin\PenjualanController.php(89): CodeIgniter\BaseModel->first()
#7 E:\XAMPP\htdocs\toko_sukses_bersama\app\Controllers\Admin\PenjualanController.php(58): App\Controllers\Admin\PenjualanController->getOrCreateCustomer('reza')
#8 E:\XAMPP\htdocs\toko_sukses_bersama\system\CodeIgniter.php(933): App\Controllers\Admin\PenjualanController->save()
#9 E:\XAMPP\htdocs\toko_sukses_bersama\system\CodeIgniter.php(509): CodeIgniter\CodeIgniter->runController(Object(App\Controllers\Admin\PenjualanController))
#10 E:\XAMPP\htdocs\toko_sukses_bersama\system\CodeIgniter.php(355): CodeIgniter\CodeIgniter->handleRequest(NULL, Object(Config\Cache), false)
#11 E:\XAMPP\htdocs\toko_sukses_bersama\system\Boot.php(325): CodeIgniter\CodeIgniter->run()
#12 E:\XAMPP\htdocs\toko_sukses_bersama\system\Boot.php(67): CodeIgniter\Boot::runCodeIgniter(Object(CodeIgniter\CodeIgniter))
#13 E:\XAMPP\htdocs\toko_sukses_bersama\public\index.php(56): CodeIgniter\Boot::bootWeb(Object(Config\Paths))
#14 E:\XAMPP\htdocs\toko_sukses_bersama\system\rewrite.php(44): require_once('E:\\XAMPP\\htdocs...')
#15 {main}
CRITICAL - 2024-10-20 11:18:51 --> Error: Call to a member function getFirstRow() on bool
[Method: POST, Route: admin/penjualan/save]
in SYSTEMPATH\Model.php on line 330.
 1 SYSTEMPATH\BaseModel.php(714): CodeIgniter\Model->doFirst()
 2 APPPATH\Controllers\Admin\PenjualanController.php(89): CodeIgniter\BaseModel->first()
 3 APPPATH\Controllers\Admin\PenjualanController.php(58): App\Controllers\Admin\PenjualanController->getOrCreateCustomer('reza')
 4 SYSTEMPATH\CodeIgniter.php(933): App\Controllers\Admin\PenjualanController->save()
 5 SYSTEMPATH\CodeIgniter.php(509): CodeIgniter\CodeIgniter->runController(Object(App\Controllers\Admin\PenjualanController))
 6 SYSTEMPATH\CodeIgniter.php(355): CodeIgniter\CodeIgniter->handleRequest(null, Object(Config\Cache), false)
 7 SYSTEMPATH\Boot.php(325): CodeIgniter\CodeIgniter->run()
 8 SYSTEMPATH\Boot.php(67): CodeIgniter\Boot::runCodeIgniter(Object(CodeIgniter\CodeIgniter))
 9 FCPATH\index.php(56): CodeIgniter\Boot::bootWeb(Object(Config\Paths))
10 SYSTEMPATH\rewrite.php(44): require_once('E:\\XAMPP\\htdocs\\toko_sukses_bersama\\public\\index.php')
ERROR - 2024-10-20 11:18:52 --> mysqli_sql_exception: Unknown column 'nama_customer' in 'where clause' in E:\XAMPP\htdocs\toko_sukses_bersama\system\Database\MySQLi\Connection.php:312
Stack trace:
#0 E:\XAMPP\htdocs\toko_sukses_bersama\system\Database\MySQLi\Connection.php(312): mysqli->query('SELECT *\nFROM `...', 0)
#1 E:\XAMPP\htdocs\toko_sukses_bersama\system\Database\BaseConnection.php(734): CodeIgniter\Database\MySQLi\Connection->execute('SELECT *\nFROM `...')
#2 E:\XAMPP\htdocs\toko_sukses_bersama\system\Database\BaseConnection.php(648): CodeIgniter\Database\BaseConnection->simpleQuery('SELECT *\nFROM `...')
#3 E:\XAMPP\htdocs\toko_sukses_bersama\system\Database\BaseBuilder.php(1644): CodeIgniter\Database\BaseConnection->query('SELECT *\nFROM `...', Array, false)
#4 E:\XAMPP\htdocs\toko_sukses_bersama\system\Model.php(330): CodeIgniter\Database\BaseBuilder->get()
#5 E:\XAMPP\htdocs\toko_sukses_bersama\system\BaseModel.php(714): CodeIgniter\Model->doFirst()
#6 E:\XAMPP\htdocs\toko_sukses_bersama\app\Controllers\Admin\PenjualanController.php(89): CodeIgniter\BaseModel->first()
#7 E:\XAMPP\htdocs\toko_sukses_bersama\app\Controllers\Admin\PenjualanController.php(58): App\Controllers\Admin\PenjualanController->getOrCreateCustomer('reza')
#8 E:\XAMPP\htdocs\toko_sukses_bersama\system\CodeIgniter.php(933): App\Controllers\Admin\PenjualanController->save()
#9 E:\XAMPP\htdocs\toko_sukses_bersama\system\CodeIgniter.php(509): CodeIgniter\CodeIgniter->runController(Object(App\Controllers\Admin\PenjualanController))
#10 E:\XAMPP\htdocs\toko_sukses_bersama\system\CodeIgniter.php(355): CodeIgniter\CodeIgniter->handleRequest(NULL, Object(Config\Cache), false)
#11 E:\XAMPP\htdocs\toko_sukses_bersama\system\Boot.php(325): CodeIgniter\CodeIgniter->run()
#12 E:\XAMPP\htdocs\toko_sukses_bersama\system\Boot.php(67): CodeIgniter\Boot::runCodeIgniter(Object(CodeIgniter\CodeIgniter))
#13 E:\XAMPP\htdocs\toko_sukses_bersama\public\index.php(56): CodeIgniter\Boot::bootWeb(Object(Config\Paths))
#14 E:\XAMPP\htdocs\toko_sukses_bersama\system\rewrite.php(44): require_once('E:\\XAMPP\\htdocs...')
#15 {main}
CRITICAL - 2024-10-20 11:18:52 --> Error: Call to a member function getFirstRow() on bool
[Method: POST, Route: admin/penjualan/save]
in SYSTEMPATH\Model.php on line 330.
 1 SYSTEMPATH\BaseModel.php(714): CodeIgniter\Model->doFirst()
 2 APPPATH\Controllers\Admin\PenjualanController.php(89): CodeIgniter\BaseModel->first()
 3 APPPATH\Controllers\Admin\PenjualanController.php(58): App\Controllers\Admin\PenjualanController->getOrCreateCustomer('reza')
 4 SYSTEMPATH\CodeIgniter.php(933): App\Controllers\Admin\PenjualanController->save()
 5 SYSTEMPATH\CodeIgniter.php(509): CodeIgniter\CodeIgniter->runController(Object(App\Controllers\Admin\PenjualanController))
 6 SYSTEMPATH\CodeIgniter.php(355): CodeIgniter\CodeIgniter->handleRequest(null, Object(Config\Cache), false)
 7 SYSTEMPATH\Boot.php(325): CodeIgniter\CodeIgniter->run()
 8 SYSTEMPATH\Boot.php(67): CodeIgniter\Boot::runCodeIgniter(Object(CodeIgniter\CodeIgniter))
 9 FCPATH\index.php(56): CodeIgniter\Boot::bootWeb(Object(Config\Paths))
10 SYSTEMPATH\rewrite.php(44): require_once('E:\\XAMPP\\htdocs\\toko_sukses_bersama\\public\\index.php')
ERROR - 2024-10-20 11:19:19 --> mysqli_sql_exception: Unknown column 'nama_customer' in 'where clause' in E:\XAMPP\htdocs\toko_sukses_bersama\system\Database\MySQLi\Connection.php:312
Stack trace:
#0 E:\XAMPP\htdocs\toko_sukses_bersama\system\Database\MySQLi\Connection.php(312): mysqli->query('SELECT *\nFROM `...', 0)
#1 E:\XAMPP\htdocs\toko_sukses_bersama\system\Database\BaseConnection.php(734): CodeIgniter\Database\MySQLi\Connection->execute('SELECT *\nFROM `...')
#2 E:\XAMPP\htdocs\toko_sukses_bersama\system\Database\BaseConnection.php(648): CodeIgniter\Database\BaseConnection->simpleQuery('SELECT *\nFROM `...')
#3 E:\XAMPP\htdocs\toko_sukses_bersama\system\Database\BaseBuilder.php(1644): CodeIgniter\Database\BaseConnection->query('SELECT *\nFROM `...', Array, false)
#4 E:\XAMPP\htdocs\toko_sukses_bersama\system\Model.php(330): CodeIgniter\Database\BaseBuilder->get()
#5 E:\XAMPP\htdocs\toko_sukses_bersama\system\BaseModel.php(714): CodeIgniter\Model->doFirst()
#6 E:\XAMPP\htdocs\toko_sukses_bersama\app\Controllers\Admin\PenjualanController.php(89): CodeIgniter\BaseModel->first()
#7 E:\XAMPP\htdocs\toko_sukses_bersama\app\Controllers\Admin\PenjualanController.php(58): App\Controllers\Admin\PenjualanController->getOrCreateCustomer('reza')
#8 E:\XAMPP\htdocs\toko_sukses_bersama\system\CodeIgniter.php(933): App\Controllers\Admin\PenjualanController->save()
#9 E:\XAMPP\htdocs\toko_sukses_bersama\system\CodeIgniter.php(509): CodeIgniter\CodeIgniter->runController(Object(App\Controllers\Admin\PenjualanController))
#10 E:\XAMPP\htdocs\toko_sukses_bersama\system\CodeIgniter.php(355): CodeIgniter\CodeIgniter->handleRequest(NULL, Object(Config\Cache), false)
#11 E:\XAMPP\htdocs\toko_sukses_bersama\system\Boot.php(325): CodeIgniter\CodeIgniter->run()
#12 E:\XAMPP\htdocs\toko_sukses_bersama\system\Boot.php(67): CodeIgniter\Boot::runCodeIgniter(Object(CodeIgniter\CodeIgniter))
#13 E:\XAMPP\htdocs\toko_sukses_bersama\public\index.php(56): CodeIgniter\Boot::bootWeb(Object(Config\Paths))
#14 E:\XAMPP\htdocs\toko_sukses_bersama\system\rewrite.php(44): require_once('E:\\XAMPP\\htdocs...')
#15 {main}
CRITICAL - 2024-10-20 11:19:19 --> Error: Call to a member function getFirstRow() on bool
[Method: POST, Route: admin/penjualan/save]
in SYSTEMPATH\Model.php on line 330.
 1 SYSTEMPATH\BaseModel.php(714): CodeIgniter\Model->doFirst()
 2 APPPATH\Controllers\Admin\PenjualanController.php(89): CodeIgniter\BaseModel->first()
 3 APPPATH\Controllers\Admin\PenjualanController.php(58): App\Controllers\Admin\PenjualanController->getOrCreateCustomer('reza')
 4 SYSTEMPATH\CodeIgniter.php(933): App\Controllers\Admin\PenjualanController->save()
 5 SYSTEMPATH\CodeIgniter.php(509): CodeIgniter\CodeIgniter->runController(Object(App\Controllers\Admin\PenjualanController))
 6 SYSTEMPATH\CodeIgniter.php(355): CodeIgniter\CodeIgniter->handleRequest(null, Object(Config\Cache), false)
 7 SYSTEMPATH\Boot.php(325): CodeIgniter\CodeIgniter->run()
 8 SYSTEMPATH\Boot.php(67): CodeIgniter\Boot::runCodeIgniter(Object(CodeIgniter\CodeIgniter))
 9 FCPATH\index.php(56): CodeIgniter\Boot::bootWeb(Object(Config\Paths))
10 SYSTEMPATH\rewrite.php(44): require_once('E:\\XAMPP\\htdocs\\toko_sukses_bersama\\public\\index.php')
ERROR - 2024-10-20 11:20:08 --> mysqli_sql_exception: Unknown column 'nama_customer' in 'where clause' in E:\XAMPP\htdocs\toko_sukses_bersama\system\Database\MySQLi\Connection.php:312
Stack trace:
#0 E:\XAMPP\htdocs\toko_sukses_bersama\system\Database\MySQLi\Connection.php(312): mysqli->query('SELECT *\nFROM `...', 0)
#1 E:\XAMPP\htdocs\toko_sukses_bersama\system\Database\BaseConnection.php(734): CodeIgniter\Database\MySQLi\Connection->execute('SELECT *\nFROM `...')
#2 E:\XAMPP\htdocs\toko_sukses_bersama\system\Database\BaseConnection.php(648): CodeIgniter\Database\BaseConnection->simpleQuery('SELECT *\nFROM `...')
#3 E:\XAMPP\htdocs\toko_sukses_bersama\system\Database\BaseBuilder.php(1644): CodeIgniter\Database\BaseConnection->query('SELECT *\nFROM `...', Array, false)
#4 E:\XAMPP\htdocs\toko_sukses_bersama\system\Model.php(330): CodeIgniter\Database\BaseBuilder->get()
#5 E:\XAMPP\htdocs\toko_sukses_bersama\system\BaseModel.php(714): CodeIgniter\Model->doFirst()
#6 E:\XAMPP\htdocs\toko_sukses_bersama\app\Controllers\Admin\PenjualanController.php(89): CodeIgniter\BaseModel->first()
#7 E:\XAMPP\htdocs\toko_sukses_bersama\app\Controllers\Admin\PenjualanController.php(58): App\Controllers\Admin\PenjualanController->getOrCreateCustomer('reza')
#8 E:\XAMPP\htdocs\toko_sukses_bersama\system\CodeIgniter.php(933): App\Controllers\Admin\PenjualanController->save()
#9 E:\XAMPP\htdocs\toko_sukses_bersama\system\CodeIgniter.php(509): CodeIgniter\CodeIgniter->runController(Object(App\Controllers\Admin\PenjualanController))
#10 E:\XAMPP\htdocs\toko_sukses_bersama\system\CodeIgniter.php(355): CodeIgniter\CodeIgniter->handleRequest(NULL, Object(Config\Cache), false)
#11 E:\XAMPP\htdocs\toko_sukses_bersama\system\Boot.php(325): CodeIgniter\CodeIgniter->run()
#12 E:\XAMPP\htdocs\toko_sukses_bersama\system\Boot.php(67): CodeIgniter\Boot::runCodeIgniter(Object(CodeIgniter\CodeIgniter))
#13 E:\XAMPP\htdocs\toko_sukses_bersama\public\index.php(56): CodeIgniter\Boot::bootWeb(Object(Config\Paths))
#14 E:\XAMPP\htdocs\toko_sukses_bersama\system\rewrite.php(44): require_once('E:\\XAMPP\\htdocs...')
#15 {main}
CRITICAL - 2024-10-20 11:20:08 --> Error: Call to a member function getFirstRow() on bool
[Method: POST, Route: admin/penjualan/save]
in SYSTEMPATH\Model.php on line 330.
 1 SYSTEMPATH\BaseModel.php(714): CodeIgniter\Model->doFirst()
 2 APPPATH\Controllers\Admin\PenjualanController.php(89): CodeIgniter\BaseModel->first()
 3 APPPATH\Controllers\Admin\PenjualanController.php(58): App\Controllers\Admin\PenjualanController->getOrCreateCustomer('reza')
 4 SYSTEMPATH\CodeIgniter.php(933): App\Controllers\Admin\PenjualanController->save()
 5 SYSTEMPATH\CodeIgniter.php(509): CodeIgniter\CodeIgniter->runController(Object(App\Controllers\Admin\PenjualanController))
 6 SYSTEMPATH\CodeIgniter.php(355): CodeIgniter\CodeIgniter->handleRequest(null, Object(Config\Cache), false)
 7 SYSTEMPATH\Boot.php(325): CodeIgniter\CodeIgniter->run()
 8 SYSTEMPATH\Boot.php(67): CodeIgniter\Boot::runCodeIgniter(Object(CodeIgniter\CodeIgniter))
 9 FCPATH\index.php(56): CodeIgniter\Boot::bootWeb(Object(Config\Paths))
10 SYSTEMPATH\rewrite.php(44): require_once('E:\\XAMPP\\htdocs\\toko_sukses_bersama\\public\\index.php')
ERROR - 2024-10-20 11:27:19 --> mysqli_sql_exception: Unknown column 'nama_customer' in 'where clause' in E:\XAMPP\htdocs\toko_sukses_bersama\system\Database\MySQLi\Connection.php:312
Stack trace:
#0 E:\XAMPP\htdocs\toko_sukses_bersama\system\Database\MySQLi\Connection.php(312): mysqli->query('SELECT *\nFROM `...', 0)
#1 E:\XAMPP\htdocs\toko_sukses_bersama\system\Database\BaseConnection.php(734): CodeIgniter\Database\MySQLi\Connection->execute('SELECT *\nFROM `...')
#2 E:\XAMPP\htdocs\toko_sukses_bersama\system\Database\BaseConnection.php(648): CodeIgniter\Database\BaseConnection->simpleQuery('SELECT *\nFROM `...')
#3 E:\XAMPP\htdocs\toko_sukses_bersama\system\Database\BaseBuilder.php(1644): CodeIgniter\Database\BaseConnection->query('SELECT *\nFROM `...', Array, false)
#4 E:\XAMPP\htdocs\toko_sukses_bersama\system\Model.php(330): CodeIgniter\Database\BaseBuilder->get()
#5 E:\XAMPP\htdocs\toko_sukses_bersama\system\BaseModel.php(714): CodeIgniter\Model->doFirst()
#6 E:\XAMPP\htdocs\toko_sukses_bersama\app\Controllers\Admin\PenjualanController.php(89): CodeIgniter\BaseModel->first()
#7 E:\XAMPP\htdocs\toko_sukses_bersama\app\Controllers\Admin\PenjualanController.php(58): App\Controllers\Admin\PenjualanController->getOrCreateCustomer('reza')
#8 E:\XAMPP\htdocs\toko_sukses_bersama\system\CodeIgniter.php(933): App\Controllers\Admin\PenjualanController->save()
#9 E:\XAMPP\htdocs\toko_sukses_bersama\system\CodeIgniter.php(509): CodeIgniter\CodeIgniter->runController(Object(App\Controllers\Admin\PenjualanController))
#10 E:\XAMPP\htdocs\toko_sukses_bersama\system\CodeIgniter.php(355): CodeIgniter\CodeIgniter->handleRequest(NULL, Object(Config\Cache), false)
#11 E:\XAMPP\htdocs\toko_sukses_bersama\system\Boot.php(325): CodeIgniter\CodeIgniter->run()
#12 E:\XAMPP\htdocs\toko_sukses_bersama\system\Boot.php(67): CodeIgniter\Boot::runCodeIgniter(Object(CodeIgniter\CodeIgniter))
#13 E:\XAMPP\htdocs\toko_sukses_bersama\public\index.php(56): CodeIgniter\Boot::bootWeb(Object(Config\Paths))
#14 E:\XAMPP\htdocs\toko_sukses_bersama\system\rewrite.php(44): require_once('E:\\XAMPP\\htdocs...')
#15 {main}
CRITICAL - 2024-10-20 11:27:19 --> Error: Call to a member function getFirstRow() on bool
[Method: POST, Route: admin/penjualan/save]
in SYSTEMPATH\Model.php on line 330.
 1 SYSTEMPATH\BaseModel.php(714): CodeIgniter\Model->doFirst()
 2 APPPATH\Controllers\Admin\PenjualanController.php(89): CodeIgniter\BaseModel->first()
 3 APPPATH\Controllers\Admin\PenjualanController.php(58): App\Controllers\Admin\PenjualanController->getOrCreateCustomer('reza')
 4 SYSTEMPATH\CodeIgniter.php(933): App\Controllers\Admin\PenjualanController->save()
 5 SYSTEMPATH\CodeIgniter.php(509): CodeIgniter\CodeIgniter->runController(Object(App\Controllers\Admin\PenjualanController))
 6 SYSTEMPATH\CodeIgniter.php(355): CodeIgniter\CodeIgniter->handleRequest(null, Object(Config\Cache), false)
 7 SYSTEMPATH\Boot.php(325): CodeIgniter\CodeIgniter->run()
 8 SYSTEMPATH\Boot.php(67): CodeIgniter\Boot::runCodeIgniter(Object(CodeIgniter\CodeIgniter))
 9 FCPATH\index.php(56): CodeIgniter\Boot::bootWeb(Object(Config\Paths))
10 SYSTEMPATH\rewrite.php(44): require_once('E:\\XAMPP\\htdocs\\toko_sukses_bersama\\public\\index.php')
ERROR - 2024-10-20 11:35:44 --> mysqli_sql_exception: Unknown column 'nama_customer' in 'where clause' in E:\XAMPP\htdocs\toko_sukses_bersama\system\Database\MySQLi\Connection.php:312
Stack trace:
#0 E:\XAMPP\htdocs\toko_sukses_bersama\system\Database\MySQLi\Connection.php(312): mysqli->query('SELECT *\nFROM `...', 0)
#1 E:\XAMPP\htdocs\toko_sukses_bersama\system\Database\BaseConnection.php(734): CodeIgniter\Database\MySQLi\Connection->execute('SELECT *\nFROM `...')
#2 E:\XAMPP\htdocs\toko_sukses_bersama\system\Database\BaseConnection.php(648): CodeIgniter\Database\BaseConnection->simpleQuery('SELECT *\nFROM `...')
#3 E:\XAMPP\htdocs\toko_sukses_bersama\system\Database\BaseBuilder.php(1644): CodeIgniter\Database\BaseConnection->query('SELECT *\nFROM `...', Array, false)
#4 E:\XAMPP\htdocs\toko_sukses_bersama\system\Model.php(330): CodeIgniter\Database\BaseBuilder->get()
#5 E:\XAMPP\htdocs\toko_sukses_bersama\system\BaseModel.php(714): CodeIgniter\Model->doFirst()
#6 E:\XAMPP\htdocs\toko_sukses_bersama\app\Controllers\Admin\PenjualanController.php(107): CodeIgniter\BaseModel->first()
#7 E:\XAMPP\htdocs\toko_sukses_bersama\app\Controllers\Admin\PenjualanController.php(58): App\Controllers\Admin\PenjualanController->getOrCreateCustomer('reza')
#8 E:\XAMPP\htdocs\toko_sukses_bersama\system\CodeIgniter.php(933): App\Controllers\Admin\PenjualanController->save()
#9 E:\XAMPP\htdocs\toko_sukses_bersama\system\CodeIgniter.php(509): CodeIgniter\CodeIgniter->runController(Object(App\Controllers\Admin\PenjualanController))
#10 E:\XAMPP\htdocs\toko_sukses_bersama\system\CodeIgniter.php(355): CodeIgniter\CodeIgniter->handleRequest(NULL, Object(Config\Cache), false)
#11 E:\XAMPP\htdocs\toko_sukses_bersama\system\Boot.php(325): CodeIgniter\CodeIgniter->run()
#12 E:\XAMPP\htdocs\toko_sukses_bersama\system\Boot.php(67): CodeIgniter\Boot::runCodeIgniter(Object(CodeIgniter\CodeIgniter))
#13 E:\XAMPP\htdocs\toko_sukses_bersama\public\index.php(56): CodeIgniter\Boot::bootWeb(Object(Config\Paths))
#14 E:\XAMPP\htdocs\toko_sukses_bersama\system\rewrite.php(44): require_once('E:\\XAMPP\\htdocs...')
#15 {main}
CRITICAL - 2024-10-20 11:35:44 --> Error: Call to a member function getFirstRow() on bool
[Method: POST, Route: admin/penjualan/save]
in SYSTEMPATH\Model.php on line 330.
 1 SYSTEMPATH\BaseModel.php(714): CodeIgniter\Model->doFirst()
 2 APPPATH\Controllers\Admin\PenjualanController.php(107): CodeIgniter\BaseModel->first()
 3 APPPATH\Controllers\Admin\PenjualanController.php(58): App\Controllers\Admin\PenjualanController->getOrCreateCustomer('reza')
 4 SYSTEMPATH\CodeIgniter.php(933): App\Controllers\Admin\PenjualanController->save()
 5 SYSTEMPATH\CodeIgniter.php(509): CodeIgniter\CodeIgniter->runController(Object(App\Controllers\Admin\PenjualanController))
 6 SYSTEMPATH\CodeIgniter.php(355): CodeIgniter\CodeIgniter->handleRequest(null, Object(Config\Cache), false)
 7 SYSTEMPATH\Boot.php(325): CodeIgniter\CodeIgniter->run()
 8 SYSTEMPATH\Boot.php(67): CodeIgniter\Boot::runCodeIgniter(Object(CodeIgniter\CodeIgniter))
 9 FCPATH\index.php(56): CodeIgniter\Boot::bootWeb(Object(Config\Paths))
10 SYSTEMPATH\rewrite.php(44): require_once('E:\\XAMPP\\htdocs\\toko_sukses_bersama\\public\\index.php')
ERROR - 2024-10-20 11:38:22 --> mysqli_sql_exception: Unknown column 'nama_customer' in 'where clause' in E:\XAMPP\htdocs\toko_sukses_bersama\system\Database\MySQLi\Connection.php:312
Stack trace:
#0 E:\XAMPP\htdocs\toko_sukses_bersama\system\Database\MySQLi\Connection.php(312): mysqli->query('SELECT *\nFROM `...', 0)
#1 E:\XAMPP\htdocs\toko_sukses_bersama\system\Database\BaseConnection.php(734): CodeIgniter\Database\MySQLi\Connection->execute('SELECT *\nFROM `...')
#2 E:\XAMPP\htdocs\toko_sukses_bersama\system\Database\BaseConnection.php(648): CodeIgniter\Database\BaseConnection->simpleQuery('SELECT *\nFROM `...')
#3 E:\XAMPP\htdocs\toko_sukses_bersama\system\Database\BaseBuilder.php(1644): CodeIgniter\Database\BaseConnection->query('SELECT *\nFROM `...', Array, false)
#4 E:\XAMPP\htdocs\toko_sukses_bersama\system\Model.php(330): CodeIgniter\Database\BaseBuilder->get()
#5 E:\XAMPP\htdocs\toko_sukses_bersama\system\BaseModel.php(714): CodeIgniter\Model->doFirst()
#6 E:\XAMPP\htdocs\toko_sukses_bersama\app\Controllers\Admin\PenjualanController.php(107): CodeIgniter\BaseModel->first()
#7 E:\XAMPP\htdocs\toko_sukses_bersama\app\Controllers\Admin\PenjualanController.php(58): App\Controllers\Admin\PenjualanController->getOrCreateCustomer('reza')
#8 E:\XAMPP\htdocs\toko_sukses_bersama\system\CodeIgniter.php(933): App\Controllers\Admin\PenjualanController->save()
#9 E:\XAMPP\htdocs\toko_sukses_bersama\system\CodeIgniter.php(509): CodeIgniter\CodeIgniter->runController(Object(App\Controllers\Admin\PenjualanController))
#10 E:\XAMPP\htdocs\toko_sukses_bersama\system\CodeIgniter.php(355): CodeIgniter\CodeIgniter->handleRequest(NULL, Object(Config\Cache), false)
#11 E:\XAMPP\htdocs\toko_sukses_bersama\system\Boot.php(325): CodeIgniter\CodeIgniter->run()
#12 E:\XAMPP\htdocs\toko_sukses_bersama\system\Boot.php(67): CodeIgniter\Boot::runCodeIgniter(Object(CodeIgniter\CodeIgniter))
#13 E:\XAMPP\htdocs\toko_sukses_bersama\public\index.php(56): CodeIgniter\Boot::bootWeb(Object(Config\Paths))
#14 E:\XAMPP\htdocs\toko_sukses_bersama\system\rewrite.php(44): require_once('E:\\XAMPP\\htdocs...')
#15 {main}
CRITICAL - 2024-10-20 11:38:22 --> Error: Call to a member function getFirstRow() on bool
[Method: POST, Route: admin/penjualan/save]
in SYSTEMPATH\Model.php on line 330.
 1 SYSTEMPATH\BaseModel.php(714): CodeIgniter\Model->doFirst()
 2 APPPATH\Controllers\Admin\PenjualanController.php(107): CodeIgniter\BaseModel->first()
 3 APPPATH\Controllers\Admin\PenjualanController.php(58): App\Controllers\Admin\PenjualanController->getOrCreateCustomer('reza')
 4 SYSTEMPATH\CodeIgniter.php(933): App\Controllers\Admin\PenjualanController->save()
 5 SYSTEMPATH\CodeIgniter.php(509): CodeIgniter\CodeIgniter->runController(Object(App\Controllers\Admin\PenjualanController))
 6 SYSTEMPATH\CodeIgniter.php(355): CodeIgniter\CodeIgniter->handleRequest(null, Object(Config\Cache), false)
 7 SYSTEMPATH\Boot.php(325): CodeIgniter\CodeIgniter->run()
 8 SYSTEMPATH\Boot.php(67): CodeIgniter\Boot::runCodeIgniter(Object(CodeIgniter\CodeIgniter))
 9 FCPATH\index.php(56): CodeIgniter\Boot::bootWeb(Object(Config\Paths))
10 SYSTEMPATH\rewrite.php(44): require_once('E:\\XAMPP\\htdocs\\toko_sukses_bersama\\public\\index.php')
ERROR - 2024-10-20 11:38:47 --> mysqli_sql_exception: Unknown column 'nama_customer' in 'where clause' in E:\XAMPP\htdocs\toko_sukses_bersama\system\Database\MySQLi\Connection.php:312
Stack trace:
#0 E:\XAMPP\htdocs\toko_sukses_bersama\system\Database\MySQLi\Connection.php(312): mysqli->query('SELECT *\nFROM `...', 0)
#1 E:\XAMPP\htdocs\toko_sukses_bersama\system\Database\BaseConnection.php(734): CodeIgniter\Database\MySQLi\Connection->execute('SELECT *\nFROM `...')
#2 E:\XAMPP\htdocs\toko_sukses_bersama\system\Database\BaseConnection.php(648): CodeIgniter\Database\BaseConnection->simpleQuery('SELECT *\nFROM `...')
#3 E:\XAMPP\htdocs\toko_sukses_bersama\system\Database\BaseBuilder.php(1644): CodeIgniter\Database\BaseConnection->query('SELECT *\nFROM `...', Array, false)
#4 E:\XAMPP\htdocs\toko_sukses_bersama\system\Model.php(330): CodeIgniter\Database\BaseBuilder->get()
#5 E:\XAMPP\htdocs\toko_sukses_bersama\system\BaseModel.php(714): CodeIgniter\Model->doFirst()
#6 E:\XAMPP\htdocs\toko_sukses_bersama\app\Controllers\Admin\PenjualanController.php(107): CodeIgniter\BaseModel->first()
#7 E:\XAMPP\htdocs\toko_sukses_bersama\app\Controllers\Admin\PenjualanController.php(58): App\Controllers\Admin\PenjualanController->getOrCreateCustomer('reza')
#8 E:\XAMPP\htdocs\toko_sukses_bersama\system\CodeIgniter.php(933): App\Controllers\Admin\PenjualanController->save()
#9 E:\XAMPP\htdocs\toko_sukses_bersama\system\CodeIgniter.php(509): CodeIgniter\CodeIgniter->runController(Object(App\Controllers\Admin\PenjualanController))
#10 E:\XAMPP\htdocs\toko_sukses_bersama\system\CodeIgniter.php(355): CodeIgniter\CodeIgniter->handleRequest(NULL, Object(Config\Cache), false)
#11 E:\XAMPP\htdocs\toko_sukses_bersama\system\Boot.php(325): CodeIgniter\CodeIgniter->run()
#12 E:\XAMPP\htdocs\toko_sukses_bersama\system\Boot.php(67): CodeIgniter\Boot::runCodeIgniter(Object(CodeIgniter\CodeIgniter))
#13 E:\XAMPP\htdocs\toko_sukses_bersama\public\index.php(56): CodeIgniter\Boot::bootWeb(Object(Config\Paths))
#14 E:\XAMPP\htdocs\toko_sukses_bersama\system\rewrite.php(44): require_once('E:\\XAMPP\\htdocs...')
#15 {main}
CRITICAL - 2024-10-20 11:38:47 --> Error: Call to a member function getFirstRow() on bool
[Method: POST, Route: admin/penjualan/save]
in SYSTEMPATH\Model.php on line 330.
 1 SYSTEMPATH\BaseModel.php(714): CodeIgniter\Model->doFirst()
 2 APPPATH\Controllers\Admin\PenjualanController.php(107): CodeIgniter\BaseModel->first()
 3 APPPATH\Controllers\Admin\PenjualanController.php(58): App\Controllers\Admin\PenjualanController->getOrCreateCustomer('reza')
 4 SYSTEMPATH\CodeIgniter.php(933): App\Controllers\Admin\PenjualanController->save()
 5 SYSTEMPATH\CodeIgniter.php(509): CodeIgniter\CodeIgniter->runController(Object(App\Controllers\Admin\PenjualanController))
 6 SYSTEMPATH\CodeIgniter.php(355): CodeIgniter\CodeIgniter->handleRequest(null, Object(Config\Cache), false)
 7 SYSTEMPATH\Boot.php(325): CodeIgniter\CodeIgniter->run()
 8 SYSTEMPATH\Boot.php(67): CodeIgniter\Boot::runCodeIgniter(Object(CodeIgniter\CodeIgniter))
 9 FCPATH\index.php(56): CodeIgniter\Boot::bootWeb(Object(Config\Paths))
10 SYSTEMPATH\rewrite.php(44): require_once('E:\\XAMPP\\htdocs\\toko_sukses_bersama\\public\\index.php')
ERROR - 2024-10-20 11:59:50 --> mysqli_sql_exception: Unknown column 'nama_customer' in 'where clause' in E:\XAMPP\htdocs\toko_sukses_bersama\system\Database\MySQLi\Connection.php:312
Stack trace:
#0 E:\XAMPP\htdocs\toko_sukses_bersama\system\Database\MySQLi\Connection.php(312): mysqli->query('SELECT *\nFROM `...', 0)
#1 E:\XAMPP\htdocs\toko_sukses_bersama\system\Database\BaseConnection.php(734): CodeIgniter\Database\MySQLi\Connection->execute('SELECT *\nFROM `...')
#2 E:\XAMPP\htdocs\toko_sukses_bersama\system\Database\BaseConnection.php(648): CodeIgniter\Database\BaseConnection->simpleQuery('SELECT *\nFROM `...')
#3 E:\XAMPP\htdocs\toko_sukses_bersama\system\Database\BaseBuilder.php(1644): CodeIgniter\Database\BaseConnection->query('SELECT *\nFROM `...', Array, false)
#4 E:\XAMPP\htdocs\toko_sukses_bersama\system\Model.php(330): CodeIgniter\Database\BaseBuilder->get()
#5 E:\XAMPP\htdocs\toko_sukses_bersama\system\BaseModel.php(714): CodeIgniter\Model->doFirst()
#6 E:\XAMPP\htdocs\toko_sukses_bersama\app\Controllers\Admin\PenjualanController.php(107): CodeIgniter\BaseModel->first()
#7 E:\XAMPP\htdocs\toko_sukses_bersama\app\Controllers\Admin\PenjualanController.php(58): App\Controllers\Admin\PenjualanController->getOrCreateCustomer('reza')
#8 E:\XAMPP\htdocs\toko_sukses_bersama\system\CodeIgniter.php(933): App\Controllers\Admin\PenjualanController->save()
#9 E:\XAMPP\htdocs\toko_sukses_bersama\system\CodeIgniter.php(509): CodeIgniter\CodeIgniter->runController(Object(App\Controllers\Admin\PenjualanController))
#10 E:\XAMPP\htdocs\toko_sukses_bersama\system\CodeIgniter.php(355): CodeIgniter\CodeIgniter->handleRequest(NULL, Object(Config\Cache), false)
#11 E:\XAMPP\htdocs\toko_sukses_bersama\system\Boot.php(325): CodeIgniter\CodeIgniter->run()
#12 E:\XAMPP\htdocs\toko_sukses_bersama\system\Boot.php(67): CodeIgniter\Boot::runCodeIgniter(Object(CodeIgniter\CodeIgniter))
#13 E:\XAMPP\htdocs\toko_sukses_bersama\public\index.php(56): CodeIgniter\Boot::bootWeb(Object(Config\Paths))
#14 E:\XAMPP\htdocs\toko_sukses_bersama\system\rewrite.php(44): require_once('E:\\XAMPP\\htdocs...')
#15 {main}
CRITICAL - 2024-10-20 11:59:50 --> Error: Call to a member function getFirstRow() on bool
[Method: POST, Route: admin/penjualan/save]
in SYSTEMPATH\Model.php on line 330.
 1 SYSTEMPATH\BaseModel.php(714): CodeIgniter\Model->doFirst()
 2 APPPATH\Controllers\Admin\PenjualanController.php(107): CodeIgniter\BaseModel->first()
 3 APPPATH\Controllers\Admin\PenjualanController.php(58): App\Controllers\Admin\PenjualanController->getOrCreateCustomer('reza')
 4 SYSTEMPATH\CodeIgniter.php(933): App\Controllers\Admin\PenjualanController->save()
 5 SYSTEMPATH\CodeIgniter.php(509): CodeIgniter\CodeIgniter->runController(Object(App\Controllers\Admin\PenjualanController))
 6 SYSTEMPATH\CodeIgniter.php(355): CodeIgniter\CodeIgniter->handleRequest(null, Object(Config\Cache), false)
 7 SYSTEMPATH\Boot.php(325): CodeIgniter\CodeIgniter->run()
 8 SYSTEMPATH\Boot.php(67): CodeIgniter\Boot::runCodeIgniter(Object(CodeIgniter\CodeIgniter))
 9 FCPATH\index.php(56): CodeIgniter\Boot::bootWeb(Object(Config\Paths))
10 SYSTEMPATH\rewrite.php(44): require_once('E:\\XAMPP\\htdocs\\toko_sukses_bersama\\public\\index.php')
ERROR - 2024-10-20 12:03:42 --> mysqli_sql_exception: Unknown column 'nama_customer' in 'where clause' in E:\XAMPP\htdocs\toko_sukses_bersama\system\Database\MySQLi\Connection.php:312
Stack trace:
#0 E:\XAMPP\htdocs\toko_sukses_bersama\system\Database\MySQLi\Connection.php(312): mysqli->query('SELECT *\nFROM `...', 0)
#1 E:\XAMPP\htdocs\toko_sukses_bersama\system\Database\BaseConnection.php(734): CodeIgniter\Database\MySQLi\Connection->execute('SELECT *\nFROM `...')
#2 E:\XAMPP\htdocs\toko_sukses_bersama\system\Database\BaseConnection.php(648): CodeIgniter\Database\BaseConnection->simpleQuery('SELECT *\nFROM `...')
#3 E:\XAMPP\htdocs\toko_sukses_bersama\system\Database\BaseBuilder.php(1644): CodeIgniter\Database\BaseConnection->query('SELECT *\nFROM `...', Array, false)
#4 E:\XAMPP\htdocs\toko_sukses_bersama\system\Model.php(330): CodeIgniter\Database\BaseBuilder->get()
#5 E:\XAMPP\htdocs\toko_sukses_bersama\system\BaseModel.php(714): CodeIgniter\Model->doFirst()
#6 E:\XAMPP\htdocs\toko_sukses_bersama\app\Controllers\Admin\PenjualanController.php(107): CodeIgniter\BaseModel->first()
#7 E:\XAMPP\htdocs\toko_sukses_bersama\app\Controllers\Admin\PenjualanController.php(58): App\Controllers\Admin\PenjualanController->getOrCreateCustomer('54')
#8 E:\XAMPP\htdocs\toko_sukses_bersama\system\CodeIgniter.php(933): App\Controllers\Admin\PenjualanController->save()
#9 E:\XAMPP\htdocs\toko_sukses_bersama\system\CodeIgniter.php(509): CodeIgniter\CodeIgniter->runController(Object(App\Controllers\Admin\PenjualanController))
#10 E:\XAMPP\htdocs\toko_sukses_bersama\system\CodeIgniter.php(355): CodeIgniter\CodeIgniter->handleRequest(NULL, Object(Config\Cache), false)
#11 E:\XAMPP\htdocs\toko_sukses_bersama\system\Boot.php(325): CodeIgniter\CodeIgniter->run()
#12 E:\XAMPP\htdocs\toko_sukses_bersama\system\Boot.php(67): CodeIgniter\Boot::runCodeIgniter(Object(CodeIgniter\CodeIgniter))
#13 E:\XAMPP\htdocs\toko_sukses_bersama\public\index.php(56): CodeIgniter\Boot::bootWeb(Object(Config\Paths))
#14 E:\XAMPP\htdocs\toko_sukses_bersama\system\rewrite.php(44): require_once('E:\\XAMPP\\htdocs...')
#15 {main}
CRITICAL - 2024-10-20 12:03:42 --> Error: Call to a member function getFirstRow() on bool
[Method: POST, Route: admin/penjualan/save]
in SYSTEMPATH\Model.php on line 330.
 1 SYSTEMPATH\BaseModel.php(714): CodeIgniter\Model->doFirst()
 2 APPPATH\Controllers\Admin\PenjualanController.php(107): CodeIgniter\BaseModel->first()
 3 APPPATH\Controllers\Admin\PenjualanController.php(58): App\Controllers\Admin\PenjualanController->getOrCreateCustomer('54')
 4 SYSTEMPATH\CodeIgniter.php(933): App\Controllers\Admin\PenjualanController->save()
 5 SYSTEMPATH\CodeIgniter.php(509): CodeIgniter\CodeIgniter->runController(Object(App\Controllers\Admin\PenjualanController))
 6 SYSTEMPATH\CodeIgniter.php(355): CodeIgniter\CodeIgniter->handleRequest(null, Object(Config\Cache), false)
 7 SYSTEMPATH\Boot.php(325): CodeIgniter\CodeIgniter->run()
 8 SYSTEMPATH\Boot.php(67): CodeIgniter\Boot::runCodeIgniter(Object(CodeIgniter\CodeIgniter))
 9 FCPATH\index.php(56): CodeIgniter\Boot::bootWeb(Object(Config\Paths))
10 SYSTEMPATH\rewrite.php(44): require_once('E:\\XAMPP\\htdocs\\toko_sukses_bersama\\public\\index.php')
ERROR - 2024-10-20 12:03:52 --> mysqli_sql_exception: Unknown column 'nama_customer' in 'where clause' in E:\XAMPP\htdocs\toko_sukses_bersama\system\Database\MySQLi\Connection.php:312
Stack trace:
#0 E:\XAMPP\htdocs\toko_sukses_bersama\system\Database\MySQLi\Connection.php(312): mysqli->query('SELECT *\nFROM `...', 0)
#1 E:\XAMPP\htdocs\toko_sukses_bersama\system\Database\BaseConnection.php(734): CodeIgniter\Database\MySQLi\Connection->execute('SELECT *\nFROM `...')
#2 E:\XAMPP\htdocs\toko_sukses_bersama\system\Database\BaseConnection.php(648): CodeIgniter\Database\BaseConnection->simpleQuery('SELECT *\nFROM `...')
#3 E:\XAMPP\htdocs\toko_sukses_bersama\system\Database\BaseBuilder.php(1644): CodeIgniter\Database\BaseConnection->query('SELECT *\nFROM `...', Array, false)
#4 E:\XAMPP\htdocs\toko_sukses_bersama\system\Model.php(330): CodeIgniter\Database\BaseBuilder->get()
#5 E:\XAMPP\htdocs\toko_sukses_bersama\system\BaseModel.php(714): CodeIgniter\Model->doFirst()
#6 E:\XAMPP\htdocs\toko_sukses_bersama\app\Controllers\Admin\PenjualanController.php(107): CodeIgniter\BaseModel->first()
#7 E:\XAMPP\htdocs\toko_sukses_bersama\app\Controllers\Admin\PenjualanController.php(58): App\Controllers\Admin\PenjualanController->getOrCreateCustomer('54')
#8 E:\XAMPP\htdocs\toko_sukses_bersama\system\CodeIgniter.php(933): App\Controllers\Admin\PenjualanController->save()
#9 E:\XAMPP\htdocs\toko_sukses_bersama\system\CodeIgniter.php(509): CodeIgniter\CodeIgniter->runController(Object(App\Controllers\Admin\PenjualanController))
#10 E:\XAMPP\htdocs\toko_sukses_bersama\system\CodeIgniter.php(355): CodeIgniter\CodeIgniter->handleRequest(NULL, Object(Config\Cache), false)
#11 E:\XAMPP\htdocs\toko_sukses_bersama\system\Boot.php(325): CodeIgniter\CodeIgniter->run()
#12 E:\XAMPP\htdocs\toko_sukses_bersama\system\Boot.php(67): CodeIgniter\Boot::runCodeIgniter(Object(CodeIgniter\CodeIgniter))
#13 E:\XAMPP\htdocs\toko_sukses_bersama\public\index.php(56): CodeIgniter\Boot::bootWeb(Object(Config\Paths))
#14 E:\XAMPP\htdocs\toko_sukses_bersama\system\rewrite.php(44): require_once('E:\\XAMPP\\htdocs...')
#15 {main}
CRITICAL - 2024-10-20 12:03:52 --> Error: Call to a member function getFirstRow() on bool
[Method: POST, Route: admin/penjualan/save]
in SYSTEMPATH\Model.php on line 330.
 1 SYSTEMPATH\BaseModel.php(714): CodeIgniter\Model->doFirst()
 2 APPPATH\Controllers\Admin\PenjualanController.php(107): CodeIgniter\BaseModel->first()
 3 APPPATH\Controllers\Admin\PenjualanController.php(58): App\Controllers\Admin\PenjualanController->getOrCreateCustomer('54')
 4 SYSTEMPATH\CodeIgniter.php(933): App\Controllers\Admin\PenjualanController->save()
 5 SYSTEMPATH\CodeIgniter.php(509): CodeIgniter\CodeIgniter->runController(Object(App\Controllers\Admin\PenjualanController))
 6 SYSTEMPATH\CodeIgniter.php(355): CodeIgniter\CodeIgniter->handleRequest(null, Object(Config\Cache), false)
 7 SYSTEMPATH\Boot.php(325): CodeIgniter\CodeIgniter->run()
 8 SYSTEMPATH\Boot.php(67): CodeIgniter\Boot::runCodeIgniter(Object(CodeIgniter\CodeIgniter))
 9 FCPATH\index.php(56): CodeIgniter\Boot::bootWeb(Object(Config\Paths))
10 SYSTEMPATH\rewrite.php(44): require_once('E:\\XAMPP\\htdocs\\toko_sukses_bersama\\public\\index.php')
ERROR - 2024-10-20 12:04:57 --> mysqli_sql_exception: Table 'db_toko_sukses_bersama.tbl_transaksi_pembelian' doesn't exist in E:\XAMPP\htdocs\toko_sukses_bersama\system\Database\MySQLi\Connection.php:312
Stack trace:
#0 E:\XAMPP\htdocs\toko_sukses_bersama\system\Database\MySQLi\Connection.php(312): mysqli->query('SELECT *\nFROM `...', 0)
#1 E:\XAMPP\htdocs\toko_sukses_bersama\system\Database\BaseConnection.php(734): CodeIgniter\Database\MySQLi\Connection->execute('SELECT *\nFROM `...')
#2 E:\XAMPP\htdocs\toko_sukses_bersama\system\Database\BaseConnection.php(648): CodeIgniter\Database\BaseConnection->simpleQuery('SELECT *\nFROM `...')
#3 E:\XAMPP\htdocs\toko_sukses_bersama\system\Database\BaseBuilder.php(1644): CodeIgniter\Database\BaseConnection->query('SELECT *\nFROM `...', Array, false)
#4 E:\XAMPP\htdocs\toko_sukses_bersama\system\Model.php(330): CodeIgniter\Database\BaseBuilder->get()
#5 E:\XAMPP\htdocs\toko_sukses_bersama\system\BaseModel.php(714): CodeIgniter\Model->doFirst()
#6 E:\XAMPP\htdocs\toko_sukses_bersama\app\Controllers\Admin\PenjualanController.php(121): CodeIgniter\BaseModel->first()
#7 E:\XAMPP\htdocs\toko_sukses_bersama\app\Controllers\Admin\PenjualanController.php(59): App\Controllers\Admin\PenjualanController->getLatestPembelian('8')
#8 E:\XAMPP\htdocs\toko_sukses_bersama\system\CodeIgniter.php(933): App\Controllers\Admin\PenjualanController->save()
#9 E:\XAMPP\htdocs\toko_sukses_bersama\system\CodeIgniter.php(509): CodeIgniter\CodeIgniter->runController(Object(App\Controllers\Admin\PenjualanController))
#10 E:\XAMPP\htdocs\toko_sukses_bersama\system\CodeIgniter.php(355): CodeIgniter\CodeIgniter->handleRequest(NULL, Object(Config\Cache), false)
#11 E:\XAMPP\htdocs\toko_sukses_bersama\system\Boot.php(325): CodeIgniter\CodeIgniter->run()
#12 E:\XAMPP\htdocs\toko_sukses_bersama\system\Boot.php(67): CodeIgniter\Boot::runCodeIgniter(Object(CodeIgniter\CodeIgniter))
#13 E:\XAMPP\htdocs\toko_sukses_bersama\public\index.php(56): CodeIgniter\Boot::bootWeb(Object(Config\Paths))
#14 E:\XAMPP\htdocs\toko_sukses_bersama\system\rewrite.php(44): require_once('E:\\XAMPP\\htdocs...')
#15 {main}
CRITICAL - 2024-10-20 12:04:57 --> Error: Call to a member function getFirstRow() on bool
[Method: POST, Route: admin/penjualan/save]
in SYSTEMPATH\Model.php on line 330.
 1 SYSTEMPATH\BaseModel.php(714): CodeIgniter\Model->doFirst()
 2 APPPATH\Controllers\Admin\PenjualanController.php(121): CodeIgniter\BaseModel->first()
 3 APPPATH\Controllers\Admin\PenjualanController.php(59): App\Controllers\Admin\PenjualanController->getLatestPembelian('8')
 4 SYSTEMPATH\CodeIgniter.php(933): App\Controllers\Admin\PenjualanController->save()
 5 SYSTEMPATH\CodeIgniter.php(509): CodeIgniter\CodeIgniter->runController(Object(App\Controllers\Admin\PenjualanController))
 6 SYSTEMPATH\CodeIgniter.php(355): CodeIgniter\CodeIgniter->handleRequest(null, Object(Config\Cache), false)
 7 SYSTEMPATH\Boot.php(325): CodeIgniter\CodeIgniter->run()
 8 SYSTEMPATH\Boot.php(67): CodeIgniter\Boot::runCodeIgniter(Object(CodeIgniter\CodeIgniter))
 9 FCPATH\index.php(56): CodeIgniter\Boot::bootWeb(Object(Config\Paths))
10 SYSTEMPATH\rewrite.php(44): require_once('E:\\XAMPP\\htdocs\\toko_sukses_bersama\\public\\index.php')
ERROR - 2024-10-20 12:07:18 --> mysqli_sql_exception: Unknown column 'id_tipe' in 'where clause' in E:\XAMPP\htdocs\toko_sukses_bersama\system\Database\MySQLi\Connection.php:312
Stack trace:
#0 E:\XAMPP\htdocs\toko_sukses_bersama\system\Database\MySQLi\Connection.php(312): mysqli->query('SELECT *\nFROM `...', 0)
#1 E:\XAMPP\htdocs\toko_sukses_bersama\system\Database\BaseConnection.php(734): CodeIgniter\Database\MySQLi\Connection->execute('SELECT *\nFROM `...')
#2 E:\XAMPP\htdocs\toko_sukses_bersama\system\Database\BaseConnection.php(648): CodeIgniter\Database\BaseConnection->simpleQuery('SELECT *\nFROM `...')
#3 E:\XAMPP\htdocs\toko_sukses_bersama\system\Database\BaseBuilder.php(1644): CodeIgniter\Database\BaseConnection->query('SELECT *\nFROM `...', Array, false)
#4 E:\XAMPP\htdocs\toko_sukses_bersama\system\Model.php(330): CodeIgniter\Database\BaseBuilder->get()
#5 E:\XAMPP\htdocs\toko_sukses_bersama\system\BaseModel.php(714): CodeIgniter\Model->doFirst()
#6 E:\XAMPP\htdocs\toko_sukses_bersama\app\Controllers\Admin\PenjualanController.php(151): CodeIgniter\BaseModel->first()
#7 E:\XAMPP\htdocs\toko_sukses_bersama\app\Controllers\Admin\PenjualanController.php(62): App\Controllers\Admin\PenjualanController->updateOrCreatePenjualan('8', '5', Array)
#8 E:\XAMPP\htdocs\toko_sukses_bersama\system\CodeIgniter.php(933): App\Controllers\Admin\PenjualanController->save()
#9 E:\XAMPP\htdocs\toko_sukses_bersama\system\CodeIgniter.php(509): CodeIgniter\CodeIgniter->runController(Object(App\Controllers\Admin\PenjualanController))
#10 E:\XAMPP\htdocs\toko_sukses_bersama\system\CodeIgniter.php(355): CodeIgniter\CodeIgniter->handleRequest(NULL, Object(Config\Cache), false)
#11 E:\XAMPP\htdocs\toko_sukses_bersama\system\Boot.php(325): CodeIgniter\CodeIgniter->run()
#12 E:\XAMPP\htdocs\toko_sukses_bersama\system\Boot.php(67): CodeIgniter\Boot::runCodeIgniter(Object(CodeIgniter\CodeIgniter))
#13 E:\XAMPP\htdocs\toko_sukses_bersama\public\index.php(56): CodeIgniter\Boot::bootWeb(Object(Config\Paths))
#14 E:\XAMPP\htdocs\toko_sukses_bersama\system\rewrite.php(44): require_once('E:\\XAMPP\\htdocs...')
#15 {main}
CRITICAL - 2024-10-20 12:07:18 --> Error: Call to a member function getFirstRow() on bool
[Method: POST, Route: admin/penjualan/save]
in SYSTEMPATH\Model.php on line 330.
 1 SYSTEMPATH\BaseModel.php(714): CodeIgniter\Model->doFirst()
 2 APPPATH\Controllers\Admin\PenjualanController.php(151): CodeIgniter\BaseModel->first()
 3 APPPATH\Controllers\Admin\PenjualanController.php(62): App\Controllers\Admin\PenjualanController->updateOrCreatePenjualan('8', '5', [...])
 4 SYSTEMPATH\CodeIgniter.php(933): App\Controllers\Admin\PenjualanController->save()
 5 SYSTEMPATH\CodeIgniter.php(509): CodeIgniter\CodeIgniter->runController(Object(App\Controllers\Admin\PenjualanController))
 6 SYSTEMPATH\CodeIgniter.php(355): CodeIgniter\CodeIgniter->handleRequest(null, Object(Config\Cache), false)
 7 SYSTEMPATH\Boot.php(325): CodeIgniter\CodeIgniter->run()
 8 SYSTEMPATH\Boot.php(67): CodeIgniter\Boot::runCodeIgniter(Object(CodeIgniter\CodeIgniter))
 9 FCPATH\index.php(56): CodeIgniter\Boot::bootWeb(Object(Config\Paths))
10 SYSTEMPATH\rewrite.php(44): require_once('E:\\XAMPP\\htdocs\\toko_sukses_bersama\\public\\index.php')
ERROR - 2024-10-20 12:13:35 --> mysqli_sql_exception: Unknown column 'id_tipe' in 'where clause' in E:\XAMPP\htdocs\toko_sukses_bersama\system\Database\MySQLi\Connection.php:312
Stack trace:
#0 E:\XAMPP\htdocs\toko_sukses_bersama\system\Database\MySQLi\Connection.php(312): mysqli->query('SELECT *\nFROM `...', 0)
#1 E:\XAMPP\htdocs\toko_sukses_bersama\system\Database\BaseConnection.php(734): CodeIgniter\Database\MySQLi\Connection->execute('SELECT *\nFROM `...')
#2 E:\XAMPP\htdocs\toko_sukses_bersama\system\Database\BaseConnection.php(648): CodeIgniter\Database\BaseConnection->simpleQuery('SELECT *\nFROM `...')
#3 E:\XAMPP\htdocs\toko_sukses_bersama\system\Database\BaseBuilder.php(1644): CodeIgniter\Database\BaseConnection->query('SELECT *\nFROM `...', Array, false)
#4 E:\XAMPP\htdocs\toko_sukses_bersama\system\Model.php(330): CodeIgniter\Database\BaseBuilder->get()
#5 E:\XAMPP\htdocs\toko_sukses_bersama\system\BaseModel.php(714): CodeIgniter\Model->doFirst()
#6 E:\XAMPP\htdocs\toko_sukses_bersama\app\Controllers\Admin\PenjualanController.php(151): CodeIgniter\BaseModel->first()
#7 E:\XAMPP\htdocs\toko_sukses_bersama\app\Controllers\Admin\PenjualanController.php(62): App\Controllers\Admin\PenjualanController->updateOrCreatePenjualan('8', '5', Array)
#8 E:\XAMPP\htdocs\toko_sukses_bersama\system\CodeIgniter.php(933): App\Controllers\Admin\PenjualanController->save()
#9 E:\XAMPP\htdocs\toko_sukses_bersama\system\CodeIgniter.php(509): CodeIgniter\CodeIgniter->runController(Object(App\Controllers\Admin\PenjualanController))
#10 E:\XAMPP\htdocs\toko_sukses_bersama\system\CodeIgniter.php(355): CodeIgniter\CodeIgniter->handleRequest(NULL, Object(Config\Cache), false)
#11 E:\XAMPP\htdocs\toko_sukses_bersama\system\Boot.php(325): CodeIgniter\CodeIgniter->run()
#12 E:\XAMPP\htdocs\toko_sukses_bersama\system\Boot.php(67): CodeIgniter\Boot::runCodeIgniter(Object(CodeIgniter\CodeIgniter))
#13 E:\XAMPP\htdocs\toko_sukses_bersama\public\index.php(56): CodeIgniter\Boot::bootWeb(Object(Config\Paths))
#14 E:\XAMPP\htdocs\toko_sukses_bersama\system\rewrite.php(44): require_once('E:\\XAMPP\\htdocs...')
#15 {main}
CRITICAL - 2024-10-20 12:13:35 --> Error: Call to a member function getFirstRow() on bool
[Method: POST, Route: admin/penjualan/save]
in SYSTEMPATH\Model.php on line 330.
 1 SYSTEMPATH\BaseModel.php(714): CodeIgniter\Model->doFirst()
 2 APPPATH\Controllers\Admin\PenjualanController.php(151): CodeIgniter\BaseModel->first()
 3 APPPATH\Controllers\Admin\PenjualanController.php(62): App\Controllers\Admin\PenjualanController->updateOrCreatePenjualan('8', '5', [...])
 4 SYSTEMPATH\CodeIgniter.php(933): App\Controllers\Admin\PenjualanController->save()
 5 SYSTEMPATH\CodeIgniter.php(509): CodeIgniter\CodeIgniter->runController(Object(App\Controllers\Admin\PenjualanController))
 6 SYSTEMPATH\CodeIgniter.php(355): CodeIgniter\CodeIgniter->handleRequest(null, Object(Config\Cache), false)
 7 SYSTEMPATH\Boot.php(325): CodeIgniter\CodeIgniter->run()
 8 SYSTEMPATH\Boot.php(67): CodeIgniter\Boot::runCodeIgniter(Object(CodeIgniter\CodeIgniter))
 9 FCPATH\index.php(56): CodeIgniter\Boot::bootWeb(Object(Config\Paths))
10 SYSTEMPATH\rewrite.php(44): require_once('E:\\XAMPP\\htdocs\\toko_sukses_bersama\\public\\index.php')
ERROR - 2024-10-20 12:15:04 --> mysqli_sql_exception: Unknown column 'id_tipe' in 'where clause' in E:\XAMPP\htdocs\toko_sukses_bersama\system\Database\MySQLi\Connection.php:312
Stack trace:
#0 E:\XAMPP\htdocs\toko_sukses_bersama\system\Database\MySQLi\Connection.php(312): mysqli->query('SELECT *\nFROM `...', 0)
#1 E:\XAMPP\htdocs\toko_sukses_bersama\system\Database\BaseConnection.php(734): CodeIgniter\Database\MySQLi\Connection->execute('SELECT *\nFROM `...')
#2 E:\XAMPP\htdocs\toko_sukses_bersama\system\Database\BaseConnection.php(648): CodeIgniter\Database\BaseConnection->simpleQuery('SELECT *\nFROM `...')
#3 E:\XAMPP\htdocs\toko_sukses_bersama\system\Database\BaseBuilder.php(1644): CodeIgniter\Database\BaseConnection->query('SELECT *\nFROM `...', Array, false)
#4 E:\XAMPP\htdocs\toko_sukses_bersama\system\Model.php(330): CodeIgniter\Database\BaseBuilder->get()
#5 E:\XAMPP\htdocs\toko_sukses_bersama\system\BaseModel.php(714): CodeIgniter\Model->doFirst()
#6 E:\XAMPP\htdocs\toko_sukses_bersama\app\Controllers\Admin\PenjualanController.php(151): CodeIgniter\BaseModel->first()
#7 E:\XAMPP\htdocs\toko_sukses_bersama\app\Controllers\Admin\PenjualanController.php(62): App\Controllers\Admin\PenjualanController->updateOrCreatePenjualan('8', '5', Array)
#8 E:\XAMPP\htdocs\toko_sukses_bersama\system\CodeIgniter.php(933): App\Controllers\Admin\PenjualanController->save()
#9 E:\XAMPP\htdocs\toko_sukses_bersama\system\CodeIgniter.php(509): CodeIgniter\CodeIgniter->runController(Object(App\Controllers\Admin\PenjualanController))
#10 E:\XAMPP\htdocs\toko_sukses_bersama\system\CodeIgniter.php(355): CodeIgniter\CodeIgniter->handleRequest(NULL, Object(Config\Cache), false)
#11 E:\XAMPP\htdocs\toko_sukses_bersama\system\Boot.php(325): CodeIgniter\CodeIgniter->run()
#12 E:\XAMPP\htdocs\toko_sukses_bersama\system\Boot.php(67): CodeIgniter\Boot::runCodeIgniter(Object(CodeIgniter\CodeIgniter))
#13 E:\XAMPP\htdocs\toko_sukses_bersama\public\index.php(56): CodeIgniter\Boot::bootWeb(Object(Config\Paths))
#14 E:\XAMPP\htdocs\toko_sukses_bersama\system\rewrite.php(44): require_once('E:\\XAMPP\\htdocs...')
#15 {main}
CRITICAL - 2024-10-20 12:15:04 --> Error: Call to a member function getFirstRow() on bool
[Method: POST, Route: admin/penjualan/save]
in SYSTEMPATH\Model.php on line 330.
 1 SYSTEMPATH\BaseModel.php(714): CodeIgniter\Model->doFirst()
 2 APPPATH\Controllers\Admin\PenjualanController.php(151): CodeIgniter\BaseModel->first()
 3 APPPATH\Controllers\Admin\PenjualanController.php(62): App\Controllers\Admin\PenjualanController->updateOrCreatePenjualan('8', '5', [...])
 4 SYSTEMPATH\CodeIgniter.php(933): App\Controllers\Admin\PenjualanController->save()
 5 SYSTEMPATH\CodeIgniter.php(509): CodeIgniter\CodeIgniter->runController(Object(App\Controllers\Admin\PenjualanController))
 6 SYSTEMPATH\CodeIgniter.php(355): CodeIgniter\CodeIgniter->handleRequest(null, Object(Config\Cache), false)
 7 SYSTEMPATH\Boot.php(325): CodeIgniter\CodeIgniter->run()
 8 SYSTEMPATH\Boot.php(67): CodeIgniter\Boot::runCodeIgniter(Object(CodeIgniter\CodeIgniter))
 9 FCPATH\index.php(56): CodeIgniter\Boot::bootWeb(Object(Config\Paths))
10 SYSTEMPATH\rewrite.php(44): require_once('E:\\XAMPP\\htdocs\\toko_sukses_bersama\\public\\index.php')
ERROR - 2024-10-20 13:01:28 --> mysqli_sql_exception: Unknown column 'id_total' in 'field list' in E:\XAMPP\htdocs\toko_sukses_bersama\system\Database\MySQLi\Connection.php:312
Stack trace:
#0 E:\XAMPP\htdocs\toko_sukses_bersama\system\Database\MySQLi\Connection.php(312): mysqli->query('INSERT INTO `tb...', 0)
#1 E:\XAMPP\htdocs\toko_sukses_bersama\system\Database\BaseConnection.php(734): CodeIgniter\Database\MySQLi\Connection->execute('INSERT INTO `tb...')
#2 E:\XAMPP\htdocs\toko_sukses_bersama\system\Database\BaseConnection.php(648): CodeIgniter\Database\BaseConnection->simpleQuery('INSERT INTO `tb...')
#3 E:\XAMPP\htdocs\toko_sukses_bersama\system\Database\BaseBuilder.php(2340): CodeIgniter\Database\BaseConnection->query('INSERT INTO `tb...', Array, false)
#4 E:\XAMPP\htdocs\toko_sukses_bersama\system\Model.php(394): CodeIgniter\Database\BaseBuilder->insert()
#5 E:\XAMPP\htdocs\toko_sukses_bersama\system\BaseModel.php(840): CodeIgniter\Model->doInsert(Array)
#6 E:\XAMPP\htdocs\toko_sukses_bersama\system\Model.php(802): CodeIgniter\BaseModel->insert(Array, true)
#7 E:\XAMPP\htdocs\toko_sukses_bersama\app\Controllers\Admin\PenjualanController.php(186): CodeIgniter\Model->insert(Array)
#8 E:\XAMPP\htdocs\toko_sukses_bersama\app\Controllers\Admin\PenjualanController.php(165): App\Controllers\Admin\PenjualanController->insertPayment('2', 'piutang', 7, NULL)
#9 E:\XAMPP\htdocs\toko_sukses_bersama\app\Controllers\Admin\PenjualanController.php(64): App\Controllers\Admin\PenjualanController->insertDetailPenjualan(NULL, 7, Array, '21')
#10 E:\XAMPP\htdocs\toko_sukses_bersama\system\CodeIgniter.php(933): App\Controllers\Admin\PenjualanController->save()
#11 E:\XAMPP\htdocs\toko_sukses_bersama\system\CodeIgniter.php(509): CodeIgniter\CodeIgniter->runController(Object(App\Controllers\Admin\PenjualanController))
#12 E:\XAMPP\htdocs\toko_sukses_bersama\system\CodeIgniter.php(355): CodeIgniter\CodeIgniter->handleRequest(NULL, Object(Config\Cache), false)
#13 E:\XAMPP\htdocs\toko_sukses_bersama\system\Boot.php(325): CodeIgniter\CodeIgniter->run()
#14 E:\XAMPP\htdocs\toko_sukses_bersama\system\Boot.php(67): CodeIgniter\Boot::runCodeIgniter(Object(CodeIgniter\CodeIgniter))
#15 E:\XAMPP\htdocs\toko_sukses_bersama\public\index.php(56): CodeIgniter\Boot::bootWeb(Object(Config\Paths))
#16 E:\XAMPP\htdocs\toko_sukses_bersama\system\rewrite.php(44): require_once('E:\\XAMPP\\htdocs...')
#17 {main}
ERROR - 2024-10-20 13:01:54 --> mysqli_sql_exception: Unknown column 'id_total' in 'field list' in E:\XAMPP\htdocs\toko_sukses_bersama\system\Database\MySQLi\Connection.php:312
Stack trace:
#0 E:\XAMPP\htdocs\toko_sukses_bersama\system\Database\MySQLi\Connection.php(312): mysqli->query('INSERT INTO `tb...', 0)
#1 E:\XAMPP\htdocs\toko_sukses_bersama\system\Database\BaseConnection.php(734): CodeIgniter\Database\MySQLi\Connection->execute('INSERT INTO `tb...')
#2 E:\XAMPP\htdocs\toko_sukses_bersama\system\Database\BaseConnection.php(648): CodeIgniter\Database\BaseConnection->simpleQuery('INSERT INTO `tb...')
#3 E:\XAMPP\htdocs\toko_sukses_bersama\system\Database\BaseBuilder.php(2340): CodeIgniter\Database\BaseConnection->query('INSERT INTO `tb...', Array, false)
#4 E:\XAMPP\htdocs\toko_sukses_bersama\system\Model.php(394): CodeIgniter\Database\BaseBuilder->insert()
#5 E:\XAMPP\htdocs\toko_sukses_bersama\system\BaseModel.php(840): CodeIgniter\Model->doInsert(Array)
#6 E:\XAMPP\htdocs\toko_sukses_bersama\system\Model.php(802): CodeIgniter\BaseModel->insert(Array, true)
#7 E:\XAMPP\htdocs\toko_sukses_bersama\app\Controllers\Admin\PenjualanController.php(186): CodeIgniter\Model->insert(Array)
#8 E:\XAMPP\htdocs\toko_sukses_bersama\app\Controllers\Admin\PenjualanController.php(165): App\Controllers\Admin\PenjualanController->insertPayment('2', 'piutang', 8, NULL)
#9 E:\XAMPP\htdocs\toko_sukses_bersama\app\Controllers\Admin\PenjualanController.php(64): App\Controllers\Admin\PenjualanController->insertDetailPenjualan(NULL, 8, Array, '21')
#10 E:\XAMPP\htdocs\toko_sukses_bersama\system\CodeIgniter.php(933): App\Controllers\Admin\PenjualanController->save()
#11 E:\XAMPP\htdocs\toko_sukses_bersama\system\CodeIgniter.php(509): CodeIgniter\CodeIgniter->runController(Object(App\Controllers\Admin\PenjualanController))
#12 E:\XAMPP\htdocs\toko_sukses_bersama\system\CodeIgniter.php(355): CodeIgniter\CodeIgniter->handleRequest(NULL, Object(Config\Cache), false)
#13 E:\XAMPP\htdocs\toko_sukses_bersama\system\Boot.php(325): CodeIgniter\CodeIgniter->run()
#14 E:\XAMPP\htdocs\toko_sukses_bersama\system\Boot.php(67): CodeIgniter\Boot::runCodeIgniter(Object(CodeIgniter\CodeIgniter))
#15 E:\XAMPP\htdocs\toko_sukses_bersama\public\index.php(56): CodeIgniter\Boot::bootWeb(Object(Config\Paths))
#16 E:\XAMPP\htdocs\toko_sukses_bersama\system\rewrite.php(44): require_once('E:\\XAMPP\\htdocs...')
#17 {main}
ERROR - 2024-10-20 13:05:49 --> mysqli_sql_exception: Unknown column 'total_harga_modal' in 'field list' in E:\XAMPP\htdocs\toko_sukses_bersama\system\Database\MySQLi\Connection.php:312
Stack trace:
#0 E:\XAMPP\htdocs\toko_sukses_bersama\system\Database\MySQLi\Connection.php(312): mysqli->query('INSERT INTO `tb...', 0)
#1 E:\XAMPP\htdocs\toko_sukses_bersama\system\Database\BaseConnection.php(734): CodeIgniter\Database\MySQLi\Connection->execute('INSERT INTO `tb...')
#2 E:\XAMPP\htdocs\toko_sukses_bersama\system\Database\BaseConnection.php(648): CodeIgniter\Database\BaseConnection->simpleQuery('INSERT INTO `tb...')
#3 E:\XAMPP\htdocs\toko_sukses_bersama\system\Database\BaseBuilder.php(2340): CodeIgniter\Database\BaseConnection->query('INSERT INTO `tb...', Array, false)
#4 E:\XAMPP\htdocs\toko_sukses_bersama\system\Model.php(394): CodeIgniter\Database\BaseBuilder->insert()
#5 E:\XAMPP\htdocs\toko_sukses_bersama\system\BaseModel.php(840): CodeIgniter\Model->doInsert(Array)
#6 E:\XAMPP\htdocs\toko_sukses_bersama\system\Model.php(802): CodeIgniter\BaseModel->insert(Array, true)
#7 E:\XAMPP\htdocs\toko_sukses_bersama\app\Controllers\Admin\PenjualanController.php(159): CodeIgniter\Model->insert(Array)
#8 E:\XAMPP\htdocs\toko_sukses_bersama\app\Controllers\Admin\PenjualanController.php(62): App\Controllers\Admin\PenjualanController->updateOrCreatePenjualan('8', '2', Array)
#9 E:\XAMPP\htdocs\toko_sukses_bersama\system\CodeIgniter.php(933): App\Controllers\Admin\PenjualanController->save()
#10 E:\XAMPP\htdocs\toko_sukses_bersama\system\CodeIgniter.php(509): CodeIgniter\CodeIgniter->runController(Object(App\Controllers\Admin\PenjualanController))
#11 E:\XAMPP\htdocs\toko_sukses_bersama\system\CodeIgniter.php(355): CodeIgniter\CodeIgniter->handleRequest(NULL, Object(Config\Cache), false)
#12 E:\XAMPP\htdocs\toko_sukses_bersama\system\Boot.php(325): CodeIgniter\CodeIgniter->run()
#13 E:\XAMPP\htdocs\toko_sukses_bersama\system\Boot.php(67): CodeIgniter\Boot::runCodeIgniter(Object(CodeIgniter\CodeIgniter))
#14 E:\XAMPP\htdocs\toko_sukses_bersama\public\index.php(56): CodeIgniter\Boot::bootWeb(Object(Config\Paths))
#15 E:\XAMPP\htdocs\toko_sukses_bersama\system\rewrite.php(44): require_once('E:\\XAMPP\\htdocs...')
#16 {main}
ERROR - 2024-10-20 13:10:21 --> mysqli_sql_exception: Unknown column 'total_harga_modal' in 'field list' in E:\XAMPP\htdocs\toko_sukses_bersama\system\Database\MySQLi\Connection.php:312
Stack trace:
#0 E:\XAMPP\htdocs\toko_sukses_bersama\system\Database\MySQLi\Connection.php(312): mysqli->query('INSERT INTO `tb...', 0)
#1 E:\XAMPP\htdocs\toko_sukses_bersama\system\Database\BaseConnection.php(734): CodeIgniter\Database\MySQLi\Connection->execute('INSERT INTO `tb...')
#2 E:\XAMPP\htdocs\toko_sukses_bersama\system\Database\BaseConnection.php(648): CodeIgniter\Database\BaseConnection->simpleQuery('INSERT INTO `tb...')
#3 E:\XAMPP\htdocs\toko_sukses_bersama\system\Database\BaseBuilder.php(2340): CodeIgniter\Database\BaseConnection->query('INSERT INTO `tb...', Array, false)
#4 E:\XAMPP\htdocs\toko_sukses_bersama\system\Model.php(394): CodeIgniter\Database\BaseBuilder->insert()
#5 E:\XAMPP\htdocs\toko_sukses_bersama\system\BaseModel.php(840): CodeIgniter\Model->doInsert(Array)
#6 E:\XAMPP\htdocs\toko_sukses_bersama\system\Model.php(802): CodeIgniter\BaseModel->insert(Array, true)
#7 E:\XAMPP\htdocs\toko_sukses_bersama\app\Controllers\Admin\PenjualanController.php(159): CodeIgniter\Model->insert(Array)
#8 E:\XAMPP\htdocs\toko_sukses_bersama\app\Controllers\Admin\PenjualanController.php(62): App\Controllers\Admin\PenjualanController->updateOrCreatePenjualan('8', '2', Array)
#9 E:\XAMPP\htdocs\toko_sukses_bersama\system\CodeIgniter.php(933): App\Controllers\Admin\PenjualanController->save()
#10 E:\XAMPP\htdocs\toko_sukses_bersama\system\CodeIgniter.php(509): CodeIgniter\CodeIgniter->runController(Object(App\Controllers\Admin\PenjualanController))
#11 E:\XAMPP\htdocs\toko_sukses_bersama\system\CodeIgniter.php(355): CodeIgniter\CodeIgniter->handleRequest(NULL, Object(Config\Cache), false)
#12 E:\XAMPP\htdocs\toko_sukses_bersama\system\Boot.php(325): CodeIgniter\CodeIgniter->run()
#13 E:\XAMPP\htdocs\toko_sukses_bersama\system\Boot.php(67): CodeIgniter\Boot::runCodeIgniter(Object(CodeIgniter\CodeIgniter))
#14 E:\XAMPP\htdocs\toko_sukses_bersama\public\index.php(56): CodeIgniter\Boot::bootWeb(Object(Config\Paths))
#15 E:\XAMPP\htdocs\toko_sukses_bersama\system\rewrite.php(44): require_once('E:\\XAMPP\\htdocs...')
#16 {main}
