INFO - 2024-11-23 00:11:13 --> Session: Class initialized using 'CodeIgniter\Session\Handlers\FileHandler' driver.
DEBUG - 2024-11-23 00:11:13 --> Processing id_tipe: 12
CRITICAL - 2024-11-23 00:11:13 --> Error: Call to undefined method App\Services\PenjualanService::getLatestMeity()
[Method: POST, Route: admin/penjualan/save]
in APPPATH\Services\PenjualanService.php on line 113.
 1 APPPATH\Controllers\Admin\PenjualanController.php(125): App\Services\PenjualanService->updateLatestTerkumpul(10680.0)
 2 SYSTEMPATH\CodeIgniter.php(933): App\Controllers\Admin\PenjualanController->save()
 3 SYSTEMPATH\CodeIgniter.php(509): CodeIgniter\CodeIgniter->runController(Object(App\Controllers\Admin\PenjualanController))
 4 SYSTEMPATH\CodeIgniter.php(355): CodeIgniter\CodeIgniter->handleRequest(null, Object(Config\Cache), false)
 5 SYSTEMPATH\Boot.php(325): CodeIgniter\CodeIgniter->run()
 6 SYSTEMPATH\Boot.php(67): CodeIgniter\Boot::runCodeIgniter(Object(CodeIgniter\CodeIgniter))
 7 FCPATH\index.php(56): CodeIgniter\Boot::bootWeb(Object(Config\Paths))
 8 SYSTEMPATH\rewrite.php(44): require_once('E:\\XAMPP\\htdocs\\toko_sukses_bersama\\public\\index.php')
INFO - 2024-11-23 00:19:27 --> Session: Class initialized using 'CodeIgniter\Session\Handlers\FileHandler' driver.
DEBUG - 2024-11-23 00:19:27 --> Processing id_tipe: 12
CRITICAL - 2024-11-23 00:19:29 --> Error: Call to undefined method App\Services\PenjualanService::getLatestMeity()
[Method: POST, Route: admin/penjualan/save]
in APPPATH\Services\PenjualanService.php on line 113.
 1 APPPATH\Controllers\Admin\PenjualanController.php(125): App\Services\PenjualanService->updateLatestTerkumpul(10680.0)
 2 SYSTEMPATH\CodeIgniter.php(933): App\Controllers\Admin\PenjualanController->save()
 3 SYSTEMPATH\CodeIgniter.php(509): CodeIgniter\CodeIgniter->runController(Object(App\Controllers\Admin\PenjualanController))
 4 SYSTEMPATH\CodeIgniter.php(355): CodeIgniter\CodeIgniter->handleRequest(null, Object(Config\Cache), false)
 5 SYSTEMPATH\Boot.php(325): CodeIgniter\CodeIgniter->run()
 6 SYSTEMPATH\Boot.php(67): CodeIgniter\Boot::runCodeIgniter(Object(CodeIgniter\CodeIgniter))
 7 FCPATH\index.php(56): CodeIgniter\Boot::bootWeb(Object(Config\Paths))
 8 SYSTEMPATH\rewrite.php(44): require_once('E:\\XAMPP\\htdocs\\toko_sukses_bersama\\public\\index.php')
INFO - 2024-11-23 00:22:26 --> Session: Class initialized using 'CodeIgniter\Session\Handlers\FileHandler' driver.
DEBUG - 2024-11-23 00:22:26 --> Processing id_tipe: 12
INFO - 2024-11-23 02:56:32 --> Session: Class initialized using 'CodeIgniter\Session\Handlers\FileHandler' driver.
INFO - 2024-11-23 02:56:39 --> Session: Class initialized using 'CodeIgniter\Session\Handlers\FileHandler' driver.
INFO - 2024-11-23 02:56:40 --> Session: Class initialized using 'CodeIgniter\Session\Handlers\FileHandler' driver.
INFO - 2024-11-23 02:57:13 --> Session: Class initialized using 'CodeIgniter\Session\Handlers\FileHandler' driver.
WARNING - 2024-11-23 02:57:13 --> [DEPRECATED] strtotime(): Passing null to parameter #1 ($datetime) of type string is deprecated in APPPATH\Views\pages\admin\penjualan\list.php on line 31.
 1 APPPATH\Views\pages\admin\penjualan\list.php(31): strtotime(null)
 2 SYSTEMPATH\View\View.php(234): include('E:\\XAMPP\\htdocs\\toko_sukses_bersama\\app\\Views\\pages\\admin\\penjualan\\list.php')
 3 SYSTEMPATH\View\View.php(237): CodeIgniter\View\View->CodeIgniter\View\{closure}()
 4 SYSTEMPATH\Common.php(1171): CodeIgniter\View\View->render('pages/admin/penjualan/list', [], true)
 5 APPPATH\Controllers\Admin\PenjualanController.php(64): view('pages/admin/penjualan/list', [...])
 6 SYSTEMPATH\CodeIgniter.php(933): App\Controllers\Admin\PenjualanController->list()
 7 SYSTEMPATH\CodeIgniter.php(509): CodeIgniter\CodeIgniter->runController(Object(App\Controllers\Admin\PenjualanController))
 8 SYSTEMPATH\CodeIgniter.php(355): CodeIgniter\CodeIgniter->handleRequest(null, Object(Config\Cache), false)
 9 SYSTEMPATH\Boot.php(325): CodeIgniter\CodeIgniter->run()
10 SYSTEMPATH\Boot.php(67): CodeIgniter\Boot::runCodeIgniter(Object(CodeIgniter\CodeIgniter))
11 FCPATH\index.php(56): CodeIgniter\Boot::bootWeb(Object(Config\Paths))
12 SYSTEMPATH\rewrite.php(44): require_once('E:\\XAMPP\\htdocs\\toko_sukses_bersama\\public\\index.php')
WARNING - 2024-11-23 02:57:13 --> [DEPRECATED] number_format(): Passing null to parameter #1 ($num) of type float is deprecated in APPPATH\Views\pages\admin\penjualan\list.php on line 32.
 1 APPPATH\Views\pages\admin\penjualan\list.php(32): number_format(null, 2, ',', '.')
 2 SYSTEMPATH\View\View.php(234): include('E:\\XAMPP\\htdocs\\toko_sukses_bersama\\app\\Views\\pages\\admin\\penjualan\\list.php')
 3 SYSTEMPATH\View\View.php(237): CodeIgniter\View\View->CodeIgniter\View\{closure}()
 4 SYSTEMPATH\Common.php(1171): CodeIgniter\View\View->render('pages/admin/penjualan/list', [], true)
 5 APPPATH\Controllers\Admin\PenjualanController.php(64): view('pages/admin/penjualan/list', [...])
 6 SYSTEMPATH\CodeIgniter.php(933): App\Controllers\Admin\PenjualanController->list()
 7 SYSTEMPATH\CodeIgniter.php(509): CodeIgniter\CodeIgniter->runController(Object(App\Controllers\Admin\PenjualanController))
 8 SYSTEMPATH\CodeIgniter.php(355): CodeIgniter\CodeIgniter->handleRequest(null, Object(Config\Cache), false)
 9 SYSTEMPATH\Boot.php(325): CodeIgniter\CodeIgniter->run()
10 SYSTEMPATH\Boot.php(67): CodeIgniter\Boot::runCodeIgniter(Object(CodeIgniter\CodeIgniter))
11 FCPATH\index.php(56): CodeIgniter\Boot::bootWeb(Object(Config\Paths))
12 SYSTEMPATH\rewrite.php(44): require_once('E:\\XAMPP\\htdocs\\toko_sukses_bersama\\public\\index.php')
WARNING - 2024-11-23 02:57:13 --> [DEPRECATED] strtotime(): Passing null to parameter #1 ($datetime) of type string is deprecated in APPPATH\Views\pages\admin\penjualan\list.php on line 31.
 1 APPPATH\Views\pages\admin\penjualan\list.php(31): strtotime(null)
 2 SYSTEMPATH\View\View.php(234): include('E:\\XAMPP\\htdocs\\toko_sukses_bersama\\app\\Views\\pages\\admin\\penjualan\\list.php')
 3 SYSTEMPATH\View\View.php(237): CodeIgniter\View\View->CodeIgniter\View\{closure}()
 4 SYSTEMPATH\Common.php(1171): CodeIgniter\View\View->render('pages/admin/penjualan/list', [], true)
 5 APPPATH\Controllers\Admin\PenjualanController.php(64): view('pages/admin/penjualan/list', [...])
 6 SYSTEMPATH\CodeIgniter.php(933): App\Controllers\Admin\PenjualanController->list()
 7 SYSTEMPATH\CodeIgniter.php(509): CodeIgniter\CodeIgniter->runController(Object(App\Controllers\Admin\PenjualanController))
 8 SYSTEMPATH\CodeIgniter.php(355): CodeIgniter\CodeIgniter->handleRequest(null, Object(Config\Cache), false)
 9 SYSTEMPATH\Boot.php(325): CodeIgniter\CodeIgniter->run()
10 SYSTEMPATH\Boot.php(67): CodeIgniter\Boot::runCodeIgniter(Object(CodeIgniter\CodeIgniter))
11 FCPATH\index.php(56): CodeIgniter\Boot::bootWeb(Object(Config\Paths))
12 SYSTEMPATH\rewrite.php(44): require_once('E:\\XAMPP\\htdocs\\toko_sukses_bersama\\public\\index.php')
WARNING - 2024-11-23 02:57:13 --> [DEPRECATED] number_format(): Passing null to parameter #1 ($num) of type float is deprecated in APPPATH\Views\pages\admin\penjualan\list.php on line 32.
 1 APPPATH\Views\pages\admin\penjualan\list.php(32): number_format(null, 2, ',', '.')
 2 SYSTEMPATH\View\View.php(234): include('E:\\XAMPP\\htdocs\\toko_sukses_bersama\\app\\Views\\pages\\admin\\penjualan\\list.php')
 3 SYSTEMPATH\View\View.php(237): CodeIgniter\View\View->CodeIgniter\View\{closure}()
 4 SYSTEMPATH\Common.php(1171): CodeIgniter\View\View->render('pages/admin/penjualan/list', [], true)
 5 APPPATH\Controllers\Admin\PenjualanController.php(64): view('pages/admin/penjualan/list', [...])
 6 SYSTEMPATH\CodeIgniter.php(933): App\Controllers\Admin\PenjualanController->list()
 7 SYSTEMPATH\CodeIgniter.php(509): CodeIgniter\CodeIgniter->runController(Object(App\Controllers\Admin\PenjualanController))
 8 SYSTEMPATH\CodeIgniter.php(355): CodeIgniter\CodeIgniter->handleRequest(null, Object(Config\Cache), false)
 9 SYSTEMPATH\Boot.php(325): CodeIgniter\CodeIgniter->run()
10 SYSTEMPATH\Boot.php(67): CodeIgniter\Boot::runCodeIgniter(Object(CodeIgniter\CodeIgniter))
11 FCPATH\index.php(56): CodeIgniter\Boot::bootWeb(Object(Config\Paths))
12 SYSTEMPATH\rewrite.php(44): require_once('E:\\XAMPP\\htdocs\\toko_sukses_bersama\\public\\index.php')
WARNING - 2024-11-23 02:57:13 --> [DEPRECATED] strtotime(): Passing null to parameter #1 ($datetime) of type string is deprecated in APPPATH\Views\pages\admin\penjualan\list.php on line 31.
 1 APPPATH\Views\pages\admin\penjualan\list.php(31): strtotime(null)
 2 SYSTEMPATH\View\View.php(234): include('E:\\XAMPP\\htdocs\\toko_sukses_bersama\\app\\Views\\pages\\admin\\penjualan\\list.php')
 3 SYSTEMPATH\View\View.php(237): CodeIgniter\View\View->CodeIgniter\View\{closure}()
 4 SYSTEMPATH\Common.php(1171): CodeIgniter\View\View->render('pages/admin/penjualan/list', [], true)
 5 APPPATH\Controllers\Admin\PenjualanController.php(64): view('pages/admin/penjualan/list', [...])
 6 SYSTEMPATH\CodeIgniter.php(933): App\Controllers\Admin\PenjualanController->list()
 7 SYSTEMPATH\CodeIgniter.php(509): CodeIgniter\CodeIgniter->runController(Object(App\Controllers\Admin\PenjualanController))
 8 SYSTEMPATH\CodeIgniter.php(355): CodeIgniter\CodeIgniter->handleRequest(null, Object(Config\Cache), false)
 9 SYSTEMPATH\Boot.php(325): CodeIgniter\CodeIgniter->run()
10 SYSTEMPATH\Boot.php(67): CodeIgniter\Boot::runCodeIgniter(Object(CodeIgniter\CodeIgniter))
11 FCPATH\index.php(56): CodeIgniter\Boot::bootWeb(Object(Config\Paths))
12 SYSTEMPATH\rewrite.php(44): require_once('E:\\XAMPP\\htdocs\\toko_sukses_bersama\\public\\index.php')
WARNING - 2024-11-23 02:57:13 --> [DEPRECATED] number_format(): Passing null to parameter #1 ($num) of type float is deprecated in APPPATH\Views\pages\admin\penjualan\list.php on line 32.
 1 APPPATH\Views\pages\admin\penjualan\list.php(32): number_format(null, 2, ',', '.')
 2 SYSTEMPATH\View\View.php(234): include('E:\\XAMPP\\htdocs\\toko_sukses_bersama\\app\\Views\\pages\\admin\\penjualan\\list.php')
 3 SYSTEMPATH\View\View.php(237): CodeIgniter\View\View->CodeIgniter\View\{closure}()
 4 SYSTEMPATH\Common.php(1171): CodeIgniter\View\View->render('pages/admin/penjualan/list', [], true)
 5 APPPATH\Controllers\Admin\PenjualanController.php(64): view('pages/admin/penjualan/list', [...])
 6 SYSTEMPATH\CodeIgniter.php(933): App\Controllers\Admin\PenjualanController->list()
 7 SYSTEMPATH\CodeIgniter.php(509): CodeIgniter\CodeIgniter->runController(Object(App\Controllers\Admin\PenjualanController))
 8 SYSTEMPATH\CodeIgniter.php(355): CodeIgniter\CodeIgniter->handleRequest(null, Object(Config\Cache), false)
 9 SYSTEMPATH\Boot.php(325): CodeIgniter\CodeIgniter->run()
10 SYSTEMPATH\Boot.php(67): CodeIgniter\Boot::runCodeIgniter(Object(CodeIgniter\CodeIgniter))
11 FCPATH\index.php(56): CodeIgniter\Boot::bootWeb(Object(Config\Paths))
12 SYSTEMPATH\rewrite.php(44): require_once('E:\\XAMPP\\htdocs\\toko_sukses_bersama\\public\\index.php')
WARNING - 2024-11-23 02:57:13 --> [DEPRECATED] strtotime(): Passing null to parameter #1 ($datetime) of type string is deprecated in APPPATH\Views\pages\admin\penjualan\list.php on line 31.
 1 APPPATH\Views\pages\admin\penjualan\list.php(31): strtotime(null)
 2 SYSTEMPATH\View\View.php(234): include('E:\\XAMPP\\htdocs\\toko_sukses_bersama\\app\\Views\\pages\\admin\\penjualan\\list.php')
 3 SYSTEMPATH\View\View.php(237): CodeIgniter\View\View->CodeIgniter\View\{closure}()
 4 SYSTEMPATH\Common.php(1171): CodeIgniter\View\View->render('pages/admin/penjualan/list', [], true)
 5 APPPATH\Controllers\Admin\PenjualanController.php(64): view('pages/admin/penjualan/list', [...])
 6 SYSTEMPATH\CodeIgniter.php(933): App\Controllers\Admin\PenjualanController->list()
 7 SYSTEMPATH\CodeIgniter.php(509): CodeIgniter\CodeIgniter->runController(Object(App\Controllers\Admin\PenjualanController))
 8 SYSTEMPATH\CodeIgniter.php(355): CodeIgniter\CodeIgniter->handleRequest(null, Object(Config\Cache), false)
 9 SYSTEMPATH\Boot.php(325): CodeIgniter\CodeIgniter->run()
10 SYSTEMPATH\Boot.php(67): CodeIgniter\Boot::runCodeIgniter(Object(CodeIgniter\CodeIgniter))
11 FCPATH\index.php(56): CodeIgniter\Boot::bootWeb(Object(Config\Paths))
12 SYSTEMPATH\rewrite.php(44): require_once('E:\\XAMPP\\htdocs\\toko_sukses_bersama\\public\\index.php')
WARNING - 2024-11-23 02:57:13 --> [DEPRECATED] number_format(): Passing null to parameter #1 ($num) of type float is deprecated in APPPATH\Views\pages\admin\penjualan\list.php on line 32.
 1 APPPATH\Views\pages\admin\penjualan\list.php(32): number_format(null, 2, ',', '.')
 2 SYSTEMPATH\View\View.php(234): include('E:\\XAMPP\\htdocs\\toko_sukses_bersama\\app\\Views\\pages\\admin\\penjualan\\list.php')
 3 SYSTEMPATH\View\View.php(237): CodeIgniter\View\View->CodeIgniter\View\{closure}()
 4 SYSTEMPATH\Common.php(1171): CodeIgniter\View\View->render('pages/admin/penjualan/list', [], true)
 5 APPPATH\Controllers\Admin\PenjualanController.php(64): view('pages/admin/penjualan/list', [...])
 6 SYSTEMPATH\CodeIgniter.php(933): App\Controllers\Admin\PenjualanController->list()
 7 SYSTEMPATH\CodeIgniter.php(509): CodeIgniter\CodeIgniter->runController(Object(App\Controllers\Admin\PenjualanController))
 8 SYSTEMPATH\CodeIgniter.php(355): CodeIgniter\CodeIgniter->handleRequest(null, Object(Config\Cache), false)
 9 SYSTEMPATH\Boot.php(325): CodeIgniter\CodeIgniter->run()
10 SYSTEMPATH\Boot.php(67): CodeIgniter\Boot::runCodeIgniter(Object(CodeIgniter\CodeIgniter))
11 FCPATH\index.php(56): CodeIgniter\Boot::bootWeb(Object(Config\Paths))
12 SYSTEMPATH\rewrite.php(44): require_once('E:\\XAMPP\\htdocs\\toko_sukses_bersama\\public\\index.php')
WARNING - 2024-11-23 02:57:13 --> [DEPRECATED] strtotime(): Passing null to parameter #1 ($datetime) of type string is deprecated in APPPATH\Views\pages\admin\penjualan\list.php on line 31.
 1 APPPATH\Views\pages\admin\penjualan\list.php(31): strtotime(null)
 2 SYSTEMPATH\View\View.php(234): include('E:\\XAMPP\\htdocs\\toko_sukses_bersama\\app\\Views\\pages\\admin\\penjualan\\list.php')
 3 SYSTEMPATH\View\View.php(237): CodeIgniter\View\View->CodeIgniter\View\{closure}()
 4 SYSTEMPATH\Common.php(1171): CodeIgniter\View\View->render('pages/admin/penjualan/list', [], true)
 5 APPPATH\Controllers\Admin\PenjualanController.php(64): view('pages/admin/penjualan/list', [...])
 6 SYSTEMPATH\CodeIgniter.php(933): App\Controllers\Admin\PenjualanController->list()
 7 SYSTEMPATH\CodeIgniter.php(509): CodeIgniter\CodeIgniter->runController(Object(App\Controllers\Admin\PenjualanController))
 8 SYSTEMPATH\CodeIgniter.php(355): CodeIgniter\CodeIgniter->handleRequest(null, Object(Config\Cache), false)
 9 SYSTEMPATH\Boot.php(325): CodeIgniter\CodeIgniter->run()
10 SYSTEMPATH\Boot.php(67): CodeIgniter\Boot::runCodeIgniter(Object(CodeIgniter\CodeIgniter))
11 FCPATH\index.php(56): CodeIgniter\Boot::bootWeb(Object(Config\Paths))
12 SYSTEMPATH\rewrite.php(44): require_once('E:\\XAMPP\\htdocs\\toko_sukses_bersama\\public\\index.php')
WARNING - 2024-11-23 02:57:13 --> [DEPRECATED] number_format(): Passing null to parameter #1 ($num) of type float is deprecated in APPPATH\Views\pages\admin\penjualan\list.php on line 32.
 1 APPPATH\Views\pages\admin\penjualan\list.php(32): number_format(null, 2, ',', '.')
 2 SYSTEMPATH\View\View.php(234): include('E:\\XAMPP\\htdocs\\toko_sukses_bersama\\app\\Views\\pages\\admin\\penjualan\\list.php')
 3 SYSTEMPATH\View\View.php(237): CodeIgniter\View\View->CodeIgniter\View\{closure}()
 4 SYSTEMPATH\Common.php(1171): CodeIgniter\View\View->render('pages/admin/penjualan/list', [], true)
 5 APPPATH\Controllers\Admin\PenjualanController.php(64): view('pages/admin/penjualan/list', [...])
 6 SYSTEMPATH\CodeIgniter.php(933): App\Controllers\Admin\PenjualanController->list()
 7 SYSTEMPATH\CodeIgniter.php(509): CodeIgniter\CodeIgniter->runController(Object(App\Controllers\Admin\PenjualanController))
 8 SYSTEMPATH\CodeIgniter.php(355): CodeIgniter\CodeIgniter->handleRequest(null, Object(Config\Cache), false)
 9 SYSTEMPATH\Boot.php(325): CodeIgniter\CodeIgniter->run()
10 SYSTEMPATH\Boot.php(67): CodeIgniter\Boot::runCodeIgniter(Object(CodeIgniter\CodeIgniter))
11 FCPATH\index.php(56): CodeIgniter\Boot::bootWeb(Object(Config\Paths))
12 SYSTEMPATH\rewrite.php(44): require_once('E:\\XAMPP\\htdocs\\toko_sukses_bersama\\public\\index.php')
WARNING - 2024-11-23 02:57:13 --> [DEPRECATED] number_format(): Passing null to parameter #1 ($num) of type float is deprecated in APPPATH\Views\pages\admin\penjualan\list.php on line 32.
 1 APPPATH\Views\pages\admin\penjualan\list.php(32): number_format(null, 2, ',', '.')
 2 SYSTEMPATH\View\View.php(234): include('E:\\XAMPP\\htdocs\\toko_sukses_bersama\\app\\Views\\pages\\admin\\penjualan\\list.php')
 3 SYSTEMPATH\View\View.php(237): CodeIgniter\View\View->CodeIgniter\View\{closure}()
 4 SYSTEMPATH\Common.php(1171): CodeIgniter\View\View->render('pages/admin/penjualan/list', [], true)
 5 APPPATH\Controllers\Admin\PenjualanController.php(64): view('pages/admin/penjualan/list', [...])
 6 SYSTEMPATH\CodeIgniter.php(933): App\Controllers\Admin\PenjualanController->list()
 7 SYSTEMPATH\CodeIgniter.php(509): CodeIgniter\CodeIgniter->runController(Object(App\Controllers\Admin\PenjualanController))
 8 SYSTEMPATH\CodeIgniter.php(355): CodeIgniter\CodeIgniter->handleRequest(null, Object(Config\Cache), false)
 9 SYSTEMPATH\Boot.php(325): CodeIgniter\CodeIgniter->run()
10 SYSTEMPATH\Boot.php(67): CodeIgniter\Boot::runCodeIgniter(Object(CodeIgniter\CodeIgniter))
11 FCPATH\index.php(56): CodeIgniter\Boot::bootWeb(Object(Config\Paths))
12 SYSTEMPATH\rewrite.php(44): require_once('E:\\XAMPP\\htdocs\\toko_sukses_bersama\\public\\index.php')
WARNING - 2024-11-23 02:57:13 --> [DEPRECATED] number_format(): Passing null to parameter #1 ($num) of type float is deprecated in APPPATH\Views\pages\admin\penjualan\list.php on line 32.
 1 APPPATH\Views\pages\admin\penjualan\list.php(32): number_format(null, 2, ',', '.')
 2 SYSTEMPATH\View\View.php(234): include('E:\\XAMPP\\htdocs\\toko_sukses_bersama\\app\\Views\\pages\\admin\\penjualan\\list.php')
 3 SYSTEMPATH\View\View.php(237): CodeIgniter\View\View->CodeIgniter\View\{closure}()
 4 SYSTEMPATH\Common.php(1171): CodeIgniter\View\View->render('pages/admin/penjualan/list', [], true)
 5 APPPATH\Controllers\Admin\PenjualanController.php(64): view('pages/admin/penjualan/list', [...])
 6 SYSTEMPATH\CodeIgniter.php(933): App\Controllers\Admin\PenjualanController->list()
 7 SYSTEMPATH\CodeIgniter.php(509): CodeIgniter\CodeIgniter->runController(Object(App\Controllers\Admin\PenjualanController))
 8 SYSTEMPATH\CodeIgniter.php(355): CodeIgniter\CodeIgniter->handleRequest(null, Object(Config\Cache), false)
 9 SYSTEMPATH\Boot.php(325): CodeIgniter\CodeIgniter->run()
10 SYSTEMPATH\Boot.php(67): CodeIgniter\Boot::runCodeIgniter(Object(CodeIgniter\CodeIgniter))
11 FCPATH\index.php(56): CodeIgniter\Boot::bootWeb(Object(Config\Paths))
12 SYSTEMPATH\rewrite.php(44): require_once('E:\\XAMPP\\htdocs\\toko_sukses_bersama\\public\\index.php')
WARNING - 2024-11-23 02:57:13 --> [DEPRECATED] number_format(): Passing null to parameter #1 ($num) of type float is deprecated in APPPATH\Views\pages\admin\penjualan\list.php on line 32.
 1 APPPATH\Views\pages\admin\penjualan\list.php(32): number_format(null, 2, ',', '.')
 2 SYSTEMPATH\View\View.php(234): include('E:\\XAMPP\\htdocs\\toko_sukses_bersama\\app\\Views\\pages\\admin\\penjualan\\list.php')
 3 SYSTEMPATH\View\View.php(237): CodeIgniter\View\View->CodeIgniter\View\{closure}()
 4 SYSTEMPATH\Common.php(1171): CodeIgniter\View\View->render('pages/admin/penjualan/list', [], true)
 5 APPPATH\Controllers\Admin\PenjualanController.php(64): view('pages/admin/penjualan/list', [...])
 6 SYSTEMPATH\CodeIgniter.php(933): App\Controllers\Admin\PenjualanController->list()
 7 SYSTEMPATH\CodeIgniter.php(509): CodeIgniter\CodeIgniter->runController(Object(App\Controllers\Admin\PenjualanController))
 8 SYSTEMPATH\CodeIgniter.php(355): CodeIgniter\CodeIgniter->handleRequest(null, Object(Config\Cache), false)
 9 SYSTEMPATH\Boot.php(325): CodeIgniter\CodeIgniter->run()
10 SYSTEMPATH\Boot.php(67): CodeIgniter\Boot::runCodeIgniter(Object(CodeIgniter\CodeIgniter))
11 FCPATH\index.php(56): CodeIgniter\Boot::bootWeb(Object(Config\Paths))
12 SYSTEMPATH\rewrite.php(44): require_once('E:\\XAMPP\\htdocs\\toko_sukses_bersama\\public\\index.php')
WARNING - 2024-11-23 02:57:13 --> [DEPRECATED] number_format(): Passing null to parameter #1 ($num) of type float is deprecated in APPPATH\Views\pages\admin\penjualan\list.php on line 32.
 1 APPPATH\Views\pages\admin\penjualan\list.php(32): number_format(null, 2, ',', '.')
 2 SYSTEMPATH\View\View.php(234): include('E:\\XAMPP\\htdocs\\toko_sukses_bersama\\app\\Views\\pages\\admin\\penjualan\\list.php')
 3 SYSTEMPATH\View\View.php(237): CodeIgniter\View\View->CodeIgniter\View\{closure}()
 4 SYSTEMPATH\Common.php(1171): CodeIgniter\View\View->render('pages/admin/penjualan/list', [], true)
 5 APPPATH\Controllers\Admin\PenjualanController.php(64): view('pages/admin/penjualan/list', [...])
 6 SYSTEMPATH\CodeIgniter.php(933): App\Controllers\Admin\PenjualanController->list()
 7 SYSTEMPATH\CodeIgniter.php(509): CodeIgniter\CodeIgniter->runController(Object(App\Controllers\Admin\PenjualanController))
 8 SYSTEMPATH\CodeIgniter.php(355): CodeIgniter\CodeIgniter->handleRequest(null, Object(Config\Cache), false)
 9 SYSTEMPATH\Boot.php(325): CodeIgniter\CodeIgniter->run()
10 SYSTEMPATH\Boot.php(67): CodeIgniter\Boot::runCodeIgniter(Object(CodeIgniter\CodeIgniter))
11 FCPATH\index.php(56): CodeIgniter\Boot::bootWeb(Object(Config\Paths))
12 SYSTEMPATH\rewrite.php(44): require_once('E:\\XAMPP\\htdocs\\toko_sukses_bersama\\public\\index.php')
WARNING - 2024-11-23 02:57:13 --> [DEPRECATED] number_format(): Passing null to parameter #1 ($num) of type float is deprecated in APPPATH\Views\pages\admin\penjualan\list.php on line 32.
 1 APPPATH\Views\pages\admin\penjualan\list.php(32): number_format(null, 2, ',', '.')
 2 SYSTEMPATH\View\View.php(234): include('E:\\XAMPP\\htdocs\\toko_sukses_bersama\\app\\Views\\pages\\admin\\penjualan\\list.php')
 3 SYSTEMPATH\View\View.php(237): CodeIgniter\View\View->CodeIgniter\View\{closure}()
 4 SYSTEMPATH\Common.php(1171): CodeIgniter\View\View->render('pages/admin/penjualan/list', [], true)
 5 APPPATH\Controllers\Admin\PenjualanController.php(64): view('pages/admin/penjualan/list', [...])
 6 SYSTEMPATH\CodeIgniter.php(933): App\Controllers\Admin\PenjualanController->list()
 7 SYSTEMPATH\CodeIgniter.php(509): CodeIgniter\CodeIgniter->runController(Object(App\Controllers\Admin\PenjualanController))
 8 SYSTEMPATH\CodeIgniter.php(355): CodeIgniter\CodeIgniter->handleRequest(null, Object(Config\Cache), false)
 9 SYSTEMPATH\Boot.php(325): CodeIgniter\CodeIgniter->run()
10 SYSTEMPATH\Boot.php(67): CodeIgniter\Boot::runCodeIgniter(Object(CodeIgniter\CodeIgniter))
11 FCPATH\index.php(56): CodeIgniter\Boot::bootWeb(Object(Config\Paths))
12 SYSTEMPATH\rewrite.php(44): require_once('E:\\XAMPP\\htdocs\\toko_sukses_bersama\\public\\index.php')
INFO - 2024-11-23 02:57:17 --> Session: Class initialized using 'CodeIgniter\Session\Handlers\FileHandler' driver.
INFO - 2024-11-23 02:57:19 --> Session: Class initialized using 'CodeIgniter\Session\Handlers\FileHandler' driver.
