CRITICAL - 2024-10-04 04:36:43 --> CodeIgniter\HTTP\Exceptions\BadRequestException: The URI you submitted has disallowed characters: "{{ penjualan.id }}"
[Method: GET, Route: admin/penjualan/get/%7B%7B%20penjualan.id%20%7D%7D]
in SYSTEMPATH\Router\Router.php on line 737.
 1 SYSTEMPATH\Router\Router.php(204): CodeIgniter\Router\Router->checkDisallowedChars('admin/penjualan/get/{{ penjualan.id }}')
 2 SYSTEMPATH\CodeIgniter.php(834): CodeIgniter\Router\Router->handle('admin/penjualan/get/{{ penjualan.id }}')
 3 SYSTEMPATH\CodeIgniter.php(457): CodeIgniter\CodeIgniter->tryToRouteIt(Object(CodeIgniter\Router\RouteCollection))
 4 SYSTEMPATH\CodeIgniter.php(355): CodeIgniter\CodeIgniter->handleRequest(null, Object(Config\Cache), false)
 5 SYSTEMPATH\Boot.php(325): CodeIgniter\CodeIgniter->run()
 6 SYSTEMPATH\Boot.php(67): CodeIgniter\Boot::runCodeIgniter(Object(CodeIgniter\CodeIgniter))
 7 FCPATH\index.php(56): CodeIgniter\Boot::bootWeb(Object(Config\Paths))
 8 SYSTEMPATH\rewrite.php(44): require_once('E:\\XAMPP\\htdocs\\toko_sukses_bersama\\public\\index.php')
CRITICAL - 2024-10-04 06:28:33 --> ErrorException: Undefined variable $tipeBarangList
[Method: GET, Route: admin/pembelian]
in APPPATH\Views\pages\admin\pembelian\modal.php on line 22.
 1 APPPATH\Views\pages\admin\pembelian\modal.php(22): CodeIgniter\Debug\Exceptions->errorHandler(2, 'Undefined variable $tipeBarangList', 'E:\\XAMPP\\htdocs\\toko_sukses_bersama\\app\\Views\\pages\\admin\\pembelian\\modal.php', 22)
 2 SYSTEMPATH\View\View.php(234): include('E:\\XAMPP\\htdocs\\toko_sukses_bersama\\app\\Views\\pages\\admin\\pembelian\\modal.php')
 3 SYSTEMPATH\View\View.php(237): CodeIgniter\View\View->CodeIgniter\View\{closure}()
 4 SYSTEMPATH\Common.php(1171): CodeIgniter\View\View->render('pages/admin/pembelian/modal', [], true)
 5 APPPATH\Views\pages\admin\pembelian\list.php(69): view('pages/admin/pembelian/modal')
 6 SYSTEMPATH\View\View.php(234): include('E:\\XAMPP\\htdocs\\toko_sukses_bersama\\app\\Views\\pages\\admin\\pembelian\\list.php')
 7 SYSTEMPATH\View\View.php(237): CodeIgniter\View\View->CodeIgniter\View\{closure}()
 8 SYSTEMPATH\Common.php(1171): CodeIgniter\View\View->render('pages/admin/pembelian/list', [], true)
 9 APPPATH\Controllers\Admin\PembelianController.php(24): view('pages/admin/pembelian/list', [...])
10 SYSTEMPATH\CodeIgniter.php(933): App\Controllers\Admin\PembelianController->list()
11 SYSTEMPATH\CodeIgniter.php(509): CodeIgniter\CodeIgniter->runController(Object(App\Controllers\Admin\PembelianController))
12 SYSTEMPATH\CodeIgniter.php(355): CodeIgniter\CodeIgniter->handleRequest(null, Object(Config\Cache), false)
13 SYSTEMPATH\Boot.php(325): CodeIgniter\CodeIgniter->run()
14 SYSTEMPATH\Boot.php(67): CodeIgniter\Boot::runCodeIgniter(Object(CodeIgniter\CodeIgniter))
15 FCPATH\index.php(56): CodeIgniter\Boot::bootWeb(Object(Config\Paths))
16 SYSTEMPATH\rewrite.php(44): require_once('E:\\XAMPP\\htdocs\\toko_sukses_bersama\\public\\index.php')
CRITICAL - 2024-10-04 06:51:32 --> ErrorException: Undefined array key "hutang"
[Method: GET, Route: admin/pembelian/detail/2]
in APPPATH\Views\pages\admin\pembelian\detail.php on line 72.
 1 APPPATH\Views\pages\admin\pembelian\detail.php(72): CodeIgniter\Debug\Exceptions->errorHandler(2, 'Undefined array key "hutang"', 'E:\\XAMPP\\htdocs\\toko_sukses_bersama\\app\\Views\\pages\\admin\\pembelian\\detail.php', 72)
 2 SYSTEMPATH\View\View.php(234): include('E:\\XAMPP\\htdocs\\toko_sukses_bersama\\app\\Views\\pages\\admin\\pembelian\\detail.php')
 3 SYSTEMPATH\View\View.php(237): CodeIgniter\View\View->CodeIgniter\View\{closure}()
 4 SYSTEMPATH\Common.php(1171): CodeIgniter\View\View->render('pages/admin/pembelian/detail', [], true)
 5 APPPATH\Controllers\Admin\PembelianController.php(40): view('pages/admin/pembelian/detail', [...])
 6 SYSTEMPATH\CodeIgniter.php(933): App\Controllers\Admin\PembelianController->detail('2')
 7 SYSTEMPATH\CodeIgniter.php(509): CodeIgniter\CodeIgniter->runController(Object(App\Controllers\Admin\PembelianController))
 8 SYSTEMPATH\CodeIgniter.php(355): CodeIgniter\CodeIgniter->handleRequest(null, Object(Config\Cache), false)
 9 SYSTEMPATH\Boot.php(325): CodeIgniter\CodeIgniter->run()
10 SYSTEMPATH\Boot.php(67): CodeIgniter\Boot::runCodeIgniter(Object(CodeIgniter\CodeIgniter))
11 FCPATH\index.php(56): CodeIgniter\Boot::bootWeb(Object(Config\Paths))
12 SYSTEMPATH\rewrite.php(44): require_once('E:\\XAMPP\\htdocs\\toko_sukses_bersama\\public\\index.php')
CRITICAL - 2024-10-04 06:59:39 --> ErrorException: Undefined array key "hutang"
[Method: GET, Route: admin/pembelian/detail/2]
in APPPATH\Views\pages\admin\pembelian\detail.php on line 72.
 1 APPPATH\Views\pages\admin\pembelian\detail.php(72): CodeIgniter\Debug\Exceptions->errorHandler(2, 'Undefined array key "hutang"', 'E:\\XAMPP\\htdocs\\toko_sukses_bersama\\app\\Views\\pages\\admin\\pembelian\\detail.php', 72)
 2 SYSTEMPATH\View\View.php(234): include('E:\\XAMPP\\htdocs\\toko_sukses_bersama\\app\\Views\\pages\\admin\\pembelian\\detail.php')
 3 SYSTEMPATH\View\View.php(237): CodeIgniter\View\View->CodeIgniter\View\{closure}()
 4 SYSTEMPATH\Common.php(1171): CodeIgniter\View\View->render('pages/admin/pembelian/detail', [], true)
 5 APPPATH\Controllers\Admin\PembelianController.php(40): view('pages/admin/pembelian/detail', [...])
 6 SYSTEMPATH\CodeIgniter.php(933): App\Controllers\Admin\PembelianController->detail('2')
 7 SYSTEMPATH\CodeIgniter.php(509): CodeIgniter\CodeIgniter->runController(Object(App\Controllers\Admin\PembelianController))
 8 SYSTEMPATH\CodeIgniter.php(355): CodeIgniter\CodeIgniter->handleRequest(null, Object(Config\Cache), false)
 9 SYSTEMPATH\Boot.php(325): CodeIgniter\CodeIgniter->run()
10 SYSTEMPATH\Boot.php(67): CodeIgniter\Boot::runCodeIgniter(Object(CodeIgniter\CodeIgniter))
11 FCPATH\index.php(56): CodeIgniter\Boot::bootWeb(Object(Config\Paths))
12 SYSTEMPATH\rewrite.php(44): require_once('E:\\XAMPP\\htdocs\\toko_sukses_bersama\\public\\index.php')
