INFO - 2026-02-03 03:35:22 --> Session: Class initialized using 'CodeIgniter\Session\Handlers\FileHandler' driver.
INFO - 2026-02-03 03:35:30 --> Session: Class initialized using 'CodeIgniter\Session\Handlers\FileHandler' driver.
INFO - 2026-02-03 03:35:31 --> Session: Class initialized using 'CodeIgniter\Session\Handlers\FileHandler' driver.
INFO - 2026-02-03 03:35:42 --> Session: Class initialized using 'CodeIgniter\Session\Handlers\FileHandler' driver.
INFO - 2026-02-03 03:35:42 --> Session: Class initialized using 'CodeIgniter\Session\Handlers\FileHandler' driver.
INFO - 2026-02-03 03:37:15 --> Session: Class initialized using 'CodeIgniter\Session\Handlers\FileHandler' driver.
INFO - 2026-02-03 03:37:20 --> Session: Class initialized using 'CodeIgniter\Session\Handlers\FileHandler' driver.
INFO - 2026-02-03 03:37:20 --> Session: Class initialized using 'CodeIgniter\Session\Handlers\FileHandler' driver.
INFO - 2026-02-03 03:41:48 --> Session: Class initialized using 'CodeIgniter\Session\Handlers\FileHandler' driver.
INFO - 2026-02-03 03:42:03 --> Session: Class initialized using 'CodeIgniter\Session\Handlers\FileHandler' driver.
INFO - 2026-02-03 03:42:05 --> Session: Class initialized using 'CodeIgniter\Session\Handlers\FileHandler' driver.
INFO - 2026-02-03 03:42:05 --> Session: Class initialized using 'CodeIgniter\Session\Handlers\FileHandler' driver.
INFO - 2026-02-03 03:42:05 --> Session: Class initialized using 'CodeIgniter\Session\Handlers\FileHandler' driver.
INFO - 2026-02-03 03:42:06 --> Session: Class initialized using 'CodeIgniter\Session\Handlers\FileHandler' driver.
INFO - 2026-02-03 03:42:06 --> Session: Class initialized using 'CodeIgniter\Session\Handlers\FileHandler' driver.
INFO - 2026-02-03 03:42:06 --> Session: Class initialized using 'CodeIgniter\Session\Handlers\FileHandler' driver.
INFO - 2026-02-03 03:42:06 --> Session: Class initialized using 'CodeIgniter\Session\Handlers\FileHandler' driver.
INFO - 2026-02-03 03:42:11 --> Session: Class initialized using 'CodeIgniter\Session\Handlers\FileHandler' driver.
INFO - 2026-02-03 03:42:15 --> Session: Class initialized using 'CodeIgniter\Session\Handlers\FileHandler' driver.
INFO - 2026-02-03 03:42:37 --> Session: Class initialized using 'CodeIgniter\Session\Handlers\FileHandler' driver.
INFO - 2026-02-03 03:43:09 --> Session: Class initialized using 'CodeIgniter\Session\Handlers\FileHandler' driver.
INFO - 2026-02-03 03:43:44 --> Session: Class initialized using 'CodeIgniter\Session\Handlers\FileHandler' driver.
INFO - 2026-02-03 03:43:46 --> Session: Class initialized using 'CodeIgniter\Session\Handlers\FileHandler' driver.
INFO - 2026-02-03 03:43:51 --> Session: Class initialized using 'CodeIgniter\Session\Handlers\FileHandler' driver.
INFO - 2026-02-03 03:43:56 --> Session: Class initialized using 'CodeIgniter\Session\Handlers\FileHandler' driver.
INFO - 2026-02-03 03:43:57 --> Session: Class initialized using 'CodeIgniter\Session\Handlers\FileHandler' driver.
INFO - 2026-02-03 03:43:58 --> Session: Class initialized using 'CodeIgniter\Session\Handlers\FileHandler' driver.
INFO - 2026-02-03 03:43:59 --> Session: Class initialized using 'CodeIgniter\Session\Handlers\FileHandler' driver.
INFO - 2026-02-03 03:43:59 --> Session: Class initialized using 'CodeIgniter\Session\Handlers\FileHandler' driver.
INFO - 2026-02-03 03:43:59 --> Session: Class initialized using 'CodeIgniter\Session\Handlers\FileHandler' driver.
INFO - 2026-02-03 03:44:00 --> Session: Class initialized using 'CodeIgniter\Session\Handlers\FileHandler' driver.
INFO - 2026-02-03 03:44:05 --> Session: Class initialized using 'CodeIgniter\Session\Handlers\FileHandler' driver.
INFO - 2026-02-03 03:44:10 --> Session: Class initialized using 'CodeIgniter\Session\Handlers\FileHandler' driver.
INFO - 2026-02-03 03:44:11 --> Session: Class initialized using 'CodeIgniter\Session\Handlers\FileHandler' driver.
INFO - 2026-02-03 03:44:13 --> Session: Class initialized using 'CodeIgniter\Session\Handlers\FileHandler' driver.
INFO - 2026-02-03 03:44:16 --> Session: Class initialized using 'CodeIgniter\Session\Handlers\FileHandler' driver.
INFO - 2026-02-03 03:44:18 --> Session: Class initialized using 'CodeIgniter\Session\Handlers\FileHandler' driver.
INFO - 2026-02-03 03:44:19 --> Session: Class initialized using 'CodeIgniter\Session\Handlers\FileHandler' driver.
INFO - 2026-02-03 03:44:20 --> Session: Class initialized using 'CodeIgniter\Session\Handlers\FileHandler' driver.
INFO - 2026-02-03 03:44:21 --> Session: Class initialized using 'CodeIgniter\Session\Handlers\FileHandler' driver.
INFO - 2026-02-03 03:44:21 --> Session: Class initialized using 'CodeIgniter\Session\Handlers\FileHandler' driver.
INFO - 2026-02-03 03:44:24 --> Session: Class initialized using 'CodeIgniter\Session\Handlers\FileHandler' driver.
INFO - 2026-02-03 03:44:25 --> Session: Class initialized using 'CodeIgniter\Session\Handlers\FileHandler' driver.
INFO - 2026-02-03 03:44:26 --> Session: Class initialized using 'CodeIgniter\Session\Handlers\FileHandler' driver.
INFO - 2026-02-03 03:44:26 --> Session: Class initialized using 'CodeIgniter\Session\Handlers\FileHandler' driver.
INFO - 2026-02-03 03:44:27 --> Session: Class initialized using 'CodeIgniter\Session\Handlers\FileHandler' driver.
INFO - 2026-02-03 03:44:27 --> Session: Class initialized using 'CodeIgniter\Session\Handlers\FileHandler' driver.
INFO - 2026-02-03 03:44:30 --> Session: Class initialized using 'CodeIgniter\Session\Handlers\FileHandler' driver.
INFO - 2026-02-03 03:44:31 --> Session: Class initialized using 'CodeIgniter\Session\Handlers\FileHandler' driver.
INFO - 2026-02-03 03:44:32 --> Session: Class initialized using 'CodeIgniter\Session\Handlers\FileHandler' driver.
INFO - 2026-02-03 03:44:32 --> Session: Class initialized using 'CodeIgniter\Session\Handlers\FileHandler' driver.
INFO - 2026-02-03 03:44:33 --> Session: Class initialized using 'CodeIgniter\Session\Handlers\FileHandler' driver.
INFO - 2026-02-03 03:44:33 --> Session: Class initialized using 'CodeIgniter\Session\Handlers\FileHandler' driver.
INFO - 2026-02-03 03:44:34 --> Session: Class initialized using 'CodeIgniter\Session\Handlers\FileHandler' driver.
INFO - 2026-02-03 03:44:35 --> Session: Class initialized using 'CodeIgniter\Session\Handlers\FileHandler' driver.
INFO - 2026-02-03 03:44:36 --> Session: Class initialized using 'CodeIgniter\Session\Handlers\FileHandler' driver.
INFO - 2026-02-03 03:44:38 --> Session: Class initialized using 'CodeIgniter\Session\Handlers\FileHandler' driver.
INFO - 2026-02-03 03:44:39 --> Session: Class initialized using 'CodeIgniter\Session\Handlers\FileHandler' driver.
INFO - 2026-02-03 03:44:39 --> Session: Class initialized using 'CodeIgniter\Session\Handlers\FileHandler' driver.
INFO - 2026-02-03 03:44:39 --> Session: Class initialized using 'CodeIgniter\Session\Handlers\FileHandler' driver.
INFO - 2026-02-03 03:44:40 --> Session: Class initialized using 'CodeIgniter\Session\Handlers\FileHandler' driver.
INFO - 2026-02-03 03:44:40 --> Session: Class initialized using 'CodeIgniter\Session\Handlers\FileHandler' driver.
INFO - 2026-02-03 03:44:40 --> Session: Class initialized using 'CodeIgniter\Session\Handlers\FileHandler' driver.
INFO - 2026-02-03 03:44:40 --> Session: Class initialized using 'CodeIgniter\Session\Handlers\FileHandler' driver.
INFO - 2026-02-03 06:11:57 --> Session: Class initialized using 'CodeIgniter\Session\Handlers\FileHandler' driver.
INFO - 2026-02-03 06:12:05 --> Session: Class initialized using 'CodeIgniter\Session\Handlers\FileHandler' driver.
ERROR - 2026-02-03 06:12:09 --> Error connecting to the database: mysqli_sql_exception: No connection could be made because the target machine actively refused it in E:\XAMPP\htdocs\my-repo\Aplikasi-web-toko-sukses-bersama-php-ci4\system\Database\MySQLi\Connection.php:187
Stack trace:
#0 E:\XAMPP\htdocs\my-repo\Aplikasi-web-toko-sukses-bersama-php-ci4\system\Database\MySQLi\Connection.php(187): mysqli->real_connect('localhost', 'root', '', 'db_toko_sukses', 3306, '', 0)
#1 E:\XAMPP\htdocs\my-repo\Aplikasi-web-toko-sukses-bersama-php-ci4\system\Database\BaseConnection.php(421): CodeIgniter\Database\MySQLi\Connection->connect(false)
#2 E:\XAMPP\htdocs\my-repo\Aplikasi-web-toko-sukses-bersama-php-ci4\system\Database\BaseConnection.php(616): CodeIgniter\Database\BaseConnection->initialize()
#3 E:\XAMPP\htdocs\my-repo\Aplikasi-web-toko-sukses-bersama-php-ci4\system\Database\BaseBuilder.php(1644): CodeIgniter\Database\BaseConnection->query('SELECT *\nFROM `...', Array, false)
#4 E:\XAMPP\htdocs\my-repo\Aplikasi-web-toko-sukses-bersama-php-ci4\system\Model.php(330): CodeIgniter\Database\BaseBuilder->get()
#5 E:\XAMPP\htdocs\my-repo\Aplikasi-web-toko-sukses-bersama-php-ci4\system\BaseModel.php(714): CodeIgniter\Model->doFirst()
#6 E:\XAMPP\htdocs\my-repo\Aplikasi-web-toko-sukses-bersama-php-ci4\app\Models\UserModel.php(28): CodeIgniter\BaseModel->first()
#7 E:\XAMPP\htdocs\my-repo\Aplikasi-web-toko-sukses-bersama-php-ci4\app\Controllers\AuthController.php(29): App\Models\UserModel->verifyPassword('admin', '123')
#8 E:\XAMPP\htdocs\my-repo\Aplikasi-web-toko-sukses-bersama-php-ci4\system\CodeIgniter.php(933): App\Controllers\AuthController->doLogin()
#9 E:\XAMPP\htdocs\my-repo\Aplikasi-web-toko-sukses-bersama-php-ci4\system\CodeIgniter.php(509): CodeIgniter\CodeIgniter->runController(Object(App\Controllers\AuthController))
#10 E:\XAMPP\htdocs\my-repo\Aplikasi-web-toko-sukses-bersama-php-ci4\system\CodeIgniter.php(355): CodeIgniter\CodeIgniter->handleRequest(NULL, Object(Config\Cache), false)
#11 E:\XAMPP\htdocs\my-repo\Aplikasi-web-toko-sukses-bersama-php-ci4\system\Boot.php(325): CodeIgniter\CodeIgniter->run()
#12 E:\XAMPP\htdocs\my-repo\Aplikasi-web-toko-sukses-bersama-php-ci4\system\Boot.php(67): CodeIgniter\Boot::runCodeIgniter(Object(CodeIgniter\CodeIgniter))
#13 E:\XAMPP\htdocs\my-repo\Aplikasi-web-toko-sukses-bersama-php-ci4\public\index.php(56): CodeIgniter\Boot::bootWeb(Object(Config\Paths))
#14 E:\XAMPP\htdocs\my-repo\Aplikasi-web-toko-sukses-bersama-php-ci4\system\rewrite.php(44): require_once('E:\\XAMPP\\htdocs...')
#15 {main}

Next CodeIgniter\Database\Exceptions\DatabaseException: No connection could be made because the target machine actively refused it in E:\XAMPP\htdocs\my-repo\Aplikasi-web-toko-sukses-bersama-php-ci4\system\Database\MySQLi\Connection.php:231
Stack trace:
#0 E:\XAMPP\htdocs\my-repo\Aplikasi-web-toko-sukses-bersama-php-ci4\system\Database\BaseConnection.php(421): CodeIgniter\Database\MySQLi\Connection->connect(false)
#1 E:\XAMPP\htdocs\my-repo\Aplikasi-web-toko-sukses-bersama-php-ci4\system\Database\BaseConnection.php(616): CodeIgniter\Database\BaseConnection->initialize()
#2 E:\XAMPP\htdocs\my-repo\Aplikasi-web-toko-sukses-bersama-php-ci4\system\Database\BaseBuilder.php(1644): CodeIgniter\Database\BaseConnection->query('SELECT *\nFROM `...', Array, false)
#3 E:\XAMPP\htdocs\my-repo\Aplikasi-web-toko-sukses-bersama-php-ci4\system\Model.php(330): CodeIgniter\Database\BaseBuilder->get()
#4 E:\XAMPP\htdocs\my-repo\Aplikasi-web-toko-sukses-bersama-php-ci4\system\BaseModel.php(714): CodeIgniter\Model->doFirst()
#5 E:\XAMPP\htdocs\my-repo\Aplikasi-web-toko-sukses-bersama-php-ci4\app\Models\UserModel.php(28): CodeIgniter\BaseModel->first()
#6 E:\XAMPP\htdocs\my-repo\Aplikasi-web-toko-sukses-bersama-php-ci4\app\Controllers\AuthController.php(29): App\Models\UserModel->verifyPassword('admin', '123')
#7 E:\XAMPP\htdocs\my-repo\Aplikasi-web-toko-sukses-bersama-php-ci4\system\CodeIgniter.php(933): App\Controllers\AuthController->doLogin()
#8 E:\XAMPP\htdocs\my-repo\Aplikasi-web-toko-sukses-bersama-php-ci4\system\CodeIgniter.php(509): CodeIgniter\CodeIgniter->runController(Object(App\Controllers\AuthController))
#9 E:\XAMPP\htdocs\my-repo\Aplikasi-web-toko-sukses-bersama-php-ci4\system\CodeIgniter.php(355): CodeIgniter\CodeIgniter->handleRequest(NULL, Object(Config\Cache), false)
#10 E:\XAMPP\htdocs\my-repo\Aplikasi-web-toko-sukses-bersama-php-ci4\system\Boot.php(325): CodeIgniter\CodeIgniter->run()
#11 E:\XAMPP\htdocs\my-repo\Aplikasi-web-toko-sukses-bersama-php-ci4\system\Boot.php(67): CodeIgniter\Boot::runCodeIgniter(Object(CodeIgniter\CodeIgniter))
#12 E:\XAMPP\htdocs\my-repo\Aplikasi-web-toko-sukses-bersama-php-ci4\public\index.php(56): CodeIgniter\Boot::bootWeb(Object(Config\Paths))
#13 E:\XAMPP\htdocs\my-repo\Aplikasi-web-toko-sukses-bersama-php-ci4\system\rewrite.php(44): require_once('E:\\XAMPP\\htdocs...')
#14 {main}
CRITICAL - 2026-02-03 06:12:09 --> CodeIgniter\Database\Exceptions\DatabaseException: Unable to connect to the database.
Main connection [MySQLi]: No connection could be made because the target machine actively refused it
[Method: POST, Route: auth/dologin]
in SYSTEMPATH\Database\BaseConnection.php on line 467.
 1 SYSTEMPATH\Database\BaseConnection.php(616): CodeIgniter\Database\BaseConnection->initialize()
 2 SYSTEMPATH\Database\BaseBuilder.php(1644): CodeIgniter\Database\BaseConnection->query('SELECT *
FROM `tbl_user`
WHERE `username` = :username:
 LIMIT 1', [...], false)
 3 SYSTEMPATH\Model.php(330): CodeIgniter\Database\BaseBuilder->get()
 4 SYSTEMPATH\BaseModel.php(714): CodeIgniter\Model->doFirst()
 5 APPPATH\Models\UserModel.php(28): CodeIgniter\BaseModel->first()
 6 APPPATH\Controllers\AuthController.php(29): App\Models\UserModel->verifyPassword('admin', '123')
 7 SYSTEMPATH\CodeIgniter.php(933): App\Controllers\AuthController->doLogin()
 8 SYSTEMPATH\CodeIgniter.php(509): CodeIgniter\CodeIgniter->runController(Object(App\Controllers\AuthController))
 9 SYSTEMPATH\CodeIgniter.php(355): CodeIgniter\CodeIgniter->handleRequest(null, Object(Config\Cache), false)
10 SYSTEMPATH\Boot.php(325): CodeIgniter\CodeIgniter->run()
11 SYSTEMPATH\Boot.php(67): CodeIgniter\Boot::runCodeIgniter(Object(CodeIgniter\CodeIgniter))
12 FCPATH\index.php(56): CodeIgniter\Boot::bootWeb(Object(Config\Paths))
13 SYSTEMPATH\rewrite.php(44): require_once('E:\\XAMPP\\htdocs\\my-repo\\Aplikasi-web-toko-sukses-bersama-php-ci4\\public\\index.php')
INFO - 2026-02-03 06:12:21 --> Session: Class initialized using 'CodeIgniter\Session\Handlers\FileHandler' driver.
INFO - 2026-02-03 06:28:40 --> Session: Class initialized using 'CodeIgniter\Session\Handlers\FileHandler' driver.
INFO - 2026-02-03 06:28:41 --> Session: Class initialized using 'CodeIgniter\Session\Handlers\FileHandler' driver.
INFO - 2026-02-03 06:28:44 --> Session: Class initialized using 'CodeIgniter\Session\Handlers\FileHandler' driver.
INFO - 2026-02-03 06:28:45 --> Session: Class initialized using 'CodeIgniter\Session\Handlers\FileHandler' driver.
INFO - 2026-02-03 06:28:45 --> Session: Class initialized using 'CodeIgniter\Session\Handlers\FileHandler' driver.
INFO - 2026-02-03 06:28:46 --> Session: Class initialized using 'CodeIgniter\Session\Handlers\FileHandler' driver.
INFO - 2026-02-03 06:28:46 --> Session: Class initialized using 'CodeIgniter\Session\Handlers\FileHandler' driver.
INFO - 2026-02-03 06:28:51 --> Session: Class initialized using 'CodeIgniter\Session\Handlers\FileHandler' driver.
INFO - 2026-02-03 06:28:52 --> Session: Class initialized using 'CodeIgniter\Session\Handlers\FileHandler' driver.
INFO - 2026-02-03 06:29:02 --> Session: Class initialized using 'CodeIgniter\Session\Handlers\FileHandler' driver.
INFO - 2026-02-03 06:29:03 --> Session: Class initialized using 'CodeIgniter\Session\Handlers\FileHandler' driver.
INFO - 2026-02-03 06:29:06 --> Session: Class initialized using 'CodeIgniter\Session\Handlers\FileHandler' driver.
INFO - 2026-02-03 06:29:24 --> Session: Class initialized using 'CodeIgniter\Session\Handlers\FileHandler' driver.
INFO - 2026-02-03 06:29:26 --> Session: Class initialized using 'CodeIgniter\Session\Handlers\FileHandler' driver.
INFO - 2026-02-03 06:29:26 --> Session: Class initialized using 'CodeIgniter\Session\Handlers\FileHandler' driver.
INFO - 2026-02-03 06:29:26 --> Session: Class initialized using 'CodeIgniter\Session\Handlers\FileHandler' driver.
INFO - 2026-02-03 06:29:26 --> Session: Class initialized using 'CodeIgniter\Session\Handlers\FileHandler' driver.
INFO - 2026-02-03 06:29:26 --> Session: Class initialized using 'CodeIgniter\Session\Handlers\FileHandler' driver.
INFO - 2026-02-03 06:29:37 --> Session: Class initialized using 'CodeIgniter\Session\Handlers\FileHandler' driver.
INFO - 2026-02-03 06:30:06 --> Session: Class initialized using 'CodeIgniter\Session\Handlers\FileHandler' driver.
INFO - 2026-02-03 06:30:20 --> Session: Class initialized using 'CodeIgniter\Session\Handlers\FileHandler' driver.
INFO - 2026-02-03 06:30:23 --> Session: Class initialized using 'CodeIgniter\Session\Handlers\FileHandler' driver.
INFO - 2026-02-03 06:30:25 --> Session: Class initialized using 'CodeIgniter\Session\Handlers\FileHandler' driver.
INFO - 2026-02-03 06:30:55 --> Session: Class initialized using 'CodeIgniter\Session\Handlers\FileHandler' driver.
INFO - 2026-02-03 06:30:57 --> Session: Class initialized using 'CodeIgniter\Session\Handlers\FileHandler' driver.
INFO - 2026-02-03 06:30:57 --> Session: Class initialized using 'CodeIgniter\Session\Handlers\FileHandler' driver.
INFO - 2026-02-03 06:30:58 --> Session: Class initialized using 'CodeIgniter\Session\Handlers\FileHandler' driver.
INFO - 2026-02-03 06:30:58 --> Session: Class initialized using 'CodeIgniter\Session\Handlers\FileHandler' driver.
INFO - 2026-02-03 06:30:58 --> Session: Class initialized using 'CodeIgniter\Session\Handlers\FileHandler' driver.
INFO - 2026-02-03 06:31:16 --> Session: Class initialized using 'CodeIgniter\Session\Handlers\FileHandler' driver.
INFO - 2026-02-03 06:31:22 --> Session: Class initialized using 'CodeIgniter\Session\Handlers\FileHandler' driver.
INFO - 2026-02-03 06:31:23 --> Session: Class initialized using 'CodeIgniter\Session\Handlers\FileHandler' driver.
INFO - 2026-02-03 06:31:40 --> Session: Class initialized using 'CodeIgniter\Session\Handlers\FileHandler' driver.
INFO - 2026-02-03 06:31:41 --> Session: Class initialized using 'CodeIgniter\Session\Handlers\FileHandler' driver.
INFO - 2026-02-03 06:31:41 --> Session: Class initialized using 'CodeIgniter\Session\Handlers\FileHandler' driver.
INFO - 2026-02-03 06:31:42 --> Session: Class initialized using 'CodeIgniter\Session\Handlers\FileHandler' driver.
INFO - 2026-02-03 06:31:42 --> Session: Class initialized using 'CodeIgniter\Session\Handlers\FileHandler' driver.
INFO - 2026-02-03 06:31:42 --> Session: Class initialized using 'CodeIgniter\Session\Handlers\FileHandler' driver.
INFO - 2026-02-03 06:31:42 --> Session: Class initialized using 'CodeIgniter\Session\Handlers\FileHandler' driver.
INFO - 2026-02-03 06:31:42 --> Session: Class initialized using 'CodeIgniter\Session\Handlers\FileHandler' driver.
INFO - 2026-02-03 06:31:54 --> Session: Class initialized using 'CodeIgniter\Session\Handlers\FileHandler' driver.
INFO - 2026-02-03 06:31:56 --> Session: Class initialized using 'CodeIgniter\Session\Handlers\FileHandler' driver.
INFO - 2026-02-03 06:31:56 --> Session: Class initialized using 'CodeIgniter\Session\Handlers\FileHandler' driver.
INFO - 2026-02-03 06:32:02 --> Session: Class initialized using 'CodeIgniter\Session\Handlers\FileHandler' driver.
INFO - 2026-02-03 06:32:03 --> Session: Class initialized using 'CodeIgniter\Session\Handlers\FileHandler' driver.
INFO - 2026-02-03 06:32:03 --> Session: Class initialized using 'CodeIgniter\Session\Handlers\FileHandler' driver.
INFO - 2026-02-03 06:32:03 --> Session: Class initialized using 'CodeIgniter\Session\Handlers\FileHandler' driver.
INFO - 2026-02-03 06:32:03 --> Session: Class initialized using 'CodeIgniter\Session\Handlers\FileHandler' driver.
INFO - 2026-02-03 06:32:03 --> Session: Class initialized using 'CodeIgniter\Session\Handlers\FileHandler' driver.
INFO - 2026-02-03 06:32:04 --> Session: Class initialized using 'CodeIgniter\Session\Handlers\FileHandler' driver.
INFO - 2026-02-03 06:32:04 --> Session: Class initialized using 'CodeIgniter\Session\Handlers\FileHandler' driver.
INFO - 2026-02-03 06:32:05 --> Session: Class initialized using 'CodeIgniter\Session\Handlers\FileHandler' driver.
INFO - 2026-02-03 06:32:06 --> Session: Class initialized using 'CodeIgniter\Session\Handlers\FileHandler' driver.
INFO - 2026-02-03 06:32:07 --> Session: Class initialized using 'CodeIgniter\Session\Handlers\FileHandler' driver.
INFO - 2026-02-03 06:32:07 --> Session: Class initialized using 'CodeIgniter\Session\Handlers\FileHandler' driver.
INFO - 2026-02-03 06:32:07 --> Session: Class initialized using 'CodeIgniter\Session\Handlers\FileHandler' driver.
INFO - 2026-02-03 06:32:07 --> Session: Class initialized using 'CodeIgniter\Session\Handlers\FileHandler' driver.
INFO - 2026-02-03 06:32:07 --> Session: Class initialized using 'CodeIgniter\Session\Handlers\FileHandler' driver.
INFO - 2026-02-03 06:32:21 --> Session: Class initialized using 'CodeIgniter\Session\Handlers\FileHandler' driver.
INFO - 2026-02-03 06:32:22 --> Session: Class initialized using 'CodeIgniter\Session\Handlers\FileHandler' driver.
INFO - 2026-02-03 06:32:22 --> Session: Class initialized using 'CodeIgniter\Session\Handlers\FileHandler' driver.
INFO - 2026-02-03 06:32:33 --> Session: Class initialized using 'CodeIgniter\Session\Handlers\FileHandler' driver.
INFO - 2026-02-03 06:32:34 --> Session: Class initialized using 'CodeIgniter\Session\Handlers\FileHandler' driver.
INFO - 2026-02-03 06:32:39 --> Session: Class initialized using 'CodeIgniter\Session\Handlers\FileHandler' driver.
INFO - 2026-02-03 06:32:40 --> Session: Class initialized using 'CodeIgniter\Session\Handlers\FileHandler' driver.
INFO - 2026-02-03 06:32:40 --> Session: Class initialized using 'CodeIgniter\Session\Handlers\FileHandler' driver.
INFO - 2026-02-03 06:32:44 --> Session: Class initialized using 'CodeIgniter\Session\Handlers\FileHandler' driver.
INFO - 2026-02-03 06:32:46 --> Session: Class initialized using 'CodeIgniter\Session\Handlers\FileHandler' driver.
INFO - 2026-02-03 06:33:16 --> Session: Class initialized using 'CodeIgniter\Session\Handlers\FileHandler' driver.
INFO - 2026-02-03 06:33:17 --> Session: Class initialized using 'CodeIgniter\Session\Handlers\FileHandler' driver.
INFO - 2026-02-03 06:33:17 --> Session: Class initialized using 'CodeIgniter\Session\Handlers\FileHandler' driver.
INFO - 2026-02-03 06:33:21 --> Session: Class initialized using 'CodeIgniter\Session\Handlers\FileHandler' driver.
INFO - 2026-02-03 06:33:22 --> Session: Class initialized using 'CodeIgniter\Session\Handlers\FileHandler' driver.
INFO - 2026-02-03 06:33:33 --> Session: Class initialized using 'CodeIgniter\Session\Handlers\FileHandler' driver.
INFO - 2026-02-03 06:33:34 --> Session: Class initialized using 'CodeIgniter\Session\Handlers\FileHandler' driver.
INFO - 2026-02-03 06:33:36 --> Session: Class initialized using 'CodeIgniter\Session\Handlers\FileHandler' driver.
INFO - 2026-02-03 06:33:36 --> Session: Class initialized using 'CodeIgniter\Session\Handlers\FileHandler' driver.
INFO - 2026-02-03 06:33:36 --> Session: Class initialized using 'CodeIgniter\Session\Handlers\FileHandler' driver.
INFO - 2026-02-03 06:33:37 --> Session: Class initialized using 'CodeIgniter\Session\Handlers\FileHandler' driver.
INFO - 2026-02-03 06:33:37 --> Session: Class initialized using 'CodeIgniter\Session\Handlers\FileHandler' driver.
INFO - 2026-02-03 06:33:42 --> Session: Class initialized using 'CodeIgniter\Session\Handlers\FileHandler' driver.
INFO - 2026-02-03 06:33:42 --> Session: Class initialized using 'CodeIgniter\Session\Handlers\FileHandler' driver.
INFO - 2026-02-03 06:33:43 --> Session: Class initialized using 'CodeIgniter\Session\Handlers\FileHandler' driver.
INFO - 2026-02-03 06:33:45 --> Session: Class initialized using 'CodeIgniter\Session\Handlers\FileHandler' driver.
INFO - 2026-02-03 06:34:01 --> Session: Class initialized using 'CodeIgniter\Session\Handlers\FileHandler' driver.
INFO - 2026-02-03 06:34:02 --> Session: Class initialized using 'CodeIgniter\Session\Handlers\FileHandler' driver.
INFO - 2026-02-03 06:34:02 --> Session: Class initialized using 'CodeIgniter\Session\Handlers\FileHandler' driver.
INFO - 2026-02-03 06:34:09 --> Session: Class initialized using 'CodeIgniter\Session\Handlers\FileHandler' driver.
INFO - 2026-02-03 06:34:10 --> Session: Class initialized using 'CodeIgniter\Session\Handlers\FileHandler' driver.
INFO - 2026-02-03 06:34:22 --> Session: Class initialized using 'CodeIgniter\Session\Handlers\FileHandler' driver.
INFO - 2026-02-03 06:34:33 --> Session: Class initialized using 'CodeIgniter\Session\Handlers\FileHandler' driver.
INFO - 2026-02-03 06:34:33 --> Session: Class initialized using 'CodeIgniter\Session\Handlers\FileHandler' driver.
INFO - 2026-02-03 06:34:40 --> Session: Class initialized using 'CodeIgniter\Session\Handlers\FileHandler' driver.
INFO - 2026-02-03 06:34:59 --> Session: Class initialized using 'CodeIgniter\Session\Handlers\FileHandler' driver.
INFO - 2026-02-03 06:35:14 --> Session: Class initialized using 'CodeIgniter\Session\Handlers\FileHandler' driver.
INFO - 2026-02-03 06:35:15 --> Session: Class initialized using 'CodeIgniter\Session\Handlers\FileHandler' driver.
INFO - 2026-02-03 06:35:26 --> Session: Class initialized using 'CodeIgniter\Session\Handlers\FileHandler' driver.
INFO - 2026-02-03 06:35:27 --> Session: Class initialized using 'CodeIgniter\Session\Handlers\FileHandler' driver.
INFO - 2026-02-03 06:35:27 --> Session: Class initialized using 'CodeIgniter\Session\Handlers\FileHandler' driver.
INFO - 2026-02-03 06:35:28 --> Session: Class initialized using 'CodeIgniter\Session\Handlers\FileHandler' driver.
INFO - 2026-02-03 06:40:39 --> Session: Class initialized using 'CodeIgniter\Session\Handlers\FileHandler' driver.
INFO - 2026-02-03 06:40:40 --> Session: Class initialized using 'CodeIgniter\Session\Handlers\FileHandler' driver.
INFO - 2026-02-03 06:40:42 --> Session: Class initialized using 'CodeIgniter\Session\Handlers\FileHandler' driver.
INFO - 2026-02-03 06:40:44 --> Session: Class initialized using 'CodeIgniter\Session\Handlers\FileHandler' driver.
INFO - 2026-02-03 06:40:45 --> Session: Class initialized using 'CodeIgniter\Session\Handlers\FileHandler' driver.
INFO - 2026-02-03 06:40:46 --> Session: Class initialized using 'CodeIgniter\Session\Handlers\FileHandler' driver.
INFO - 2026-02-03 06:40:46 --> Invoice retrieved: {"id_invoice":"2701","customer_name":"eceran","total_amount":"904500.00","payment_amount":"904500.00","change_amount":"0.00","invoice_date":"2025-03-09 16:58:58"}
INFO - 2026-02-03 06:40:46 --> Invoice items retrieved: [{"id_invoice_item":"10525","id_invoice":"2701","id_tipe":"7","id_unit":"7","id_method":"3","quantity":"0.26","price":"27000.00","total":"7000.00","jenis_barang":"telur orange","satuan_dasar":"kg","tipe_unit":"kg","standar_jumlah_barang":"1.00"},{"id_invoice_item":"10526","id_invoice":"2701","id_tipe":"21","id_unit":"32","id_method":"3","quantity":"5.00","price":"3000.00","total":"15000.00","jenis_barang":"indomie","satuan_dasar":"pcs","tipe_unit":"5 PCS","standar_jumlah_barang":"1.00"},{"id_invoice_item":"10527","id_invoice":"2701","id_tipe":"7","id_unit":"7","id_method":"3","quantity":"1.00","price":"29000.00","total":"29000.00","jenis_barang":"telur orange","satuan_dasar":"kg","tipe_unit":"kg","standar_jumlah_barang":"1.00"},{"id_invoice_item":"10528","id_invoice":"2701","id_tipe":"19","id_unit":"26","id_method":"3","quantity":"2.00","price":"18000.00","total":"36000.00","jenis_barang":"minyakita 1l","satuan_dasar":"liter","tipe_unit":"liter","standar_jumlah_barang":"1.00"},{"id_invoice_item":"10529","id_invoice":"2701","id_tipe":"7","id_unit":"7","id_method":"3","quantity":"1.19","price":"29000.00","total":"34500.00","jenis_barang":"telur orange","satuan_dasar":"kg","tipe_unit":"kg","standar_jumlah_barang":"1.00"},{"id_invoice_item":"10530","id_invoice":"2701","id_tipe":"7","id_unit":"7","id_method":"2","quantity":"1.03","price":"29000.00","total":"30000.00","jenis_barang":"telur orange","satuan_dasar":"kg","tipe_unit":"kg","standar_jumlah_barang":"1.00"},{"id_invoice_item":"10531","id_invoice":"2701","id_tipe":"7","id_unit":"7","id_method":"3","quantity":"1.02","price":"29000.00","total":"29500.00","jenis_barang":"telur orange","satuan_dasar":"kg","tipe_unit":"kg","standar_jumlah_barang":"1.00"},{"id_invoice_item":"10532","id_invoice":"2701","id_tipe":"7","id_unit":"7","id_method":"3","quantity":"1.03","price":"29000.00","total":"30000.00","jenis_barang":"telur orange","satuan_dasar":"kg","tipe_unit":"kg","standar_jumlah_barang":"1.00"},{"id_invoice_item":"10533","id_invoice":"2701","id_tipe":"7","id_unit":"7","id_method":"3","quantity":"0.66","price":"29000.00","total":"19000.00","jenis_barang":"telur orange","satuan_dasar":"kg","tipe_unit":"kg","standar_jumlah_barang":"1.00"},{"id_invoice_item":"10534","id_invoice":"2701","id_tipe":"7","id_unit":"7","id_method":"3","quantity":"2.93","price":"29000.00","total":"85000.00","jenis_barang":"telur orange","satuan_dasar":"kg","tipe_unit":"kg","standar_jumlah_barang":"1.00"},{"id_invoice_item":"10535","id_invoice":"2701","id_tipe":"22","id_unit":"33","id_method":"3","quantity":"1.00","price":"20000.00","total":"20000.00","jenis_barang":"minyak tropical 1l","satuan_dasar":"liter","tipe_unit":"liter","standar_jumlah_barang":"1.00"},{"id_invoice_item":"10536","id_invoice":"2701","id_tipe":"7","id_unit":"7","id_method":"3","quantity":"1.00","price":"29000.00","total":"29000.00","jenis_barang":"telur orange","satuan_dasar":"kg","tipe_unit":"kg","standar_jumlah_barang":"1.00"},{"id_invoice_item":"10537","id_invoice":"2701","id_tipe":"7","id_unit":"7","id_method":"3","quantity":"1.55","price":"29000.00","total":"45000.00","jenis_barang":"telur orange","satuan_dasar":"kg","tipe_unit":"kg","standar_jumlah_barang":"1.00"},{"id_invoice_item":"10538","id_invoice":"2701","id_tipe":"7","id_unit":"7","id_method":"3","quantity":"0.34","price":"29000.00","total":"10000.00","jenis_barang":"telur orange","satuan_dasar":"kg","tipe_unit":"kg","standar_jumlah_barang":"1.00"},{"id_invoice_item":"10539","id_invoice":"2701","id_tipe":"7","id_unit":"7","id_method":"3","quantity":"1.00","price":"29000.00","total":"29000.00","jenis_barang":"telur orange","satuan_dasar":"kg","tipe_unit":"kg","standar_jumlah_barang":"1.00"},{"id_invoice_item":"10540","id_invoice":"2701","id_tipe":"7","id_unit":"7","id_method":"3","quantity":"5.00","price":"28500.00","total":"142500.00","jenis_barang":"telur orange","satuan_dasar":"kg","tipe_unit":"kg","standar_jumlah_barang":"1.00"},{"id_invoice_item":"10541","id_invoice":"2701","id_tipe":"7","id_unit":"7","id_method":"3","quantity":"3.00","price":"29000.00","total":"87000.00","jenis_barang":"telur orange","satuan_dasar":"kg","tipe_unit":"kg","standar_jumlah_barang":"1.00"},{"id_invoice_item":"10542","id_invoice":"2701","id_tipe":"7","id_unit":"7","id_method":"3","quantity":"1.00","price":"29000.00","total":"29000.00","jenis_barang":"telur orange","satuan_dasar":"kg","tipe_unit":"kg","standar_jumlah_barang":"1.00"},{"id_invoice_item":"10543","id_invoice":"2701","id_tipe":"7","id_unit":"7","id_method":"3","quantity":"1.03","price":"29000.00","total":"30000.00","jenis_barang":"telur orange","satuan_dasar":"kg","tipe_unit":"kg","standar_jumlah_barang":"1.00"},{"id_invoice_item":"10544","id_invoice":"2701","id_tipe":"7","id_unit":"7","id_method":"3","quantity":"2.00","price":"29000.00","total":"58000.00","jenis_barang":"telur orange","satuan_dasar":"kg","tipe_unit":"kg","standar_jumlah_barang":"1.00"},{"id_invoice_item":"10545","id_invoice":"2701","id_tipe":"7","id_unit":"7","id_method":"3","quantity":"1.03","price":"29000.00","total":"30000.00","jenis_barang":"telur orange","satuan_dasar":"kg","tipe_unit":"kg","standar_jumlah_barang":"1.00"},{"id_invoice_item":"10546","id_invoice":"2701","id_tipe":"7","id_unit":"7","id_method":"2","quantity":"1.03","price":"29000.00","total":"30000.00","jenis_barang":"telur orange","satuan_dasar":"kg","tipe_unit":"kg","standar_jumlah_barang":"1.00"},{"id_invoice_item":"10547","id_invoice":"2701","id_tipe":"7","id_unit":"7","id_method":"2","quantity":"1.72","price":"29000.00","total":"50000.00","jenis_barang":"telur orange","satuan_dasar":"kg","tipe_unit":"kg","standar_jumlah_barang":"1.00"}]
INFO - 2026-02-03 06:41:05 --> Session: Class initialized using 'CodeIgniter\Session\Handlers\FileHandler' driver.
INFO - 2026-02-03 06:41:05 --> Invoice retrieved: {"id_invoice":"2701","customer_name":"eceran","total_amount":"904500.00","payment_amount":"904500.00","change_amount":"0.00","invoice_date":"2025-03-09 16:58:58"}
INFO - 2026-02-03 06:41:05 --> Invoice items retrieved: [{"id_invoice_item":"10525","id_invoice":"2701","id_tipe":"7","id_unit":"7","id_method":"3","quantity":"0.26","price":"27000.00","total":"7000.00","jenis_barang":"telur orange","satuan_dasar":"kg","tipe_unit":"kg","standar_jumlah_barang":"1.00"},{"id_invoice_item":"10526","id_invoice":"2701","id_tipe":"21","id_unit":"32","id_method":"3","quantity":"5.00","price":"3000.00","total":"15000.00","jenis_barang":"indomie","satuan_dasar":"pcs","tipe_unit":"5 PCS","standar_jumlah_barang":"1.00"},{"id_invoice_item":"10527","id_invoice":"2701","id_tipe":"7","id_unit":"7","id_method":"3","quantity":"1.00","price":"29000.00","total":"29000.00","jenis_barang":"telur orange","satuan_dasar":"kg","tipe_unit":"kg","standar_jumlah_barang":"1.00"},{"id_invoice_item":"10528","id_invoice":"2701","id_tipe":"19","id_unit":"26","id_method":"3","quantity":"2.00","price":"18000.00","total":"36000.00","jenis_barang":"minyakita 1l","satuan_dasar":"liter","tipe_unit":"liter","standar_jumlah_barang":"1.00"},{"id_invoice_item":"10529","id_invoice":"2701","id_tipe":"7","id_unit":"7","id_method":"3","quantity":"1.19","price":"29000.00","total":"34500.00","jenis_barang":"telur orange","satuan_dasar":"kg","tipe_unit":"kg","standar_jumlah_barang":"1.00"},{"id_invoice_item":"10530","id_invoice":"2701","id_tipe":"7","id_unit":"7","id_method":"2","quantity":"1.03","price":"29000.00","total":"30000.00","jenis_barang":"telur orange","satuan_dasar":"kg","tipe_unit":"kg","standar_jumlah_barang":"1.00"},{"id_invoice_item":"10531","id_invoice":"2701","id_tipe":"7","id_unit":"7","id_method":"3","quantity":"1.02","price":"29000.00","total":"29500.00","jenis_barang":"telur orange","satuan_dasar":"kg","tipe_unit":"kg","standar_jumlah_barang":"1.00"},{"id_invoice_item":"10532","id_invoice":"2701","id_tipe":"7","id_unit":"7","id_method":"3","quantity":"1.03","price":"29000.00","total":"30000.00","jenis_barang":"telur orange","satuan_dasar":"kg","tipe_unit":"kg","standar_jumlah_barang":"1.00"},{"id_invoice_item":"10533","id_invoice":"2701","id_tipe":"7","id_unit":"7","id_method":"3","quantity":"0.66","price":"29000.00","total":"19000.00","jenis_barang":"telur orange","satuan_dasar":"kg","tipe_unit":"kg","standar_jumlah_barang":"1.00"},{"id_invoice_item":"10534","id_invoice":"2701","id_tipe":"7","id_unit":"7","id_method":"3","quantity":"2.93","price":"29000.00","total":"85000.00","jenis_barang":"telur orange","satuan_dasar":"kg","tipe_unit":"kg","standar_jumlah_barang":"1.00"},{"id_invoice_item":"10535","id_invoice":"2701","id_tipe":"22","id_unit":"33","id_method":"3","quantity":"1.00","price":"20000.00","total":"20000.00","jenis_barang":"minyak tropical 1l","satuan_dasar":"liter","tipe_unit":"liter","standar_jumlah_barang":"1.00"},{"id_invoice_item":"10536","id_invoice":"2701","id_tipe":"7","id_unit":"7","id_method":"3","quantity":"1.00","price":"29000.00","total":"29000.00","jenis_barang":"telur orange","satuan_dasar":"kg","tipe_unit":"kg","standar_jumlah_barang":"1.00"},{"id_invoice_item":"10537","id_invoice":"2701","id_tipe":"7","id_unit":"7","id_method":"3","quantity":"1.55","price":"29000.00","total":"45000.00","jenis_barang":"telur orange","satuan_dasar":"kg","tipe_unit":"kg","standar_jumlah_barang":"1.00"},{"id_invoice_item":"10538","id_invoice":"2701","id_tipe":"7","id_unit":"7","id_method":"3","quantity":"0.34","price":"29000.00","total":"10000.00","jenis_barang":"telur orange","satuan_dasar":"kg","tipe_unit":"kg","standar_jumlah_barang":"1.00"},{"id_invoice_item":"10539","id_invoice":"2701","id_tipe":"7","id_unit":"7","id_method":"3","quantity":"1.00","price":"29000.00","total":"29000.00","jenis_barang":"telur orange","satuan_dasar":"kg","tipe_unit":"kg","standar_jumlah_barang":"1.00"},{"id_invoice_item":"10540","id_invoice":"2701","id_tipe":"7","id_unit":"7","id_method":"3","quantity":"5.00","price":"28500.00","total":"142500.00","jenis_barang":"telur orange","satuan_dasar":"kg","tipe_unit":"kg","standar_jumlah_barang":"1.00"},{"id_invoice_item":"10541","id_invoice":"2701","id_tipe":"7","id_unit":"7","id_method":"3","quantity":"3.00","price":"29000.00","total":"87000.00","jenis_barang":"telur orange","satuan_dasar":"kg","tipe_unit":"kg","standar_jumlah_barang":"1.00"},{"id_invoice_item":"10542","id_invoice":"2701","id_tipe":"7","id_unit":"7","id_method":"3","quantity":"1.00","price":"29000.00","total":"29000.00","jenis_barang":"telur orange","satuan_dasar":"kg","tipe_unit":"kg","standar_jumlah_barang":"1.00"},{"id_invoice_item":"10543","id_invoice":"2701","id_tipe":"7","id_unit":"7","id_method":"3","quantity":"1.03","price":"29000.00","total":"30000.00","jenis_barang":"telur orange","satuan_dasar":"kg","tipe_unit":"kg","standar_jumlah_barang":"1.00"},{"id_invoice_item":"10544","id_invoice":"2701","id_tipe":"7","id_unit":"7","id_method":"3","quantity":"2.00","price":"29000.00","total":"58000.00","jenis_barang":"telur orange","satuan_dasar":"kg","tipe_unit":"kg","standar_jumlah_barang":"1.00"},{"id_invoice_item":"10545","id_invoice":"2701","id_tipe":"7","id_unit":"7","id_method":"3","quantity":"1.03","price":"29000.00","total":"30000.00","jenis_barang":"telur orange","satuan_dasar":"kg","tipe_unit":"kg","standar_jumlah_barang":"1.00"},{"id_invoice_item":"10546","id_invoice":"2701","id_tipe":"7","id_unit":"7","id_method":"2","quantity":"1.03","price":"29000.00","total":"30000.00","jenis_barang":"telur orange","satuan_dasar":"kg","tipe_unit":"kg","standar_jumlah_barang":"1.00"},{"id_invoice_item":"10547","id_invoice":"2701","id_tipe":"7","id_unit":"7","id_method":"2","quantity":"1.72","price":"29000.00","total":"50000.00","jenis_barang":"telur orange","satuan_dasar":"kg","tipe_unit":"kg","standar_jumlah_barang":"1.00"}]
INFO - 2026-02-03 06:41:13 --> Session: Class initialized using 'CodeIgniter\Session\Handlers\FileHandler' driver.
INFO - 2026-02-03 06:41:13 --> Invoice retrieved: {"id_invoice":"2696","customer_name":"eceran","total_amount":"30500.00","payment_amount":"30500.00","change_amount":"0.00","invoice_date":"2025-03-09 13:47:47"}
INFO - 2026-02-03 06:41:13 --> Invoice items retrieved: [{"id_invoice_item":"10499","id_invoice":"2696","id_tipe":"7","id_unit":"7","id_method":"2","quantity":"1.05","price":"29000.00","total":"30500.00","jenis_barang":"telur orange","satuan_dasar":"kg","tipe_unit":"kg","standar_jumlah_barang":"1.00"}]
INFO - 2026-02-03 06:49:31 --> Session: Class initialized using 'CodeIgniter\Session\Handlers\FileHandler' driver.
INFO - 2026-02-03 06:49:33 --> Session: Class initialized using 'CodeIgniter\Session\Handlers\FileHandler' driver.
INFO - 2026-02-03 06:49:33 --> Session: Class initialized using 'CodeIgniter\Session\Handlers\FileHandler' driver.
INFO - 2026-02-03 06:49:35 --> Session: Class initialized using 'CodeIgniter\Session\Handlers\FileHandler' driver.
INFO - 2026-02-03 06:49:43 --> Session: Class initialized using 'CodeIgniter\Session\Handlers\FileHandler' driver.
INFO - 2026-02-03 06:49:52 --> Session: Class initialized using 'CodeIgniter\Session\Handlers\FileHandler' driver.
INFO - 2026-02-03 06:50:00 --> Session: Class initialized using 'CodeIgniter\Session\Handlers\FileHandler' driver.
INFO - 2026-02-03 06:51:57 --> Session: Class initialized using 'CodeIgniter\Session\Handlers\FileHandler' driver.
INFO - 2026-02-03 06:51:58 --> Session: Class initialized using 'CodeIgniter\Session\Handlers\FileHandler' driver.
INFO - 2026-02-03 06:51:59 --> Session: Class initialized using 'CodeIgniter\Session\Handlers\FileHandler' driver.
INFO - 2026-02-03 06:51:59 --> Session: Class initialized using 'CodeIgniter\Session\Handlers\FileHandler' driver.
INFO - 2026-02-03 06:51:59 --> Session: Class initialized using 'CodeIgniter\Session\Handlers\FileHandler' driver.
INFO - 2026-02-03 06:51:59 --> Session: Class initialized using 'CodeIgniter\Session\Handlers\FileHandler' driver.
