INFO - 2025-01-11 09:45:27 --> Session: Class initialized using 'CodeIgniter\Session\Handlers\FileHandler' driver.
INFO - 2025-01-11 09:45:36 --> Session: Class initialized using 'CodeIgniter\Session\Handlers\FileHandler' driver.
INFO - 2025-01-11 09:45:38 --> Session: Class initialized using 'CodeIgniter\Session\Handlers\FileHandler' driver.
INFO - 2025-01-11 09:45:38 --> Session: Class initialized using 'CodeIgniter\Session\Handlers\FileHandler' driver.
INFO - 2025-01-11 09:45:38 --> Session: Class initialized using 'CodeIgniter\Session\Handlers\FileHandler' driver.
INFO - 2025-01-11 09:45:39 --> Session: Class initialized using 'CodeIgniter\Session\Handlers\FileHandler' driver.
INFO - 2025-01-11 09:45:39 --> Session: Class initialized using 'CodeIgniter\Session\Handlers\FileHandler' driver.
INFO - 2025-01-11 09:45:43 --> Session: Class initialized using 'CodeIgniter\Session\Handlers\FileHandler' driver.
INFO - 2025-01-11 09:45:43 --> Session: Class initialized using 'CodeIgniter\Session\Handlers\FileHandler' driver.
INFO - 2025-01-11 09:45:43 --> Session: Class initialized using 'CodeIgniter\Session\Handlers\FileHandler' driver.
INFO - 2025-01-11 09:45:44 --> Session: Class initialized using 'CodeIgniter\Session\Handlers\FileHandler' driver.
INFO - 2025-01-11 09:45:44 --> Session: Class initialized using 'CodeIgniter\Session\Handlers\FileHandler' driver.
INFO - 2025-01-11 09:46:53 --> Session: Class initialized using 'CodeIgniter\Session\Handlers\FileHandler' driver.
INFO - 2025-01-11 09:46:53 --> Session: Class initialized using 'CodeIgniter\Session\Handlers\FileHandler' driver.
INFO - 2025-01-11 09:46:54 --> Session: Class initialized using 'CodeIgniter\Session\Handlers\FileHandler' driver.
INFO - 2025-01-11 09:46:54 --> Session: Class initialized using 'CodeIgniter\Session\Handlers\FileHandler' driver.
INFO - 2025-01-11 09:46:54 --> Session: Class initialized using 'CodeIgniter\Session\Handlers\FileHandler' driver.
INFO - 2025-01-11 09:47:14 --> Session: Class initialized using 'CodeIgniter\Session\Handlers\FileHandler' driver.
INFO - 2025-01-11 09:49:16 --> Session: Class initialized using 'CodeIgniter\Session\Handlers\FileHandler' driver.
INFO - 2025-01-11 09:49:17 --> Session: Class initialized using 'CodeIgniter\Session\Handlers\FileHandler' driver.
INFO - 2025-01-11 09:49:18 --> Session: Class initialized using 'CodeIgniter\Session\Handlers\FileHandler' driver.
INFO - 2025-01-11 09:49:18 --> Session: Class initialized using 'CodeIgniter\Session\Handlers\FileHandler' driver.
INFO - 2025-01-11 09:49:18 --> Session: Class initialized using 'CodeIgniter\Session\Handlers\FileHandler' driver.
INFO - 2025-01-11 09:49:19 --> Session: Class initialized using 'CodeIgniter\Session\Handlers\FileHandler' driver.
INFO - 2025-01-11 09:50:09 --> Session: Class initialized using 'CodeIgniter\Session\Handlers\FileHandler' driver.
INFO - 2025-01-11 09:50:10 --> Session: Class initialized using 'CodeIgniter\Session\Handlers\FileHandler' driver.
INFO - 2025-01-11 09:50:10 --> Session: Class initialized using 'CodeIgniter\Session\Handlers\FileHandler' driver.
INFO - 2025-01-11 09:50:10 --> Session: Class initialized using 'CodeIgniter\Session\Handlers\FileHandler' driver.
INFO - 2025-01-11 09:50:10 --> Session: Class initialized using 'CodeIgniter\Session\Handlers\FileHandler' driver.
INFO - 2025-01-11 09:50:17 --> Session: Class initialized using 'CodeIgniter\Session\Handlers\FileHandler' driver.
INFO - 2025-01-11 09:50:21 --> Session: Class initialized using 'CodeIgniter\Session\Handlers\FileHandler' driver.
INFO - 2025-01-11 09:50:22 --> Session: Class initialized using 'CodeIgniter\Session\Handlers\FileHandler' driver.
INFO - 2025-01-11 09:50:22 --> Session: Class initialized using 'CodeIgniter\Session\Handlers\FileHandler' driver.
INFO - 2025-01-11 09:50:23 --> Session: Class initialized using 'CodeIgniter\Session\Handlers\FileHandler' driver.
INFO - 2025-01-11 09:50:23 --> Session: Class initialized using 'CodeIgniter\Session\Handlers\FileHandler' driver.
INFO - 2025-01-11 09:50:23 --> Session: Class initialized using 'CodeIgniter\Session\Handlers\FileHandler' driver.
INFO - 2025-01-11 09:50:26 --> Session: Class initialized using 'CodeIgniter\Session\Handlers\FileHandler' driver.
INFO - 2025-01-11 09:50:27 --> Session: Class initialized using 'CodeIgniter\Session\Handlers\FileHandler' driver.
INFO - 2025-01-11 09:50:27 --> Session: Class initialized using 'CodeIgniter\Session\Handlers\FileHandler' driver.
INFO - 2025-01-11 09:50:28 --> Session: Class initialized using 'CodeIgniter\Session\Handlers\FileHandler' driver.
INFO - 2025-01-11 09:50:28 --> Session: Class initialized using 'CodeIgniter\Session\Handlers\FileHandler' driver.
INFO - 2025-01-11 09:50:28 --> Session: Class initialized using 'CodeIgniter\Session\Handlers\FileHandler' driver.
INFO - 2025-01-11 09:50:30 --> Session: Class initialized using 'CodeIgniter\Session\Handlers\FileHandler' driver.
INFO - 2025-01-11 09:50:31 --> Session: Class initialized using 'CodeIgniter\Session\Handlers\FileHandler' driver.
INFO - 2025-01-11 09:50:31 --> Session: Class initialized using 'CodeIgniter\Session\Handlers\FileHandler' driver.
INFO - 2025-01-11 09:50:31 --> Session: Class initialized using 'CodeIgniter\Session\Handlers\FileHandler' driver.
INFO - 2025-01-11 09:50:31 --> Session: Class initialized using 'CodeIgniter\Session\Handlers\FileHandler' driver.
INFO - 2025-01-11 09:50:33 --> Session: Class initialized using 'CodeIgniter\Session\Handlers\FileHandler' driver.
INFO - 2025-01-11 09:50:58 --> Session: Class initialized using 'CodeIgniter\Session\Handlers\FileHandler' driver.
INFO - 2025-01-11 09:50:59 --> Session: Class initialized using 'CodeIgniter\Session\Handlers\FileHandler' driver.
INFO - 2025-01-11 09:50:59 --> Session: Class initialized using 'CodeIgniter\Session\Handlers\FileHandler' driver.
INFO - 2025-01-11 09:51:00 --> Session: Class initialized using 'CodeIgniter\Session\Handlers\FileHandler' driver.
INFO - 2025-01-11 09:51:00 --> Session: Class initialized using 'CodeIgniter\Session\Handlers\FileHandler' driver.
INFO - 2025-01-11 09:51:00 --> Session: Class initialized using 'CodeIgniter\Session\Handlers\FileHandler' driver.
INFO - 2025-01-11 09:51:04 --> Session: Class initialized using 'CodeIgniter\Session\Handlers\FileHandler' driver.
INFO - 2025-01-11 09:51:04 --> Session: Class initialized using 'CodeIgniter\Session\Handlers\FileHandler' driver.
INFO - 2025-01-11 09:51:05 --> Session: Class initialized using 'CodeIgniter\Session\Handlers\FileHandler' driver.
INFO - 2025-01-11 09:51:05 --> Session: Class initialized using 'CodeIgniter\Session\Handlers\FileHandler' driver.
INFO - 2025-01-11 09:51:05 --> Session: Class initialized using 'CodeIgniter\Session\Handlers\FileHandler' driver.
INFO - 2025-01-11 09:51:06 --> Session: Class initialized using 'CodeIgniter\Session\Handlers\FileHandler' driver.
INFO - 2025-01-11 09:51:09 --> Session: Class initialized using 'CodeIgniter\Session\Handlers\FileHandler' driver.
INFO - 2025-01-11 09:51:09 --> Session: Class initialized using 'CodeIgniter\Session\Handlers\FileHandler' driver.
INFO - 2025-01-11 09:51:09 --> Session: Class initialized using 'CodeIgniter\Session\Handlers\FileHandler' driver.
INFO - 2025-01-11 09:51:10 --> Session: Class initialized using 'CodeIgniter\Session\Handlers\FileHandler' driver.
INFO - 2025-01-11 09:51:10 --> Session: Class initialized using 'CodeIgniter\Session\Handlers\FileHandler' driver.
INFO - 2025-01-11 09:51:10 --> Session: Class initialized using 'CodeIgniter\Session\Handlers\FileHandler' driver.
INFO - 2025-01-11 09:51:13 --> Session: Class initialized using 'CodeIgniter\Session\Handlers\FileHandler' driver.
INFO - 2025-01-11 09:51:14 --> Session: Class initialized using 'CodeIgniter\Session\Handlers\FileHandler' driver.
INFO - 2025-01-11 09:51:14 --> Session: Class initialized using 'CodeIgniter\Session\Handlers\FileHandler' driver.
INFO - 2025-01-11 09:51:14 --> Session: Class initialized using 'CodeIgniter\Session\Handlers\FileHandler' driver.
INFO - 2025-01-11 09:51:14 --> Session: Class initialized using 'CodeIgniter\Session\Handlers\FileHandler' driver.
INFO - 2025-01-11 09:51:16 --> Session: Class initialized using 'CodeIgniter\Session\Handlers\FileHandler' driver.
INFO - 2025-01-11 09:54:05 --> Session: Class initialized using 'CodeIgniter\Session\Handlers\FileHandler' driver.
INFO - 2025-01-11 09:54:06 --> Session: Class initialized using 'CodeIgniter\Session\Handlers\FileHandler' driver.
INFO - 2025-01-11 09:54:07 --> Session: Class initialized using 'CodeIgniter\Session\Handlers\FileHandler' driver.
INFO - 2025-01-11 09:54:07 --> Session: Class initialized using 'CodeIgniter\Session\Handlers\FileHandler' driver.
INFO - 2025-01-11 09:54:07 --> Session: Class initialized using 'CodeIgniter\Session\Handlers\FileHandler' driver.
INFO - 2025-01-11 09:54:08 --> Session: Class initialized using 'CodeIgniter\Session\Handlers\FileHandler' driver.
INFO - 2025-01-11 10:06:44 --> Session: Class initialized using 'CodeIgniter\Session\Handlers\FileHandler' driver.
INFO - 2025-01-11 10:06:46 --> Session: Class initialized using 'CodeIgniter\Session\Handlers\FileHandler' driver.
INFO - 2025-01-11 10:06:46 --> Session: Class initialized using 'CodeIgniter\Session\Handlers\FileHandler' driver.
INFO - 2025-01-11 10:06:46 --> Session: Class initialized using 'CodeIgniter\Session\Handlers\FileHandler' driver.
INFO - 2025-01-11 10:06:46 --> Session: Class initialized using 'CodeIgniter\Session\Handlers\FileHandler' driver.
INFO - 2025-01-11 12:48:01 --> Session: Class initialized using 'CodeIgniter\Session\Handlers\FileHandler' driver.
INFO - 2025-01-11 12:52:56 --> Session: Class initialized using 'CodeIgniter\Session\Handlers\FileHandler' driver.
INFO - 2025-01-11 12:53:03 --> Session: Class initialized using 'CodeIgniter\Session\Handlers\FileHandler' driver.
INFO - 2025-01-11 12:53:04 --> Session: Class initialized using 'CodeIgniter\Session\Handlers\FileHandler' driver.
INFO - 2025-01-11 12:53:04 --> Session: Class initialized using 'CodeIgniter\Session\Handlers\FileHandler' driver.
INFO - 2025-01-11 12:53:04 --> Session: Class initialized using 'CodeIgniter\Session\Handlers\FileHandler' driver.
INFO - 2025-01-11 12:53:04 --> Session: Class initialized using 'CodeIgniter\Session\Handlers\FileHandler' driver.
INFO - 2025-01-11 12:53:04 --> Session: Class initialized using 'CodeIgniter\Session\Handlers\FileHandler' driver.
INFO - 2025-01-11 12:53:08 --> Session: Class initialized using 'CodeIgniter\Session\Handlers\FileHandler' driver.
INFO - 2025-01-11 12:53:08 --> Session: Class initialized using 'CodeIgniter\Session\Handlers\FileHandler' driver.
INFO - 2025-01-11 12:53:09 --> Session: Class initialized using 'CodeIgniter\Session\Handlers\FileHandler' driver.
INFO - 2025-01-11 12:53:09 --> Session: Class initialized using 'CodeIgniter\Session\Handlers\FileHandler' driver.
INFO - 2025-01-11 12:53:09 --> Session: Class initialized using 'CodeIgniter\Session\Handlers\FileHandler' driver.
INFO - 2025-01-11 12:53:10 --> Session: Class initialized using 'CodeIgniter\Session\Handlers\FileHandler' driver.
INFO - 2025-01-11 13:22:06 --> Session: Class initialized using 'CodeIgniter\Session\Handlers\FileHandler' driver.
DEBUG - 2025-01-11 13:22:06 --> getPembelianDetail SQL: SELECT `tp`.*, `dp`.*, `m`.*, `sp`.`nama_supplier`, `sp`.`alamat` as `supplier_alamat`, `tb`.`jenis_barang`, `tb`.`satuan_dasar`, `dp`.`harga_modal_barang`
FROM `tbl_pembelian` `tp`
LEFT JOIN `tbl_supplier` `sp` ON `tp`.`id_supplier` = `sp`.`id_supplier`
LEFT JOIN `tbl_detail_pembelian` `dp` ON `tp`.`id_pembelian` = `dp`.`id_pembelian`
LEFT JOIN `tbl_meity` `m` ON `tp`.`id_pembelian` = `m`.`id_pembelian`
LEFT JOIN `tbl_tipe_barang` `tb` ON `dp`.`id_tipe` = `tb`.`id_tipe`
WHERE `tp`.`id_pembelian` = '28'
DEBUG - 2025-01-11 13:22:06 --> getPembelianDetail Result: {"id_pembelian":"1","id_supplier":"1","tgl_masuk":"2024-12-12","total_meity":"2772000.00"}
CRITICAL - 2025-01-11 13:22:06 --> ErrorException: Undefined array key "status"
[Method: GET, Route: admin/pembelian/detail/28]
in APPPATH\Views\pages\admin\pembelian\detail.php on line 19.
 1 APPPATH\Views\pages\admin\pembelian\detail.php(19): CodeIgniter\Debug\Exceptions->errorHandler(2, 'Undefined array key "status"', 'E:\\XAMPP\\htdocs\\toko_sukses_bersama\\app\\Views\\pages\\admin\\pembelian\\detail.php', 19)
 2 SYSTEMPATH\View\View.php(234): include('E:\\XAMPP\\htdocs\\toko_sukses_bersama\\app\\Views\\pages\\admin\\pembelian\\detail.php')
 3 SYSTEMPATH\View\View.php(237): CodeIgniter\View\View->CodeIgniter\View\{closure}()
 4 SYSTEMPATH\Common.php(1171): CodeIgniter\View\View->render('pages/admin/pembelian/detail', [], true)
 5 APPPATH\Controllers\Admin\PembelianController.php(61): view('pages/admin/pembelian/detail', [...])
 6 SYSTEMPATH\CodeIgniter.php(933): App\Controllers\Admin\PembelianController->detail('28')
 7 SYSTEMPATH\CodeIgniter.php(509): CodeIgniter\CodeIgniter->runController(Object(App\Controllers\Admin\PembelianController))
 8 SYSTEMPATH\CodeIgniter.php(355): CodeIgniter\CodeIgniter->handleRequest(null, Object(Config\Cache), false)
 9 SYSTEMPATH\Boot.php(325): CodeIgniter\CodeIgniter->run()
10 SYSTEMPATH\Boot.php(67): CodeIgniter\Boot::runCodeIgniter(Object(CodeIgniter\CodeIgniter))
11 FCPATH\index.php(56): CodeIgniter\Boot::bootWeb(Object(Config\Paths))
12 SYSTEMPATH\rewrite.php(44): require_once('E:\\XAMPP\\htdocs\\toko_sukses_bersama\\public\\index.php')
INFO - 2025-01-11 13:23:58 --> Session: Class initialized using 'CodeIgniter\Session\Handlers\FileHandler' driver.
DEBUG - 2025-01-11 13:23:58 --> getPembelianDetail SQL: SELECT `tp`.*, `dp`.*, `m`.*, `sp`.`nama_supplier`, `sp`.`alamat` as `supplier_alamat`, `tb`.`jenis_barang`, `tb`.`satuan_dasar`, `dp`.`harga_modal_barang`
FROM `tbl_pembelian` `tp`
LEFT JOIN `tbl_supplier` `sp` ON `tp`.`id_supplier` = `sp`.`id_supplier`
LEFT JOIN `tbl_detail_pembelian` `dp` ON `tp`.`id_pembelian` = `dp`.`id_pembelian`
LEFT JOIN `tbl_meity` `m` ON `tp`.`id_pembelian` = `m`.`id_pembelian`
LEFT JOIN `tbl_tipe_barang` `tb` ON `dp`.`id_tipe` = `tb`.`id_tipe`
WHERE `tp`.`id_pembelian` = '28'
DEBUG - 2025-01-11 13:23:58 --> getPembelianDetail Result: {"id_pembelian":"1","id_supplier":"1","tgl_masuk":"2024-12-12","total_meity":"2772000.00"}
CRITICAL - 2025-01-11 13:23:58 --> ErrorException: Undefined array key "status"
[Method: GET, Route: admin/pembelian/detail/28]
in APPPATH\Views\pages\admin\pembelian\detail.php on line 19.
 1 APPPATH\Views\pages\admin\pembelian\detail.php(19): CodeIgniter\Debug\Exceptions->errorHandler(2, 'Undefined array key "status"', 'E:\\XAMPP\\htdocs\\toko_sukses_bersama\\app\\Views\\pages\\admin\\pembelian\\detail.php', 19)
 2 SYSTEMPATH\View\View.php(234): include('E:\\XAMPP\\htdocs\\toko_sukses_bersama\\app\\Views\\pages\\admin\\pembelian\\detail.php')
 3 SYSTEMPATH\View\View.php(237): CodeIgniter\View\View->CodeIgniter\View\{closure}()
 4 SYSTEMPATH\Common.php(1171): CodeIgniter\View\View->render('pages/admin/pembelian/detail', [], true)
 5 APPPATH\Controllers\Admin\PembelianController.php(61): view('pages/admin/pembelian/detail', [...])
 6 SYSTEMPATH\CodeIgniter.php(933): App\Controllers\Admin\PembelianController->detail('28')
 7 SYSTEMPATH\CodeIgniter.php(509): CodeIgniter\CodeIgniter->runController(Object(App\Controllers\Admin\PembelianController))
 8 SYSTEMPATH\CodeIgniter.php(355): CodeIgniter\CodeIgniter->handleRequest(null, Object(Config\Cache), false)
 9 SYSTEMPATH\Boot.php(325): CodeIgniter\CodeIgniter->run()
10 SYSTEMPATH\Boot.php(67): CodeIgniter\Boot::runCodeIgniter(Object(CodeIgniter\CodeIgniter))
11 FCPATH\index.php(56): CodeIgniter\Boot::bootWeb(Object(Config\Paths))
12 SYSTEMPATH\rewrite.php(44): require_once('E:\\XAMPP\\htdocs\\toko_sukses_bersama\\public\\index.php')
INFO - 2025-01-11 13:23:59 --> Session: Class initialized using 'CodeIgniter\Session\Handlers\FileHandler' driver.
DEBUG - 2025-01-11 13:23:59 --> getPembelianDetail SQL: SELECT `tp`.*, `dp`.*, `m`.*, `sp`.`nama_supplier`, `sp`.`alamat` as `supplier_alamat`, `tb`.`jenis_barang`, `tb`.`satuan_dasar`, `dp`.`harga_modal_barang`
FROM `tbl_pembelian` `tp`
LEFT JOIN `tbl_supplier` `sp` ON `tp`.`id_supplier` = `sp`.`id_supplier`
LEFT JOIN `tbl_detail_pembelian` `dp` ON `tp`.`id_pembelian` = `dp`.`id_pembelian`
LEFT JOIN `tbl_meity` `m` ON `tp`.`id_pembelian` = `m`.`id_pembelian`
LEFT JOIN `tbl_tipe_barang` `tb` ON `dp`.`id_tipe` = `tb`.`id_tipe`
WHERE `tp`.`id_pembelian` = '28'
DEBUG - 2025-01-11 13:23:59 --> getPembelianDetail Result: {"id_pembelian":"1","id_supplier":"1","tgl_masuk":"2024-12-12","total_meity":"2772000.00"}
CRITICAL - 2025-01-11 13:23:59 --> ErrorException: Undefined array key "status"
[Method: GET, Route: admin/pembelian/detail/28]
in APPPATH\Views\pages\admin\pembelian\detail.php on line 19.
 1 APPPATH\Views\pages\admin\pembelian\detail.php(19): CodeIgniter\Debug\Exceptions->errorHandler(2, 'Undefined array key "status"', 'E:\\XAMPP\\htdocs\\toko_sukses_bersama\\app\\Views\\pages\\admin\\pembelian\\detail.php', 19)
 2 SYSTEMPATH\View\View.php(234): include('E:\\XAMPP\\htdocs\\toko_sukses_bersama\\app\\Views\\pages\\admin\\pembelian\\detail.php')
 3 SYSTEMPATH\View\View.php(237): CodeIgniter\View\View->CodeIgniter\View\{closure}()
 4 SYSTEMPATH\Common.php(1171): CodeIgniter\View\View->render('pages/admin/pembelian/detail', [], true)
 5 APPPATH\Controllers\Admin\PembelianController.php(61): view('pages/admin/pembelian/detail', [...])
 6 SYSTEMPATH\CodeIgniter.php(933): App\Controllers\Admin\PembelianController->detail('28')
 7 SYSTEMPATH\CodeIgniter.php(509): CodeIgniter\CodeIgniter->runController(Object(App\Controllers\Admin\PembelianController))
 8 SYSTEMPATH\CodeIgniter.php(355): CodeIgniter\CodeIgniter->handleRequest(null, Object(Config\Cache), false)
 9 SYSTEMPATH\Boot.php(325): CodeIgniter\CodeIgniter->run()
10 SYSTEMPATH\Boot.php(67): CodeIgniter\Boot::runCodeIgniter(Object(CodeIgniter\CodeIgniter))
11 FCPATH\index.php(56): CodeIgniter\Boot::bootWeb(Object(Config\Paths))
12 SYSTEMPATH\rewrite.php(44): require_once('E:\\XAMPP\\htdocs\\toko_sukses_bersama\\public\\index.php')
INFO - 2025-01-11 13:24:05 --> Session: Class initialized using 'CodeIgniter\Session\Handlers\FileHandler' driver.
INFO - 2025-01-11 13:24:06 --> Session: Class initialized using 'CodeIgniter\Session\Handlers\FileHandler' driver.
INFO - 2025-01-11 13:24:06 --> Session: Class initialized using 'CodeIgniter\Session\Handlers\FileHandler' driver.
INFO - 2025-01-11 13:24:07 --> Session: Class initialized using 'CodeIgniter\Session\Handlers\FileHandler' driver.
INFO - 2025-01-11 13:24:07 --> Session: Class initialized using 'CodeIgniter\Session\Handlers\FileHandler' driver.
INFO - 2025-01-11 13:24:08 --> Session: Class initialized using 'CodeIgniter\Session\Handlers\FileHandler' driver.
CRITICAL - 2025-01-11 15:27:54 --> ParseError: syntax error, unexpected single-quoted string "no_telp", expecting "]"
[Method: GET, Route: admin/customer]
in APPPATH\Controllers\Admin\CustomerController.php on line 64.
 1 SYSTEMPATH\Autoloader\Autoloader.php(296): CodeIgniter\Autoloader\Autoloader->includeFile('E:\\XAMPP\\htdocs\\toko_sukses_bersama\\app\\Controllers\\Admin\\CustomerController.php')
 2 SYSTEMPATH\Autoloader\Autoloader.php(272): CodeIgniter\Autoloader\Autoloader->loadInNamespace('App\\Controllers\\Admin\\CustomerController')
 3 [internal function]: CodeIgniter\Autoloader\Autoloader->loadClass('App\\Controllers\\Admin\\CustomerController')
 4 SYSTEMPATH\CodeIgniter.php(887): class_exists('\\App\\Controllers\\Admin\\CustomerController', true)
 5 SYSTEMPATH\CodeIgniter.php(496): CodeIgniter\CodeIgniter->startController()
 6 SYSTEMPATH\CodeIgniter.php(355): CodeIgniter\CodeIgniter->handleRequest(null, Object(Config\Cache), false)
 7 SYSTEMPATH\Boot.php(325): CodeIgniter\CodeIgniter->run()
 8 SYSTEMPATH\Boot.php(67): CodeIgniter\Boot::runCodeIgniter(Object(CodeIgniter\CodeIgniter))
 9 FCPATH\index.php(56): CodeIgniter\Boot::bootWeb(Object(Config\Paths))
10 SYSTEMPATH\rewrite.php(44): require_once('E:\\XAMPP\\htdocs\\toko_sukses_bersama\\public\\index.php')
INFO - 2025-01-11 15:28:28 --> Session: Class initialized using 'CodeIgniter\Session\Handlers\FileHandler' driver.
INFO - 2025-01-11 15:28:38 --> Session: Class initialized using 'CodeIgniter\Session\Handlers\FileHandler' driver.
INFO - 2025-01-11 15:28:44 --> Session: Class initialized using 'CodeIgniter\Session\Handlers\FileHandler' driver.
INFO - 2025-01-11 15:28:45 --> Session: Class initialized using 'CodeIgniter\Session\Handlers\FileHandler' driver.
INFO - 2025-01-11 15:30:57 --> Session: Class initialized using 'CodeIgniter\Session\Handlers\FileHandler' driver.
INFO - 2025-01-11 15:33:12 --> Session: Class initialized using 'CodeIgniter\Session\Handlers\FileHandler' driver.
INFO - 2025-01-11 15:33:13 --> Session: Class initialized using 'CodeIgniter\Session\Handlers\FileHandler' driver.
INFO - 2025-01-11 15:37:53 --> Session: Class initialized using 'CodeIgniter\Session\Handlers\FileHandler' driver.
INFO - 2025-01-11 15:37:54 --> Session: Class initialized using 'CodeIgniter\Session\Handlers\FileHandler' driver.
INFO - 2025-01-11 15:40:18 --> Session: Class initialized using 'CodeIgniter\Session\Handlers\FileHandler' driver.
INFO - 2025-01-11 15:40:19 --> Session: Class initialized using 'CodeIgniter\Session\Handlers\FileHandler' driver.
INFO - 2025-01-11 15:42:30 --> Session: Class initialized using 'CodeIgniter\Session\Handlers\FileHandler' driver.
INFO - 2025-01-11 15:42:31 --> Session: Class initialized using 'CodeIgniter\Session\Handlers\FileHandler' driver.
INFO - 2025-01-11 15:42:32 --> Session: Class initialized using 'CodeIgniter\Session\Handlers\FileHandler' driver.
INFO - 2025-01-11 15:42:34 --> Session: Class initialized using 'CodeIgniter\Session\Handlers\FileHandler' driver.
INFO - 2025-01-11 15:42:46 --> Session: Class initialized using 'CodeIgniter\Session\Handlers\FileHandler' driver.
INFO - 2025-01-11 15:42:48 --> Session: Class initialized using 'CodeIgniter\Session\Handlers\FileHandler' driver.
INFO - 2025-01-11 15:42:49 --> Session: Class initialized using 'CodeIgniter\Session\Handlers\FileHandler' driver.
INFO - 2025-01-11 15:45:26 --> Session: Class initialized using 'CodeIgniter\Session\Handlers\FileHandler' driver.
INFO - 2025-01-11 15:45:27 --> Session: Class initialized using 'CodeIgniter\Session\Handlers\FileHandler' driver.
INFO - 2025-01-11 15:46:47 --> Session: Class initialized using 'CodeIgniter\Session\Handlers\FileHandler' driver.
INFO - 2025-01-11 15:46:48 --> Session: Class initialized using 'CodeIgniter\Session\Handlers\FileHandler' driver.
INFO - 2025-01-11 15:49:40 --> Session: Class initialized using 'CodeIgniter\Session\Handlers\FileHandler' driver.
INFO - 2025-01-11 15:49:41 --> Session: Class initialized using 'CodeIgniter\Session\Handlers\FileHandler' driver.
INFO - 2025-01-11 15:51:16 --> Session: Class initialized using 'CodeIgniter\Session\Handlers\FileHandler' driver.
INFO - 2025-01-11 15:51:17 --> Session: Class initialized using 'CodeIgniter\Session\Handlers\FileHandler' driver.
INFO - 2025-01-11 15:55:16 --> Session: Class initialized using 'CodeIgniter\Session\Handlers\FileHandler' driver.
INFO - 2025-01-11 15:55:18 --> Session: Class initialized using 'CodeIgniter\Session\Handlers\FileHandler' driver.
INFO - 2025-01-11 15:56:54 --> Session: Class initialized using 'CodeIgniter\Session\Handlers\FileHandler' driver.
INFO - 2025-01-11 15:56:55 --> Session: Class initialized using 'CodeIgniter\Session\Handlers\FileHandler' driver.
INFO - 2025-01-11 15:56:59 --> Session: Class initialized using 'CodeIgniter\Session\Handlers\FileHandler' driver.
INFO - 2025-01-11 15:57:04 --> Session: Class initialized using 'CodeIgniter\Session\Handlers\FileHandler' driver.
INFO - 2025-01-11 15:57:11 --> Session: Class initialized using 'CodeIgniter\Session\Handlers\FileHandler' driver.
INFO - 2025-01-11 15:57:47 --> Session: Class initialized using 'CodeIgniter\Session\Handlers\FileHandler' driver.
INFO - 2025-01-11 15:57:48 --> Session: Class initialized using 'CodeIgniter\Session\Handlers\FileHandler' driver.
INFO - 2025-01-11 15:58:19 --> Session: Class initialized using 'CodeIgniter\Session\Handlers\FileHandler' driver.
INFO - 2025-01-11 15:59:07 --> Session: Class initialized using 'CodeIgniter\Session\Handlers\FileHandler' driver.
INFO - 2025-01-11 15:59:10 --> Session: Class initialized using 'CodeIgniter\Session\Handlers\FileHandler' driver.
INFO - 2025-01-11 15:59:12 --> Session: Class initialized using 'CodeIgniter\Session\Handlers\FileHandler' driver.
INFO - 2025-01-11 15:59:28 --> Session: Class initialized using 'CodeIgniter\Session\Handlers\FileHandler' driver.
INFO - 2025-01-11 15:59:50 --> Session: Class initialized using 'CodeIgniter\Session\Handlers\FileHandler' driver.
INFO - 2025-01-11 15:59:52 --> Session: Class initialized using 'CodeIgniter\Session\Handlers\FileHandler' driver.
INFO - 2025-01-11 15:59:53 --> Session: Class initialized using 'CodeIgniter\Session\Handlers\FileHandler' driver.
INFO - 2025-01-11 15:59:55 --> Session: Class initialized using 'CodeIgniter\Session\Handlers\FileHandler' driver.
INFO - 2025-01-11 15:59:55 --> Session: Class initialized using 'CodeIgniter\Session\Handlers\FileHandler' driver.
INFO - 2025-01-11 15:59:56 --> Session: Class initialized using 'CodeIgniter\Session\Handlers\FileHandler' driver.
INFO - 2025-01-11 15:59:57 --> Session: Class initialized using 'CodeIgniter\Session\Handlers\FileHandler' driver.
INFO - 2025-01-11 16:00:00 --> Session: Class initialized using 'CodeIgniter\Session\Handlers\FileHandler' driver.
INFO - 2025-01-11 16:00:02 --> Session: Class initialized using 'CodeIgniter\Session\Handlers\FileHandler' driver.
INFO - 2025-01-11 16:00:03 --> Session: Class initialized using 'CodeIgniter\Session\Handlers\FileHandler' driver.
INFO - 2025-01-11 18:53:48 --> Session: Class initialized using 'CodeIgniter\Session\Handlers\FileHandler' driver.
INFO - 2025-01-11 18:56:36 --> Session: Class initialized using 'CodeIgniter\Session\Handlers\FileHandler' driver.
INFO - 2025-01-11 18:56:39 --> Session: Class initialized using 'CodeIgniter\Session\Handlers\FileHandler' driver.
ERROR - 2025-01-11 18:56:40 --> mysqli_sql_exception: Unknown column 'no_telp' in 'field list' in E:\XAMPP\htdocs\toko_sukses_bersama\system\Database\MySQLi\Connection.php:312
Stack trace:
#0 E:\XAMPP\htdocs\toko_sukses_bersama\system\Database\MySQLi\Connection.php(312): mysqli->query('SELECT `id_supp...', 0)
#1 E:\XAMPP\htdocs\toko_sukses_bersama\system\Database\BaseConnection.php(734): CodeIgniter\Database\MySQLi\Connection->execute('SELECT `id_supp...')
#2 E:\XAMPP\htdocs\toko_sukses_bersama\system\Database\BaseConnection.php(648): CodeIgniter\Database\BaseConnection->simpleQuery('SELECT `id_supp...')
#3 E:\XAMPP\htdocs\toko_sukses_bersama\system\Database\BaseBuilder.php(1644): CodeIgniter\Database\BaseConnection->query('SELECT `id_supp...', Array, false)
#4 E:\XAMPP\htdocs\toko_sukses_bersama\app\Controllers\Admin\SupplierController.php(92): CodeIgniter\Database\BaseBuilder->get()
#5 E:\XAMPP\htdocs\toko_sukses_bersama\system\CodeIgniter.php(933): App\Controllers\Admin\SupplierController->datatables()
#6 E:\XAMPP\htdocs\toko_sukses_bersama\system\CodeIgniter.php(509): CodeIgniter\CodeIgniter->runController(Object(App\Controllers\Admin\SupplierController))
#7 E:\XAMPP\htdocs\toko_sukses_bersama\system\CodeIgniter.php(355): CodeIgniter\CodeIgniter->handleRequest(NULL, Object(Config\Cache), false)
#8 E:\XAMPP\htdocs\toko_sukses_bersama\system\Boot.php(325): CodeIgniter\CodeIgniter->run()
#9 E:\XAMPP\htdocs\toko_sukses_bersama\system\Boot.php(67): CodeIgniter\Boot::runCodeIgniter(Object(CodeIgniter\CodeIgniter))
#10 E:\XAMPP\htdocs\toko_sukses_bersama\public\index.php(56): CodeIgniter\Boot::bootWeb(Object(Config\Paths))
#11 E:\XAMPP\htdocs\toko_sukses_bersama\system\rewrite.php(44): require_once('E:\\XAMPP\\htdocs...')
#12 {main}
CRITICAL - 2025-01-11 18:56:40 --> CodeIgniter\Database\Exceptions\DatabaseException: Unknown column 'no_telp' in 'field list'
[Method: POST, Route: admin/supplier/datatables]
in SYSTEMPATH\Database\BaseConnection.php on line 688.
 1 SYSTEMPATH\Database\BaseBuilder.php(1644): CodeIgniter\Database\BaseConnection->query('SELECT `id_supplier`, `nama_supplier`, COALESCE(alamat, "-") as alamat, COALESCE(no_telp, "-") as no_telp
FROM `tbl_supplier`
 LIMIT 10', [], false)
 2 APPPATH\Controllers\Admin\SupplierController.php(92): CodeIgniter\Database\BaseBuilder->get()
 3 SYSTEMPATH\CodeIgniter.php(933): App\Controllers\Admin\SupplierController->datatables()
 4 SYSTEMPATH\CodeIgniter.php(509): CodeIgniter\CodeIgniter->runController(Object(App\Controllers\Admin\SupplierController))
 5 SYSTEMPATH\CodeIgniter.php(355): CodeIgniter\CodeIgniter->handleRequest(null, Object(Config\Cache), false)
 6 SYSTEMPATH\Boot.php(325): CodeIgniter\CodeIgniter->run()
 7 SYSTEMPATH\Boot.php(67): CodeIgniter\Boot::runCodeIgniter(Object(CodeIgniter\CodeIgniter))
 8 FCPATH\index.php(56): CodeIgniter\Boot::bootWeb(Object(Config\Paths))
 9 SYSTEMPATH\rewrite.php(44): require_once('E:\\XAMPP\\htdocs\\toko_sukses_bersama\\public\\index.php')
CRITICAL - 2025-01-11 18:56:40 --> [Caused by] CodeIgniter\Database\Exceptions\DatabaseException: Unknown column 'no_telp' in 'field list'
in SYSTEMPATH\Database\MySQLi\Connection.php on line 317.
 1 SYSTEMPATH\Database\BaseConnection.php(734): CodeIgniter\Database\MySQLi\Connection->execute('SELECT `id_supplier`, `nama_supplier`, COALESCE(alamat, "-") as alamat, COALESCE(no_telp, "-") as no_telp
FROM `tbl_supplier`
 LIMIT 10')
 2 SYSTEMPATH\Database\BaseConnection.php(648): CodeIgniter\Database\BaseConnection->simpleQuery('SELECT `id_supplier`, `nama_supplier`, COALESCE(alamat, "-") as alamat, COALESCE(no_telp, "-") as no_telp
FROM `tbl_supplier`
 LIMIT 10')
 3 SYSTEMPATH\Database\BaseBuilder.php(1644): CodeIgniter\Database\BaseConnection->query('SELECT `id_supplier`, `nama_supplier`, COALESCE(alamat, "-") as alamat, COALESCE(no_telp, "-") as no_telp
FROM `tbl_supplier`
 LIMIT 10', [], false)
 4 APPPATH\Controllers\Admin\SupplierController.php(92): CodeIgniter\Database\BaseBuilder->get()
 5 SYSTEMPATH\CodeIgniter.php(933): App\Controllers\Admin\SupplierController->datatables()
 6 SYSTEMPATH\CodeIgniter.php(509): CodeIgniter\CodeIgniter->runController(Object(App\Controllers\Admin\SupplierController))
 7 SYSTEMPATH\CodeIgniter.php(355): CodeIgniter\CodeIgniter->handleRequest(null, Object(Config\Cache), false)
 8 SYSTEMPATH\Boot.php(325): CodeIgniter\CodeIgniter->run()
 9 SYSTEMPATH\Boot.php(67): CodeIgniter\Boot::runCodeIgniter(Object(CodeIgniter\CodeIgniter))
10 FCPATH\index.php(56): CodeIgniter\Boot::bootWeb(Object(Config\Paths))
11 SYSTEMPATH\rewrite.php(44): require_once('E:\\XAMPP\\htdocs\\toko_sukses_bersama\\public\\index.php')
CRITICAL - 2025-01-11 18:56:40 --> [Caused by] mysqli_sql_exception: Unknown column 'no_telp' in 'field list'
in SYSTEMPATH\Database\MySQLi\Connection.php on line 312.
 1 SYSTEMPATH\Database\MySQLi\Connection.php(312): mysqli->query('SELECT `id_supplier`, `nama_supplier`, COALESCE(alamat, "-") as alamat, COALESCE(no_telp, "-") as no_telp
FROM `tbl_supplier`
 LIMIT 10', 0)
 2 SYSTEMPATH\Database\BaseConnection.php(734): CodeIgniter\Database\MySQLi\Connection->execute('SELECT `id_supplier`, `nama_supplier`, COALESCE(alamat, "-") as alamat, COALESCE(no_telp, "-") as no_telp
FROM `tbl_supplier`
 LIMIT 10')
 3 SYSTEMPATH\Database\BaseConnection.php(648): CodeIgniter\Database\BaseConnection->simpleQuery('SELECT `id_supplier`, `nama_supplier`, COALESCE(alamat, "-") as alamat, COALESCE(no_telp, "-") as no_telp
FROM `tbl_supplier`
 LIMIT 10')
 4 SYSTEMPATH\Database\BaseBuilder.php(1644): CodeIgniter\Database\BaseConnection->query('SELECT `id_supplier`, `nama_supplier`, COALESCE(alamat, "-") as alamat, COALESCE(no_telp, "-") as no_telp
FROM `tbl_supplier`
 LIMIT 10', [], false)
 5 APPPATH\Controllers\Admin\SupplierController.php(92): CodeIgniter\Database\BaseBuilder->get()
 6 SYSTEMPATH\CodeIgniter.php(933): App\Controllers\Admin\SupplierController->datatables()
 7 SYSTEMPATH\CodeIgniter.php(509): CodeIgniter\CodeIgniter->runController(Object(App\Controllers\Admin\SupplierController))
 8 SYSTEMPATH\CodeIgniter.php(355): CodeIgniter\CodeIgniter->handleRequest(null, Object(Config\Cache), false)
 9 SYSTEMPATH\Boot.php(325): CodeIgniter\CodeIgniter->run()
10 SYSTEMPATH\Boot.php(67): CodeIgniter\Boot::runCodeIgniter(Object(CodeIgniter\CodeIgniter))
11 FCPATH\index.php(56): CodeIgniter\Boot::bootWeb(Object(Config\Paths))
12 SYSTEMPATH\rewrite.php(44): require_once('E:\\XAMPP\\htdocs\\toko_sukses_bersama\\public\\index.php')
INFO - 2025-01-11 18:59:02 --> Session: Class initialized using 'CodeIgniter\Session\Handlers\FileHandler' driver.
INFO - 2025-01-11 18:59:03 --> Session: Class initialized using 'CodeIgniter\Session\Handlers\FileHandler' driver.
ERROR - 2025-01-11 18:59:03 --> mysqli_sql_exception: Unknown column 'no_telp' in 'field list' in E:\XAMPP\htdocs\toko_sukses_bersama\system\Database\MySQLi\Connection.php:312
Stack trace:
#0 E:\XAMPP\htdocs\toko_sukses_bersama\system\Database\MySQLi\Connection.php(312): mysqli->query('SELECT `id_supp...', 0)
#1 E:\XAMPP\htdocs\toko_sukses_bersama\system\Database\BaseConnection.php(734): CodeIgniter\Database\MySQLi\Connection->execute('SELECT `id_supp...')
#2 E:\XAMPP\htdocs\toko_sukses_bersama\system\Database\BaseConnection.php(648): CodeIgniter\Database\BaseConnection->simpleQuery('SELECT `id_supp...')
#3 E:\XAMPP\htdocs\toko_sukses_bersama\system\Database\BaseBuilder.php(1644): CodeIgniter\Database\BaseConnection->query('SELECT `id_supp...', Array, false)
#4 E:\XAMPP\htdocs\toko_sukses_bersama\app\Controllers\Admin\SupplierController.php(92): CodeIgniter\Database\BaseBuilder->get()
#5 E:\XAMPP\htdocs\toko_sukses_bersama\system\CodeIgniter.php(933): App\Controllers\Admin\SupplierController->datatables()
#6 E:\XAMPP\htdocs\toko_sukses_bersama\system\CodeIgniter.php(509): CodeIgniter\CodeIgniter->runController(Object(App\Controllers\Admin\SupplierController))
#7 E:\XAMPP\htdocs\toko_sukses_bersama\system\CodeIgniter.php(355): CodeIgniter\CodeIgniter->handleRequest(NULL, Object(Config\Cache), false)
#8 E:\XAMPP\htdocs\toko_sukses_bersama\system\Boot.php(325): CodeIgniter\CodeIgniter->run()
#9 E:\XAMPP\htdocs\toko_sukses_bersama\system\Boot.php(67): CodeIgniter\Boot::runCodeIgniter(Object(CodeIgniter\CodeIgniter))
#10 E:\XAMPP\htdocs\toko_sukses_bersama\public\index.php(56): CodeIgniter\Boot::bootWeb(Object(Config\Paths))
#11 E:\XAMPP\htdocs\toko_sukses_bersama\system\rewrite.php(44): require_once('E:\\XAMPP\\htdocs...')
#12 {main}
CRITICAL - 2025-01-11 18:59:03 --> CodeIgniter\Database\Exceptions\DatabaseException: Unknown column 'no_telp' in 'field list'
[Method: POST, Route: admin/supplier/datatables]
in SYSTEMPATH\Database\BaseConnection.php on line 688.
 1 SYSTEMPATH\Database\BaseBuilder.php(1644): CodeIgniter\Database\BaseConnection->query('SELECT `id_supplier`, `nama_supplier`, COALESCE(alamat, "-") as alamat, COALESCE(no_telp, "-") as no_telp
FROM `tbl_supplier`
 LIMIT 10', [], false)
 2 APPPATH\Controllers\Admin\SupplierController.php(92): CodeIgniter\Database\BaseBuilder->get()
 3 SYSTEMPATH\CodeIgniter.php(933): App\Controllers\Admin\SupplierController->datatables()
 4 SYSTEMPATH\CodeIgniter.php(509): CodeIgniter\CodeIgniter->runController(Object(App\Controllers\Admin\SupplierController))
 5 SYSTEMPATH\CodeIgniter.php(355): CodeIgniter\CodeIgniter->handleRequest(null, Object(Config\Cache), false)
 6 SYSTEMPATH\Boot.php(325): CodeIgniter\CodeIgniter->run()
 7 SYSTEMPATH\Boot.php(67): CodeIgniter\Boot::runCodeIgniter(Object(CodeIgniter\CodeIgniter))
 8 FCPATH\index.php(56): CodeIgniter\Boot::bootWeb(Object(Config\Paths))
 9 SYSTEMPATH\rewrite.php(44): require_once('E:\\XAMPP\\htdocs\\toko_sukses_bersama\\public\\index.php')
CRITICAL - 2025-01-11 18:59:03 --> [Caused by] CodeIgniter\Database\Exceptions\DatabaseException: Unknown column 'no_telp' in 'field list'
in SYSTEMPATH\Database\MySQLi\Connection.php on line 317.
 1 SYSTEMPATH\Database\BaseConnection.php(734): CodeIgniter\Database\MySQLi\Connection->execute('SELECT `id_supplier`, `nama_supplier`, COALESCE(alamat, "-") as alamat, COALESCE(no_telp, "-") as no_telp
FROM `tbl_supplier`
 LIMIT 10')
 2 SYSTEMPATH\Database\BaseConnection.php(648): CodeIgniter\Database\BaseConnection->simpleQuery('SELECT `id_supplier`, `nama_supplier`, COALESCE(alamat, "-") as alamat, COALESCE(no_telp, "-") as no_telp
FROM `tbl_supplier`
 LIMIT 10')
 3 SYSTEMPATH\Database\BaseBuilder.php(1644): CodeIgniter\Database\BaseConnection->query('SELECT `id_supplier`, `nama_supplier`, COALESCE(alamat, "-") as alamat, COALESCE(no_telp, "-") as no_telp
FROM `tbl_supplier`
 LIMIT 10', [], false)
 4 APPPATH\Controllers\Admin\SupplierController.php(92): CodeIgniter\Database\BaseBuilder->get()
 5 SYSTEMPATH\CodeIgniter.php(933): App\Controllers\Admin\SupplierController->datatables()
 6 SYSTEMPATH\CodeIgniter.php(509): CodeIgniter\CodeIgniter->runController(Object(App\Controllers\Admin\SupplierController))
 7 SYSTEMPATH\CodeIgniter.php(355): CodeIgniter\CodeIgniter->handleRequest(null, Object(Config\Cache), false)
 8 SYSTEMPATH\Boot.php(325): CodeIgniter\CodeIgniter->run()
 9 SYSTEMPATH\Boot.php(67): CodeIgniter\Boot::runCodeIgniter(Object(CodeIgniter\CodeIgniter))
10 FCPATH\index.php(56): CodeIgniter\Boot::bootWeb(Object(Config\Paths))
11 SYSTEMPATH\rewrite.php(44): require_once('E:\\XAMPP\\htdocs\\toko_sukses_bersama\\public\\index.php')
CRITICAL - 2025-01-11 18:59:03 --> [Caused by] mysqli_sql_exception: Unknown column 'no_telp' in 'field list'
in SYSTEMPATH\Database\MySQLi\Connection.php on line 312.
 1 SYSTEMPATH\Database\MySQLi\Connection.php(312): mysqli->query('SELECT `id_supplier`, `nama_supplier`, COALESCE(alamat, "-") as alamat, COALESCE(no_telp, "-") as no_telp
FROM `tbl_supplier`
 LIMIT 10', 0)
 2 SYSTEMPATH\Database\BaseConnection.php(734): CodeIgniter\Database\MySQLi\Connection->execute('SELECT `id_supplier`, `nama_supplier`, COALESCE(alamat, "-") as alamat, COALESCE(no_telp, "-") as no_telp
FROM `tbl_supplier`
 LIMIT 10')
 3 SYSTEMPATH\Database\BaseConnection.php(648): CodeIgniter\Database\BaseConnection->simpleQuery('SELECT `id_supplier`, `nama_supplier`, COALESCE(alamat, "-") as alamat, COALESCE(no_telp, "-") as no_telp
FROM `tbl_supplier`
 LIMIT 10')
 4 SYSTEMPATH\Database\BaseBuilder.php(1644): CodeIgniter\Database\BaseConnection->query('SELECT `id_supplier`, `nama_supplier`, COALESCE(alamat, "-") as alamat, COALESCE(no_telp, "-") as no_telp
FROM `tbl_supplier`
 LIMIT 10', [], false)
 5 APPPATH\Controllers\Admin\SupplierController.php(92): CodeIgniter\Database\BaseBuilder->get()
 6 SYSTEMPATH\CodeIgniter.php(933): App\Controllers\Admin\SupplierController->datatables()
 7 SYSTEMPATH\CodeIgniter.php(509): CodeIgniter\CodeIgniter->runController(Object(App\Controllers\Admin\SupplierController))
 8 SYSTEMPATH\CodeIgniter.php(355): CodeIgniter\CodeIgniter->handleRequest(null, Object(Config\Cache), false)
 9 SYSTEMPATH\Boot.php(325): CodeIgniter\CodeIgniter->run()
10 SYSTEMPATH\Boot.php(67): CodeIgniter\Boot::runCodeIgniter(Object(CodeIgniter\CodeIgniter))
11 FCPATH\index.php(56): CodeIgniter\Boot::bootWeb(Object(Config\Paths))
12 SYSTEMPATH\rewrite.php(44): require_once('E:\\XAMPP\\htdocs\\toko_sukses_bersama\\public\\index.php')
INFO - 2025-01-11 18:59:12 --> Session: Class initialized using 'CodeIgniter\Session\Handlers\FileHandler' driver.
INFO - 2025-01-11 18:59:14 --> Session: Class initialized using 'CodeIgniter\Session\Handlers\FileHandler' driver.
ERROR - 2025-01-11 18:59:14 --> mysqli_sql_exception: Unknown column 'no_telp' in 'field list' in E:\XAMPP\htdocs\toko_sukses_bersama\system\Database\MySQLi\Connection.php:312
Stack trace:
#0 E:\XAMPP\htdocs\toko_sukses_bersama\system\Database\MySQLi\Connection.php(312): mysqli->query('SELECT `id_supp...', 0)
#1 E:\XAMPP\htdocs\toko_sukses_bersama\system\Database\BaseConnection.php(734): CodeIgniter\Database\MySQLi\Connection->execute('SELECT `id_supp...')
#2 E:\XAMPP\htdocs\toko_sukses_bersama\system\Database\BaseConnection.php(648): CodeIgniter\Database\BaseConnection->simpleQuery('SELECT `id_supp...')
#3 E:\XAMPP\htdocs\toko_sukses_bersama\system\Database\BaseBuilder.php(1644): CodeIgniter\Database\BaseConnection->query('SELECT `id_supp...', Array, false)
#4 E:\XAMPP\htdocs\toko_sukses_bersama\app\Controllers\Admin\SupplierController.php(92): CodeIgniter\Database\BaseBuilder->get()
#5 E:\XAMPP\htdocs\toko_sukses_bersama\system\CodeIgniter.php(933): App\Controllers\Admin\SupplierController->datatables()
#6 E:\XAMPP\htdocs\toko_sukses_bersama\system\CodeIgniter.php(509): CodeIgniter\CodeIgniter->runController(Object(App\Controllers\Admin\SupplierController))
#7 E:\XAMPP\htdocs\toko_sukses_bersama\system\CodeIgniter.php(355): CodeIgniter\CodeIgniter->handleRequest(NULL, Object(Config\Cache), false)
#8 E:\XAMPP\htdocs\toko_sukses_bersama\system\Boot.php(325): CodeIgniter\CodeIgniter->run()
#9 E:\XAMPP\htdocs\toko_sukses_bersama\system\Boot.php(67): CodeIgniter\Boot::runCodeIgniter(Object(CodeIgniter\CodeIgniter))
#10 E:\XAMPP\htdocs\toko_sukses_bersama\public\index.php(56): CodeIgniter\Boot::bootWeb(Object(Config\Paths))
#11 E:\XAMPP\htdocs\toko_sukses_bersama\system\rewrite.php(44): require_once('E:\\XAMPP\\htdocs...')
#12 {main}
CRITICAL - 2025-01-11 18:59:14 --> CodeIgniter\Database\Exceptions\DatabaseException: Unknown column 'no_telp' in 'field list'
[Method: POST, Route: admin/supplier/datatables]
in SYSTEMPATH\Database\BaseConnection.php on line 688.
 1 SYSTEMPATH\Database\BaseBuilder.php(1644): CodeIgniter\Database\BaseConnection->query('SELECT `id_supplier`, `nama_supplier`, COALESCE(alamat, "-") as alamat, COALESCE(no_telp, "-") as no_telp
FROM `tbl_supplier`
 LIMIT 10', [], false)
 2 APPPATH\Controllers\Admin\SupplierController.php(92): CodeIgniter\Database\BaseBuilder->get()
 3 SYSTEMPATH\CodeIgniter.php(933): App\Controllers\Admin\SupplierController->datatables()
 4 SYSTEMPATH\CodeIgniter.php(509): CodeIgniter\CodeIgniter->runController(Object(App\Controllers\Admin\SupplierController))
 5 SYSTEMPATH\CodeIgniter.php(355): CodeIgniter\CodeIgniter->handleRequest(null, Object(Config\Cache), false)
 6 SYSTEMPATH\Boot.php(325): CodeIgniter\CodeIgniter->run()
 7 SYSTEMPATH\Boot.php(67): CodeIgniter\Boot::runCodeIgniter(Object(CodeIgniter\CodeIgniter))
 8 FCPATH\index.php(56): CodeIgniter\Boot::bootWeb(Object(Config\Paths))
 9 SYSTEMPATH\rewrite.php(44): require_once('E:\\XAMPP\\htdocs\\toko_sukses_bersama\\public\\index.php')
CRITICAL - 2025-01-11 18:59:14 --> [Caused by] CodeIgniter\Database\Exceptions\DatabaseException: Unknown column 'no_telp' in 'field list'
in SYSTEMPATH\Database\MySQLi\Connection.php on line 317.
 1 SYSTEMPATH\Database\BaseConnection.php(734): CodeIgniter\Database\MySQLi\Connection->execute('SELECT `id_supplier`, `nama_supplier`, COALESCE(alamat, "-") as alamat, COALESCE(no_telp, "-") as no_telp
FROM `tbl_supplier`
 LIMIT 10')
 2 SYSTEMPATH\Database\BaseConnection.php(648): CodeIgniter\Database\BaseConnection->simpleQuery('SELECT `id_supplier`, `nama_supplier`, COALESCE(alamat, "-") as alamat, COALESCE(no_telp, "-") as no_telp
FROM `tbl_supplier`
 LIMIT 10')
 3 SYSTEMPATH\Database\BaseBuilder.php(1644): CodeIgniter\Database\BaseConnection->query('SELECT `id_supplier`, `nama_supplier`, COALESCE(alamat, "-") as alamat, COALESCE(no_telp, "-") as no_telp
FROM `tbl_supplier`
 LIMIT 10', [], false)
 4 APPPATH\Controllers\Admin\SupplierController.php(92): CodeIgniter\Database\BaseBuilder->get()
 5 SYSTEMPATH\CodeIgniter.php(933): App\Controllers\Admin\SupplierController->datatables()
 6 SYSTEMPATH\CodeIgniter.php(509): CodeIgniter\CodeIgniter->runController(Object(App\Controllers\Admin\SupplierController))
 7 SYSTEMPATH\CodeIgniter.php(355): CodeIgniter\CodeIgniter->handleRequest(null, Object(Config\Cache), false)
 8 SYSTEMPATH\Boot.php(325): CodeIgniter\CodeIgniter->run()
 9 SYSTEMPATH\Boot.php(67): CodeIgniter\Boot::runCodeIgniter(Object(CodeIgniter\CodeIgniter))
10 FCPATH\index.php(56): CodeIgniter\Boot::bootWeb(Object(Config\Paths))
11 SYSTEMPATH\rewrite.php(44): require_once('E:\\XAMPP\\htdocs\\toko_sukses_bersama\\public\\index.php')
CRITICAL - 2025-01-11 18:59:14 --> [Caused by] mysqli_sql_exception: Unknown column 'no_telp' in 'field list'
in SYSTEMPATH\Database\MySQLi\Connection.php on line 312.
 1 SYSTEMPATH\Database\MySQLi\Connection.php(312): mysqli->query('SELECT `id_supplier`, `nama_supplier`, COALESCE(alamat, "-") as alamat, COALESCE(no_telp, "-") as no_telp
FROM `tbl_supplier`
 LIMIT 10', 0)
 2 SYSTEMPATH\Database\BaseConnection.php(734): CodeIgniter\Database\MySQLi\Connection->execute('SELECT `id_supplier`, `nama_supplier`, COALESCE(alamat, "-") as alamat, COALESCE(no_telp, "-") as no_telp
FROM `tbl_supplier`
 LIMIT 10')
 3 SYSTEMPATH\Database\BaseConnection.php(648): CodeIgniter\Database\BaseConnection->simpleQuery('SELECT `id_supplier`, `nama_supplier`, COALESCE(alamat, "-") as alamat, COALESCE(no_telp, "-") as no_telp
FROM `tbl_supplier`
 LIMIT 10')
 4 SYSTEMPATH\Database\BaseBuilder.php(1644): CodeIgniter\Database\BaseConnection->query('SELECT `id_supplier`, `nama_supplier`, COALESCE(alamat, "-") as alamat, COALESCE(no_telp, "-") as no_telp
FROM `tbl_supplier`
 LIMIT 10', [], false)
 5 APPPATH\Controllers\Admin\SupplierController.php(92): CodeIgniter\Database\BaseBuilder->get()
 6 SYSTEMPATH\CodeIgniter.php(933): App\Controllers\Admin\SupplierController->datatables()
 7 SYSTEMPATH\CodeIgniter.php(509): CodeIgniter\CodeIgniter->runController(Object(App\Controllers\Admin\SupplierController))
 8 SYSTEMPATH\CodeIgniter.php(355): CodeIgniter\CodeIgniter->handleRequest(null, Object(Config\Cache), false)
 9 SYSTEMPATH\Boot.php(325): CodeIgniter\CodeIgniter->run()
10 SYSTEMPATH\Boot.php(67): CodeIgniter\Boot::runCodeIgniter(Object(CodeIgniter\CodeIgniter))
11 FCPATH\index.php(56): CodeIgniter\Boot::bootWeb(Object(Config\Paths))
12 SYSTEMPATH\rewrite.php(44): require_once('E:\\XAMPP\\htdocs\\toko_sukses_bersama\\public\\index.php')
INFO - 2025-01-11 19:19:26 --> Session: Class initialized using 'CodeIgniter\Session\Handlers\FileHandler' driver.
INFO - 2025-01-11 19:19:27 --> Session: Class initialized using 'CodeIgniter\Session\Handlers\FileHandler' driver.
INFO - 2025-01-11 19:21:12 --> Session: Class initialized using 'CodeIgniter\Session\Handlers\FileHandler' driver.
INFO - 2025-01-11 19:21:21 --> Session: Class initialized using 'CodeIgniter\Session\Handlers\FileHandler' driver.
INFO - 2025-01-11 19:21:23 --> Session: Class initialized using 'CodeIgniter\Session\Handlers\FileHandler' driver.
INFO - 2025-01-11 19:22:37 --> Session: Class initialized using 'CodeIgniter\Session\Handlers\FileHandler' driver.
INFO - 2025-01-11 19:22:39 --> Session: Class initialized using 'CodeIgniter\Session\Handlers\FileHandler' driver.
INFO - 2025-01-11 19:23:09 --> Session: Class initialized using 'CodeIgniter\Session\Handlers\FileHandler' driver.
INFO - 2025-01-11 19:23:10 --> Session: Class initialized using 'CodeIgniter\Session\Handlers\FileHandler' driver.
INFO - 2025-01-11 19:26:13 --> Session: Class initialized using 'CodeIgniter\Session\Handlers\FileHandler' driver.
INFO - 2025-01-11 19:26:16 --> Session: Class initialized using 'CodeIgniter\Session\Handlers\FileHandler' driver.
INFO - 2025-01-11 19:26:21 --> Session: Class initialized using 'CodeIgniter\Session\Handlers\FileHandler' driver.
INFO - 2025-01-11 19:26:25 --> Session: Class initialized using 'CodeIgniter\Session\Handlers\FileHandler' driver.
INFO - 2025-01-11 19:26:30 --> Session: Class initialized using 'CodeIgniter\Session\Handlers\FileHandler' driver.
INFO - 2025-01-11 19:26:33 --> Session: Class initialized using 'CodeIgniter\Session\Handlers\FileHandler' driver.
INFO - 2025-01-11 20:23:42 --> Session: Class initialized using 'CodeIgniter\Session\Handlers\FileHandler' driver.
INFO - 2025-01-11 20:23:51 --> Session: Class initialized using 'CodeIgniter\Session\Handlers\FileHandler' driver.
INFO - 2025-01-11 20:23:55 --> Session: Class initialized using 'CodeIgniter\Session\Handlers\FileHandler' driver.
INFO - 2025-01-11 20:23:55 --> Session: Class initialized using 'CodeIgniter\Session\Handlers\FileHandler' driver.
INFO - 2025-01-11 20:23:55 --> Session: Class initialized using 'CodeIgniter\Session\Handlers\FileHandler' driver.
INFO - 2025-01-11 20:23:56 --> Session: Class initialized using 'CodeIgniter\Session\Handlers\FileHandler' driver.
INFO - 2025-01-11 20:23:56 --> Session: Class initialized using 'CodeIgniter\Session\Handlers\FileHandler' driver.
INFO - 2025-01-11 20:23:59 --> Session: Class initialized using 'CodeIgniter\Session\Handlers\FileHandler' driver.
INFO - 2025-01-11 20:24:00 --> Session: Class initialized using 'CodeIgniter\Session\Handlers\FileHandler' driver.
INFO - 2025-01-11 20:24:00 --> Session: Class initialized using 'CodeIgniter\Session\Handlers\FileHandler' driver.
INFO - 2025-01-11 20:24:00 --> Session: Class initialized using 'CodeIgniter\Session\Handlers\FileHandler' driver.
INFO - 2025-01-11 20:24:01 --> Session: Class initialized using 'CodeIgniter\Session\Handlers\FileHandler' driver.
INFO - 2025-01-11 20:24:02 --> Session: Class initialized using 'CodeIgniter\Session\Handlers\FileHandler' driver.
INFO - 2025-01-11 20:24:09 --> Session: Class initialized using 'CodeIgniter\Session\Handlers\FileHandler' driver.
INFO - 2025-01-11 20:24:10 --> Session: Class initialized using 'CodeIgniter\Session\Handlers\FileHandler' driver.
INFO - 2025-01-11 20:24:10 --> Session: Class initialized using 'CodeIgniter\Session\Handlers\FileHandler' driver.
INFO - 2025-01-11 20:24:11 --> Session: Class initialized using 'CodeIgniter\Session\Handlers\FileHandler' driver.
INFO - 2025-01-11 20:24:11 --> Session: Class initialized using 'CodeIgniter\Session\Handlers\FileHandler' driver.
INFO - 2025-01-11 20:24:16 --> Session: Class initialized using 'CodeIgniter\Session\Handlers\FileHandler' driver.
INFO - 2025-01-11 20:24:17 --> Session: Class initialized using 'CodeIgniter\Session\Handlers\FileHandler' driver.
INFO - 2025-01-11 20:24:17 --> Session: Class initialized using 'CodeIgniter\Session\Handlers\FileHandler' driver.
INFO - 2025-01-11 20:24:17 --> Session: Class initialized using 'CodeIgniter\Session\Handlers\FileHandler' driver.
INFO - 2025-01-11 20:24:17 --> Session: Class initialized using 'CodeIgniter\Session\Handlers\FileHandler' driver.
INFO - 2025-01-11 20:24:18 --> Session: Class initialized using 'CodeIgniter\Session\Handlers\FileHandler' driver.
INFO - 2025-01-11 20:24:58 --> Session: Class initialized using 'CodeIgniter\Session\Handlers\FileHandler' driver.
INFO - 2025-01-11 20:24:58 --> Session: Class initialized using 'CodeIgniter\Session\Handlers\FileHandler' driver.
INFO - 2025-01-11 20:24:58 --> Session: Class initialized using 'CodeIgniter\Session\Handlers\FileHandler' driver.
INFO - 2025-01-11 20:24:59 --> Session: Class initialized using 'CodeIgniter\Session\Handlers\FileHandler' driver.
INFO - 2025-01-11 20:24:59 --> Session: Class initialized using 'CodeIgniter\Session\Handlers\FileHandler' driver.
INFO - 2025-01-11 20:24:59 --> Session: Class initialized using 'CodeIgniter\Session\Handlers\FileHandler' driver.
INFO - 2025-01-11 20:25:04 --> Session: Class initialized using 'CodeIgniter\Session\Handlers\FileHandler' driver.
INFO - 2025-01-11 20:25:05 --> Session: Class initialized using 'CodeIgniter\Session\Handlers\FileHandler' driver.
INFO - 2025-01-11 20:25:05 --> Session: Class initialized using 'CodeIgniter\Session\Handlers\FileHandler' driver.
INFO - 2025-01-11 20:25:05 --> Session: Class initialized using 'CodeIgniter\Session\Handlers\FileHandler' driver.
INFO - 2025-01-11 20:25:05 --> Session: Class initialized using 'CodeIgniter\Session\Handlers\FileHandler' driver.
INFO - 2025-01-11 20:25:05 --> Session: Class initialized using 'CodeIgniter\Session\Handlers\FileHandler' driver.
INFO - 2025-01-11 20:25:23 --> Session: Class initialized using 'CodeIgniter\Session\Handlers\FileHandler' driver.
INFO - 2025-01-11 20:25:25 --> Session: Class initialized using 'CodeIgniter\Session\Handlers\FileHandler' driver.
INFO - 2025-01-11 20:25:25 --> Session: Class initialized using 'CodeIgniter\Session\Handlers\FileHandler' driver.
INFO - 2025-01-11 20:25:26 --> Session: Class initialized using 'CodeIgniter\Session\Handlers\FileHandler' driver.
INFO - 2025-01-11 20:25:26 --> Session: Class initialized using 'CodeIgniter\Session\Handlers\FileHandler' driver.
