INFO - 2024-12-22 01:42:45 --> Session: Class initialized using 'CodeIgniter\Session\Handlers\FileHandler' driver.
INFO - 2024-12-22 01:42:55 --> Session: Class initialized using 'CodeIgniter\Session\Handlers\FileHandler' driver.
INFO - 2024-12-22 01:42:56 --> Session: Class initialized using 'CodeIgniter\Session\Handlers\FileHandler' driver.
INFO - 2024-12-22 01:43:01 --> Session: Class initialized using 'CodeIgniter\Session\Handlers\FileHandler' driver.
INFO - 2024-12-22 01:43:01 --> Session: Class initialized using 'CodeIgniter\Session\Handlers\FileHandler' driver.
INFO - 2024-12-22 01:43:02 --> Session: Class initialized using 'CodeIgniter\Session\Handlers\FileHandler' driver.
INFO - 2024-12-22 01:43:02 --> Session: Class initialized using 'CodeIgniter\Session\Handlers\FileHandler' driver.
INFO - 2024-12-22 01:43:02 --> Session: Class initialized using 'CodeIgniter\Session\Handlers\FileHandler' driver.
INFO - 2024-12-22 01:43:02 --> Session: Class initialized using 'CodeIgniter\Session\Handlers\FileHandler' driver.
INFO - 2024-12-22 01:43:02 --> Session: Class initialized using 'CodeIgniter\Session\Handlers\FileHandler' driver.
INFO - 2024-12-22 01:43:51 --> Session: Class initialized using 'CodeIgniter\Session\Handlers\FileHandler' driver.
INFO - 2024-12-22 01:43:51 --> Session: Class initialized using 'CodeIgniter\Session\Handlers\FileHandler' driver.
INFO - 2024-12-22 01:45:36 --> Session: Class initialized using 'CodeIgniter\Session\Handlers\FileHandler' driver.
INFO - 2024-12-22 01:45:43 --> Session: Class initialized using 'CodeIgniter\Session\Handlers\FileHandler' driver.
INFO - 2024-12-22 01:45:44 --> Session: Class initialized using 'CodeIgniter\Session\Handlers\FileHandler' driver.
INFO - 2024-12-22 01:45:44 --> Session: Class initialized using 'CodeIgniter\Session\Handlers\FileHandler' driver.
INFO - 2024-12-22 01:45:44 --> Session: Class initialized using 'CodeIgniter\Session\Handlers\FileHandler' driver.
INFO - 2024-12-22 01:45:44 --> Session: Class initialized using 'CodeIgniter\Session\Handlers\FileHandler' driver.
INFO - 2024-12-22 01:45:45 --> Session: Class initialized using 'CodeIgniter\Session\Handlers\FileHandler' driver.
INFO - 2024-12-22 01:45:45 --> Session: Class initialized using 'CodeIgniter\Session\Handlers\FileHandler' driver.
INFO - 2024-12-22 01:45:48 --> Session: Class initialized using 'CodeIgniter\Session\Handlers\FileHandler' driver.
INFO - 2024-12-22 01:45:48 --> Session: Class initialized using 'CodeIgniter\Session\Handlers\FileHandler' driver.
INFO - 2024-12-22 01:45:48 --> Session: Class initialized using 'CodeIgniter\Session\Handlers\FileHandler' driver.
INFO - 2024-12-22 01:45:49 --> Session: Class initialized using 'CodeIgniter\Session\Handlers\FileHandler' driver.
INFO - 2024-12-22 01:45:49 --> Session: Class initialized using 'CodeIgniter\Session\Handlers\FileHandler' driver.
INFO - 2024-12-22 01:45:53 --> Session: Class initialized using 'CodeIgniter\Session\Handlers\FileHandler' driver.
INFO - 2024-12-22 01:45:53 --> Session: Class initialized using 'CodeIgniter\Session\Handlers\FileHandler' driver.
INFO - 2024-12-22 01:45:54 --> Session: Class initialized using 'CodeIgniter\Session\Handlers\FileHandler' driver.
INFO - 2024-12-22 01:45:54 --> Session: Class initialized using 'CodeIgniter\Session\Handlers\FileHandler' driver.
INFO - 2024-12-22 01:45:54 --> Session: Class initialized using 'CodeIgniter\Session\Handlers\FileHandler' driver.
INFO - 2024-12-22 01:45:54 --> Session: Class initialized using 'CodeIgniter\Session\Handlers\FileHandler' driver.
INFO - 2024-12-22 01:45:55 --> Session: Class initialized using 'CodeIgniter\Session\Handlers\FileHandler' driver.
INFO - 2024-12-22 01:45:58 --> Session: Class initialized using 'CodeIgniter\Session\Handlers\FileHandler' driver.
INFO - 2024-12-22 01:46:07 --> Session: Class initialized using 'CodeIgniter\Session\Handlers\FileHandler' driver.
INFO - 2024-12-22 01:46:10 --> Session: Class initialized using 'CodeIgniter\Session\Handlers\FileHandler' driver.
INFO - 2024-12-22 01:46:11 --> Session: Class initialized using 'CodeIgniter\Session\Handlers\FileHandler' driver.
INFO - 2024-12-22 01:46:11 --> Session: Class initialized using 'CodeIgniter\Session\Handlers\FileHandler' driver.
INFO - 2024-12-22 20:41:15 --> Session: Class initialized using 'CodeIgniter\Session\Handlers\FileHandler' driver.
INFO - 2024-12-22 20:44:08 --> Session: Class initialized using 'CodeIgniter\Session\Handlers\FileHandler' driver.
INFO - 2024-12-22 20:45:04 --> Session: Class initialized using 'CodeIgniter\Session\Handlers\FileHandler' driver.
INFO - 2024-12-22 20:45:04 --> Session: Class initialized using 'CodeIgniter\Session\Handlers\FileHandler' driver.
INFO - 2024-12-22 20:45:13 --> Session: Class initialized using 'CodeIgniter\Session\Handlers\FileHandler' driver.
INFO - 2024-12-22 20:45:13 --> Session: Class initialized using 'CodeIgniter\Session\Handlers\FileHandler' driver.
INFO - 2024-12-22 20:45:14 --> Session: Class initialized using 'CodeIgniter\Session\Handlers\FileHandler' driver.
INFO - 2024-12-22 20:45:15 --> Session: Class initialized using 'CodeIgniter\Session\Handlers\FileHandler' driver.
INFO - 2024-12-22 20:45:15 --> Session: Class initialized using 'CodeIgniter\Session\Handlers\FileHandler' driver.
INFO - 2024-12-22 20:45:15 --> Session: Class initialized using 'CodeIgniter\Session\Handlers\FileHandler' driver.
INFO - 2024-12-22 20:45:15 --> Session: Class initialized using 'CodeIgniter\Session\Handlers\FileHandler' driver.
INFO - 2024-12-22 20:45:26 --> Session: Class initialized using 'CodeIgniter\Session\Handlers\FileHandler' driver.
INFO - 2024-12-22 20:45:26 --> Session: Class initialized using 'CodeIgniter\Session\Handlers\FileHandler' driver.
INFO - 2024-12-22 20:45:26 --> Session: Class initialized using 'CodeIgniter\Session\Handlers\FileHandler' driver.
INFO - 2024-12-22 20:45:28 --> Session: Class initialized using 'CodeIgniter\Session\Handlers\FileHandler' driver.
INFO - 2024-12-22 20:45:28 --> Session: Class initialized using 'CodeIgniter\Session\Handlers\FileHandler' driver.
INFO - 2024-12-22 20:45:38 --> Session: Class initialized using 'CodeIgniter\Session\Handlers\FileHandler' driver.
INFO - 2024-12-22 20:45:39 --> Session: Class initialized using 'CodeIgniter\Session\Handlers\FileHandler' driver.
INFO - 2024-12-22 20:45:41 --> Session: Class initialized using 'CodeIgniter\Session\Handlers\FileHandler' driver.
INFO - 2024-12-22 20:46:32 --> Session: Class initialized using 'CodeIgniter\Session\Handlers\FileHandler' driver.
INFO - 2024-12-22 20:46:32 --> Session: Class initialized using 'CodeIgniter\Session\Handlers\FileHandler' driver.
INFO - 2024-12-22 20:46:32 --> Session: Class initialized using 'CodeIgniter\Session\Handlers\FileHandler' driver.
INFO - 2024-12-22 20:46:33 --> Session: Class initialized using 'CodeIgniter\Session\Handlers\FileHandler' driver.
INFO - 2024-12-22 20:46:33 --> Session: Class initialized using 'CodeIgniter\Session\Handlers\FileHandler' driver.
INFO - 2024-12-22 20:46:44 --> Session: Class initialized using 'CodeIgniter\Session\Handlers\FileHandler' driver.
INFO - 2024-12-22 20:46:44 --> Session: Class initialized using 'CodeIgniter\Session\Handlers\FileHandler' driver.
INFO - 2024-12-22 20:51:57 --> Session: Class initialized using 'CodeIgniter\Session\Handlers\FileHandler' driver.
INFO - 2024-12-22 20:51:57 --> Session: Class initialized using 'CodeIgniter\Session\Handlers\FileHandler' driver.
INFO - 2024-12-22 20:52:02 --> Session: Class initialized using 'CodeIgniter\Session\Handlers\FileHandler' driver.
INFO - 2024-12-22 20:52:02 --> Invoice retrieved: {"id_invoice":"310","customer_name":"eceran","total_amount":"355500.00","payment_amount":"355500.00","change_amount":"0.00","invoice_date":"2024-12-21 23:05:40"}
INFO - 2024-12-22 20:52:02 --> Invoice items retrieved: [{"id_invoice_item":"1118","id_invoice":"310","id_tipe":"7","id_unit":"7","id_method":"3","quantity":"11.85","price":"30000.00","total":"355500.00","jenis_barang":"telur orange","satuan_dasar":"kg","tipe_unit":"kg","standar_jumlah_barang":"1.00"}]
INFO - 2024-12-22 21:17:18 --> Session: Class initialized using 'CodeIgniter\Session\Handlers\FileHandler' driver.
INFO - 2024-12-22 21:17:18 --> Invoice retrieved: {"id_invoice":"310","customer_name":"eceran","total_amount":"355500.00","payment_amount":"355500.00","change_amount":"0.00","invoice_date":"2024-12-21 23:05:40"}
INFO - 2024-12-22 21:17:18 --> Invoice items retrieved: [{"id_invoice_item":"1118","id_invoice":"310","id_tipe":"7","id_unit":"7","id_method":"3","quantity":"11.85","price":"30000.00","total":"355500.00","jenis_barang":"telur orange","satuan_dasar":"kg","tipe_unit":"kg","standar_jumlah_barang":"1.00"}]
INFO - 2024-12-22 21:24:14 --> Session: Class initialized using 'CodeIgniter\Session\Handlers\FileHandler' driver.
INFO - 2024-12-22 21:24:14 --> Invoice retrieved: {"id_invoice":"308","customer_name":"kiki martabak","total_amount":"435000.00","payment_amount":"435000.00","change_amount":"0.00","invoice_date":"2024-12-21 21:38:58"}
INFO - 2024-12-22 21:24:14 --> Invoice items retrieved: [{"id_invoice_item":"1116","id_invoice":"308","id_tipe":"7","id_unit":"10","id_method":"1","quantity":"15.00","price":"29000.00","total":"435000.00","jenis_barang":"telur orange","satuan_dasar":"kg","tipe_unit":"15 KG","standar_jumlah_barang":"1.00"}]
INFO - 2024-12-22 21:26:36 --> Session: Class initialized using 'CodeIgniter\Session\Handlers\FileHandler' driver.
INFO - 2024-12-22 21:26:37 --> Session: Class initialized using 'CodeIgniter\Session\Handlers\FileHandler' driver.
INFO - 2024-12-22 21:38:11 --> Session: Class initialized using 'CodeIgniter\Session\Handlers\FileHandler' driver.
INFO - 2024-12-22 21:38:12 --> Session: Class initialized using 'CodeIgniter\Session\Handlers\FileHandler' driver.
INFO - 2024-12-22 21:38:16 --> Session: Class initialized using 'CodeIgniter\Session\Handlers\FileHandler' driver.
INFO - 2024-12-22 21:38:17 --> Invoice retrieved: {"id_invoice":"308","customer_name":"kiki martabak","total_amount":"435000.00","payment_amount":"435000.00","change_amount":"0.00","invoice_date":"2024-12-21 21:38:58"}
INFO - 2024-12-22 21:38:17 --> Invoice items retrieved: [{"id_invoice_item":"1116","id_invoice":"308","id_tipe":"7","id_unit":"10","id_method":"1","quantity":"15.00","price":"29000.00","total":"435000.00","jenis_barang":"telur orange","satuan_dasar":"kg","tipe_unit":"15 KG","standar_jumlah_barang":"1.00"}]
INFO - 2024-12-22 21:57:37 --> Session: Class initialized using 'CodeIgniter\Session\Handlers\FileHandler' driver.
INFO - 2024-12-22 21:57:38 --> Session: Class initialized using 'CodeIgniter\Session\Handlers\FileHandler' driver.
INFO - 2024-12-22 21:58:47 --> Session: Class initialized using 'CodeIgniter\Session\Handlers\FileHandler' driver.
INFO - 2024-12-22 21:58:47 --> Session: Class initialized using 'CodeIgniter\Session\Handlers\FileHandler' driver.
INFO - 2024-12-22 21:58:53 --> Session: Class initialized using 'CodeIgniter\Session\Handlers\FileHandler' driver.
INFO - 2024-12-22 21:58:53 --> Invoice retrieved: {"id_invoice":"307","customer_name":"eceran","total_amount":"404000.00","payment_amount":"404000.00","change_amount":"0.00","invoice_date":"2024-12-21 21:38:35"}
INFO - 2024-12-22 21:58:53 --> Invoice items retrieved: [{"id_invoice_item":"1110","id_invoice":"307","id_tipe":"10","id_unit":"15","id_method":"3","quantity":"15.00","price":"600.00","total":"9000.00","jenis_barang":"telur puyuh","satuan_dasar":"btr","tipe_unit":"15 btr","standar_jumlah_barang":"1.00"},{"id_invoice_item":"1111","id_invoice":"307","id_tipe":"7","id_unit":"7","id_method":"3","quantity":"0.50","price":"30000.00","total":"15000.00","jenis_barang":"telur orange","satuan_dasar":"kg","tipe_unit":"kg","standar_jumlah_barang":"1.00"},{"id_invoice_item":"1112","id_invoice":"307","id_tipe":"7","id_unit":"7","id_method":"3","quantity":"2.00","price":"30000.00","total":"60000.00","jenis_barang":"telur orange","satuan_dasar":"kg","tipe_unit":"kg","standar_jumlah_barang":"1.00"},{"id_invoice_item":"1113","id_invoice":"307","id_tipe":"7","id_unit":"7","id_method":"3","quantity":"5.00","price":"30000.00","total":"150000.00","jenis_barang":"telur orange","satuan_dasar":"kg","tipe_unit":"kg","standar_jumlah_barang":"1.00"},{"id_invoice_item":"1114","id_invoice":"307","id_tipe":"7","id_unit":"7","id_method":"2","quantity":"5.00","price":"30000.00","total":"150000.00","jenis_barang":"telur orange","satuan_dasar":"kg","tipe_unit":"kg","standar_jumlah_barang":"1.00"},{"id_invoice_item":"1115","id_invoice":"307","id_tipe":"7","id_unit":"7","id_method":"3","quantity":"0.71","price":"28000.00","total":"20000.00","jenis_barang":"telur orange","satuan_dasar":"kg","tipe_unit":"kg","standar_jumlah_barang":"1.00"}]
INFO - 2024-12-22 22:04:29 --> Session: Class initialized using 'CodeIgniter\Session\Handlers\FileHandler' driver.
INFO - 2024-12-22 22:04:43 --> Session: Class initialized using 'CodeIgniter\Session\Handlers\FileHandler' driver.
INFO - 2024-12-22 22:04:44 --> Session: Class initialized using 'CodeIgniter\Session\Handlers\FileHandler' driver.
INFO - 2024-12-22 22:04:44 --> Session: Class initialized using 'CodeIgniter\Session\Handlers\FileHandler' driver.
INFO - 2024-12-22 22:04:44 --> Session: Class initialized using 'CodeIgniter\Session\Handlers\FileHandler' driver.
INFO - 2024-12-22 22:04:44 --> Session: Class initialized using 'CodeIgniter\Session\Handlers\FileHandler' driver.
INFO - 2024-12-22 22:04:44 --> Session: Class initialized using 'CodeIgniter\Session\Handlers\FileHandler' driver.
INFO - 2024-12-22 22:04:44 --> Session: Class initialized using 'CodeIgniter\Session\Handlers\FileHandler' driver.
INFO - 2024-12-22 22:05:00 --> Session: Class initialized using 'CodeIgniter\Session\Handlers\FileHandler' driver.
INFO - 2024-12-22 22:05:00 --> Session: Class initialized using 'CodeIgniter\Session\Handlers\FileHandler' driver.
INFO - 2024-12-22 22:05:08 --> Session: Class initialized using 'CodeIgniter\Session\Handlers\FileHandler' driver.
INFO - 2024-12-22 22:05:08 --> Invoice retrieved: {"id_invoice":"310","customer_name":"eceran","total_amount":"355500.00","payment_amount":"355500.00","change_amount":"0.00","invoice_date":"2024-12-21 23:05:40"}
INFO - 2024-12-22 22:05:08 --> Invoice items retrieved: [{"id_invoice_item":"1118","id_invoice":"310","id_tipe":"7","id_unit":"7","id_method":"3","quantity":"11.85","price":"30000.00","total":"355500.00","jenis_barang":"telur orange","satuan_dasar":"kg","tipe_unit":"kg","standar_jumlah_barang":"1.00"}]
INFO - 2024-12-22 22:05:54 --> Session: Class initialized using 'CodeIgniter\Session\Handlers\FileHandler' driver.
INFO - 2024-12-22 22:05:54 --> Invoice retrieved: {"id_invoice":"308","customer_name":"kiki martabak","total_amount":"435000.00","payment_amount":"435000.00","change_amount":"0.00","invoice_date":"2024-12-21 21:38:58"}
INFO - 2024-12-22 22:05:54 --> Invoice items retrieved: [{"id_invoice_item":"1116","id_invoice":"308","id_tipe":"7","id_unit":"10","id_method":"1","quantity":"15.00","price":"29000.00","total":"435000.00","jenis_barang":"telur orange","satuan_dasar":"kg","tipe_unit":"15 KG","standar_jumlah_barang":"1.00"}]
INFO - 2024-12-22 22:07:47 --> Session: Class initialized using 'CodeIgniter\Session\Handlers\FileHandler' driver.
INFO - 2024-12-22 22:07:47 --> Invoice retrieved: {"id_invoice":"308","customer_name":"kiki martabak","total_amount":"435000.00","payment_amount":"435000.00","change_amount":"0.00","invoice_date":"2024-12-21 21:38:58"}
INFO - 2024-12-22 22:07:47 --> Invoice items retrieved: [{"id_invoice_item":"1116","id_invoice":"308","id_tipe":"7","id_unit":"10","id_method":"1","quantity":"15.00","price":"29000.00","total":"435000.00","jenis_barang":"telur orange","satuan_dasar":"kg","tipe_unit":"15 KG","standar_jumlah_barang":"1.00"}]
INFO - 2024-12-22 22:10:46 --> Session: Class initialized using 'CodeIgniter\Session\Handlers\FileHandler' driver.
INFO - 2024-12-22 22:10:48 --> Session: Class initialized using 'CodeIgniter\Session\Handlers\FileHandler' driver.
INFO - 2024-12-22 22:10:49 --> Session: Class initialized using 'CodeIgniter\Session\Handlers\FileHandler' driver.
INFO - 2024-12-22 22:10:49 --> Session: Class initialized using 'CodeIgniter\Session\Handlers\FileHandler' driver.
INFO - 2024-12-22 22:10:49 --> Session: Class initialized using 'CodeIgniter\Session\Handlers\FileHandler' driver.
INFO - 2024-12-22 22:10:55 --> Session: Class initialized using 'CodeIgniter\Session\Handlers\FileHandler' driver.
INFO - 2024-12-22 22:10:55 --> Invoice retrieved: {"id_invoice":"308","customer_name":"kiki martabak","total_amount":"435000.00","payment_amount":"435000.00","change_amount":"0.00","invoice_date":"2024-12-21 21:38:58"}
INFO - 2024-12-22 22:10:55 --> Invoice items retrieved: [{"id_invoice_item":"1116","id_invoice":"308","id_tipe":"7","id_unit":"10","id_method":"1","quantity":"15.00","price":"29000.00","total":"435000.00","jenis_barang":"telur orange","satuan_dasar":"kg","tipe_unit":"15 KG","standar_jumlah_barang":"1.00"}]
INFO - 2024-12-22 22:14:00 --> Session: Class initialized using 'CodeIgniter\Session\Handlers\FileHandler' driver.
INFO - 2024-12-22 22:14:00 --> Invoice retrieved: {"id_invoice":"308","customer_name":"kiki martabak","total_amount":"435000.00","payment_amount":"435000.00","change_amount":"0.00","invoice_date":"2024-12-21 21:38:58"}
INFO - 2024-12-22 22:14:00 --> Invoice items retrieved: [{"id_invoice_item":"1116","id_invoice":"308","id_tipe":"7","id_unit":"10","id_method":"1","quantity":"15.00","price":"29000.00","total":"435000.00","jenis_barang":"telur orange","satuan_dasar":"kg","tipe_unit":"15 KG","standar_jumlah_barang":"1.00"}]
INFO - 2024-12-22 22:17:02 --> Session: Class initialized using 'CodeIgniter\Session\Handlers\FileHandler' driver.
INFO - 2024-12-22 22:17:02 --> Invoice retrieved: {"id_invoice":"306","customer_name":"eceran","total_amount":"299500.00","payment_amount":"299500.00","change_amount":"0.00","invoice_date":"2024-12-21 21:37:27"}
INFO - 2024-12-22 22:17:02 --> Invoice items retrieved: [{"id_invoice_item":"1100","id_invoice":"306","id_tipe":"7","id_unit":"7","id_method":"3","quantity":"1.67","price":"30000.00","total":"50000.00","jenis_barang":"telur orange","satuan_dasar":"kg","tipe_unit":"kg","standar_jumlah_barang":"1.00"},{"id_invoice_item":"1101","id_invoice":"306","id_tipe":"7","id_unit":"7","id_method":"3","quantity":"1.02","price":"30000.00","total":"30500.00","jenis_barang":"telur orange","satuan_dasar":"kg","tipe_unit":"kg","standar_jumlah_barang":"1.00"},{"id_invoice_item":"1102","id_invoice":"306","id_tipe":"7","id_unit":"7","id_method":"2","quantity":"0.67","price":"30000.00","total":"20000.00","jenis_barang":"telur orange","satuan_dasar":"kg","tipe_unit":"kg","standar_jumlah_barang":"1.00"},{"id_invoice_item":"1103","id_invoice":"306","id_tipe":"7","id_unit":"7","id_method":"3","quantity":"1.00","price":"30000.00","total":"30000.00","jenis_barang":"telur orange","satuan_dasar":"kg","tipe_unit":"kg","standar_jumlah_barang":"1.00"},{"id_invoice_item":"1104","id_invoice":"306","id_tipe":"7","id_unit":"7","id_method":"3","quantity":"2.00","price":"29500.00","total":"59000.00","jenis_barang":"telur orange","satuan_dasar":"kg","tipe_unit":"kg","standar_jumlah_barang":"1.00"},{"id_invoice_item":"1105","id_invoice":"306","id_tipe":"7","id_unit":"7","id_method":"3","quantity":"1.00","price":"30000.00","total":"30000.00","jenis_barang":"telur orange","satuan_dasar":"kg","tipe_unit":"kg","standar_jumlah_barang":"1.00"},{"id_invoice_item":"1106","id_invoice":"306","id_tipe":"7","id_unit":"7","id_method":"3","quantity":"1.00","price":"30000.00","total":"30000.00","jenis_barang":"telur orange","satuan_dasar":"kg","tipe_unit":"kg","standar_jumlah_barang":"1.00"},{"id_invoice_item":"1107","id_invoice":"306","id_tipe":"3","id_unit":"3","id_method":"3","quantity":"5.00","price":"4000.00","total":"20000.00","jenis_barang":"telur ayam kampung super","satuan_dasar":"butir","tipe_unit":"butir","standar_jumlah_barang":"1.00"},{"id_invoice_item":"1108","id_invoice":"306","id_tipe":"7","id_unit":"7","id_method":"3","quantity":"0.50","price":"30000.00","total":"15000.00","jenis_barang":"telur orange","satuan_dasar":"kg","tipe_unit":"kg","standar_jumlah_barang":"1.00"},{"id_invoice_item":"1109","id_invoice":"306","id_tipe":"7","id_unit":"7","id_method":"3","quantity":"0.50","price":"30000.00","total":"15000.00","jenis_barang":"telur orange","satuan_dasar":"kg","tipe_unit":"kg","standar_jumlah_barang":"1.00"}]
INFO - 2024-12-22 22:17:48 --> Session: Class initialized using 'CodeIgniter\Session\Handlers\FileHandler' driver.
INFO - 2024-12-22 22:17:48 --> Invoice retrieved: {"id_invoice":"306","customer_name":"eceran","total_amount":"299500.00","payment_amount":"299500.00","change_amount":"0.00","invoice_date":"2024-12-21 21:37:27"}
INFO - 2024-12-22 22:17:48 --> Invoice items retrieved: [{"id_invoice_item":"1100","id_invoice":"306","id_tipe":"7","id_unit":"7","id_method":"3","quantity":"1.67","price":"30000.00","total":"50000.00","jenis_barang":"telur orange","satuan_dasar":"kg","tipe_unit":"kg","standar_jumlah_barang":"1.00"},{"id_invoice_item":"1101","id_invoice":"306","id_tipe":"7","id_unit":"7","id_method":"3","quantity":"1.02","price":"30000.00","total":"30500.00","jenis_barang":"telur orange","satuan_dasar":"kg","tipe_unit":"kg","standar_jumlah_barang":"1.00"},{"id_invoice_item":"1102","id_invoice":"306","id_tipe":"7","id_unit":"7","id_method":"2","quantity":"0.67","price":"30000.00","total":"20000.00","jenis_barang":"telur orange","satuan_dasar":"kg","tipe_unit":"kg","standar_jumlah_barang":"1.00"},{"id_invoice_item":"1103","id_invoice":"306","id_tipe":"7","id_unit":"7","id_method":"3","quantity":"1.00","price":"30000.00","total":"30000.00","jenis_barang":"telur orange","satuan_dasar":"kg","tipe_unit":"kg","standar_jumlah_barang":"1.00"},{"id_invoice_item":"1104","id_invoice":"306","id_tipe":"7","id_unit":"7","id_method":"3","quantity":"2.00","price":"29500.00","total":"59000.00","jenis_barang":"telur orange","satuan_dasar":"kg","tipe_unit":"kg","standar_jumlah_barang":"1.00"},{"id_invoice_item":"1105","id_invoice":"306","id_tipe":"7","id_unit":"7","id_method":"3","quantity":"1.00","price":"30000.00","total":"30000.00","jenis_barang":"telur orange","satuan_dasar":"kg","tipe_unit":"kg","standar_jumlah_barang":"1.00"},{"id_invoice_item":"1106","id_invoice":"306","id_tipe":"7","id_unit":"7","id_method":"3","quantity":"1.00","price":"30000.00","total":"30000.00","jenis_barang":"telur orange","satuan_dasar":"kg","tipe_unit":"kg","standar_jumlah_barang":"1.00"},{"id_invoice_item":"1107","id_invoice":"306","id_tipe":"3","id_unit":"3","id_method":"3","quantity":"5.00","price":"4000.00","total":"20000.00","jenis_barang":"telur ayam kampung super","satuan_dasar":"butir","tipe_unit":"butir","standar_jumlah_barang":"1.00"},{"id_invoice_item":"1108","id_invoice":"306","id_tipe":"7","id_unit":"7","id_method":"3","quantity":"0.50","price":"30000.00","total":"15000.00","jenis_barang":"telur orange","satuan_dasar":"kg","tipe_unit":"kg","standar_jumlah_barang":"1.00"},{"id_invoice_item":"1109","id_invoice":"306","id_tipe":"7","id_unit":"7","id_method":"3","quantity":"0.50","price":"30000.00","total":"15000.00","jenis_barang":"telur orange","satuan_dasar":"kg","tipe_unit":"kg","standar_jumlah_barang":"1.00"}]
INFO - 2024-12-22 22:17:56 --> Session: Class initialized using 'CodeIgniter\Session\Handlers\FileHandler' driver.
INFO - 2024-12-22 22:17:56 --> Invoice retrieved: {"id_invoice":"305","customer_name":"Ci Desy","total_amount":"435000.00","payment_amount":"435000.00","change_amount":"0.00","invoice_date":"2024-12-21 21:35:42"}
INFO - 2024-12-22 22:17:56 --> Invoice items retrieved: [{"id_invoice_item":"1099","id_invoice":"305","id_tipe":"7","id_unit":"10","id_method":"2","quantity":"15.00","price":"29000.00","total":"435000.00","jenis_barang":"telur orange","satuan_dasar":"kg","tipe_unit":"15 KG","standar_jumlah_barang":"1.00"}]
INFO - 2024-12-22 22:20:38 --> Session: Class initialized using 'CodeIgniter\Session\Handlers\FileHandler' driver.
INFO - 2024-12-22 22:20:38 --> Invoice retrieved: {"id_invoice":"308","customer_name":"kiki martabak","total_amount":"435000.00","payment_amount":"435000.00","change_amount":"0.00","invoice_date":"2024-12-21 21:38:58"}
INFO - 2024-12-22 22:20:38 --> Invoice items retrieved: [{"id_invoice_item":"1116","id_invoice":"308","id_tipe":"7","id_unit":"10","id_method":"1","quantity":"15.00","price":"29000.00","total":"435000.00","jenis_barang":"telur orange","satuan_dasar":"kg","tipe_unit":"15 KG","standar_jumlah_barang":"1.00"}]
INFO - 2024-12-22 22:21:41 --> Session: Class initialized using 'CodeIgniter\Session\Handlers\FileHandler' driver.
INFO - 2024-12-22 22:21:41 --> Invoice retrieved: {"id_invoice":"308","customer_name":"kiki martabak","total_amount":"435000.00","payment_amount":"435000.00","change_amount":"0.00","invoice_date":"2024-12-21 21:38:58"}
INFO - 2024-12-22 22:21:41 --> Invoice items retrieved: [{"id_invoice_item":"1116","id_invoice":"308","id_tipe":"7","id_unit":"10","id_method":"1","quantity":"15.00","price":"29000.00","total":"435000.00","jenis_barang":"telur orange","satuan_dasar":"kg","tipe_unit":"15 KG","standar_jumlah_barang":"1.00"}]
INFO - 2024-12-22 22:30:35 --> Session: Class initialized using 'CodeIgniter\Session\Handlers\FileHandler' driver.
INFO - 2024-12-22 22:30:35 --> Session: Class initialized using 'CodeIgniter\Session\Handlers\FileHandler' driver.
INFO - 2024-12-22 22:30:37 --> Session: Class initialized using 'CodeIgniter\Session\Handlers\FileHandler' driver.
INFO - 2024-12-22 22:30:37 --> Invoice retrieved: {"id_invoice":"308","customer_name":"kiki martabak","total_amount":"435000.00","payment_amount":"435000.00","change_amount":"0.00","invoice_date":"2024-12-21 21:38:58"}
INFO - 2024-12-22 22:30:37 --> Invoice items retrieved: [{"id_invoice_item":"1116","id_invoice":"308","id_tipe":"7","id_unit":"10","id_method":"1","quantity":"15.00","price":"29000.00","total":"435000.00","jenis_barang":"telur orange","satuan_dasar":"kg","tipe_unit":"15 KG","standar_jumlah_barang":"1.00"}]
INFO - 2024-12-22 22:31:27 --> Session: Class initialized using 'CodeIgniter\Session\Handlers\FileHandler' driver.
INFO - 2024-12-22 22:31:27 --> Invoice retrieved: {"id_invoice":"308","customer_name":"kiki martabak","total_amount":"435000.00","payment_amount":"435000.00","change_amount":"0.00","invoice_date":"2024-12-21 21:38:58"}
INFO - 2024-12-22 22:31:27 --> Invoice items retrieved: [{"id_invoice_item":"1116","id_invoice":"308","id_tipe":"7","id_unit":"10","id_method":"1","quantity":"15.00","price":"29000.00","total":"435000.00","jenis_barang":"telur orange","satuan_dasar":"kg","tipe_unit":"15 KG","standar_jumlah_barang":"1.00"}]
INFO - 2024-12-22 22:55:21 --> Session: Class initialized using 'CodeIgniter\Session\Handlers\FileHandler' driver.
INFO - 2024-12-22 22:55:21 --> Session: Class initialized using 'CodeIgniter\Session\Handlers\FileHandler' driver.
INFO - 2024-12-22 22:55:24 --> Session: Class initialized using 'CodeIgniter\Session\Handlers\FileHandler' driver.
ERROR - 2024-12-22 22:55:24 --> Printing Error: copy(\\LAPTOP-O8LN1VBD\POS-58): Failed to open stream: No such file or directory
INFO - 2024-12-22 22:55:42 --> Session: Class initialized using 'CodeIgniter\Session\Handlers\FileHandler' driver.
INFO - 2024-12-22 22:55:48 --> Session: Class initialized using 'CodeIgniter\Session\Handlers\FileHandler' driver.
INFO - 2024-12-22 22:55:49 --> Session: Class initialized using 'CodeIgniter\Session\Handlers\FileHandler' driver.
INFO - 2024-12-22 22:55:52 --> Session: Class initialized using 'CodeIgniter\Session\Handlers\FileHandler' driver.
INFO - 2024-12-22 22:55:52 --> Session: Class initialized using 'CodeIgniter\Session\Handlers\FileHandler' driver.
INFO - 2024-12-22 22:55:52 --> Session: Class initialized using 'CodeIgniter\Session\Handlers\FileHandler' driver.
INFO - 2024-12-22 22:55:52 --> Session: Class initialized using 'CodeIgniter\Session\Handlers\FileHandler' driver.
INFO - 2024-12-22 22:55:53 --> Session: Class initialized using 'CodeIgniter\Session\Handlers\FileHandler' driver.
INFO - 2024-12-22 22:57:11 --> Session: Class initialized using 'CodeIgniter\Session\Handlers\FileHandler' driver.
ERROR - 2024-12-22 22:57:11 --> Printing Error: copy(\\LAPTOP-O8LN1VBD\POS-58): Failed to open stream: No such file or directory
INFO - 2024-12-22 23:01:02 --> Session: Class initialized using 'CodeIgniter\Session\Handlers\FileHandler' driver.
INFO - 2024-12-22 23:01:02 --> Session: Class initialized using 'CodeIgniter\Session\Handlers\FileHandler' driver.
INFO - 2024-12-22 23:01:38 --> Session: Class initialized using 'CodeIgniter\Session\Handlers\FileHandler' driver.
INFO - 2024-12-22 23:01:39 --> Session: Class initialized using 'CodeIgniter\Session\Handlers\FileHandler' driver.
INFO - 2024-12-22 23:01:44 --> Session: Class initialized using 'CodeIgniter\Session\Handlers\FileHandler' driver.
INFO - 2024-12-22 23:01:44 --> Session: Class initialized using 'CodeIgniter\Session\Handlers\FileHandler' driver.
INFO - 2024-12-22 23:04:11 --> Session: Class initialized using 'CodeIgniter\Session\Handlers\FileHandler' driver.
INFO - 2024-12-22 23:04:11 --> Session: Class initialized using 'CodeIgniter\Session\Handlers\FileHandler' driver.
INFO - 2024-12-22 23:04:16 --> Session: Class initialized using 'CodeIgniter\Session\Handlers\FileHandler' driver.
INFO - 2024-12-22 23:04:16 --> Session: Class initialized using 'CodeIgniter\Session\Handlers\FileHandler' driver.
INFO - 2024-12-22 23:04:16 --> Session: Class initialized using 'CodeIgniter\Session\Handlers\FileHandler' driver.
INFO - 2024-12-22 23:04:19 --> Session: Class initialized using 'CodeIgniter\Session\Handlers\FileHandler' driver.
INFO - 2024-12-22 23:04:19 --> Session: Class initialized using 'CodeIgniter\Session\Handlers\FileHandler' driver.
INFO - 2024-12-22 23:04:19 --> Session: Class initialized using 'CodeIgniter\Session\Handlers\FileHandler' driver.
INFO - 2024-12-22 23:04:19 --> Session: Class initialized using 'CodeIgniter\Session\Handlers\FileHandler' driver.
INFO - 2024-12-22 23:04:19 --> Session: Class initialized using 'CodeIgniter\Session\Handlers\FileHandler' driver.
INFO - 2024-12-22 23:04:19 --> Session: Class initialized using 'CodeIgniter\Session\Handlers\FileHandler' driver.
INFO - 2024-12-22 23:04:20 --> Session: Class initialized using 'CodeIgniter\Session\Handlers\FileHandler' driver.
INFO - 2024-12-22 23:04:20 --> Session: Class initialized using 'CodeIgniter\Session\Handlers\FileHandler' driver.
INFO - 2024-12-22 23:04:24 --> Session: Class initialized using 'CodeIgniter\Session\Handlers\FileHandler' driver.
INFO - 2024-12-22 23:04:24 --> Session: Class initialized using 'CodeIgniter\Session\Handlers\FileHandler' driver.
INFO - 2024-12-22 23:04:27 --> Session: Class initialized using 'CodeIgniter\Session\Handlers\FileHandler' driver.
INFO - 2024-12-22 23:04:27 --> Session: Class initialized using 'CodeIgniter\Session\Handlers\FileHandler' driver.
INFO - 2024-12-22 23:04:33 --> Session: Class initialized using 'CodeIgniter\Session\Handlers\FileHandler' driver.
INFO - 2024-12-22 23:04:33 --> Session: Class initialized using 'CodeIgniter\Session\Handlers\FileHandler' driver.
INFO - 2024-12-22 23:04:36 --> Session: Class initialized using 'CodeIgniter\Session\Handlers\FileHandler' driver.
INFO - 2024-12-22 23:04:36 --> Session: Class initialized using 'CodeIgniter\Session\Handlers\FileHandler' driver.
INFO - 2024-12-22 23:04:39 --> Session: Class initialized using 'CodeIgniter\Session\Handlers\FileHandler' driver.
INFO - 2024-12-22 23:04:39 --> Session: Class initialized using 'CodeIgniter\Session\Handlers\FileHandler' driver.
INFO - 2024-12-22 23:04:42 --> Session: Class initialized using 'CodeIgniter\Session\Handlers\FileHandler' driver.
INFO - 2024-12-22 23:04:42 --> Session: Class initialized using 'CodeIgniter\Session\Handlers\FileHandler' driver.
INFO - 2024-12-22 23:04:45 --> Session: Class initialized using 'CodeIgniter\Session\Handlers\FileHandler' driver.
INFO - 2024-12-22 23:04:45 --> Session: Class initialized using 'CodeIgniter\Session\Handlers\FileHandler' driver.
INFO - 2024-12-22 23:05:01 --> Session: Class initialized using 'CodeIgniter\Session\Handlers\FileHandler' driver.
INFO - 2024-12-22 23:05:01 --> Session: Class initialized using 'CodeIgniter\Session\Handlers\FileHandler' driver.
