CRITICAL - 2024-10-31 10:53:09 --> ArgumentCountError: Too few arguments to function App\Models\PembelianModel::getPembelianDetail(), 1 passed in E:\XAMPP\htdocs\toko_sukses_bersama\app\Controllers\Admin\PembelianController.php on line 31 and exactly 2 expected
[Method: GET, Route: admin/pembelian/detail/1]
in APPPATH\Models\PembelianModel.php on line 12.
 1 APPPATH\Controllers\Admin\PembelianController.php(31): App\Models\PembelianModel->getPembelianDetail('1')
 2 SYSTEMPATH\CodeIgniter.php(933): App\Controllers\Admin\PembelianController->detail('1')
 3 SYSTEMPATH\CodeIgniter.php(509): CodeIgniter\CodeIgniter->runController(Object(App\Controllers\Admin\PembelianController))
 4 SYSTEMPATH\CodeIgniter.php(355): CodeIgniter\CodeIgniter->handleRequest(null, Object(Config\Cache), false)
 5 SYSTEMPATH\Boot.php(325): CodeIgniter\CodeIgniter->run()
 6 SYSTEMPATH\Boot.php(67): CodeIgniter\Boot::runCodeIgniter(Object(CodeIgniter\CodeIgniter))
 7 FCPATH\index.php(56): CodeIgniter\Boot::bootWeb(Object(Config\Paths))
 8 SYSTEMPATH\rewrite.php(44): require_once('E:\\XAMPP\\htdocs\\toko_sukses_bersama\\public\\index.php')
CRITICAL - 2024-10-31 10:54:33 --> ArgumentCountError: Too few arguments to function App\Models\PembelianModel::getPembelianDetail(), 1 passed in E:\XAMPP\htdocs\toko_sukses_bersama\app\Controllers\Admin\PembelianController.php on line 31 and exactly 2 expected
[Method: GET, Route: admin/pembelian/detail/1]
in APPPATH\Models\PembelianModel.php on line 12.
 1 APPPATH\Controllers\Admin\PembelianController.php(31): App\Models\PembelianModel->getPembelianDetail('1')
 2 SYSTEMPATH\CodeIgniter.php(933): App\Controllers\Admin\PembelianController->detail('1')
 3 SYSTEMPATH\CodeIgniter.php(509): CodeIgniter\CodeIgniter->runController(Object(App\Controllers\Admin\PembelianController))
 4 SYSTEMPATH\CodeIgniter.php(355): CodeIgniter\CodeIgniter->handleRequest(null, Object(Config\Cache), false)
 5 SYSTEMPATH\Boot.php(325): CodeIgniter\CodeIgniter->run()
 6 SYSTEMPATH\Boot.php(67): CodeIgniter\Boot::runCodeIgniter(Object(CodeIgniter\CodeIgniter))
 7 FCPATH\index.php(56): CodeIgniter\Boot::bootWeb(Object(Config\Paths))
 8 SYSTEMPATH\rewrite.php(44): require_once('E:\\XAMPP\\htdocs\\toko_sukses_bersama\\public\\index.php')
CRITICAL - 2024-10-31 10:57:02 --> ErrorException: Undefined variable $id_tipe
[Method: GET, Route: admin/pembelian/detail/1]
in APPPATH\Controllers\Admin\PembelianController.php on line 31.
 1 APPPATH\Controllers\Admin\PembelianController.php(31): CodeIgniter\Debug\Exceptions->errorHandler(2, 'Undefined variable $id_tipe', 'E:\\XAMPP\\htdocs\\toko_sukses_bersama\\app\\Controllers\\Admin\\PembelianController.php', 31)
 2 SYSTEMPATH\CodeIgniter.php(933): App\Controllers\Admin\PembelianController->detail('1')
 3 SYSTEMPATH\CodeIgniter.php(509): CodeIgniter\CodeIgniter->runController(Object(App\Controllers\Admin\PembelianController))
 4 SYSTEMPATH\CodeIgniter.php(355): CodeIgniter\CodeIgniter->handleRequest(null, Object(Config\Cache), false)
 5 SYSTEMPATH\Boot.php(325): CodeIgniter\CodeIgniter->run()
 6 SYSTEMPATH\Boot.php(67): CodeIgniter\Boot::runCodeIgniter(Object(CodeIgniter\CodeIgniter))
 7 FCPATH\index.php(56): CodeIgniter\Boot::bootWeb(Object(Config\Paths))
 8 SYSTEMPATH\rewrite.php(44): require_once('E:\\XAMPP\\htdocs\\toko_sukses_bersama\\public\\index.php')
CRITICAL - 2024-10-31 10:57:37 --> ErrorException: Undefined variable $id_tipe
[Method: GET, Route: admin/pembelian/detail/1]
in APPPATH\Controllers\Admin\PembelianController.php on line 31.
 1 APPPATH\Controllers\Admin\PembelianController.php(31): CodeIgniter\Debug\Exceptions->errorHandler(2, 'Undefined variable $id_tipe', 'E:\\XAMPP\\htdocs\\toko_sukses_bersama\\app\\Controllers\\Admin\\PembelianController.php', 31)
 2 SYSTEMPATH\CodeIgniter.php(933): App\Controllers\Admin\PembelianController->detail('1')
 3 SYSTEMPATH\CodeIgniter.php(509): CodeIgniter\CodeIgniter->runController(Object(App\Controllers\Admin\PembelianController))
 4 SYSTEMPATH\CodeIgniter.php(355): CodeIgniter\CodeIgniter->handleRequest(null, Object(Config\Cache), false)
 5 SYSTEMPATH\Boot.php(325): CodeIgniter\CodeIgniter->run()
 6 SYSTEMPATH\Boot.php(67): CodeIgniter\Boot::runCodeIgniter(Object(CodeIgniter\CodeIgniter))
 7 FCPATH\index.php(56): CodeIgniter\Boot::bootWeb(Object(Config\Paths))
 8 SYSTEMPATH\rewrite.php(44): require_once('E:\\XAMPP\\htdocs\\toko_sukses_bersama\\public\\index.php')
ERROR - 2024-10-31 10:58:49 --> mysqli_sql_exception: Unknown column 'm.id_tipe' in 'on clause' in E:\XAMPP\htdocs\toko_sukses_bersama\system\Database\MySQLi\Connection.php:312
Stack trace:
#0 E:\XAMPP\htdocs\toko_sukses_bersama\system\Database\MySQLi\Connection.php(312): mysqli->query('SELECT `tp`.*, ...', 0)
#1 E:\XAMPP\htdocs\toko_sukses_bersama\system\Database\BaseConnection.php(734): CodeIgniter\Database\MySQLi\Connection->execute('SELECT `tp`.*, ...')
#2 E:\XAMPP\htdocs\toko_sukses_bersama\system\Database\BaseConnection.php(648): CodeIgniter\Database\BaseConnection->simpleQuery('SELECT `tp`.*, ...')
#3 E:\XAMPP\htdocs\toko_sukses_bersama\system\Database\BaseBuilder.php(1644): CodeIgniter\Database\BaseConnection->query('SELECT `tp`.*, ...', Array, false)
#4 E:\XAMPP\htdocs\toko_sukses_bersama\app\Models\PembelianModel.php(27): CodeIgniter\Database\BaseBuilder->get()
#5 E:\XAMPP\htdocs\toko_sukses_bersama\app\Controllers\Admin\PembelianController.php(31): App\Models\PembelianModel->getPembelianDetail('1')
#6 E:\XAMPP\htdocs\toko_sukses_bersama\system\CodeIgniter.php(933): App\Controllers\Admin\PembelianController->detail('1')
#7 E:\XAMPP\htdocs\toko_sukses_bersama\system\CodeIgniter.php(509): CodeIgniter\CodeIgniter->runController(Object(App\Controllers\Admin\PembelianController))
#8 E:\XAMPP\htdocs\toko_sukses_bersama\system\CodeIgniter.php(355): CodeIgniter\CodeIgniter->handleRequest(NULL, Object(Config\Cache), false)
#9 E:\XAMPP\htdocs\toko_sukses_bersama\system\Boot.php(325): CodeIgniter\CodeIgniter->run()
#10 E:\XAMPP\htdocs\toko_sukses_bersama\system\Boot.php(67): CodeIgniter\Boot::runCodeIgniter(Object(CodeIgniter\CodeIgniter))
#11 E:\XAMPP\htdocs\toko_sukses_bersama\public\index.php(56): CodeIgniter\Boot::bootWeb(Object(Config\Paths))
#12 E:\XAMPP\htdocs\toko_sukses_bersama\system\rewrite.php(44): require_once('E:\\XAMPP\\htdocs...')
#13 {main}
CRITICAL - 2024-10-31 10:58:49 --> CodeIgniter\Database\Exceptions\DatabaseException: Unknown column 'm.id_tipe' in 'on clause'
[Method: GET, Route: admin/pembelian/detail/1]
in SYSTEMPATH\Database\BaseConnection.php on line 688.
 1 SYSTEMPATH\Database\BaseBuilder.php(1644): CodeIgniter\Database\BaseConnection->query('SELECT `tp`.*, `dp`.*, `m`.*, `sp`.*, `tb`.*
FROM `tbl_pembelian` `tp`
JOIN `tbl_supplier` `sp` ON `tp`.`id_supplier` = `sp`.`id_supplier`
JOIN `tbl_detail_pembelian` `dp` ON `tp`.`id_pembelian` = `dp`.`id_pembelian`
JOIN `tbl_meity` `m` ON `tp`.`id_pembelian` = `m`.`id_pembelian`
JOIN `tbl_tipe_barang` `tb` ON `m`.`id_tipe` = `tb`.`id_tipe`
WHERE `tp`.`id_pembelian` = :tp.id_pembelian:', [...], false)
 2 APPPATH\Models\PembelianModel.php(27): CodeIgniter\Database\BaseBuilder->get()
 3 APPPATH\Controllers\Admin\PembelianController.php(31): App\Models\PembelianModel->getPembelianDetail('1')
 4 SYSTEMPATH\CodeIgniter.php(933): App\Controllers\Admin\PembelianController->detail('1')
 5 SYSTEMPATH\CodeIgniter.php(509): CodeIgniter\CodeIgniter->runController(Object(App\Controllers\Admin\PembelianController))
 6 SYSTEMPATH\CodeIgniter.php(355): CodeIgniter\CodeIgniter->handleRequest(null, Object(Config\Cache), false)
 7 SYSTEMPATH\Boot.php(325): CodeIgniter\CodeIgniter->run()
 8 SYSTEMPATH\Boot.php(67): CodeIgniter\Boot::runCodeIgniter(Object(CodeIgniter\CodeIgniter))
 9 FCPATH\index.php(56): CodeIgniter\Boot::bootWeb(Object(Config\Paths))
10 SYSTEMPATH\rewrite.php(44): require_once('E:\\XAMPP\\htdocs\\toko_sukses_bersama\\public\\index.php')
CRITICAL - 2024-10-31 10:58:49 --> [Caused by] CodeIgniter\Database\Exceptions\DatabaseException: Unknown column 'm.id_tipe' in 'on clause'
in SYSTEMPATH\Database\MySQLi\Connection.php on line 317.
 1 SYSTEMPATH\Database\BaseConnection.php(734): CodeIgniter\Database\MySQLi\Connection->execute('SELECT `tp`.*, `dp`.*, `m`.*, `sp`.*, `tb`.*
FROM `tbl_pembelian` `tp`
JOIN `tbl_supplier` `sp` ON `tp`.`id_supplier` = `sp`.`id_supplier`
JOIN `tbl_detail_pembelian` `dp` ON `tp`.`id_pembelian` = `dp`.`id_pembelian`
JOIN `tbl_meity` `m` ON `tp`.`id_pembelian` = `m`.`id_pembelian`
JOIN `tbl_tipe_barang` `tb` ON `m`.`id_tipe` = `tb`.`id_tipe`
WHERE `tp`.`id_pembelian` = \'1\'')
 2 SYSTEMPATH\Database\BaseConnection.php(648): CodeIgniter\Database\BaseConnection->simpleQuery('SELECT `tp`.*, `dp`.*, `m`.*, `sp`.*, `tb`.*
FROM `tbl_pembelian` `tp`
JOIN `tbl_supplier` `sp` ON `tp`.`id_supplier` = `sp`.`id_supplier`
JOIN `tbl_detail_pembelian` `dp` ON `tp`.`id_pembelian` = `dp`.`id_pembelian`
JOIN `tbl_meity` `m` ON `tp`.`id_pembelian` = `m`.`id_pembelian`
JOIN `tbl_tipe_barang` `tb` ON `m`.`id_tipe` = `tb`.`id_tipe`
WHERE `tp`.`id_pembelian` = \'1\'')
 3 SYSTEMPATH\Database\BaseBuilder.php(1644): CodeIgniter\Database\BaseConnection->query('SELECT `tp`.*, `dp`.*, `m`.*, `sp`.*, `tb`.*
FROM `tbl_pembelian` `tp`
JOIN `tbl_supplier` `sp` ON `tp`.`id_supplier` = `sp`.`id_supplier`
JOIN `tbl_detail_pembelian` `dp` ON `tp`.`id_pembelian` = `dp`.`id_pembelian`
JOIN `tbl_meity` `m` ON `tp`.`id_pembelian` = `m`.`id_pembelian`
JOIN `tbl_tipe_barang` `tb` ON `m`.`id_tipe` = `tb`.`id_tipe`
WHERE `tp`.`id_pembelian` = :tp.id_pembelian:', [...], false)
 4 APPPATH\Models\PembelianModel.php(27): CodeIgniter\Database\BaseBuilder->get()
 5 APPPATH\Controllers\Admin\PembelianController.php(31): App\Models\PembelianModel->getPembelianDetail('1')
 6 SYSTEMPATH\CodeIgniter.php(933): App\Controllers\Admin\PembelianController->detail('1')
 7 SYSTEMPATH\CodeIgniter.php(509): CodeIgniter\CodeIgniter->runController(Object(App\Controllers\Admin\PembelianController))
 8 SYSTEMPATH\CodeIgniter.php(355): CodeIgniter\CodeIgniter->handleRequest(null, Object(Config\Cache), false)
 9 SYSTEMPATH\Boot.php(325): CodeIgniter\CodeIgniter->run()
10 SYSTEMPATH\Boot.php(67): CodeIgniter\Boot::runCodeIgniter(Object(CodeIgniter\CodeIgniter))
11 FCPATH\index.php(56): CodeIgniter\Boot::bootWeb(Object(Config\Paths))
12 SYSTEMPATH\rewrite.php(44): require_once('E:\\XAMPP\\htdocs\\toko_sukses_bersama\\public\\index.php')
CRITICAL - 2024-10-31 10:58:49 --> [Caused by] mysqli_sql_exception: Unknown column 'm.id_tipe' in 'on clause'
in SYSTEMPATH\Database\MySQLi\Connection.php on line 312.
 1 SYSTEMPATH\Database\MySQLi\Connection.php(312): mysqli->query('SELECT `tp`.*, `dp`.*, `m`.*, `sp`.*, `tb`.*
FROM `tbl_pembelian` `tp`
JOIN `tbl_supplier` `sp` ON `tp`.`id_supplier` = `sp`.`id_supplier`
JOIN `tbl_detail_pembelian` `dp` ON `tp`.`id_pembelian` = `dp`.`id_pembelian`
JOIN `tbl_meity` `m` ON `tp`.`id_pembelian` = `m`.`id_pembelian`
JOIN `tbl_tipe_barang` `tb` ON `m`.`id_tipe` = `tb`.`id_tipe`
WHERE `tp`.`id_pembelian` = \'1\'', 0)
 2 SYSTEMPATH\Database\BaseConnection.php(734): CodeIgniter\Database\MySQLi\Connection->execute('SELECT `tp`.*, `dp`.*, `m`.*, `sp`.*, `tb`.*
FROM `tbl_pembelian` `tp`
JOIN `tbl_supplier` `sp` ON `tp`.`id_supplier` = `sp`.`id_supplier`
JOIN `tbl_detail_pembelian` `dp` ON `tp`.`id_pembelian` = `dp`.`id_pembelian`
JOIN `tbl_meity` `m` ON `tp`.`id_pembelian` = `m`.`id_pembelian`
JOIN `tbl_tipe_barang` `tb` ON `m`.`id_tipe` = `tb`.`id_tipe`
WHERE `tp`.`id_pembelian` = \'1\'')
 3 SYSTEMPATH\Database\BaseConnection.php(648): CodeIgniter\Database\BaseConnection->simpleQuery('SELECT `tp`.*, `dp`.*, `m`.*, `sp`.*, `tb`.*
FROM `tbl_pembelian` `tp`
JOIN `tbl_supplier` `sp` ON `tp`.`id_supplier` = `sp`.`id_supplier`
JOIN `tbl_detail_pembelian` `dp` ON `tp`.`id_pembelian` = `dp`.`id_pembelian`
JOIN `tbl_meity` `m` ON `tp`.`id_pembelian` = `m`.`id_pembelian`
JOIN `tbl_tipe_barang` `tb` ON `m`.`id_tipe` = `tb`.`id_tipe`
WHERE `tp`.`id_pembelian` = \'1\'')
 4 SYSTEMPATH\Database\BaseBuilder.php(1644): CodeIgniter\Database\BaseConnection->query('SELECT `tp`.*, `dp`.*, `m`.*, `sp`.*, `tb`.*
FROM `tbl_pembelian` `tp`
JOIN `tbl_supplier` `sp` ON `tp`.`id_supplier` = `sp`.`id_supplier`
JOIN `tbl_detail_pembelian` `dp` ON `tp`.`id_pembelian` = `dp`.`id_pembelian`
JOIN `tbl_meity` `m` ON `tp`.`id_pembelian` = `m`.`id_pembelian`
JOIN `tbl_tipe_barang` `tb` ON `m`.`id_tipe` = `tb`.`id_tipe`
WHERE `tp`.`id_pembelian` = :tp.id_pembelian:', [...], false)
 5 APPPATH\Models\PembelianModel.php(27): CodeIgniter\Database\BaseBuilder->get()
 6 APPPATH\Controllers\Admin\PembelianController.php(31): App\Models\PembelianModel->getPembelianDetail('1')
 7 SYSTEMPATH\CodeIgniter.php(933): App\Controllers\Admin\PembelianController->detail('1')
 8 SYSTEMPATH\CodeIgniter.php(509): CodeIgniter\CodeIgniter->runController(Object(App\Controllers\Admin\PembelianController))
 9 SYSTEMPATH\CodeIgniter.php(355): CodeIgniter\CodeIgniter->handleRequest(null, Object(Config\Cache), false)
10 SYSTEMPATH\Boot.php(325): CodeIgniter\CodeIgniter->run()
11 SYSTEMPATH\Boot.php(67): CodeIgniter\Boot::runCodeIgniter(Object(CodeIgniter\CodeIgniter))
12 FCPATH\index.php(56): CodeIgniter\Boot::bootWeb(Object(Config\Paths))
13 SYSTEMPATH\rewrite.php(44): require_once('E:\\XAMPP\\htdocs\\toko_sukses_bersama\\public\\index.php')
CRITICAL - 2024-10-31 10:59:24 --> ErrorException: Undefined variable $id_tipe
[Method: GET, Route: admin/pembelian/detail/1]
in APPPATH\Controllers\Admin\PembelianController.php on line 31.
 1 APPPATH\Controllers\Admin\PembelianController.php(31): CodeIgniter\Debug\Exceptions->errorHandler(2, 'Undefined variable $id_tipe', 'E:\\XAMPP\\htdocs\\toko_sukses_bersama\\app\\Controllers\\Admin\\PembelianController.php', 31)
 2 SYSTEMPATH\CodeIgniter.php(933): App\Controllers\Admin\PembelianController->detail('1')
 3 SYSTEMPATH\CodeIgniter.php(509): CodeIgniter\CodeIgniter->runController(Object(App\Controllers\Admin\PembelianController))
 4 SYSTEMPATH\CodeIgniter.php(355): CodeIgniter\CodeIgniter->handleRequest(null, Object(Config\Cache), false)
 5 SYSTEMPATH\Boot.php(325): CodeIgniter\CodeIgniter->run()
 6 SYSTEMPATH\Boot.php(67): CodeIgniter\Boot::runCodeIgniter(Object(CodeIgniter\CodeIgniter))
 7 FCPATH\index.php(56): CodeIgniter\Boot::bootWeb(Object(Config\Paths))
 8 SYSTEMPATH\rewrite.php(44): require_once('E:\\XAMPP\\htdocs\\toko_sukses_bersama\\public\\index.php')
CRITICAL - 2024-10-31 11:11:22 --> ErrorException: Undefined variable $id_tipe
[Method: GET, Route: admin/pembelian/detail/1]
in APPPATH\Controllers\Admin\PembelianController.php on line 31.
 1 APPPATH\Controllers\Admin\PembelianController.php(31): CodeIgniter\Debug\Exceptions->errorHandler(2, 'Undefined variable $id_tipe', 'E:\\XAMPP\\htdocs\\toko_sukses_bersama\\app\\Controllers\\Admin\\PembelianController.php', 31)
 2 SYSTEMPATH\CodeIgniter.php(933): App\Controllers\Admin\PembelianController->detail('1')
 3 SYSTEMPATH\CodeIgniter.php(509): CodeIgniter\CodeIgniter->runController(Object(App\Controllers\Admin\PembelianController))
 4 SYSTEMPATH\CodeIgniter.php(355): CodeIgniter\CodeIgniter->handleRequest(null, Object(Config\Cache), false)
 5 SYSTEMPATH\Boot.php(325): CodeIgniter\CodeIgniter->run()
 6 SYSTEMPATH\Boot.php(67): CodeIgniter\Boot::runCodeIgniter(Object(CodeIgniter\CodeIgniter))
 7 FCPATH\index.php(56): CodeIgniter\Boot::bootWeb(Object(Config\Paths))
 8 SYSTEMPATH\rewrite.php(44): require_once('E:\\XAMPP\\htdocs\\toko_sukses_bersama\\public\\index.php')
CRITICAL - 2024-10-31 11:14:20 --> ErrorException: Undefined variable $id_tipe
[Method: GET, Route: admin/pembelian/detail/1]
in APPPATH\Controllers\Admin\PembelianController.php on line 31.
 1 APPPATH\Controllers\Admin\PembelianController.php(31): CodeIgniter\Debug\Exceptions->errorHandler(2, 'Undefined variable $id_tipe', 'E:\\XAMPP\\htdocs\\toko_sukses_bersama\\app\\Controllers\\Admin\\PembelianController.php', 31)
 2 SYSTEMPATH\CodeIgniter.php(933): App\Controllers\Admin\PembelianController->detail('1')
 3 SYSTEMPATH\CodeIgniter.php(509): CodeIgniter\CodeIgniter->runController(Object(App\Controllers\Admin\PembelianController))
 4 SYSTEMPATH\CodeIgniter.php(355): CodeIgniter\CodeIgniter->handleRequest(null, Object(Config\Cache), false)
 5 SYSTEMPATH\Boot.php(325): CodeIgniter\CodeIgniter->run()
 6 SYSTEMPATH\Boot.php(67): CodeIgniter\Boot::runCodeIgniter(Object(CodeIgniter\CodeIgniter))
 7 FCPATH\index.php(56): CodeIgniter\Boot::bootWeb(Object(Config\Paths))
 8 SYSTEMPATH\rewrite.php(44): require_once('E:\\XAMPP\\htdocs\\toko_sukses_bersama\\public\\index.php')
CRITICAL - 2024-10-31 11:30:19 --> ErrorException: Undefined variable $id_tipe
[Method: GET, Route: admin/pembelian/detail/1]
in APPPATH\Controllers\Admin\PembelianController.php on line 31.
 1 APPPATH\Controllers\Admin\PembelianController.php(31): CodeIgniter\Debug\Exceptions->errorHandler(2, 'Undefined variable $id_tipe', 'E:\\XAMPP\\htdocs\\toko_sukses_bersama\\app\\Controllers\\Admin\\PembelianController.php', 31)
 2 SYSTEMPATH\CodeIgniter.php(933): App\Controllers\Admin\PembelianController->detail('1')
 3 SYSTEMPATH\CodeIgniter.php(509): CodeIgniter\CodeIgniter->runController(Object(App\Controllers\Admin\PembelianController))
 4 SYSTEMPATH\CodeIgniter.php(355): CodeIgniter\CodeIgniter->handleRequest(null, Object(Config\Cache), false)
 5 SYSTEMPATH\Boot.php(325): CodeIgniter\CodeIgniter->run()
 6 SYSTEMPATH\Boot.php(67): CodeIgniter\Boot::runCodeIgniter(Object(CodeIgniter\CodeIgniter))
 7 FCPATH\index.php(56): CodeIgniter\Boot::bootWeb(Object(Config\Paths))
 8 SYSTEMPATH\rewrite.php(44): require_once('E:\\XAMPP\\htdocs\\toko_sukses_bersama\\public\\index.php')
INFO - 2024-10-31 23:58:51 --> Session: Class initialized using 'CodeIgniter\Session\Handlers\FileHandler' driver.
INFO - 2024-10-31 23:58:52 --> Session: Class initialized using 'CodeIgniter\Session\Handlers\FileHandler' driver.
INFO - 2024-10-31 23:58:52 --> Session: Class initialized using 'CodeIgniter\Session\Handlers\FileHandler' driver.
