ERROR - 2024-11-17 21:37:31 --> mysqli_sql_exception: Unknown column 'id_pembelian' in 'where clause' in E:\XAMPP\htdocs\toko_sukses_bersama\system\Database\MySQLi\Connection.php:312
Stack trace:
#0 E:\XAMPP\htdocs\toko_sukses_bersama\system\Database\MySQLi\Connection.php(312): mysqli->query('SELECT *\nFROM `...', 0)
#1 E:\XAMPP\htdocs\toko_sukses_bersama\system\Database\BaseConnection.php(734): CodeIgniter\Database\MySQLi\Connection->execute('SELECT *\nFROM `...')
#2 E:\XAMPP\htdocs\toko_sukses_bersama\system\Database\BaseConnection.php(648): CodeIgniter\Database\BaseConnection->simpleQuery('SELECT *\nFROM `...')
#3 E:\XAMPP\htdocs\toko_sukses_bersama\system\Database\BaseBuilder.php(1644): CodeIgniter\Database\BaseConnection->query('SELECT *\nFROM `...', Array, false)
#4 E:\XAMPP\htdocs\toko_sukses_bersama\system\Model.php(330): CodeIgniter\Database\BaseBuilder->get()
#5 E:\XAMPP\htdocs\toko_sukses_bersama\system\BaseModel.php(714): CodeIgniter\Model->doFirst()
#6 E:\XAMPP\htdocs\toko_sukses_bersama\app\Models\ViewMeityModel.php(21): CodeIgniter\BaseModel->first()
#7 E:\XAMPP\htdocs\toko_sukses_bersama\app\Controllers\Admin\PembelianController.php(60): App\Models\ViewMeityModel->getMeityByPembelian('14')
#8 E:\XAMPP\htdocs\toko_sukses_bersama\system\CodeIgniter.php(933): App\Controllers\Admin\PembelianController->detail('14')
#9 E:\XAMPP\htdocs\toko_sukses_bersama\system\CodeIgniter.php(509): CodeIgniter\CodeIgniter->runController(Object(App\Controllers\Admin\PembelianController))
#10 E:\XAMPP\htdocs\toko_sukses_bersama\system\CodeIgniter.php(355): CodeIgniter\CodeIgniter->handleRequest(NULL, Object(Config\Cache), false)
#11 E:\XAMPP\htdocs\toko_sukses_bersama\system\Boot.php(325): CodeIgniter\CodeIgniter->run()
#12 E:\XAMPP\htdocs\toko_sukses_bersama\system\Boot.php(67): CodeIgniter\Boot::runCodeIgniter(Object(CodeIgniter\CodeIgniter))
#13 E:\XAMPP\htdocs\toko_sukses_bersama\public\index.php(56): CodeIgniter\Boot::bootWeb(Object(Config\Paths))
#14 E:\XAMPP\htdocs\toko_sukses_bersama\system\rewrite.php(44): require_once('E:\\XAMPP\\htdocs...')
#15 {main}
CRITICAL - 2024-11-17 21:37:31 --> CodeIgniter\Database\Exceptions\DatabaseException: Unknown column 'id_pembelian' in 'where clause'
[Method: GET, Route: admin/pembelian/detail/14]
in SYSTEMPATH\Database\BaseConnection.php on line 688.
 1 SYSTEMPATH\Database\BaseBuilder.php(1644): CodeIgniter\Database\BaseConnection->query('SELECT *
FROM `vw_meity`
WHERE `id_pembelian` = :id_pembelian:
 LIMIT 1', [...], false)
 2 SYSTEMPATH\Model.php(330): CodeIgniter\Database\BaseBuilder->get()
 3 SYSTEMPATH\BaseModel.php(714): CodeIgniter\Model->doFirst()
 4 APPPATH\Models\ViewMeityModel.php(21): CodeIgniter\BaseModel->first()
 5 APPPATH\Controllers\Admin\PembelianController.php(60): App\Models\ViewMeityModel->getMeityByPembelian('14')
 6 SYSTEMPATH\CodeIgniter.php(933): App\Controllers\Admin\PembelianController->detail('14')
 7 SYSTEMPATH\CodeIgniter.php(509): CodeIgniter\CodeIgniter->runController(Object(App\Controllers\Admin\PembelianController))
 8 SYSTEMPATH\CodeIgniter.php(355): CodeIgniter\CodeIgniter->handleRequest(null, Object(Config\Cache), false)
 9 SYSTEMPATH\Boot.php(325): CodeIgniter\CodeIgniter->run()
10 SYSTEMPATH\Boot.php(67): CodeIgniter\Boot::runCodeIgniter(Object(CodeIgniter\CodeIgniter))
11 FCPATH\index.php(56): CodeIgniter\Boot::bootWeb(Object(Config\Paths))
12 SYSTEMPATH\rewrite.php(44): require_once('E:\\XAMPP\\htdocs\\toko_sukses_bersama\\public\\index.php')
CRITICAL - 2024-11-17 21:37:31 --> [Caused by] CodeIgniter\Database\Exceptions\DatabaseException: Unknown column 'id_pembelian' in 'where clause'
in SYSTEMPATH\Database\MySQLi\Connection.php on line 317.
 1 SYSTEMPATH\Database\BaseConnection.php(734): CodeIgniter\Database\MySQLi\Connection->execute('SELECT *
FROM `vw_meity`
WHERE `id_pembelian` = \'14\'
 LIMIT 1')
 2 SYSTEMPATH\Database\BaseConnection.php(648): CodeIgniter\Database\BaseConnection->simpleQuery('SELECT *
FROM `vw_meity`
WHERE `id_pembelian` = \'14\'
 LIMIT 1')
 3 SYSTEMPATH\Database\BaseBuilder.php(1644): CodeIgniter\Database\BaseConnection->query('SELECT *
FROM `vw_meity`
WHERE `id_pembelian` = :id_pembelian:
 LIMIT 1', [...], false)
 4 SYSTEMPATH\Model.php(330): CodeIgniter\Database\BaseBuilder->get()
 5 SYSTEMPATH\BaseModel.php(714): CodeIgniter\Model->doFirst()
 6 APPPATH\Models\ViewMeityModel.php(21): CodeIgniter\BaseModel->first()
 7 APPPATH\Controllers\Admin\PembelianController.php(60): App\Models\ViewMeityModel->getMeityByPembelian('14')
 8 SYSTEMPATH\CodeIgniter.php(933): App\Controllers\Admin\PembelianController->detail('14')
 9 SYSTEMPATH\CodeIgniter.php(509): CodeIgniter\CodeIgniter->runController(Object(App\Controllers\Admin\PembelianController))
10 SYSTEMPATH\CodeIgniter.php(355): CodeIgniter\CodeIgniter->handleRequest(null, Object(Config\Cache), false)
11 SYSTEMPATH\Boot.php(325): CodeIgniter\CodeIgniter->run()
12 SYSTEMPATH\Boot.php(67): CodeIgniter\Boot::runCodeIgniter(Object(CodeIgniter\CodeIgniter))
13 FCPATH\index.php(56): CodeIgniter\Boot::bootWeb(Object(Config\Paths))
14 SYSTEMPATH\rewrite.php(44): require_once('E:\\XAMPP\\htdocs\\toko_sukses_bersama\\public\\index.php')
CRITICAL - 2024-11-17 21:37:31 --> [Caused by] mysqli_sql_exception: Unknown column 'id_pembelian' in 'where clause'
in SYSTEMPATH\Database\MySQLi\Connection.php on line 312.
 1 SYSTEMPATH\Database\MySQLi\Connection.php(312): mysqli->query('SELECT *
FROM `vw_meity`
WHERE `id_pembelian` = \'14\'
 LIMIT 1', 0)
 2 SYSTEMPATH\Database\BaseConnection.php(734): CodeIgniter\Database\MySQLi\Connection->execute('SELECT *
FROM `vw_meity`
WHERE `id_pembelian` = \'14\'
 LIMIT 1')
 3 SYSTEMPATH\Database\BaseConnection.php(648): CodeIgniter\Database\BaseConnection->simpleQuery('SELECT *
FROM `vw_meity`
WHERE `id_pembelian` = \'14\'
 LIMIT 1')
 4 SYSTEMPATH\Database\BaseBuilder.php(1644): CodeIgniter\Database\BaseConnection->query('SELECT *
FROM `vw_meity`
WHERE `id_pembelian` = :id_pembelian:
 LIMIT 1', [...], false)
 5 SYSTEMPATH\Model.php(330): CodeIgniter\Database\BaseBuilder->get()
 6 SYSTEMPATH\BaseModel.php(714): CodeIgniter\Model->doFirst()
 7 APPPATH\Models\ViewMeityModel.php(21): CodeIgniter\BaseModel->first()
 8 APPPATH\Controllers\Admin\PembelianController.php(60): App\Models\ViewMeityModel->getMeityByPembelian('14')
 9 SYSTEMPATH\CodeIgniter.php(933): App\Controllers\Admin\PembelianController->detail('14')
10 SYSTEMPATH\CodeIgniter.php(509): CodeIgniter\CodeIgniter->runController(Object(App\Controllers\Admin\PembelianController))
11 SYSTEMPATH\CodeIgniter.php(355): CodeIgniter\CodeIgniter->handleRequest(null, Object(Config\Cache), false)
12 SYSTEMPATH\Boot.php(325): CodeIgniter\CodeIgniter->run()
13 SYSTEMPATH\Boot.php(67): CodeIgniter\Boot::runCodeIgniter(Object(CodeIgniter\CodeIgniter))
14 FCPATH\index.php(56): CodeIgniter\Boot::bootWeb(Object(Config\Paths))
15 SYSTEMPATH\rewrite.php(44): require_once('E:\\XAMPP\\htdocs\\toko_sukses_bersama\\public\\index.php')
